RUN	myGatlingProject._002_Registration	-002-registration	1630214284758	rem	3.6.1
USER	RecordedSimulation	START	1630214286209
REQUEST		request_0	1630214286230	1630214287539	OK	 
ERROR	request_56: Failed to build request: Resource recordedsimulation/0056_request.txt not found 	1630214287646
ERROR	request_62: Failed to build request: Resource recordedsimulation/0062_request.txt not found 	1630214287647
ERROR	request_91: Failed to build request: Resource recordedsimulation/0091_request.txt not found 	1630214287654
ERROR	request_95: Failed to build request: Resource recordedsimulation/0095_request.txt not found 	1630214287654
ERROR	request_247: Failed to build request: Resource recordedsimulation/0247_request.txt not found 	1630214287661
REQUEST		request_28	1630214287695	1630214287976	OK	 
REQUEST		request_15	1630214287669	1630214288040	OK	 
REQUEST		request_22	1630214287681	1630214288050	OK	 
REQUEST		request_24	1630214287682	1630214288056	OK	 
REQUEST		request_39	1630214287711	1630214288059	OK	 
REQUEST		request_30	1630214287682	1630214288078	OK	 
REQUEST		request_146	1630214287723	1630214288084	OK	 
REQUEST		request_16	1630214287774	1630214288099	OK	 
REQUEST		request_25	1630214287808	1630214288112	OK	 
REQUEST		request_17	1630214287888	1630214288114	OK	 
REQUEST		request_19	1630214287899	1630214288117	OK	 
REQUEST		request_69	1630214287910	1630214288128	OK	 
REQUEST		request_118	1630214287911	1630214288129	OK	 
REQUEST		request_38	1630214287739	1630214288130	OK	 
REQUEST		request_23	1630214287737	1630214288149	OK	 
REQUEST		request_52	1630214287740	1630214288156	OK	 
REQUEST		request_50	1630214287786	1630214288159	OK	 
REQUEST		request_53	1630214288131	1630214288166	OK	 
REQUEST		request_20	1630214287737	1630214288178	OK	 
REQUEST		request_49	1630214287740	1630214288183	OK	 
REQUEST		request_36	1630214287774	1630214288187	OK	 
REQUEST		request_66	1630214287774	1630214288188	OK	 
REQUEST		request_54	1630214288150	1630214288217	OK	 
REQUEST		request_29	1630214287737	1630214288227	OK	 
REQUEST		request_57	1630214288167	1630214288229	OK	 
REQUEST		request_55	1630214288156	1630214288232	OK	 
REQUEST		request_9	1630214287797	1630214288235	OK	 
REQUEST		request_58	1630214288179	1630214288239	OK	 
REQUEST		request_59	1630214288184	1630214288239	OK	 
REQUEST		request_32	1630214287741	1630214288241	OK	 
REQUEST		request_34	1630214287763	1630214288244	OK	 
REQUEST		request_60	1630214288218	1630214288251	OK	 
REQUEST		request_67	1630214288230	1630214288257	OK	 
REQUEST		request_61	1630214288228	1630214288258	OK	 
REQUEST		request_249	1630214288234	1630214288267	OK	 
REQUEST		request_26	1630214287700	1630214288271	OK	 
REQUEST		request_43	1630214287722	1630214288307	OK	 
REQUEST		request_66	1630214288191	1630214288414	OK	 
REQUEST		request_41	1630214287683	1630214288571	OK	 
REQUEST		request_51	1630214287694	1630214288590	OK	 
REQUEST		request_64	1630214287695	1630214288591	OK	 
REQUEST		favicon-by-fb-1f05deec69.png	1630214287819	1630214288595	OK	 
REQUEST		request_7	1630214287858	1630214288602	OK	 
REQUEST		request_81	1630214287887	1630214288604	OK	 
REQUEST		request_66	1630214288416	1630214288615	OK	 
REQUEST		request_3	1630214287857	1630214288619	OK	 
REQUEST		request_63	1630214287886	1630214288621	OK	 
REQUEST		request_82	1630214287887	1630214288623	OK	 
REQUEST		request_8	1630214287886	1630214288631	OK	 
REQUEST		request_86	1630214287887	1630214288634	OK	 
REQUEST		request_72	1630214287959	1630214288659	OK	 
REQUEST		request_2	1630214287857	1630214288661	OK	 
REQUEST		request_13	1630214287958	1630214288695	OK	 
REQUEST		request_73	1630214287960	1630214288698	OK	 
REQUEST		request_88	1630214287699	1630214288700	OK	 
REQUEST		request_89	1630214287699	1630214288701	OK	 
REQUEST		request_90	1630214287700	1630214288702	OK	 
REQUEST		request_102	1630214288605	1630214288756	OK	 
REQUEST		request_4	1630214288596	1630214288763	OK	 
REQUEST		request_100	1630214288603	1630214288764	OK	 
REQUEST		request_103	1630214288622	1630214288776	OK	 
REQUEST		request_104	1630214288623	1630214288778	OK	 
REQUEST		request_1	1630214287856	1630214288792	OK	 
REQUEST		request_105	1630214288632	1630214288793	OK	 
REQUEST		request_106	1630214288635	1630214288795	OK	 
REQUEST		request_41	1630214288588	1630214288798	OK	 
REQUEST		request_6	1630214288620	1630214288809	OK	 
REQUEST		request_74	1630214288660	1630214288819	OK	 
REQUEST		request_110	1630214287751	1630214288839	OK	 
REQUEST		request_75	1630214288696	1630214288851	OK	 
REQUEST		request_76	1630214288699	1630214288854	OK	 
REQUEST		request_78	1630214287697	1630214288870	OK	 
REQUEST		request_18	1630214288691	1630214288871	OK	 
REQUEST		core-dfb5bbecaa.js	1630214287856	1630214288884	OK	 
REQUEST		request_83	1630214287697	1630214288901	OK	 
REQUEST		request_127	1630214287934	1630214288910	OK	 
REQUEST		request_107	1630214288756	1630214288911	OK	 
REQUEST		request_46	1630214287935	1630214288912	OK	 
REQUEST		request_120	1630214287934	1630214288914	OK	 
REQUEST		request_84	1630214287933	1630214288916	OK	 
REQUEST		request_92	1630214287933	1630214288917	OK	 
REQUEST		request_108	1630214288765	1630214288918	OK	 
REQUEST		request_111	1630214287762	1630214288921	OK	 
REQUEST		request_128	1630214287935	1630214288931	OK	 
REQUEST		request_113	1630214288777	1630214288932	OK	 
REQUEST		request_114	1630214288779	1630214288939	OK	 
REQUEST		request_112	1630214287763	1630214288940	OK	 
REQUEST		request_87	1630214287698	1630214288942	OK	 
REQUEST		request_115	1630214288794	1630214288946	OK	 
REQUEST		alice-home-d5088827a7.css	1630214287855	1630214288947	OK	 
REQUEST		request_116	1630214288796	1630214288952	OK	 
REQUEST		request_43	1630214288309	1630214288958	OK	 
REQUEST		request_11	1630214287947	1630214288970	OK	 
REQUEST		request_77	1630214288820	1630214288976	OK	 
REQUEST		request_97	1630214288854	1630214289018	OK	 
REQUEST		request_117	1630214288911	1630214289067	OK	 
REQUEST		request_119	1630214288919	1630214289071	OK	 
REQUEST		request_121	1630214288932	1630214289086	OK	 
REQUEST		request_122	1630214288939	1630214289094	OK	 
REQUEST		request_123	1630214288946	1630214289099	OK	 
REQUEST		request_124	1630214288952	1630214289104	OK	 
REQUEST		request_129	1630214288910	1630214289107	OK	 
REQUEST		request_130	1630214288914	1630214289115	OK	 
REQUEST		request_131	1630214288916	1630214289123	OK	 
REQUEST		request_132	1630214288917	1630214289124	OK	 
REQUEST		request_98	1630214288971	1630214289134	OK	 
REQUEST		request_71	1630214287959	1630214289137	OK	 
REQUEST		request_99	1630214288977	1630214289139	OK	 
REQUEST		request_153	1630214288931	1630214289140	OK	 
REQUEST		request_101	1630214289018	1630214289180	OK	 
REQUEST		request_125	1630214289068	1630214289227	OK	 
REQUEST		request_126	1630214289072	1630214289229	OK	 
REQUEST		request_133	1630214289086	1630214289239	OK	 
REQUEST		request_134	1630214289095	1630214289248	OK	 
REQUEST		request_135	1630214289100	1630214289252	OK	 
REQUEST		request_136	1630214289105	1630214289255	OK	 
REQUEST		request_109	1630214289135	1630214289334	OK	 
REQUEST		request_137	1630214289228	1630214289382	OK	 
REQUEST		request_138	1630214289229	1630214289384	OK	 
REQUEST		request_140	1630214289239	1630214289393	OK	 
REQUEST		request_141	1630214289250	1630214289405	OK	 
REQUEST		request_143	1630214289255	1630214289406	OK	 
REQUEST		request_142	1630214289253	1630214289411	OK	 
REQUEST		request_79	1630214287922	1630214289452	OK	 
REQUEST		request_144	1630214289383	1630214289533	OK	 
REQUEST		request_145	1630214289385	1630214289538	OK	 
REQUEST		request_147	1630214289394	1630214289546	OK	 
REQUEST		request_148	1630214289406	1630214289557	OK	 
REQUEST		request_149	1630214289410	1630214289561	OK	 
REQUEST		request_150	1630214289411	1630214289566	OK	 
REQUEST		request_35	1630214287696	1630214289611	OK	 
REQUEST		request_85	1630214287698	1630214289619	OK	 
REQUEST		request_151	1630214289533	1630214289683	OK	 
REQUEST		request_152	1630214289539	1630214289689	OK	 
REQUEST		request_154	1630214289546	1630214289699	OK	 
REQUEST		request_155	1630214289558	1630214289710	OK	 
REQUEST		request_156	1630214289561	1630214289711	OK	 
REQUEST		request_157	1630214289566	1630214289718	OK	 
REQUEST		request_68	1630214287959	1630214289729	OK	 
REQUEST		request_158	1630214289684	1630214289839	OK	 
REQUEST		request_159	1630214289690	1630214289841	OK	 
REQUEST		request_160	1630214289699	1630214289852	OK	 
REQUEST		request_96	1630214288852	1630214289856	OK	 
REQUEST		request_161	1630214289710	1630214289865	OK	 
REQUEST		request_162	1630214289712	1630214289867	OK	 
REQUEST		request_163	1630214289719	1630214289872	OK	 
REQUEST		request_164	1630214289839	1630214289990	OK	 
REQUEST		request_165	1630214289841	1630214289993	OK	 
REQUEST		request_166	1630214289853	1630214290005	OK	 
REQUEST		request_167	1630214289866	1630214290020	OK	 
REQUEST		request_168	1630214289868	1630214290022	OK	 
REQUEST		request_169	1630214289873	1630214290027	OK	 
REQUEST		request_170	1630214289990	1630214290141	OK	 
REQUEST		request_171	1630214289994	1630214290151	OK	 
REQUEST		request_172	1630214290005	1630214290155	OK	 
REQUEST		request_174	1630214290022	1630214290170	OK	 
REQUEST		request_173	1630214290020	1630214290172	OK	 
REQUEST		request_175	1630214290027	1630214290179	OK	 
REQUEST		request_176	1630214290142	1630214290291	OK	 
REQUEST		request_177	1630214290151	1630214290301	OK	 
REQUEST		request_178	1630214290156	1630214290307	OK	 
REQUEST		request_179	1630214290171	1630214290319	OK	 
REQUEST		request_180	1630214290172	1630214290322	OK	 
REQUEST		request_181	1630214290180	1630214290330	OK	 
REQUEST		request_182	1630214290291	1630214290440	OK	 
REQUEST		request_183	1630214290302	1630214290456	OK	 
REQUEST		request_184	1630214290308	1630214290460	OK	 
REQUEST		request_185	1630214290319	1630214290468	OK	 
REQUEST		request_186	1630214290323	1630214290477	OK	 
REQUEST		request_187	1630214290331	1630214290482	OK	 
REQUEST		request_188	1630214290441	1630214290591	OK	 
REQUEST		request_189	1630214290456	1630214290606	OK	 
REQUEST		request_190	1630214290461	1630214290612	OK	 
REQUEST		request_191	1630214290469	1630214290618	OK	 
REQUEST		request_192	1630214290478	1630214290629	OK	 
REQUEST		request_193	1630214290482	1630214290637	OK	 
REQUEST		request_194	1630214290591	1630214290749	OK	 
REQUEST		request_195	1630214290607	1630214290757	OK	 
REQUEST		request_196	1630214290612	1630214290764	OK	 
REQUEST		request_197	1630214290618	1630214290768	OK	 
REQUEST		request_198	1630214290630	1630214290781	OK	 
REQUEST		request_199	1630214290637	1630214290789	OK	 
REQUEST		request_200	1630214290750	1630214290900	OK	 
REQUEST		request_201	1630214290758	1630214290907	OK	 
REQUEST		request_202	1630214290765	1630214290916	OK	 
REQUEST		request_203	1630214290768	1630214290918	OK	 
REQUEST		request_204	1630214290782	1630214290933	OK	 
REQUEST		request_205	1630214290790	1630214290942	OK	 
REQUEST		request_206	1630214290901	1630214291051	OK	 
REQUEST		request_207	1630214290908	1630214291059	OK	 
REQUEST		request_208	1630214290917	1630214291067	OK	 
REQUEST		request_209	1630214290919	1630214291068	OK	 
REQUEST		request_210	1630214290933	1630214291084	OK	 
REQUEST		request_211	1630214290943	1630214291095	OK	 
REQUEST		request_212	1630214291052	1630214291204	OK	 
REQUEST		request_213	1630214291059	1630214291209	OK	 
REQUEST		request_215	1630214291069	1630214291220	OK	 
REQUEST		request_214	1630214291068	1630214291222	OK	 
REQUEST		request_216	1630214291084	1630214291237	OK	 
REQUEST		request_217	1630214291095	1630214291246	OK	 
REQUEST		request_218	1630214291204	1630214291357	OK	 
REQUEST		request_219	1630214291210	1630214291360	OK	 
REQUEST		request_220	1630214291221	1630214291370	OK	 
REQUEST		request_221	1630214291222	1630214291372	OK	 
REQUEST		request_222	1630214291238	1630214291388	OK	 
REQUEST		request_223	1630214291246	1630214291399	OK	 
REQUEST		request_224	1630214291357	1630214291509	OK	 
REQUEST		request_225	1630214291360	1630214291511	OK	 
REQUEST		request_226	1630214291371	1630214291520	OK	 
REQUEST		request_227	1630214291372	1630214291527	OK	 
REQUEST		request_228	1630214291388	1630214291539	OK	 
REQUEST		request_229	1630214291400	1630214291552	OK	 
REQUEST		request_230	1630214291509	1630214291660	OK	 
REQUEST		request_231	1630214291512	1630214291663	OK	 
REQUEST		request_232	1630214291520	1630214291670	OK	 
REQUEST		request_233	1630214291527	1630214291678	OK	 
REQUEST		request_234	1630214291539	1630214291689	OK	 
REQUEST		request_235	1630214291553	1630214291703	OK	 
REQUEST		request_236	1630214291660	1630214291809	OK	 
REQUEST		request_237	1630214291664	1630214291817	OK	 
REQUEST		request_238	1630214291670	1630214291823	OK	 
REQUEST		request_239	1630214291678	1630214291834	OK	 
REQUEST		request_240	1630214291689	1630214291845	OK	 
REQUEST		request_241	1630214291704	1630214291855	OK	 
REQUEST		request_242	1630214291809	1630214291959	OK	 
REQUEST		request_243	1630214291818	1630214291969	OK	 
REQUEST		request_244	1630214291824	1630214291971	OK	 
REQUEST		request_245	1630214291834	1630214291987	OK	 
REQUEST		request_246	1630214291845	1630214291995	OK	 
REQUEST		request_248	1630214291855	1630214292006	OK	 
REQUEST		request_251	1630214294009	1630214294043	OK	 
REQUEST		request_252	1630214295044	1630214295078	OK	 
ERROR	request_310: Failed to build request: Resource recordedsimulation/0310_request.txt not found 	1630214295082
ERROR	request_314: Failed to build request: Resource recordedsimulation/0314_request.txt not found 	1630214295082
REQUEST		request_301	1630214295100	1630214295146	OK	 
REQUEST		request_302	1630214295102	1630214295146	OK	 
REQUEST		request_303	1630214295100	1630214295160	OK	 
REQUEST		request_256	1630214295086	1630214295183	OK	 
REQUEST		request_304	1630214295140	1630214295184	OK	 
REQUEST		request_311	1630214295141	1630214295188	OK	 
REQUEST		request_306	1630214295101	1630214295191	OK	 
REQUEST		request_285	1630214295103	1630214295195	OK	 
REQUEST		request_287	1630214295128	1630214295215	OK	 
REQUEST		request_288	1630214295128	1630214295220	OK	 
REQUEST		request_286	1630214295101	1630214295221	OK	 
REQUEST		request_262	1630214295085	1630214295238	OK	 
REQUEST		request_259	1630214295085	1630214295244	OK	 
REQUEST		request_269	1630214295140	1630214295281	OK	 
REQUEST		request_317	1630214295086	1630214295287	OK	 
REQUEST		request_261	1630214295085	1630214295289	OK	 
REQUEST		request_309	1630214295086	1630214295291	OK	 
REQUEST		request_280	1630214295116	1630214295315	OK	 
REQUEST		request_293	1630214295102	1630214295317	OK	 
REQUEST		request_312	1630214295141	1630214295339	OK	 
REQUEST		request_318	1630214295127	1630214295341	OK	 
REQUEST		request_313	1630214295142	1630214295344	OK	 
REQUEST		request_264	1630214295126	1630214295350	OK	 
REQUEST		request_253	1630214295099	1630214295353	OK	 
REQUEST		request_315	1630214295142	1630214295353	OK	 
REQUEST		request_316	1630214295142	1630214295354	OK	 
REQUEST		request_258	1630214295084	1630214295377	OK	 
REQUEST		request_306	1630214295191	1630214295401	OK	 
REQUEST		request_257	1630214295117	1630214295496	OK	 
REQUEST		request_279	1630214295128	1630214295847	OK	 
REQUEST		request_319	1630214298849	1630214299003	OK	 
REQUEST		request_321	1630214303005	1630214303027	OK	 
REQUEST		request_323	1630214303029	1630214303076	OK	 
REQUEST		request_322	1630214303028	1630214303619	OK	 
REQUEST		request_324	1630214304621	1630214304635	OK	 
ERROR	request_325: Failed to build request: Resource recordedsimulation/0325_request.txt not found 	1630214310637
REQUEST		Registration	1630214319639	1630214319869	OK	 
ERROR	request_463: Failed to build request: Resource recordedsimulation/0463_request.txt not found 	1630214319888
ERROR	request_465: Failed to build request: Resource recordedsimulation/0465_request.txt not found 	1630214319889
ERROR	request_467: Failed to build request: Resource recordedsimulation/0467_request.txt not found 	1630214319889
REQUEST		request_407	1630214319902	1630214319956	OK	 
REQUEST		request_414	1630214319902	1630214319956	OK	 
REQUEST		request_418	1630214319902	1630214319957	OK	 
REQUEST		request_461	1630214319903	1630214319958	OK	 
REQUEST		request_459	1630214319928	1630214319959	OK	 
REQUEST		request_406	1630214319929	1630214319959	OK	 
REQUEST		request_451	1630214319931	1630214319961	OK	 
REQUEST		request_450	1630214319930	1630214319963	OK	 
REQUEST		request_452	1630214319931	1630214319965	OK	 
REQUEST		request_462	1630214319951	1630214319968	OK	 
REQUEST		request_405	1630214319947	1630214319972	OK	 
REQUEST		request_410	1630214319947	1630214319973	OK	 
REQUEST		request_402	1630214319947	1630214319979	OK	 
REQUEST		request_397	1630214319929	1630214319987	OK	 
REQUEST		request_454	1630214319962	1630214319990	OK	 
REQUEST		request_453	1630214319960	1630214319996	OK	 
REQUEST		request_424	1630214319930	1630214319997	OK	 
REQUEST		request_455	1630214319963	1630214319997	OK	 
REQUEST		request_456	1630214319965	1630214319999	OK	 
REQUEST		request_417	1630214319948	1630214320010	OK	 
REQUEST		request_457	1630214319988	1630214320021	OK	 
REQUEST		request_458	1630214319990	1630214320022	OK	 
REQUEST		request_427	1630214319946	1630214320040	OK	 
REQUEST		request_466	1630214319950	1630214320044	OK	 
REQUEST		request_415	1630214319950	1630214320045	OK	 
REQUEST		request_416	1630214319950	1630214320045	OK	 
REQUEST		request_515	1630214319901	1630214320050	OK	 
REQUEST		request_513	1630214319900	1630214320052	OK	 
REQUEST		request_521	1630214319901	1630214320053	OK	 
REQUEST		request_524	1630214319902	1630214320055	OK	 
REQUEST		request_518	1630214319901	1630214320059	OK	 
REQUEST		request_514	1630214319901	1630214320061	OK	 
REQUEST		request_403	1630214319951	1630214320099	OK	 
REQUEST		request_468	1630214319904	1630214320102	OK	 
REQUEST		request_425	1630214319903	1630214320103	OK	 
REQUEST		request_449	1630214319903	1630214320103	OK	 
REQUEST		request_396	1630214319904	1630214320119	OK	 
REQUEST		request_434	1630214319953	1630214320128	OK	 
REQUEST		request_466	1630214320044	1630214320132	OK	 
REQUEST		sdk.js	1630214319908	1630214320140	OK	 
REQUEST		request_411	1630214319931	1630214320147	OK	 
REQUEST		request_516	1630214319952	1630214320156	OK	 
REQUEST		request_483	1630214319952	1630214320158	OK	 
REQUEST		request_404	1630214319953	1630214320159	OK	 
REQUEST		request_469	1630214319951	1630214320165	OK	 
REQUEST		request_520	1630214319953	1630214320166	OK	 
REQUEST		request_519	1630214319952	1630214320168	OK	 
REQUEST		request_517	1630214319952	1630214320174	OK	 
REQUEST		api:client.js?onload=googleAsyncInit	1630214319948	1630214320190	OK	 
REQUEST		request_526	1630214320052	1630214320201	OK	 
REQUEST		request_525	1630214320051	1630214320202	OK	 
REQUEST		request_527	1630214320053	1630214320204	OK	 
REQUEST		request_528	1630214320055	1630214320207	OK	 
REQUEST		request_529	1630214320060	1630214320211	OK	 
REQUEST		request_466	1630214320133	1630214320216	OK	 
REQUEST		request_530	1630214320061	1630214320222	OK	 
REQUEST		request_474	1630214319904	1630214320225	OK	 
REQUEST		request_422	1630214319906	1630214320245	OK	 
REQUEST		request_475	1630214319905	1630214320254	OK	 
REQUEST		request_481	1630214319906	1630214320315	OK	 
REQUEST		request_480	1630214319905	1630214320330	OK	 
REQUEST		request_531	1630214320202	1630214320352	OK	 
REQUEST		request_532	1630214320203	1630214320354	OK	 
REQUEST		request_533	1630214320204	1630214320357	OK	 
REQUEST		request_522	1630214320157	1630214320357	OK	 
REQUEST		request_534	1630214320208	1630214320358	OK	 
REQUEST		request_523	1630214320158	1630214320359	OK	 
REQUEST		request_535	1630214320212	1630214320364	OK	 
REQUEST		request_536	1630214320223	1630214320372	OK	 
REQUEST		request_537	1630214320353	1630214320504	OK	 
REQUEST		request_538	1630214320354	1630214320509	OK	 
REQUEST		request_539	1630214320357	1630214320511	OK	 
REQUEST		request_540	1630214320359	1630214320515	OK	 
REQUEST		request_541	1630214320364	1630214320522	OK	 
REQUEST		request_542	1630214320373	1630214320524	OK	 
REQUEST		request_472	1630214319949	1630214320599	OK	 
REQUEST		request_470	1630214319948	1630214320605	OK	 
REQUEST		request_471	1630214319949	1630214320616	OK	 
REQUEST		request_543	1630214320504	1630214320661	OK	 
REQUEST		request_545	1630214320511	1630214320663	OK	 
REQUEST		request_544	1630214320509	1630214320666	OK	 
REQUEST		request_546	1630214320515	1630214320668	OK	 
REQUEST		request_547	1630214320522	1630214320679	OK	 
REQUEST		request_548	1630214320524	1630214320680	OK	 
REQUEST		request_428	1630214319932	1630214320773	OK	 
REQUEST		request_438	1630214319946	1630214320793	OK	 
REQUEST		request_429	1630214319945	1630214320801	OK	 
REQUEST		request_549	1630214320661	1630214320814	OK	 
REQUEST		request_550	1630214320663	1630214320815	OK	 
REQUEST		request_551	1630214320667	1630214320817	OK	 
REQUEST		request_552	1630214320669	1630214320821	OK	 
REQUEST		request_553	1630214320679	1630214320830	OK	 
REQUEST		request_554	1630214320681	1630214320831	OK	 
REQUEST		request_422	1630214320246	1630214320898	OK	 
REQUEST		request_398	1630214319946	1630214320935	OK	 
REQUEST		request_555	1630214320814	1630214320965	OK	 
REQUEST		request_556	1630214320815	1630214320970	OK	 
REQUEST		request_559	1630214320830	1630214320982	OK	 
REQUEST		request_560	1630214320831	1630214320988	OK	 
REQUEST		request_558	1630214320822	1630214320993	OK	 
REQUEST		request_561	1630214320965	1630214321116	OK	 
REQUEST		request_562	1630214320971	1630214321122	OK	 
REQUEST		request_563	1630214320982	1630214321138	OK	 
REQUEST		request_557	1630214320818	1630214321154	OK	 
REQUEST		request_564	1630214324156	1630214324188	OK	 
REQUEST		request_565	1630214324189	1630214324224	OK	 
REQUEST		request_567	1630214326225	1630214326257	OK	 
REQUEST		request_568	1630214331259	1630214331291	OK	 
USER	RecordedSimulation	END	1630214333305
