RUN	myGatlingProject._001_MyLogin	-001-mylogin	1630208676240	rem	3.6.1
USER	RecordedSimulation	START	1630208677902
REQUEST		request_0	1630208677927	1630208679666	OK	 
ERROR	request_139: Failed to build request: Resource recordedsimulation/0139_request.txt not found 	1630208679800
ERROR	request_141: Failed to build request: Resource recordedsimulation/0141_request.txt not found 	1630208679800
REQUEST		request_11	1630208679861	1630208680574	OK	 
REQUEST		request_28	1630208679812	1630208680683	OK	 
REQUEST		request_29	1630208679827	1630208680695	OK	 
REQUEST		request_31	1630208679829	1630208680702	OK	 
REQUEST		request_37	1630208679830	1630208680704	OK	 
REQUEST		request_80	1630208679911	1630208680707	OK	 
REQUEST		request_81	1630208679924	1630208680709	OK	 
REQUEST		request_162	1630208679966	1630208680719	OK	 
REQUEST		request_93	1630208680120	1630208680729	OK	 
REQUEST		request_5	1630208679847	1630208680750	OK	 
REQUEST		request_47	1630208680403	1630208680773	OK	 
REQUEST		request_72	1630208680416	1630208680778	OK	 
REQUEST		request_120	1630208680429	1630208680795	OK	 
REQUEST		request_129	1630208679952	1630208680841	OK	 
REQUEST		request_138	1630208679964	1630208680846	OK	 
REQUEST		request_22	1630208679979	1630208680853	OK	 
REQUEST		request_26	1630208679980	1630208680857	OK	 
REQUEST		request_38	1630208679981	1630208680871	OK	 
REQUEST		request_48	1630208679982	1630208680874	OK	 
REQUEST		request_90	1630208679983	1630208680876	OK	 
REQUEST		request_95	1630208679984	1630208680878	OK	 
REQUEST		request_16	1630208680107	1630208680880	OK	 
REQUEST		request_144	1630208680502	1630208680882	OK	 
REQUEST		request_128	1630208680532	1630208680882	OK	 
REQUEST		request_146	1630208680544	1630208680883	OK	 
REQUEST		request_41	1630208679882	1630208680896	OK	 
REQUEST		request_15	1630208679938	1630208680903	OK	 
REQUEST		request_96	1630208680855	1630208680904	OK	 
REQUEST		request_98	1630208680858	1630208680905	OK	 
REQUEST		request_27	1630208679985	1630208680908	OK	 
REQUEST		request_147	1630208680351	1630208680909	OK	 
REQUEST		request_148	1630208680364	1630208680910	OK	 
REQUEST		request_150	1630208680366	1630208680911	OK	 
REQUEST		request_39	1630208680517	1630208680913	OK	 
REQUEST		request_85	1630208680529	1630208680915	OK	 
REQUEST		request_143	1630208680544	1630208680919	OK	 
REQUEST		request_129	1630208680845	1630208680920	OK	 
REQUEST		request_101	1630208680872	1630208680922	OK	 
REQUEST		request_103	1630208680875	1630208680923	OK	 
REQUEST		request_104	1630208680877	1630208680924	OK	 
REQUEST		request_105	1630208680879	1630208680925	OK	 
REQUEST		request_106	1630208680905	1630208680934	OK	 
REQUEST		request_107	1630208680906	1630208680936	OK	 
REQUEST		request_111	1630208680922	1630208680952	OK	 
REQUEST		request_115	1630208679925	1630208680993	OK	 
REQUEST		request_129	1630208680921	1630208681001	OK	 
REQUEST		request_55	1630208680530	1630208681017	OK	 
REQUEST		request_138	1630208680848	1630208681024	OK	 
REQUEST		request_143	1630208680919	1630208681038	OK	 
REQUEST		favicon-by-fb-1f05deec69.png	1630208680131	1630208681300	OK	 
REQUEST		request_63	1630208679845	1630208681308	OK	 
REQUEST		request_76	1630208679846	1630208681316	OK	 
REQUEST		request_3	1630208680348	1630208681328	OK	 
REQUEST		request_1	1630208680344	1630208681335	OK	 
REQUEST		request_2	1630208680346	1630208681422	OK	 
REQUEST		request_7	1630208680368	1630208681425	OK	 
REQUEST		request_8	1630208680399	1630208681427	OK	 
REQUEST		request_19	1630208680400	1630208681429	OK	 
REQUEST		request_56	1630208679832	1630208681433	OK	 
REQUEST		request_155	1630208679869	1630208681453	OK	 
REQUEST		request_156	1630208679881	1630208681454	OK	 
REQUEST		request_157	1630208679882	1630208681455	OK	 
REQUEST		core-dfb5bbecaa.js	1630208680343	1630208681463	OK	 
REQUEST		request_20	1630208680401	1630208681465	OK	 
REQUEST		request_21	1630208680402	1630208681467	OK	 
REQUEST		request_23	1630208680402	1630208681470	OK	 
REQUEST		request_13	1630208680451	1630208681480	OK	 
REQUEST		request_14	1630208680489	1630208681488	OK	 
REQUEST		request_113	1630208680491	1630208681491	OK	 
REQUEST		request_117	1630208680496	1630208681496	OK	 
REQUEST		request_118	1630208680498	1630208681498	OK	 
REQUEST		request_79	1630208680045	1630208681504	OK	 
REQUEST		request_4	1630208681302	1630208681506	OK	 
REQUEST		request_6	1630208681330	1630208681508	OK	 
REQUEST		request_159	1630208680041	1630208681548	OK	 
REQUEST		request_70	1630208680092	1630208681578	OK	 
REQUEST		request_24	1630208681426	1630208681580	OK	 
REQUEST		request_25	1630208681428	1630208681581	OK	 
REQUEST		request_30	1630208681431	1630208681585	OK	 
REQUEST		request_127	1630208679866	1630208681601	OK	 
REQUEST		request_18	1630208681420	1630208681603	OK	 
REQUEST		request_32	1630208681466	1630208681617	OK	 
REQUEST		request_33	1630208681468	1630208681621	OK	 
REQUEST		request_34	1630208681471	1630208681623	OK	 
REQUEST		request_119	1630208681482	1630208681633	OK	 
REQUEST		request_131	1630208679867	1630208681643	OK	 
REQUEST		request_123	1630208681489	1630208681647	OK	 
REQUEST		request_56	1630208681449	1630208681653	OK	 
REQUEST		request_87	1630208680431	1630208681676	OK	 
REQUEST		alice-home-d5088827a7.css	1630208680341	1630208681686	OK	 
REQUEST		request_160	1630208680043	1630208681694	OK	 
REQUEST		request_125	1630208681492	1630208681695	OK	 
REQUEST		request_116	1630208680493	1630208681696	OK	 
REQUEST		request_136	1630208681497	1630208681698	OK	 
REQUEST		request_137	1630208681499	1630208681699	OK	 
REQUEST		request_158	1630208680026	1630208681700	OK	 
REQUEST		request_115	1630208680994	1630208681708	OK	 
REQUEST		request_36	1630208681582	1630208681735	OK	 
REQUEST		request_35	1630208681580	1630208681741	OK	 
REQUEST		request_40	1630208681586	1630208681747	OK	 
REQUEST		request_42	1630208681618	1630208681771	OK	 
REQUEST		request_44	1630208681624	1630208681777	OK	 
REQUEST		request_130	1630208679866	1630208681783	OK	 
REQUEST		request_43	1630208681622	1630208681785	OK	 
REQUEST		request_12	1630208679863	1630208681791	OK	 
REQUEST		request_140	1630208681634	1630208681804	OK	 
REQUEST		request_142	1630208681647	1630208681816	OK	 
REQUEST		request_145	1630208681695	1630208681862	OK	 
REQUEST		request_45	1630208681737	1630208681894	OK	 
REQUEST		request_151	1630208681697	1630208681899	OK	 
REQUEST		request_46	1630208681743	1630208681902	OK	 
REQUEST		request_49	1630208681749	1630208681907	OK	 
REQUEST		request_50	1630208681773	1630208681927	OK	 
REQUEST		request_51	1630208681779	1630208681932	OK	 
REQUEST		request_52	1630208681787	1630208681944	OK	 
REQUEST		request_17	1630208679864	1630208682031	OK	 
REQUEST		request_53	1630208681897	1630208682051	OK	 
REQUEST		request_54	1630208681904	1630208682063	OK	 
REQUEST		request_57	1630208681909	1630208682067	OK	 
REQUEST		request_58	1630208681928	1630208682082	OK	 
REQUEST		request_59	1630208681933	1630208682088	OK	 
REQUEST		request_60	1630208681945	1630208682102	OK	 
REQUEST		request_61	1630208682053	1630208682211	OK	 
REQUEST		request_62	1630208682065	1630208682221	OK	 
REQUEST		request_64	1630208682069	1630208682227	OK	 
REQUEST		request_65	1630208682084	1630208682236	OK	 
REQUEST		request_66	1630208682090	1630208682247	OK	 
REQUEST		request_67	1630208682104	1630208682260	OK	 
REQUEST		request_68	1630208682213	1630208682368	OK	 
REQUEST		request_69	1630208682224	1630208682379	OK	 
REQUEST		request_71	1630208682229	1630208682383	OK	 
REQUEST		request_73	1630208682239	1630208682397	OK	 
REQUEST		request_74	1630208682249	1630208682405	OK	 
REQUEST		request_75	1630208682262	1630208682418	OK	 
REQUEST		request_77	1630208682370	1630208682524	OK	 
REQUEST		request_78	1630208682380	1630208682535	OK	 
REQUEST		request_82	1630208682385	1630208682541	OK	 
REQUEST		request_83	1630208682400	1630208682553	OK	 
REQUEST		request_84	1630208682406	1630208682558	OK	 
REQUEST		request_86	1630208682420	1630208682573	OK	 
REQUEST		request_88	1630208682526	1630208682695	OK	 
REQUEST		request_89	1630208682537	1630208682697	OK	 
REQUEST		request_94	1630208682543	1630208682699	OK	 
REQUEST		request_99	1630208682554	1630208682710	OK	 
REQUEST		request_100	1630208682560	1630208682714	OK	 
REQUEST		request_102	1630208682575	1630208682730	OK	 
REQUEST		request_109	1630208682696	1630208682901	OK	 
REQUEST		request_110	1630208682698	1630208682906	OK	 
REQUEST		request_112	1630208682700	1630208682910	OK	 
REQUEST		request_121	1630208682710	1630208682914	OK	 
REQUEST		request_122	1630208682715	1630208682918	OK	 
REQUEST		request_154	1630208682912	1630208683105	OK	 
REQUEST		request_152	1630208682903	1630208683110	OK	 
REQUEST		request_161	1630208682915	1630208683114	OK	 
REQUEST		request_163	1630208682919	1630208683117	OK	 
REQUEST		request_164	1630208683107	1630208683310	OK	 
REQUEST		request_165	1630208683112	1630208683314	OK	 
REQUEST		request_166	1630208683115	1630208683318	OK	 
REQUEST		request_167	1630208683119	1630208683322	OK	 
REQUEST		request_153	1630208682908	1630208683326	OK	 
REQUEST		request_168	1630208683312	1630208683513	OK	 
REQUEST		request_172	1630208683327	1630208683518	OK	 
REQUEST		request_169	1630208683316	1630208683522	OK	 
REQUEST		request_170	1630208683320	1630208683527	OK	 
REQUEST		request_171	1630208683323	1630208683531	OK	 
REQUEST		request_183	1630208683519	1630208683720	OK	 
REQUEST		request_184	1630208683524	1630208683724	OK	 
REQUEST		request_173	1630208683516	1630208683728	OK	 
REQUEST		request_185	1630208683528	1630208683732	OK	 
REQUEST		request_124	1630208682731	1630208683736	OK	 
REQUEST		request_186	1630208683532	1630208683738	OK	 
REQUEST		request_188	1630208683726	1630208683924	OK	 
REQUEST		request_187	1630208683722	1630208683928	OK	 
REQUEST		request_189	1630208683730	1630208683932	OK	 
REQUEST		request_190	1630208683734	1630208683936	OK	 
REQUEST		request_191	1630208683737	1630208683940	OK	 
REQUEST		request_192	1630208683739	1630208683944	OK	 
REQUEST		request_193	1630208683926	1630208684128	OK	 
REQUEST		request_194	1630208683930	1630208684131	OK	 
REQUEST		request_195	1630208683934	1630208684132	OK	 
REQUEST		request_196	1630208683938	1630208684134	OK	 
REQUEST		request_197	1630208683942	1630208684136	OK	 
REQUEST		request_198	1630208683945	1630208684138	OK	 
REQUEST		request_199	1630208684129	1630208684333	OK	 
REQUEST		request_200	1630208684131	1630208684335	OK	 
REQUEST		request_201	1630208684133	1630208684337	OK	 
REQUEST		request_202	1630208684135	1630208684338	OK	 
REQUEST		request_203	1630208684137	1630208684339	OK	 
REQUEST		request_204	1630208684139	1630208684341	OK	 
REQUEST		request_205	1630208684334	1630208684539	OK	 
REQUEST		request_206	1630208684336	1630208684543	OK	 
REQUEST		request_207	1630208684337	1630208684547	OK	 
REQUEST		request_208	1630208684338	1630208684550	OK	 
REQUEST		request_209	1630208684340	1630208684554	OK	 
REQUEST		request_210	1630208684342	1630208684558	OK	 
REQUEST		request_211	1630208684541	1630208684744	OK	 
REQUEST		request_212	1630208684545	1630208684749	OK	 
REQUEST		request_213	1630208684548	1630208684753	OK	 
REQUEST		request_214	1630208684552	1630208684757	OK	 
REQUEST		request_215	1630208684556	1630208684762	OK	 
REQUEST		request_216	1630208684559	1630208684766	OK	 
REQUEST		request_217	1630208684746	1630208684948	OK	 
REQUEST		request_218	1630208684751	1630208684952	OK	 
REQUEST		request_219	1630208684755	1630208684954	OK	 
REQUEST		request_220	1630208684759	1630208684957	OK	 
REQUEST		request_221	1630208684763	1630208684960	OK	 
REQUEST		request_222	1630208684767	1630208684961	OK	 
REQUEST		request_225	1630208684955	1630208685153	OK	 
REQUEST		request_224	1630208684953	1630208685158	OK	 
REQUEST		request_223	1630208684950	1630208685161	OK	 
REQUEST		request_226	1630208684958	1630208685181	OK	 
REQUEST		request_227	1630208684960	1630208685183	OK	 
REQUEST		request_228	1630208684962	1630208685185	OK	 
REQUEST		request_231	1630208685162	1630208685349	OK	 
REQUEST		request_229	1630208685156	1630208685353	OK	 
REQUEST		request_232	1630208685182	1630208685356	OK	 
REQUEST		request_233	1630208685184	1630208685359	OK	 
REQUEST		request_234	1630208685185	1630208685362	OK	 
REQUEST		request_237	1630208685357	1630208685563	OK	 
REQUEST		request_235	1630208685350	1630208685567	OK	 
REQUEST		request_236	1630208685354	1630208685570	OK	 
REQUEST		request_238	1630208685360	1630208685573	OK	 
REQUEST		request_239	1630208685363	1630208685576	OK	 
REQUEST		request_230	1630208685159	1630208685652	OK	 
REQUEST		request_241	1630208685568	1630208685720	OK	 
REQUEST		request_240	1630208685564	1630208685722	OK	 
REQUEST		request_242	1630208685571	1630208685724	OK	 
REQUEST		request_244	1630208685578	1630208685726	OK	 
REQUEST		request_243	1630208685574	1630208685727	OK	 
REQUEST		request_245	1630208685653	1630208685806	OK	 
REQUEST		request_246	1630208685721	1630208685874	OK	 
REQUEST		request_247	1630208686878	1630208686915	OK	 
ERROR	request_248: Failed to build request: Resource recordedsimulation/0248_request.txt not found 	1630208686916
ERROR	request_302: Failed to build request: Resource recordedsimulation/0302_request.txt not found 	1630208686924
REQUEST		request_278	1630208686927	1630208686990	OK	 
REQUEST		request_292	1630208686943	1630208686991	OK	 
REQUEST		request_300	1630208686945	1630208686992	OK	 
REQUEST		request_299	1630208686943	1630208687002	OK	 
REQUEST		request_252	1630208686929	1630208687023	OK	 
REQUEST		request_295	1630208686961	1630208687024	OK	 
REQUEST		request_281	1630208686946	1630208687030	OK	 
REQUEST		request_303	1630208686944	1630208687045	OK	 
REQUEST		request_298	1630208686973	1630208687046	OK	 
REQUEST		request_293	1630208686961	1630208687047	OK	 
REQUEST		request_289	1630208686944	1630208687048	OK	 
REQUEST		request_306	1630208686964	1630208687049	OK	 
REQUEST		request_308	1630208686974	1630208687053	OK	 
REQUEST		request_294	1630208686962	1630208687088	OK	 
REQUEST		request_297	1630208686973	1630208687094	OK	 
REQUEST		request_274	1630208686959	1630208687109	OK	 
REQUEST		request_254	1630208686970	1630208687122	OK	 
REQUEST		request_257	1630208686971	1630208687129	OK	 
REQUEST		request_312	1630208686928	1630208687134	OK	 
REQUEST		request_313	1630208686928	1630208687142	OK	 
REQUEST		request_253	1630208686965	1630208687147	OK	 
REQUEST		request_285	1630208686945	1630208687164	OK	 
REQUEST		request_255	1630208686971	1630208687177	OK	 
REQUEST		request_306	1630208687050	1630208687183	OK	 
REQUEST		request_275	1630208686960	1630208687185	OK	 
REQUEST		request_249	1630208686942	1630208687193	OK	 
REQUEST		request_309	1630208686987	1630208687200	OK	 
REQUEST		request_260	1630208686986	1630208687205	OK	 
REQUEST		request_303	1630208687045	1630208687260	OK	 
REQUEST		request_258	1630208686974	1630208687326	OK	 
REQUEST		request_316	1630208696329	1630208696519	OK	 
REQUEST		request_317	1630208698521	1630208698551	OK	 
REQUEST		request_319	1630208698555	1630208698611	OK	 
REQUEST		request_318	1630208698553	1630208699181	OK	 
REQUEST		request_321	1630208700184	1630208700250	OK	 
ERROR	request_463: Failed to build request: Resource recordedsimulation/0463_request.txt not found 	1630208700284
ERROR	request_464: Failed to build request: Resource recordedsimulation/0464_request.txt not found 	1630208700284
REQUEST		request_409	1630208700307	1630208700355	OK	 
REQUEST		request_416	1630208700308	1630208700357	OK	 
REQUEST		request_327	1630208700311	1630208700360	OK	 
REQUEST		request_411	1630208700339	1630208700362	OK	 
REQUEST		request_406	1630208700330	1630208700364	OK	 
REQUEST		request_425	1630208700331	1630208700365	OK	 
REQUEST		request_459	1630208700332	1630208700371	OK	 
REQUEST		request_405	1630208700348	1630208700372	OK	 
REQUEST		request_403	1630208700348	1630208700373	OK	 
REQUEST		request_465	1630208700332	1630208700374	OK	 
REQUEST		request_399	1630208700325	1630208700380	OK	 
REQUEST		request_396	1630208700330	1630208700390	OK	 
REQUEST		request_414	1630208700349	1630208700390	OK	 
REQUEST		request_426	1630208700328	1630208700393	OK	 
REQUEST		request_429	1630208700329	1630208700396	OK	 
REQUEST		request_469	1630208700344	1630208700414	OK	 
REQUEST		request_420	1630208700342	1630208700416	OK	 
REQUEST		request_422	1630208700351	1630208700420	OK	 
REQUEST		request_421	1630208700341	1630208700429	OK	 
REQUEST		request_432	1630208700350	1630208700438	OK	 
REQUEST		request_423	1630208700343	1630208700458	OK	 
REQUEST		request_426	1630208700393	1630208700472	OK	 
REQUEST		request_419	1630208700340	1630208700473	OK	 
REQUEST		request_331	1630208700337	1630208700474	OK	 
REQUEST		request_466	1630208700341	1630208700490	OK	 
REQUEST		request_332	1630208700327	1630208700499	OK	 
REQUEST		request_496	1630208700345	1630208700501	OK	 
REQUEST		request_502	1630208700346	1630208700504	OK	 
REQUEST		request_503	1630208700347	1630208700505	OK	 
REQUEST		request_495	1630208700344	1630208700507	OK	 
REQUEST		request_497	1630208700345	1630208700509	OK	 
REQUEST		request_500	1630208700346	1630208700512	OK	 
REQUEST		request_430	1630208700309	1630208700519	OK	 
REQUEST		request_433	1630208700310	1630208700520	OK	 
REQUEST		request_429	1630208700397	1630208700523	OK	 
REQUEST		request_395	1630208700317	1630208700545	OK	 
REQUEST		request_410	1630208700333	1630208700547	OK	 
REQUEST		request_402	1630208700349	1630208700552	OK	 
REQUEST		request_466	1630208700491	1630208700571	OK	 
REQUEST		Login_Check	1630208700312	1630208700617	OK	 
REQUEST		request_475	1630208700317	1630208700623	OK	 
REQUEST		request_427	1630208700325	1630208700634	OK	 
REQUEST		request_428	1630208700326	1630208700639	OK	 
REQUEST		request_476	1630208700319	1630208700644	OK	 
REQUEST		request_505	1630208700502	1630208700655	OK	 
REQUEST		request_507	1630208700506	1630208700657	OK	 
REQUEST		request_506	1630208700504	1630208700660	OK	 
REQUEST		request_510	1630208700510	1630208700665	OK	 
REQUEST		request_509	1630208700508	1630208700667	OK	 
REQUEST		request_511	1630208700512	1630208700670	OK	 
REQUEST		request_493	1630208700321	1630208700673	OK	 
REQUEST		request_492	1630208700320	1630208700690	OK	 
REQUEST		request_457	1630208700350	1630208700723	OK	 
REQUEST		request_513	1630208700656	1630208700808	OK	 
REQUEST		request_515	1630208700658	1630208700810	OK	 
REQUEST		request_527	1630208700666	1630208700818	OK	 
REQUEST		request_528	1630208700668	1630208700820	OK	 
REQUEST		request_526	1630208700660	1630208700823	OK	 
REQUEST		request_529	1630208700671	1630208700825	OK	 
REQUEST		request_501	1630208700546	1630208700888	OK	 
REQUEST		request_538	1630208700809	1630208700961	OK	 
REQUEST		request_539	1630208700811	1630208700964	OK	 
REQUEST		request_467	1630208700322	1630208700970	OK	 
REQUEST		request_540	1630208700818	1630208700971	OK	 
REQUEST		request_542	1630208700820	1630208700976	OK	 
REQUEST		request_545	1630208700826	1630208700978	OK	 
REQUEST		request_544	1630208700824	1630208700981	OK	 
REQUEST		request_470	1630208700323	1630208700995	OK	 
REQUEST		request_468	1630208700323	1630208701023	OK	 
REQUEST		Login_Check	1630208700618	1630208701087	OK	 
REQUEST		request_550	1630208700962	1630208701111	OK	 
REQUEST		request_552	1630208700965	1630208701121	OK	 
REQUEST		request_553	1630208700972	1630208701123	OK	 
REQUEST		request_554	1630208700977	1630208701130	OK	 
REQUEST		request_555	1630208700979	1630208701135	OK	 
REQUEST		request_556	1630208700982	1630208701137	OK	 
REQUEST		request_436	1630208700335	1630208701181	OK	 
REQUEST		request_443	1630208700336	1630208701208	OK	 
REQUEST		request_434	1630208700334	1630208701241	OK	 
REQUEST		request_427	1630208700635	1630208701244	OK	 
REQUEST		request_559	1630208701112	1630208701266	OK	 
REQUEST		request_561	1630208701124	1630208701275	OK	 
REQUEST		request_560	1630208701121	1630208701277	OK	 
REQUEST		request_428	1630208700640	1630208701282	OK	 
REQUEST		request_562	1630208701131	1630208701285	OK	 
REQUEST		request_564	1630208701137	1630208701290	OK	 
REQUEST		request_563	1630208701136	1630208701292	OK	 
REQUEST		request_571	1630208707296	1630208707326	OK	 
USER	RecordedSimulation	END	1630208707377
