RUN	myGatlingProject._002_Registration	-002-registration	1630237293694	kk	3.6.1
USER	RecordedSimulation	START	1630237295284
REQUEST		LaunchHomePage	1630237295305	1630237296787	OK	 
ERROR	request_56: Failed to build request: Resource recordedsimulation/0056_request.txt not found 	1630237296900
ERROR	request_62: Failed to build request: Resource recordedsimulation/0062_request.txt not found 	1630237296901
ERROR	request_91: Failed to build request: Resource recordedsimulation/0091_request.txt not found 	1630237296911
ERROR	request_95: Failed to build request: Resource recordedsimulation/0095_request.txt not found 	1630237296911
ERROR	request_247: Failed to build request: Resource recordedsimulation/0247_request.txt not found 	1630237296918
REQUEST		request_28	1630237296954	1630237297532	OK	 
REQUEST		request_15	1630237296928	1630237297614	OK	 
REQUEST		request_22	1630237296940	1630237297624	OK	 
REQUEST		request_24	1630237296941	1630237297629	OK	 
REQUEST		request_30	1630237296942	1630237297631	OK	 
REQUEST		request_39	1630237296981	1630237297633	OK	 
REQUEST		request_146	1630237297003	1630237297635	OK	 
REQUEST		request_25	1630237297088	1630237297654	OK	 
REQUEST		request_17	1630237297427	1630237297657	OK	 
REQUEST		request_19	1630237297438	1630237297661	OK	 
REQUEST		request_69	1630237297449	1630237297677	OK	 
REQUEST		request_118	1630237297449	1630237297678	OK	 
REQUEST		request_20	1630237297015	1630237297683	OK	 
REQUEST		request_23	1630237297016	1630237297687	OK	 
REQUEST		request_38	1630237297016	1630237297689	OK	 
REQUEST		request_52	1630237297017	1630237297691	OK	 
REQUEST		request_50	1630237297066	1630237297705	OK	 
REQUEST		request_53	1630237297684	1630237297710	OK	 
REQUEST		request_54	1630237297687	1630237297713	OK	 
REQUEST		request_55	1630237297690	1630237297715	OK	 
REQUEST		request_58	1630237297711	1630237297734	OK	 
REQUEST		request_59	1630237297714	1630237297738	OK	 
REQUEST		request_60	1630237297717	1630237297743	OK	 
REQUEST		request_49	1630237297017	1630237297744	OK	 
REQUEST		request_57	1630237297694	1630237297745	OK	 
REQUEST		request_61	1630237297736	1630237297751	OK	 
REQUEST		request_67	1630237297739	1630237297752	OK	 
REQUEST		request_29	1630237297016	1630237297759	OK	 
REQUEST		request_249	1630237297743	1630237297782	OK	 
REQUEST		request_36	1630237297054	1630237297784	OK	 
REQUEST		request_9	1630237297076	1630237297786	OK	 
REQUEST		request_34	1630237297042	1630237297789	OK	 
REQUEST		request_66	1630237297055	1630237297791	OK	 
REQUEST		request_32	1630237297018	1630237297807	OK	 
REQUEST		request_26	1630237296968	1630237297832	OK	 
REQUEST		request_43	1630237296992	1630237297875	OK	 
REQUEST		request_66	1630237297794	1630237298033	OK	 
REQUEST		request_41	1630237296942	1630237298153	OK	 
REQUEST		request_64	1630237296954	1630237298164	OK	 
REQUEST		favicon-by-fb-1f05deec69.png	1630237297104	1630237298172	OK	 
REQUEST		request_2	1630237297389	1630237298194	OK	 
REQUEST		request_3	1630237297389	1630237298224	OK	 
REQUEST		request_51	1630237296953	1630237298228	OK	 
REQUEST		request_88	1630237296957	1630237298231	OK	 
REQUEST		request_90	1630237296968	1630237298232	OK	 
REQUEST		request_1	1630237297389	1630237298238	OK	 
REQUEST		request_63	1630237297425	1630237298240	OK	 
REQUEST		request_89	1630237296967	1630237298257	OK	 
REQUEST		request_7	1630237297390	1630237298261	OK	 
REQUEST		request_81	1630237297425	1630237298266	OK	 
REQUEST		request_82	1630237297426	1630237298272	OK	 
REQUEST		request_86	1630237297426	1630237298278	OK	 
REQUEST		request_13	1630237297523	1630237298309	OK	 
REQUEST		request_72	1630237297524	1630237298322	OK	 
REQUEST		request_73	1630237297525	1630237298330	OK	 
REQUEST		request_4	1630237298173	1630237298337	OK	 
REQUEST		core-dfb5bbecaa.js	1630237297388	1630237298351	OK	 
REQUEST		request_41	1630237298162	1630237298367	OK	 
REQUEST		request_84	1630237297472	1630237298370	OK	 
REQUEST		request_127	1630237297474	1630237298373	OK	 
REQUEST		request_6	1630237298223	1630237298380	OK	 
REQUEST		request_18	1630237298225	1630237298387	OK	 
REQUEST		request_111	1630237297041	1630237298403	OK	 
REQUEST		request_100	1630237298240	1630237298414	OK	 
REQUEST		request_102	1630237298263	1630237298418	OK	 
REQUEST		request_103	1630237298267	1630237298428	OK	 
REQUEST		request_128	1630237297474	1630237298431	OK	 
REQUEST		request_66	1630237298034	1630237298440	OK	 
REQUEST		request_105	1630237298282	1630237298441	OK	 
REQUEST		request_79	1630237297460	1630237298453	OK	 
REQUEST		request_104	1630237298275	1630237298464	OK	 
REQUEST		request_92	1630237297473	1630237298467	OK	 
REQUEST		request_120	1630237297473	1630237298471	OK	 
REQUEST		request_46	1630237297475	1630237298474	OK	 
REQUEST		request_110	1630237297029	1630237298476	OK	 
REQUEST		request_112	1630237297041	1630237298477	OK	 
REQUEST		request_74	1630237298311	1630237298479	OK	 
REQUEST		request_75	1630237298324	1630237298483	OK	 
REQUEST		request_87	1630237296957	1630237298488	OK	 
REQUEST		request_76	1630237298332	1630237298490	OK	 
REQUEST		request_35	1630237296955	1630237298507	OK	 
REQUEST		request_83	1630237296956	1630237298540	OK	 
REQUEST		alice-home-d5088827a7.css	1630237297387	1630237298544	OK	 
REQUEST		request_16	1630237297055	1630237298554	OK	 
REQUEST		request_43	1630237297877	1630237298562	OK	 
REQUEST		request_106	1630237298416	1630237298567	OK	 
REQUEST		request_78	1630237296956	1630237298585	OK	 
REQUEST		request_129	1630237298372	1630237298588	OK	 
REQUEST		request_130	1630237298374	1630237298589	OK	 
REQUEST		request_108	1630237298429	1630237298591	OK	 
REQUEST		request_85	1630237296956	1630237298594	OK	 
REQUEST		request_113	1630237298442	1630237298597	OK	 
REQUEST		request_114	1630237298465	1630237298624	OK	 
REQUEST		request_77	1630237298481	1630237298637	OK	 
REQUEST		request_131	1630237298432	1630237298645	OK	 
REQUEST		request_97	1630237298492	1630237298657	OK	 
REQUEST		request_132	1630237298454	1630237298669	OK	 
REQUEST		request_153	1630237298468	1630237298685	OK	 
REQUEST		request_115	1630237298568	1630237298734	OK	 
REQUEST		request_116	1630237298592	1630237298745	OK	 
REQUEST		request_117	1630237298599	1630237298757	OK	 
REQUEST		request_119	1630237298625	1630237298797	OK	 
REQUEST		request_98	1630237298639	1630237298805	OK	 
REQUEST		request_99	1630237298657	1630237298816	OK	 
REQUEST		request_96	1630237298484	1630237298824	OK	 
REQUEST		request_71	1630237297524	1630237298890	OK	 
REQUEST		request_121	1630237298735	1630237298892	OK	 
REQUEST		request_107	1630237298419	1630237298901	OK	 
REQUEST		request_123	1630237298758	1630237298919	OK	 
REQUEST		request_122	1630237298746	1630237298922	OK	 
REQUEST		request_101	1630237298805	1630237298960	OK	 
REQUEST		request_109	1630237298817	1630237298986	OK	 
REQUEST		request_124	1630237298798	1630237299000	OK	 
REQUEST		request_125	1630237298892	1630237299051	OK	 
REQUEST		request_126	1630237298901	1630237299069	OK	 
REQUEST		request_133	1630237298919	1630237299076	OK	 
REQUEST		request_134	1630237298922	1630237299079	OK	 
REQUEST		request_135	1630237299001	1630237299154	OK	 
REQUEST		request_136	1630237299052	1630237299204	OK	 
REQUEST		request_137	1630237299069	1630237299223	OK	 
REQUEST		request_140	1630237299079	1630237299235	OK	 
REQUEST		request_138	1630237299077	1630237299238	OK	 
REQUEST		request_68	1630237297524	1630237299346	OK	 
REQUEST		request_11	1630237297486	1630237299355	OK	 
REQUEST		request_8	1630237297424	1630237299356	OK	 
REQUEST		request_142	1630237299204	1630237299357	OK	 
REQUEST		request_141	1630237299155	1630237299361	OK	 
REQUEST		request_144	1630237299235	1630237299388	OK	 
REQUEST		request_145	1630237299238	1630237299395	OK	 
REQUEST		request_143	1630237299224	1630237299454	OK	 
REQUEST		request_148	1630237299357	1630237299508	OK	 
REQUEST		request_147	1630237299356	1630237299511	OK	 
REQUEST		request_149	1630237299362	1630237299516	OK	 
REQUEST		request_151	1630237299396	1630237299556	OK	 
REQUEST		request_150	1630237299388	1630237299567	OK	 
REQUEST		request_152	1630237299456	1630237299614	OK	 
REQUEST		request_154	1630237299509	1630237299660	OK	 
REQUEST		request_155	1630237299512	1630237299674	OK	 
REQUEST		request_156	1630237299516	1630237299675	OK	 
REQUEST		request_157	1630237299556	1630237299709	OK	 
REQUEST		request_158	1630237299568	1630237299739	OK	 
REQUEST		request_159	1630237299615	1630237299777	OK	 
REQUEST		request_160	1630237299660	1630237299813	OK	 
REQUEST		request_162	1630237299675	1630237299829	OK	 
REQUEST		request_161	1630237299674	1630237299833	OK	 
REQUEST		request_163	1630237299709	1630237299872	OK	 
REQUEST		request_164	1630237299740	1630237299895	OK	 
REQUEST		request_165	1630237299777	1630237299936	OK	 
REQUEST		request_166	1630237299813	1630237299970	OK	 
REQUEST		request_167	1630237299830	1630237299984	OK	 
REQUEST		request_168	1630237299833	1630237299997	OK	 
REQUEST		request_169	1630237299872	1630237300027	OK	 
REQUEST		request_170	1630237299895	1630237300049	OK	 
REQUEST		request_171	1630237299937	1630237300094	OK	 
REQUEST		request_172	1630237299971	1630237300121	OK	 
REQUEST		request_173	1630237299985	1630237300135	OK	 
REQUEST		request_174	1630237299997	1630237300150	OK	 
REQUEST		request_175	1630237300027	1630237300184	OK	 
REQUEST		request_176	1630237300050	1630237300223	OK	 
REQUEST		request_177	1630237300095	1630237300246	OK	 
REQUEST		request_178	1630237300121	1630237300276	OK	 
REQUEST		request_179	1630237300136	1630237300298	OK	 
REQUEST		request_180	1630237300150	1630237300324	OK	 
REQUEST		request_181	1630237300184	1630237300340	OK	 
REQUEST		request_182	1630237300223	1630237300373	OK	 
REQUEST		request_183	1630237300247	1630237300400	OK	 
REQUEST		request_184	1630237300276	1630237300433	OK	 
REQUEST		request_185	1630237300298	1630237300454	OK	 
REQUEST		request_186	1630237300325	1630237300478	OK	 
REQUEST		request_187	1630237300342	1630237300493	OK	 
REQUEST		request_188	1630237300373	1630237300523	OK	 
REQUEST		request_189	1630237300401	1630237300552	OK	 
REQUEST		request_190	1630237300433	1630237300582	OK	 
REQUEST		request_191	1630237300456	1630237300606	OK	 
REQUEST		request_192	1630237300478	1630237300637	OK	 
REQUEST		request_193	1630237300494	1630237300645	OK	 
REQUEST		request_194	1630237300523	1630237300674	OK	 
REQUEST		request_195	1630237300553	1630237300706	OK	 
REQUEST		request_196	1630237300582	1630237300732	OK	 
REQUEST		request_197	1630237300607	1630237300771	OK	 
REQUEST		request_198	1630237300638	1630237300794	OK	 
REQUEST		request_199	1630237300645	1630237300795	OK	 
REQUEST		request_200	1630237300674	1630237300824	OK	 
REQUEST		request_201	1630237300707	1630237300864	OK	 
REQUEST		request_202	1630237300733	1630237300881	OK	 
REQUEST		request_203	1630237300773	1630237300925	OK	 
REQUEST		request_204	1630237300794	1630237300943	OK	 
REQUEST		request_205	1630237300796	1630237300950	OK	 
REQUEST		request_206	1630237300825	1630237300976	OK	 
REQUEST		request_207	1630237300865	1630237301019	OK	 
REQUEST		request_208	1630237300881	1630237301031	OK	 
REQUEST		request_209	1630237300925	1630237301076	OK	 
REQUEST		request_210	1630237300943	1630237301094	OK	 
REQUEST		request_211	1630237300951	1630237301107	OK	 
REQUEST		request_212	1630237300976	1630237301126	OK	 
REQUEST		request_213	1630237301020	1630237301171	OK	 
REQUEST		request_214	1630237301031	1630237301179	OK	 
REQUEST		request_215	1630237301077	1630237301230	OK	 
REQUEST		request_216	1630237301095	1630237301245	OK	 
REQUEST		request_217	1630237301107	1630237301257	OK	 
REQUEST		request_218	1630237301126	1630237301285	OK	 
REQUEST		request_220	1630237301180	1630237301404	OK	 
REQUEST		request_219	1630237301172	1630237301413	OK	 
REQUEST		request_221	1630237301230	1630237301434	OK	 
REQUEST		request_222	1630237301245	1630237301444	OK	 
REQUEST		request_223	1630237301257	1630237301445	OK	 
REQUEST		request_224	1630237301285	1630237301459	OK	 
REQUEST		request_225	1630237301405	1630237301555	OK	 
REQUEST		request_226	1630237301413	1630237301564	OK	 
REQUEST		request_227	1630237301435	1630237301589	OK	 
REQUEST		request_228	1630237301445	1630237301596	OK	 
REQUEST		request_229	1630237301446	1630237301598	OK	 
REQUEST		request_230	1630237301459	1630237301618	OK	 
REQUEST		request_231	1630237301556	1630237301706	OK	 
REQUEST		request_232	1630237301564	1630237301718	OK	 
REQUEST		request_233	1630237301589	1630237301740	OK	 
REQUEST		request_234	1630237301597	1630237301749	OK	 
REQUEST		request_235	1630237301599	1630237301753	OK	 
REQUEST		request_236	1630237301619	1630237301774	OK	 
REQUEST		request_237	1630237301707	1630237301870	OK	 
REQUEST		request_238	1630237301719	1630237301878	OK	 
REQUEST		request_239	1630237301740	1630237301900	OK	 
REQUEST		request_240	1630237301750	1630237301906	OK	 
REQUEST		request_241	1630237301754	1630237301910	OK	 
REQUEST		request_242	1630237301775	1630237301926	OK	 
REQUEST		request_243	1630237301871	1630237302024	OK	 
REQUEST		request_245	1630237301901	1630237302056	OK	 
REQUEST		request_248	1630237301911	1630237302064	OK	 
REQUEST		request_246	1630237301906	1630237302155	OK	 
REQUEST		request_244	1630237301879	1630237302156	OK	 
REQUEST		request_251	1630237304171	1630237304182	OK	 
REQUEST		request_252	1630237305184	1630237305195	OK	 
ERROR	request_310: Failed to build request: Resource recordedsimulation/0310_request.txt not found 	1630237305199
ERROR	request_314: Failed to build request: Resource recordedsimulation/0314_request.txt not found 	1630237305199
REQUEST		request_301	1630237305218	1630237305267	OK	 
REQUEST		request_302	1630237305219	1630237305267	OK	 
REQUEST		request_303	1630237305218	1630237305277	OK	 
REQUEST		request_304	1630237305262	1630237305306	OK	 
REQUEST		request_311	1630237305263	1630237305309	OK	 
REQUEST		request_306	1630237305219	1630237305311	OK	 
REQUEST		request_285	1630237305220	1630237305319	OK	 
REQUEST		request_288	1630237305248	1630237305331	OK	 
REQUEST		request_287	1630237305248	1630237305333	OK	 
REQUEST		request_286	1630237305219	1630237305337	OK	 
REQUEST		request_259	1630237305202	1630237305354	OK	 
REQUEST		request_262	1630237305202	1630237305362	OK	 
REQUEST		request_258	1630237305201	1630237305373	OK	 
REQUEST		request_256	1630237305203	1630237305382	OK	 
REQUEST		request_261	1630237305202	1630237305384	OK	 
REQUEST		request_264	1630237305247	1630237305405	OK	 
REQUEST		request_269	1630237305262	1630237305405	OK	 
REQUEST		request_309	1630237305203	1630237305408	OK	 
REQUEST		request_317	1630237305203	1630237305423	OK	 
REQUEST		request_293	1630237305220	1630237305434	OK	 
REQUEST		request_280	1630237305237	1630237305449	OK	 
REQUEST		request_318	1630237305248	1630237305459	OK	 
REQUEST		request_253	1630237305217	1630237305466	OK	 
REQUEST		request_315	1630237305265	1630237305466	OK	 
REQUEST		request_313	1630237305264	1630237305467	OK	 
REQUEST		request_312	1630237305264	1630237305472	OK	 
REQUEST		request_316	1630237305265	1630237305486	OK	 
REQUEST		request_306	1630237305311	1630237305523	OK	 
REQUEST		request_257	1630237305237	1630237305603	OK	 
REQUEST		request_279	1630237305249	1630237306018	OK	 
REQUEST		request_319	1630237309035	1630237309189	OK	 
REQUEST		request_321	1630237313191	1630237313209	OK	 
REQUEST		request_323	1630237313210	1630237313258	OK	 
REQUEST		request_322	1630237313210	1630237313787	OK	 
REQUEST		request_324	1630237314789	1630237314801	OK	 
ERROR	request_325: Failed to build request: Resource recordedsimulation/0325_request.txt not found 	1630237320803
REQUEST		Registration	1630237329820	1630237330259	OK	 
ERROR	request_463: Failed to build request: Resource recordedsimulation/0463_request.txt not found 	1630237330276
ERROR	request_465: Failed to build request: Resource recordedsimulation/0465_request.txt not found 	1630237330276
ERROR	request_467: Failed to build request: Resource recordedsimulation/0467_request.txt not found 	1630237330276
REQUEST		request_407	1630237330289	1630237330347	OK	 
REQUEST		request_414	1630237330289	1630237330348	OK	 
REQUEST		request_418	1630237330290	1630237330349	OK	 
REQUEST		request_461	1630237330290	1630237330350	OK	 
REQUEST		request_459	1630237330310	1630237330351	OK	 
REQUEST		request_452	1630237330312	1630237330351	OK	 
REQUEST		request_451	1630237330312	1630237330352	OK	 
REQUEST		request_397	1630237330311	1630237330354	OK	 
REQUEST		request_406	1630237330311	1630237330354	OK	 
REQUEST		request_450	1630237330311	1630237330355	OK	 
REQUEST		request_405	1630237330339	1630237330360	OK	 
REQUEST		request_462	1630237330343	1630237330361	OK	 
REQUEST		request_410	1630237330336	1630237330361	OK	 
REQUEST		request_453	1630237330352	1630237330366	OK	 
REQUEST		request_454	1630237330352	1630237330367	OK	 
REQUEST		request_455	1630237330354	1630237330368	OK	 
REQUEST		request_457	1630237330356	1630237330372	OK	 
REQUEST		request_402	1630237330338	1630237330373	OK	 
REQUEST		request_456	1630237330355	1630237330374	OK	 
REQUEST		request_458	1630237330366	1630237330376	OK	 
REQUEST		sdk.js	1630237330294	1630237330386	OK	 
REQUEST		request_424	1630237330311	1630237330386	OK	 
REQUEST		request_417	1630237330339	1630237330396	OK	 
REQUEST		request_427	1630237330336	1630237330422	OK	 
REQUEST		request_466	1630237330343	1630237330425	OK	 
REQUEST		request_415	1630237330341	1630237330427	OK	 
REQUEST		request_416	1630237330342	1630237330430	OK	 
REQUEST		request_514	1630237330287	1630237330437	OK	 
REQUEST		request_513	1630237330287	1630237330438	OK	 
REQUEST		request_518	1630237330288	1630237330440	OK	 
REQUEST		request_515	1630237330288	1630237330442	OK	 
REQUEST		request_524	1630237330289	1630237330444	OK	 
REQUEST		request_521	1630237330288	1630237330445	OK	 
REQUEST		request_449	1630237330291	1630237330496	OK	 
REQUEST		request_403	1630237330343	1630237330499	OK	 
REQUEST		request_425	1630237330290	1630237330504	OK	 
REQUEST		request_468	1630237330291	1630237330510	OK	 
REQUEST		request_396	1630237330291	1630237330515	OK	 
REQUEST		request_434	1630237330346	1630237330525	OK	 
REQUEST		request_411	1630237330312	1630237330528	OK	 
REQUEST		request_517	1630237330345	1630237330553	OK	 
REQUEST		request_516	1630237330344	1630237330557	OK	 
REQUEST		request_520	1630237330345	1630237330558	OK	 
REQUEST		request_469	1630237330343	1630237330558	OK	 
REQUEST		request_466	1630237330425	1630237330561	OK	 
REQUEST		request_483	1630237330344	1630237330562	OK	 
REQUEST		request_519	1630237330345	1630237330563	OK	 
REQUEST		request_404	1630237330345	1630237330568	OK	 
REQUEST		api:client.js?onload=googleAsyncInit	1630237330339	1630237330588	OK	 
REQUEST		request_526	1630237330439	1630237330594	OK	 
REQUEST		request_525	1630237330437	1630237330595	OK	 
REQUEST		request_527	1630237330441	1630237330598	OK	 
REQUEST		request_529	1630237330444	1630237330601	OK	 
REQUEST		request_528	1630237330442	1630237330602	OK	 
REQUEST		request_530	1630237330445	1630237330604	OK	 
REQUEST		request_422	1630237330293	1630237330627	OK	 
REQUEST		request_466	1630237330561	1630237330644	OK	 
REQUEST		request_475	1630237330292	1630237330658	OK	 
REQUEST		request_481	1630237330293	1630237330669	OK	 
REQUEST		request_480	1630237330293	1630237330673	OK	 
REQUEST		request_474	1630237330292	1630237330679	OK	 
REQUEST		request_531	1630237330595	1630237330745	OK	 
REQUEST		request_532	1630237330596	1630237330747	OK	 
REQUEST		request_522	1630237330554	1630237330754	OK	 
REQUEST		request_535	1630237330603	1630237330759	OK	 
REQUEST		request_533	1630237330599	1630237330760	OK	 
REQUEST		request_523	1630237330557	1630237330761	OK	 
REQUEST		request_536	1630237330604	1630237330763	OK	 
REQUEST		request_534	1630237330602	1630237330765	OK	 
REQUEST		request_537	1630237330745	1630237330899	OK	 
REQUEST		request_538	1630237330748	1630237330908	OK	 
REQUEST		request_539	1630237330760	1630237330910	OK	 
REQUEST		request_540	1630237330760	1630237330912	OK	 
REQUEST		request_542	1630237330765	1630237330924	OK	 
REQUEST		request_541	1630237330764	1630237330925	OK	 
REQUEST		request_471	1630237330341	1630237330987	OK	 
REQUEST		request_470	1630237330340	1630237330989	OK	 
REQUEST		request_472	1630237330341	1630237331011	OK	 
REQUEST		request_543	1630237330899	1630237331053	OK	 
REQUEST		request_544	1630237330908	1630237331059	OK	 
REQUEST		request_545	1630237330910	1630237331062	OK	 
REQUEST		request_546	1630237330913	1630237331064	OK	 
REQUEST		request_547	1630237330924	1630237331075	OK	 
REQUEST		request_548	1630237330925	1630237331077	OK	 
REQUEST		request_428	1630237330312	1630237331186	OK	 
REQUEST		request_438	1630237330336	1630237331191	OK	 
REQUEST		request_429	1630237330335	1630237331195	OK	 
REQUEST		request_549	1630237331053	1630237331205	OK	 
REQUEST		request_550	1630237331059	1630237331210	OK	 
REQUEST		request_552	1630237331065	1630237331215	OK	 
REQUEST		request_551	1630237331062	1630237331218	OK	 
REQUEST		request_553	1630237331075	1630237331227	OK	 
REQUEST		request_554	1630237331077	1630237331230	OK	 
REQUEST		request_422	1630237330627	1630237331260	OK	 
REQUEST		request_555	1630237331206	1630237331354	OK	 
REQUEST		request_556	1630237331211	1630237331361	OK	 
REQUEST		request_557	1630237331216	1630237331368	OK	 
REQUEST		request_558	1630237331218	1630237331370	OK	 
REQUEST		request_559	1630237331228	1630237331383	OK	 
REQUEST		request_560	1630237331230	1630237331389	OK	 
REQUEST		request_561	1630237331355	1630237331506	OK	 
REQUEST		request_562	1630237331361	1630237331512	OK	 
REQUEST		request_563	1630237331368	1630237331517	OK	 
REQUEST		request_568	1630237334518	1630237334530	OK	 
USER	RecordedSimulation	END	1630237336547
