RUN	myGatlingProject._002_Registration	-002-registration	1630213914883	rem	3.6.1
USER	RecordedSimulation	START	1630213916429
REQUEST		request_0	1630213916454	1630213917753	OK	 
ERROR	request_56: Failed to build request: Resource recordedsimulation/0056_request.txt not found 	1630213917870
ERROR	request_62: Failed to build request: Resource recordedsimulation/0062_request.txt not found 	1630213917871
ERROR	request_91: Failed to build request: Resource recordedsimulation/0091_request.txt not found 	1630213917878
ERROR	request_95: Failed to build request: Resource recordedsimulation/0095_request.txt not found 	1630213917878
ERROR	request_247: Failed to build request: Resource recordedsimulation/0247_request.txt not found 	1630213917885
REQUEST		request_28	1630213917909	1630213918184	OK	 
REQUEST		request_15	1630213917894	1630213918268	OK	 
REQUEST		request_22	1630213917905	1630213918280	OK	 
REQUEST		request_24	1630213917906	1630213918286	OK	 
REQUEST		request_30	1630213917906	1630213918288	OK	 
REQUEST		request_39	1630213917945	1630213918290	OK	 
REQUEST		request_146	1630213917959	1630213918292	OK	 
REQUEST		request_16	1630213918007	1630213918296	OK	 
REQUEST		request_25	1630213918042	1630213918312	OK	 
REQUEST		request_17	1630213918074	1630213918314	OK	 
REQUEST		request_69	1630213918086	1630213918326	OK	 
REQUEST		request_50	1630213918018	1630213918339	OK	 
REQUEST		request_19	1630213918075	1630213918340	OK	 
REQUEST		request_118	1630213918086	1630213918341	OK	 
REQUEST		request_23	1630213917970	1630213918349	OK	 
REQUEST		request_52	1630213917972	1630213918370	OK	 
REQUEST		request_9	1630213918030	1630213918374	OK	 
REQUEST		request_53	1630213918349	1630213918385	OK	 
REQUEST		request_20	1630213917970	1630213918412	OK	 
REQUEST		request_49	1630213917971	1630213918420	OK	 
REQUEST		request_54	1630213918371	1630213918422	OK	 
REQUEST		request_34	1630213917995	1630213918426	OK	 
REQUEST		request_66	1630213918006	1630213918427	OK	 
REQUEST		request_57	1630213918412	1630213918461	OK	 
REQUEST		request_55	1630213918386	1630213918466	OK	 
REQUEST		request_29	1630213917971	1630213918474	OK	 
REQUEST		request_38	1630213917971	1630213918476	OK	 
REQUEST		request_32	1630213917972	1630213918480	OK	 
REQUEST		request_36	1630213918006	1630213918484	OK	 
REQUEST		request_58	1630213918421	1630213918485	OK	 
REQUEST		request_59	1630213918423	1630213918487	OK	 
REQUEST		request_60	1630213918462	1630213918495	OK	 
REQUEST		request_61	1630213918468	1630213918498	OK	 
REQUEST		request_67	1630213918475	1630213918506	OK	 
REQUEST		request_26	1630213917913	1630213918515	OK	 
REQUEST		request_249	1630213918478	1630213918517	OK	 
REQUEST		request_43	1630213917958	1630213918552	OK	 
REQUEST		request_66	1630213918431	1630213918686	OK	 
REQUEST		request_51	1630213917908	1630213918792	OK	 
REQUEST		request_7	1630213918059	1630213918825	OK	 
REQUEST		favicon-by-fb-1f05deec69.png	1630213918043	1630213918832	OK	 
REQUEST		request_2	1630213918058	1630213918836	OK	 
REQUEST		request_81	1630213918073	1630213918879	OK	 
REQUEST		request_86	1630213918074	1630213918884	OK	 
REQUEST		request_41	1630213917907	1630213918888	OK	 
REQUEST		request_64	1630213917908	1630213918903	OK	 
REQUEST		request_88	1630213917911	1630213918906	OK	 
REQUEST		request_89	1630213917912	1630213918908	OK	 
REQUEST		request_90	1630213917912	1630213918909	OK	 
REQUEST		request_8	1630213918073	1630213918909	OK	 
REQUEST		request_63	1630213918073	1630213918911	OK	 
REQUEST		request_82	1630213918074	1630213918915	OK	 
REQUEST		request_11	1630213918125	1630213918928	OK	 
REQUEST		request_13	1630213918161	1630213918935	OK	 
REQUEST		request_68	1630213918162	1630213918939	OK	 
REQUEST		request_72	1630213918165	1630213918942	OK	 
REQUEST		request_73	1630213918166	1630213918944	OK	 
REQUEST		request_66	1630213918686	1630213918945	OK	 
REQUEST		request_3	1630213918058	1630213918960	OK	 
REQUEST		request_1	1630213918057	1630213918967	OK	 
REQUEST		request_100	1630213918826	1630213918984	OK	 
REQUEST		request_112	1630213917994	1630213918994	OK	 
REQUEST		request_79	1630213918098	1630213918997	OK	 
REQUEST		request_111	1630213917994	1630213919002	OK	 
REQUEST		request_110	1630213917983	1630213919004	OK	 
REQUEST		request_4	1630213918833	1630213919004	OK	 
REQUEST		request_6	1630213918877	1630213919031	OK	 
REQUEST		request_103	1630213918885	1630213919038	OK	 
REQUEST		request_102	1630213918882	1630213919040	OK	 
REQUEST		request_105	1630213918912	1630213919065	OK	 
REQUEST		request_104	1630213918910	1630213919068	OK	 
REQUEST		request_106	1630213918917	1630213919071	OK	 
REQUEST		core-dfb5bbecaa.js	1630213918057	1630213919074	OK	 
REQUEST		request_78	1630213917910	1630213919084	OK	 
REQUEST		request_74	1630213918929	1630213919085	OK	 
REQUEST		request_120	1630213918111	1630213919092	OK	 
REQUEST		request_128	1630213918113	1630213919094	OK	 
REQUEST		request_76	1630213918939	1630213919097	OK	 
REQUEST		request_75	1630213918936	1630213919100	OK	 
REQUEST		request_77	1630213918943	1630213919102	OK	 
REQUEST		request_41	1630213918901	1630213919116	OK	 
REQUEST		request_87	1630213917911	1630213919123	OK	 
REQUEST		request_46	1630213918114	1630213919127	OK	 
REQUEST		request_35	1630213917909	1630213919129	OK	 
REQUEST		request_107	1630213918984	1630213919145	OK	 
REQUEST		request_83	1630213917910	1630213919147	OK	 
REQUEST		request_18	1630213918961	1630213919149	OK	 
REQUEST		request_84	1630213918110	1630213919150	OK	 
REQUEST		request_92	1630213918110	1630213919151	OK	 
REQUEST		request_127	1630213918112	1630213919151	OK	 
REQUEST		request_43	1630213918554	1630213919167	OK	 
REQUEST		request_108	1630213919039	1630213919189	OK	 
REQUEST		request_71	1630213918163	1630213919193	OK	 
REQUEST		request_113	1630213919042	1630213919198	OK	 
REQUEST		request_129	1630213918998	1630213919198	OK	 
REQUEST		request_114	1630213919066	1630213919218	OK	 
REQUEST		request_115	1630213919069	1630213919224	OK	 
REQUEST		request_116	1630213919071	1630213919225	OK	 
REQUEST		request_97	1630213919086	1630213919245	OK	 
REQUEST		request_85	1630213917910	1630213919253	OK	 
REQUEST		request_99	1630213919101	1630213919260	OK	 
REQUEST		request_98	1630213919098	1630213919262	OK	 
REQUEST		request_101	1630213919102	1630213919264	OK	 
REQUEST		request_130	1630213919092	1630213919294	OK	 
REQUEST		request_131	1630213919095	1630213919297	OK	 
REQUEST		request_117	1630213919145	1630213919298	OK	 
REQUEST		request_119	1630213919190	1630213919343	OK	 
REQUEST		request_121	1630213919198	1630213919352	OK	 
REQUEST		request_132	1630213919150	1630213919362	OK	 
REQUEST		alice-home-d5088827a7.css	1630213918057	1630213919366	OK	 
REQUEST		request_153	1630213919151	1630213919372	OK	 
REQUEST		request_123	1630213919225	1630213919373	OK	 
REQUEST		request_122	1630213919218	1630213919375	OK	 
REQUEST		request_124	1630213919226	1630213919378	OK	 
REQUEST		request_109	1630213919193	1630213919385	OK	 
REQUEST		request_96	1630213918945	1630213919402	OK	 
REQUEST		request_125	1630213919299	1630213919453	OK	 
REQUEST		request_126	1630213919343	1630213919497	OK	 
REQUEST		request_133	1630213919352	1630213919506	OK	 
REQUEST		request_134	1630213919374	1630213919526	OK	 
REQUEST		request_135	1630213919375	1630213919528	OK	 
REQUEST		request_136	1630213919379	1630213919532	OK	 
REQUEST		request_137	1630213919454	1630213919605	OK	 
REQUEST		request_138	1630213919497	1630213919651	OK	 
REQUEST		request_140	1630213919506	1630213919663	OK	 
REQUEST		request_142	1630213919529	1630213919678	OK	 
REQUEST		request_141	1630213919527	1630213919680	OK	 
REQUEST		request_143	1630213919533	1630213919685	OK	 
REQUEST		request_144	1630213919606	1630213919758	OK	 
REQUEST		request_145	1630213919652	1630213919807	OK	 
REQUEST		request_147	1630213919663	1630213919814	OK	 
REQUEST		request_148	1630213919679	1630213919830	OK	 
REQUEST		request_149	1630213919681	1630213919836	OK	 
REQUEST		request_150	1630213919685	1630213919840	OK	 
REQUEST		request_151	1630213919758	1630213919908	OK	 
REQUEST		request_152	1630213919807	1630213919959	OK	 
REQUEST		request_154	1630213919815	1630213919965	OK	 
REQUEST		request_155	1630213919830	1630213919983	OK	 
REQUEST		request_156	1630213919837	1630213919987	OK	 
REQUEST		request_157	1630213919840	1630213919992	OK	 
REQUEST		request_158	1630213919909	1630213920073	OK	 
REQUEST		request_159	1630213919959	1630213920110	OK	 
REQUEST		request_160	1630213919965	1630213920118	OK	 
REQUEST		request_161	1630213919983	1630213920137	OK	 
REQUEST		request_162	1630213919987	1630213920138	OK	 
REQUEST		request_163	1630213919993	1630213920144	OK	 
REQUEST		request_164	1630213920073	1630213920231	OK	 
REQUEST		request_165	1630213920111	1630213920264	OK	 
REQUEST		request_166	1630213920118	1630213920274	OK	 
REQUEST		request_167	1630213920137	1630213920287	OK	 
REQUEST		request_168	1630213920139	1630213920290	OK	 
REQUEST		request_169	1630213920145	1630213920298	OK	 
REQUEST		request_170	1630213920232	1630213920382	OK	 
REQUEST		request_171	1630213920265	1630213920415	OK	 
REQUEST		request_172	1630213920274	1630213920426	OK	 
REQUEST		request_173	1630213920287	1630213920438	OK	 
REQUEST		request_174	1630213920290	1630213920439	OK	 
REQUEST		request_175	1630213920298	1630213920449	OK	 
REQUEST		request_176	1630213920382	1630213920536	OK	 
REQUEST		request_177	1630213920416	1630213920566	OK	 
REQUEST		request_178	1630213920427	1630213920577	OK	 
REQUEST		request_180	1630213920439	1630213920589	OK	 
REQUEST		request_179	1630213920438	1630213920590	OK	 
REQUEST		request_181	1630213920450	1630213920600	OK	 
REQUEST		request_182	1630213920536	1630213920687	OK	 
REQUEST		request_183	1630213920566	1630213920723	OK	 
REQUEST		request_184	1630213920578	1630213920729	OK	 
REQUEST		request_185	1630213920589	1630213920739	OK	 
REQUEST		request_186	1630213920590	1630213920740	OK	 
REQUEST		request_187	1630213920600	1630213920751	OK	 
REQUEST		request_188	1630213920688	1630213920838	OK	 
REQUEST		request_189	1630213920723	1630213920873	OK	 
REQUEST		request_190	1630213920730	1630213920881	OK	 
REQUEST		request_191	1630213920739	1630213920889	OK	 
REQUEST		request_192	1630213920740	1630213920890	OK	 
REQUEST		request_193	1630213920751	1630213920901	OK	 
REQUEST		request_194	1630213920839	1630213920989	OK	 
REQUEST		request_195	1630213920874	1630213921026	OK	 
REQUEST		request_196	1630213920882	1630213921033	OK	 
REQUEST		request_197	1630213920889	1630213921037	OK	 
REQUEST		request_198	1630213920891	1630213921039	OK	 
REQUEST		request_199	1630213920901	1630213921052	OK	 
REQUEST		request_200	1630213920989	1630213921141	OK	 
REQUEST		request_201	1630213921027	1630213921181	OK	 
REQUEST		request_202	1630213921033	1630213921183	OK	 
REQUEST		request_203	1630213921038	1630213921186	OK	 
REQUEST		request_204	1630213921040	1630213921187	OK	 
REQUEST		request_205	1630213921053	1630213921203	OK	 
REQUEST		request_206	1630213921141	1630213921294	OK	 
REQUEST		request_207	1630213921182	1630213921332	OK	 
REQUEST		request_208	1630213921183	1630213921334	OK	 
REQUEST		request_209	1630213921187	1630213921339	OK	 
REQUEST		request_210	1630213921187	1630213921340	OK	 
REQUEST		request_211	1630213921203	1630213921355	OK	 
REQUEST		request_212	1630213921295	1630213921445	OK	 
REQUEST		request_213	1630213921333	1630213921482	OK	 
REQUEST		request_214	1630213921335	1630213921486	OK	 
REQUEST		request_215	1630213921339	1630213921489	OK	 
REQUEST		request_216	1630213921341	1630213921496	OK	 
REQUEST		request_217	1630213921356	1630213921506	OK	 
REQUEST		request_218	1630213921445	1630213921599	OK	 
REQUEST		request_219	1630213921483	1630213921632	OK	 
REQUEST		request_220	1630213921486	1630213921639	OK	 
REQUEST		request_221	1630213921489	1630213921640	OK	 
REQUEST		request_222	1630213921497	1630213921648	OK	 
REQUEST		request_223	1630213921506	1630213921657	OK	 
REQUEST		request_224	1630213921599	1630213921765	OK	 
REQUEST		request_225	1630213921632	1630213921785	OK	 
REQUEST		request_227	1630213921640	1630213921791	OK	 
REQUEST		request_226	1630213921639	1630213921793	OK	 
REQUEST		request_228	1630213921648	1630213921801	OK	 
REQUEST		request_229	1630213921657	1630213921810	OK	 
REQUEST		request_230	1630213921765	1630213921917	OK	 
REQUEST		request_231	1630213921786	1630213921935	OK	 
REQUEST		request_232	1630213921792	1630213921941	OK	 
REQUEST		request_233	1630213921793	1630213921946	OK	 
REQUEST		request_234	1630213921801	1630213921952	OK	 
REQUEST		request_235	1630213921811	1630213921962	OK	 
REQUEST		request_236	1630213921918	1630213922072	OK	 
REQUEST		request_237	1630213921936	1630213922093	OK	 
REQUEST		request_238	1630213921941	1630213922097	OK	 
REQUEST		request_239	1630213921947	1630213922098	OK	 
REQUEST		request_240	1630213921952	1630213922106	OK	 
REQUEST		request_241	1630213921962	1630213922113	OK	 
REQUEST		request_242	1630213922073	1630213922228	OK	 
REQUEST		request_243	1630213922094	1630213922244	OK	 
REQUEST		request_244	1630213922097	1630213922248	OK	 
REQUEST		request_245	1630213922098	1630213922253	OK	 
REQUEST		request_246	1630213922106	1630213922255	OK	 
REQUEST		request_248	1630213922113	1630213922266	OK	 
REQUEST		request_251	1630213924270	1630213924301	OK	 
REQUEST		request_252	1630213925301	1630213925333	OK	 
ERROR	request_310: Failed to build request: Resource recordedsimulation/0310_request.txt not found 	1630213925338
ERROR	request_314: Failed to build request: Resource recordedsimulation/0314_request.txt not found 	1630213925338
REQUEST		request_303	1630213925356	1630213925437	OK	 
REQUEST		request_301	1630213925356	1630213925438	OK	 
REQUEST		request_302	1630213925357	1630213925441	OK	 
REQUEST		request_306	1630213925357	1630213925451	OK	 
REQUEST		request_286	1630213925357	1630213925455	OK	 
REQUEST		request_287	1630213925385	1630213925466	OK	 
REQUEST		request_288	1630213925385	1630213925467	OK	 
REQUEST		request_304	1630213925431	1630213925473	OK	 
REQUEST		request_256	1630213925342	1630213925484	OK	 
REQUEST		request_311	1630213925432	1630213925485	OK	 
REQUEST		request_262	1630213925341	1630213925497	OK	 
REQUEST		request_259	1630213925340	1630213925499	OK	 
REQUEST		request_285	1630213925358	1630213925506	OK	 
REQUEST		request_258	1630213925340	1630213925513	OK	 
REQUEST		request_261	1630213925341	1630213925550	OK	 
REQUEST		request_317	1630213925342	1630213925555	OK	 
REQUEST		request_309	1630213925341	1630213925558	OK	 
REQUEST		request_280	1630213925372	1630213925574	OK	 
REQUEST		request_293	1630213925358	1630213925587	OK	 
REQUEST		request_253	1630213925355	1630213925600	OK	 
REQUEST		request_318	1630213925384	1630213925604	OK	 
REQUEST		request_269	1630213925430	1630213925614	OK	 
REQUEST		request_264	1630213925384	1630213925632	OK	 
REQUEST		request_313	1630213925433	1630213925634	OK	 
REQUEST		request_315	1630213925434	1630213925638	OK	 
REQUEST		request_316	1630213925434	1630213925641	OK	 
REQUEST		request_312	1630213925432	1630213925642	OK	 
REQUEST		request_306	1630213925452	1630213925672	OK	 
REQUEST		request_257	1630213925373	1630213925782	OK	 
REQUEST		request_279	1630213925386	1630213926185	OK	 
REQUEST		request_319	1630213929187	1630213929850	OK	 
REQUEST		request_321	1630213933855	1630213933880	OK	 
REQUEST		request_323	1630213933882	1630213934020	OK	 
REQUEST		request_322	1630213933881	1630213934483	OK	 
REQUEST		request_324	1630213935485	1630213935518	OK	 
ERROR	request_325: Failed to build request: Resource recordedsimulation/0325_request.txt not found 	1630213941520
REQUEST		Registration	1630213950532	1630213950973	KO	status.find.is(302), but actually found 200
REQUEST		request_564	1630213953997	1630213954025	OK	 
REQUEST		request_565	1630213954026	1630213954064	OK	 
REQUEST		request_567	1630213956078	1630213956113	OK	 
REQUEST		request_568	1630213961115	1630213961149	OK	 
USER	RecordedSimulation	END	1630213963164
