RUN	myGatlingProject._002_Registration	-002-registration	1630219595001	re	3.6.1
USER	RecordedSimulation	START	1630219596563
REQUEST		LaunchHomePage	1630219596593	1630219597942	OK	 
ERROR	request_56: Failed to build request: Resource recordedsimulation/0056_request.txt not found 	1630219598058
ERROR	request_62: Failed to build request: Resource recordedsimulation/0062_request.txt not found 	1630219598059
ERROR	request_91: Failed to build request: Resource recordedsimulation/0091_request.txt not found 	1630219598068
ERROR	request_95: Failed to build request: Resource recordedsimulation/0095_request.txt not found 	1630219598068
ERROR	request_247: Failed to build request: Resource recordedsimulation/0247_request.txt not found 	1630219598077
REQUEST		request_28	1630219598111	1630219598722	OK	 
REQUEST		request_15	1630219598087	1630219598808	OK	 
REQUEST		request_22	1630219598097	1630219598823	OK	 
REQUEST		request_24	1630219598098	1630219598831	OK	 
REQUEST		request_30	1630219598099	1630219598833	OK	 
REQUEST		request_39	1630219598136	1630219598836	OK	 
REQUEST		request_146	1630219598163	1630219598840	OK	 
REQUEST		request_17	1630219598618	1630219598873	OK	 
REQUEST		request_19	1630219598630	1630219598880	OK	 
REQUEST		request_69	1630219598641	1630219598892	OK	 
REQUEST		request_118	1630219598641	1630219598893	OK	 
REQUEST		request_20	1630219598174	1630219598898	OK	 
REQUEST		request_23	1630219598174	1630219598900	OK	 
REQUEST		request_38	1630219598175	1630219598901	OK	 
REQUEST		request_52	1630219598176	1630219598904	OK	 
REQUEST		request_50	1630219598225	1630219598906	OK	 
REQUEST		request_53	1630219598899	1630219598923	OK	 
REQUEST		request_54	1630219598901	1630219598924	OK	 
REQUEST		request_55	1630219598902	1630219598925	OK	 
REQUEST		request_57	1630219598905	1630219598927	OK	 
REQUEST		request_58	1630219598924	1630219598940	OK	 
REQUEST		request_59	1630219598925	1630219598942	OK	 
REQUEST		request_60	1630219598926	1630219598943	OK	 
REQUEST		request_49	1630219598175	1630219598943	OK	 
REQUEST		request_61	1630219598927	1630219598944	OK	 
REQUEST		request_34	1630219598201	1630219598956	OK	 
REQUEST		request_36	1630219598212	1630219598958	OK	 
REQUEST		request_66	1630219598213	1630219598960	OK	 
REQUEST		request_9	1630219598236	1630219598975	OK	 
REQUEST		request_67	1630219598941	1630219598977	OK	 
REQUEST		request_249	1630219598942	1630219598978	OK	 
REQUEST		request_32	1630219598176	1630219598979	OK	 
REQUEST		request_29	1630219598175	1630219599014	OK	 
REQUEST		request_26	1630219598125	1630219599043	OK	 
REQUEST		request_43	1630219598151	1630219599078	OK	 
REQUEST		request_25	1630219598278	1630219599089	OK	 
REQUEST		request_66	1630219598964	1630219599252	OK	 
REQUEST		request_64	1630219598111	1630219599343	OK	 
REQUEST		request_90	1630219598124	1630219599354	OK	 
REQUEST		request_88	1630219598114	1630219599372	OK	 
REQUEST		favicon-by-fb-1f05deec69.png	1630219598289	1630219599382	OK	 
REQUEST		request_3	1630219598602	1630219599386	OK	 
REQUEST		request_41	1630219598099	1630219599395	OK	 
REQUEST		request_7	1630219598602	1630219599405	OK	 
REQUEST		request_51	1630219598110	1630219599414	OK	 
REQUEST		request_86	1630219598618	1630219599416	OK	 
REQUEST		request_89	1630219598124	1630219599420	OK	 
REQUEST		request_82	1630219598617	1630219599423	OK	 
REQUEST		request_1	1630219598601	1630219599436	OK	 
REQUEST		request_2	1630219598601	1630219599440	OK	 
REQUEST		request_8	1630219598616	1630219599491	OK	 
REQUEST		request_81	1630219598617	1630219599502	OK	 
REQUEST		request_72	1630219598707	1630219599507	OK	 
REQUEST		request_73	1630219598707	1630219599510	OK	 
REQUEST		core-dfb5bbecaa.js	1630219598601	1630219599515	OK	 
REQUEST		request_6	1630219599387	1630219599542	OK	 
REQUEST		request_92	1630219598664	1630219599552	OK	 
REQUEST		request_4	1630219599382	1630219599556	OK	 
REQUEST		request_84	1630219598663	1630219599563	OK	 
REQUEST		request_127	1630219598665	1630219599565	OK	 
REQUEST		request_120	1630219598664	1630219599568	OK	 
REQUEST		request_79	1630219598651	1630219599572	OK	 
REQUEST		request_100	1630219599406	1630219599575	OK	 
REQUEST		request_102	1630219599417	1630219599577	OK	 
REQUEST		request_46	1630219598665	1630219599580	OK	 
REQUEST		request_128	1630219598665	1630219599582	OK	 
REQUEST		request_103	1630219599424	1630219599583	OK	 
REQUEST		request_112	1630219598200	1630219599609	OK	 
REQUEST		request_41	1630219599404	1630219599610	OK	 
REQUEST		request_110	1630219598188	1630219599611	OK	 
REQUEST		request_18	1630219599438	1630219599625	OK	 
REQUEST		request_35	1630219598112	1630219599646	OK	 
REQUEST		request_66	1630219599253	1630219599649	OK	 
REQUEST		request_104	1630219599492	1630219599655	OK	 
REQUEST		request_105	1630219599504	1630219599660	OK	 
REQUEST		request_74	1630219599508	1630219599663	OK	 
REQUEST		request_16	1630219598213	1630219599667	OK	 
REQUEST		request_85	1630219598113	1630219599672	OK	 
REQUEST		request_78	1630219598112	1630219599674	OK	 
REQUEST		request_75	1630219599511	1630219599675	OK	 
REQUEST		request_83	1630219598113	1630219599696	OK	 
REQUEST		request_87	1630219598114	1630219599730	OK	 
REQUEST		alice-home-d5088827a7.css	1630219598600	1630219599731	OK	 
REQUEST		request_106	1630219599576	1630219599738	OK	 
REQUEST		request_108	1630219599584	1630219599740	OK	 
REQUEST		request_107	1630219599578	1630219599741	OK	 
REQUEST		request_43	1630219599079	1630219599744	OK	 
REQUEST		request_129	1630219599552	1630219599753	OK	 
REQUEST		request_130	1630219599564	1630219599765	OK	 
REQUEST		request_131	1630219599566	1630219599767	OK	 
REQUEST		request_132	1630219599568	1630219599770	OK	 
REQUEST		request_153	1630219599573	1630219599781	OK	 
REQUEST		request_111	1630219598200	1630219599790	OK	 
REQUEST		request_113	1630219599656	1630219599811	OK	 
REQUEST		request_114	1630219599661	1630219599815	OK	 
REQUEST		request_76	1630219599664	1630219599817	OK	 
REQUEST		request_77	1630219599676	1630219599836	OK	 
REQUEST		request_115	1630219599739	1630219599890	OK	 
REQUEST		request_116	1630219599740	1630219599899	OK	 
REQUEST		request_117	1630219599742	1630219599901	OK	 
REQUEST		request_119	1630219599812	1630219599963	OK	 
REQUEST		request_121	1630219599815	1630219599971	OK	 
REQUEST		request_97	1630219599837	1630219600004	OK	 
REQUEST		request_122	1630219599890	1630219600052	OK	 
REQUEST		request_71	1630219598706	1630219600055	OK	 
REQUEST		request_123	1630219599900	1630219600057	OK	 
REQUEST		request_124	1630219599902	1630219600061	OK	 
REQUEST		request_125	1630219599963	1630219600123	OK	 
REQUEST		request_126	1630219599971	1630219600136	OK	 
REQUEST		request_96	1630219599817	1630219600175	OK	 
REQUEST		request_98	1630219600004	1630219600210	OK	 
REQUEST		request_133	1630219600053	1630219600213	OK	 
REQUEST		request_134	1630219600057	1630219600214	OK	 
REQUEST		request_135	1630219600062	1630219600216	OK	 
REQUEST		request_99	1630219600056	1630219600218	OK	 
REQUEST		request_136	1630219600124	1630219600276	OK	 
REQUEST		request_137	1630219600137	1630219600296	OK	 
REQUEST		request_101	1630219600176	1630219600334	OK	 
REQUEST		request_138	1630219600213	1630219600371	OK	 
REQUEST		request_141	1630219600217	1630219600381	OK	 
REQUEST		request_140	1630219600214	1630219600389	OK	 
REQUEST		request_68	1630219598706	1630219600401	OK	 
REQUEST		request_109	1630219600211	1630219600420	OK	 
REQUEST		request_142	1630219600277	1630219600427	OK	 
REQUEST		request_143	1630219600297	1630219600455	OK	 
REQUEST		request_144	1630219600372	1630219600523	OK	 
REQUEST		request_13	1630219598705	1630219600540	OK	 
REQUEST		request_147	1630219600390	1630219600542	OK	 
REQUEST		request_145	1630219600382	1630219600543	OK	 
REQUEST		request_148	1630219600428	1630219600587	OK	 
REQUEST		request_149	1630219600456	1630219600613	OK	 
REQUEST		request_63	1630219598616	1630219600626	OK	 
REQUEST		request_150	1630219600523	1630219600677	OK	 
REQUEST		request_152	1630219600543	1630219600695	OK	 
REQUEST		request_151	1630219600542	1630219600696	OK	 
REQUEST		request_11	1630219598679	1630219600697	OK	 
REQUEST		request_154	1630219600587	1630219600738	OK	 
REQUEST		request_156	1630219600627	1630219600832	OK	 
REQUEST		request_157	1630219600678	1630219600833	OK	 
REQUEST		request_155	1630219600614	1630219600843	OK	 
REQUEST		request_159	1630219600696	1630219600847	OK	 
REQUEST		request_158	1630219600695	1630219600856	OK	 
REQUEST		request_160	1630219600739	1630219600891	OK	 
REQUEST		request_161	1630219600832	1630219600988	OK	 
REQUEST		request_162	1630219600834	1630219600993	OK	 
REQUEST		request_164	1630219600848	1630219601002	OK	 
REQUEST		request_163	1630219600843	1630219601013	OK	 
REQUEST		request_166	1630219600891	1630219601048	OK	 
REQUEST		request_167	1630219600988	1630219601142	OK	 
REQUEST		request_168	1630219600993	1630219601152	OK	 
REQUEST		request_169	1630219601002	1630219601157	OK	 
REQUEST		request_170	1630219601014	1630219601169	OK	 
REQUEST		request_171	1630219601048	1630219601209	OK	 
REQUEST		request_165	1630219600857	1630219601219	OK	 
REQUEST		request_172	1630219601142	1630219601300	OK	 
REQUEST		request_173	1630219601153	1630219601307	OK	 
REQUEST		request_175	1630219601170	1630219601323	OK	 
REQUEST		request_174	1630219601157	1630219601343	OK	 
REQUEST		request_177	1630219601220	1630219601373	OK	 
REQUEST		request_178	1630219601301	1630219601454	OK	 
REQUEST		request_179	1630219601307	1630219601458	OK	 
REQUEST		request_180	1630219601323	1630219601474	OK	 
REQUEST		request_181	1630219601344	1630219601497	OK	 
REQUEST		request_182	1630219601374	1630219601551	OK	 
REQUEST		request_184	1630219601458	1630219601609	OK	 
REQUEST		request_183	1630219601455	1630219601613	OK	 
REQUEST		request_176	1630219601210	1630219601627	OK	 
REQUEST		request_185	1630219601475	1630219601628	OK	 
REQUEST		request_186	1630219601497	1630219601653	OK	 
REQUEST		request_187	1630219601552	1630219601716	OK	 
REQUEST		request_189	1630219601613	1630219601768	OK	 
REQUEST		request_188	1630219601609	1630219601774	OK	 
REQUEST		request_190	1630219601627	1630219601778	OK	 
REQUEST		request_191	1630219601628	1630219601781	OK	 
REQUEST		request_192	1630219601654	1630219601806	OK	 
REQUEST		request_193	1630219601716	1630219601873	OK	 
REQUEST		request_194	1630219601769	1630219601922	OK	 
REQUEST		request_195	1630219601775	1630219601926	OK	 
REQUEST		request_196	1630219601778	1630219601932	OK	 
REQUEST		request_197	1630219601781	1630219601944	OK	 
REQUEST		request_198	1630219601806	1630219601962	OK	 
REQUEST		request_199	1630219601874	1630219602027	OK	 
REQUEST		request_200	1630219601922	1630219602072	OK	 
REQUEST		request_201	1630219601927	1630219602078	OK	 
REQUEST		request_202	1630219601933	1630219602081	OK	 
REQUEST		request_203	1630219601944	1630219602099	OK	 
REQUEST		request_204	1630219601962	1630219602117	OK	 
REQUEST		request_205	1630219602027	1630219602189	OK	 
REQUEST		request_206	1630219602072	1630219602228	OK	 
REQUEST		request_207	1630219602079	1630219602229	OK	 
REQUEST		request_208	1630219602082	1630219602232	OK	 
REQUEST		request_209	1630219602100	1630219602253	OK	 
REQUEST		request_210	1630219602118	1630219602271	OK	 
REQUEST		request_211	1630219602190	1630219602345	OK	 
REQUEST		request_213	1630219602229	1630219602379	OK	 
REQUEST		request_212	1630219602228	1630219602381	OK	 
REQUEST		request_214	1630219602233	1630219602387	OK	 
REQUEST		request_215	1630219602254	1630219602405	OK	 
REQUEST		request_216	1630219602272	1630219602424	OK	 
REQUEST		request_217	1630219602346	1630219602499	OK	 
REQUEST		request_220	1630219602388	1630219602543	OK	 
REQUEST		request_219	1630219602382	1630219602544	OK	 
REQUEST		request_218	1630219602379	1630219602566	OK	 
REQUEST		request_221	1630219602406	1630219602567	OK	 
REQUEST		request_222	1630219602424	1630219602576	OK	 
REQUEST		request_223	1630219602499	1630219602656	OK	 
REQUEST		request_224	1630219602543	1630219602698	OK	 
REQUEST		request_225	1630219602544	1630219602699	OK	 
REQUEST		request_227	1630219602568	1630219602724	OK	 
REQUEST		request_228	1630219602577	1630219602729	OK	 
REQUEST		request_226	1630219602566	1630219602736	OK	 
REQUEST		request_229	1630219602656	1630219602811	OK	 
REQUEST		request_230	1630219602699	1630219602848	OK	 
REQUEST		request_231	1630219602700	1630219602852	OK	 
REQUEST		request_232	1630219602724	1630219602879	OK	 
REQUEST		request_234	1630219602737	1630219602888	OK	 
REQUEST		request_233	1630219602729	1630219602889	OK	 
REQUEST		request_235	1630219602811	1630219602975	OK	 
REQUEST		request_236	1630219602849	1630219602998	OK	 
REQUEST		request_237	1630219602853	1630219603008	OK	 
REQUEST		request_238	1630219602879	1630219603035	OK	 
REQUEST		request_239	1630219602889	1630219603041	OK	 
REQUEST		request_240	1630219602890	1630219603045	OK	 
REQUEST		request_241	1630219602976	1630219603137	OK	 
REQUEST		request_245	1630219603042	1630219603193	OK	 
REQUEST		request_246	1630219603046	1630219603202	OK	 
REQUEST		request_244	1630219603035	1630219603286	OK	 
REQUEST		request_243	1630219603008	1630219603287	OK	 
REQUEST		request_248	1630219603138	1630219603290	OK	 
REQUEST		request_242	1630219602999	1630219603300	OK	 
REQUEST		request_251	1630219605304	1630219605315	OK	 
REQUEST		request_252	1630219606316	1630219606327	OK	 
ERROR	request_310: Failed to build request: Resource recordedsimulation/0310_request.txt not found 	1630219606331
ERROR	request_314: Failed to build request: Resource recordedsimulation/0314_request.txt not found 	1630219606331
REQUEST		request_301	1630219606349	1630219606403	OK	 
REQUEST		request_302	1630219606350	1630219606404	OK	 
REQUEST		request_303	1630219606349	1630219606409	OK	 
REQUEST		request_306	1630219606349	1630219606442	OK	 
REQUEST		request_304	1630219606398	1630219606443	OK	 
REQUEST		request_256	1630219606335	1630219606448	OK	 
REQUEST		request_311	1630219606398	1630219606448	OK	 
REQUEST		request_285	1630219606350	1630219606461	OK	 
REQUEST		request_286	1630219606350	1630219606466	OK	 
REQUEST		request_287	1630219606382	1630219606473	OK	 
REQUEST		request_288	1630219606382	1630219606477	OK	 
REQUEST		request_259	1630219606333	1630219606483	OK	 
REQUEST		request_262	1630219606334	1630219606491	OK	 
REQUEST		request_258	1630219606333	1630219606509	OK	 
REQUEST		request_264	1630219606381	1630219606531	OK	 
REQUEST		request_261	1630219606333	1630219606543	OK	 
REQUEST		request_269	1630219606397	1630219606550	OK	 
REQUEST		request_317	1630219606334	1630219606552	OK	 
REQUEST		request_309	1630219606334	1630219606558	OK	 
REQUEST		request_293	1630219606350	1630219606565	OK	 
REQUEST		request_280	1630219606372	1630219606579	OK	 
REQUEST		request_318	1630219606382	1630219606585	OK	 
REQUEST		request_253	1630219606348	1630219606598	OK	 
REQUEST		request_313	1630219606399	1630219606603	OK	 
REQUEST		request_315	1630219606400	1630219606604	OK	 
REQUEST		request_316	1630219606400	1630219606604	OK	 
REQUEST		request_312	1630219606399	1630219606607	OK	 
REQUEST		request_306	1630219606443	1630219606647	OK	 
REQUEST		request_257	1630219606373	1630219606740	OK	 
REQUEST		request_279	1630219606383	1630219607132	OK	 
REQUEST		request_319	1630219610133	1630219610287	OK	 
REQUEST		request_321	1630219614289	1630219614311	OK	 
REQUEST		request_322	1630219614312	1630219615058	OK	 
REQUEST		request_323	1630219614313	1630219615398	OK	 
REQUEST		request_324	1630219616400	1630219616411	OK	 
ERROR	request_325: Failed to build request: Resource recordedsimulation/0325_request.txt not found 	1630219622412
REQUEST		Registration	1630219631416	1630219631661	OK	 
ERROR	request_463: Failed to build request: Resource recordedsimulation/0463_request.txt not found 	1630219631676
ERROR	request_465: Failed to build request: Resource recordedsimulation/0465_request.txt not found 	1630219631676
ERROR	request_467: Failed to build request: Resource recordedsimulation/0467_request.txt not found 	1630219631676
REQUEST		request_407	1630219631691	1630219631767	OK	 
REQUEST		request_414	1630219631691	1630219631768	OK	 
REQUEST		request_418	1630219631691	1630219631769	OK	 
REQUEST		request_461	1630219631692	1630219631770	OK	 
REQUEST		request_459	1630219631710	1630219631770	OK	 
REQUEST		request_451	1630219631712	1630219631771	OK	 
REQUEST		request_397	1630219631710	1630219631772	OK	 
REQUEST		request_450	1630219631712	1630219631773	OK	 
REQUEST		request_452	1630219631739	1630219631774	OK	 
REQUEST		request_462	1630219631761	1630219631775	OK	 
REQUEST		request_405	1630219631757	1630219631776	OK	 
REQUEST		request_453	1630219631771	1630219631781	OK	 
REQUEST		request_402	1630219631757	1630219631787	OK	 
REQUEST		request_454	1630219631773	1630219631787	OK	 
REQUEST		request_406	1630219631711	1630219631788	OK	 
REQUEST		request_424	1630219631711	1630219631788	OK	 
REQUEST		request_455	1630219631774	1630219631789	OK	 
REQUEST		request_456	1630219631774	1630219631789	OK	 
REQUEST		request_457	1630219631782	1630219631791	OK	 
REQUEST		request_417	1630219631757	1630219631798	OK	 
REQUEST		request_458	1630219631788	1630219631800	OK	 
REQUEST		request_513	1630219631688	1630219631840	OK	 
REQUEST		request_514	1630219631689	1630219631841	OK	 
REQUEST		request_515	1630219631689	1630219631842	OK	 
REQUEST		request_524	1630219631690	1630219631843	OK	 
REQUEST		request_518	1630219631690	1630219631844	OK	 
REQUEST		request_521	1630219631690	1630219631846	OK	 
REQUEST		request_466	1630219631761	1630219631849	OK	 
REQUEST		request_416	1630219631760	1630219631851	OK	 
REQUEST		request_415	1630219631760	1630219631851	OK	 
REQUEST		request_427	1630219631757	1630219631851	OK	 
REQUEST		request_425	1630219631692	1630219631899	OK	 
REQUEST		request_468	1630219631693	1630219631910	OK	 
REQUEST		request_403	1630219631761	1630219631912	OK	 
REQUEST		request_449	1630219631692	1630219631913	OK	 
REQUEST		request_396	1630219631693	1630219631915	OK	 
REQUEST		request_466	1630219631849	1630219631938	OK	 
REQUEST		request_411	1630219631740	1630219631952	OK	 
REQUEST		sdk.js	1630219631699	1630219631957	OK	 
REQUEST		request_434	1630219631764	1630219631958	OK	 
REQUEST		request_469	1630219631761	1630219631968	OK	 
REQUEST		request_516	1630219631762	1630219631969	OK	 
REQUEST		request_517	1630219631763	1630219631971	OK	 
REQUEST		request_519	1630219631763	1630219631971	OK	 
REQUEST		request_483	1630219631762	1630219631973	OK	 
REQUEST		request_404	1630219631764	1630219631979	OK	 
REQUEST		request_520	1630219631764	1630219631980	OK	 
REQUEST		request_526	1630219631841	1630219631993	OK	 
REQUEST		request_525	1630219631841	1630219631994	OK	 
REQUEST		request_527	1630219631843	1630219631996	OK	 
REQUEST		request_528	1630219631844	1630219631999	OK	 
REQUEST		request_530	1630219631846	1630219632001	OK	 
REQUEST		request_529	1630219631844	1630219632003	OK	 
REQUEST		api:client.js?onload=googleAsyncInit	1630219631758	1630219632007	OK	 
REQUEST		request_474	1630219631693	1630219632038	OK	 
REQUEST		request_475	1630219631693	1630219632046	OK	 
REQUEST		request_481	1630219631694	1630219632048	OK	 
REQUEST		request_422	1630219631694	1630219632051	OK	 
REQUEST		request_466	1630219631939	1630219632121	OK	 
REQUEST		request_531	1630219631994	1630219632147	OK	 
REQUEST		request_532	1630219631995	1630219632148	OK	 
REQUEST		request_533	1630219631997	1630219632149	OK	 
REQUEST		request_534	1630219632000	1630219632153	OK	 
REQUEST		request_536	1630219632003	1630219632155	OK	 
REQUEST		request_535	1630219632001	1630219632163	OK	 
REQUEST		request_523	1630219631969	1630219632170	OK	 
REQUEST		request_522	1630219631968	1630219632171	OK	 
REQUEST		request_480	1630219631694	1630219632236	OK	 
REQUEST		request_539	1630219632150	1630219632305	OK	 
REQUEST		request_538	1630219632149	1630219632306	OK	 
REQUEST		request_540	1630219632154	1630219632309	OK	 
REQUEST		request_542	1630219632163	1630219632340	OK	 
REQUEST		request_537	1630219632147	1630219632348	OK	 
REQUEST		request_541	1630219632155	1630219632393	OK	 
REQUEST		request_470	1630219631758	1630219632395	OK	 
REQUEST		request_471	1630219631759	1630219632405	OK	 
REQUEST		request_472	1630219631759	1630219632418	OK	 
REQUEST		request_544	1630219632306	1630219632458	OK	 
REQUEST		request_545	1630219632309	1630219632459	OK	 
REQUEST		request_543	1630219632305	1630219632461	OK	 
REQUEST		request_546	1630219632341	1630219632507	OK	 
REQUEST		request_547	1630219632349	1630219632519	OK	 
REQUEST		request_548	1630219632394	1630219632545	OK	 
REQUEST		request_429	1630219631756	1630219632578	OK	 
REQUEST		request_438	1630219631756	1630219632583	OK	 
REQUEST		request_428	1630219631741	1630219632584	OK	 
REQUEST		request_549	1630219632459	1630219632608	OK	 
REQUEST		request_550	1630219632460	1630219632611	OK	 
REQUEST		request_552	1630219632507	1630219632668	OK	 
REQUEST		request_553	1630219632519	1630219632672	OK	 
REQUEST		request_422	1630219632051	1630219632685	OK	 
REQUEST		request_551	1630219632462	1630219632692	OK	 
REQUEST		request_554	1630219632545	1630219632701	OK	 
REQUEST		request_555	1630219632609	1630219632759	OK	 
REQUEST		request_556	1630219632611	1630219632772	OK	 
REQUEST		request_558	1630219632673	1630219632822	OK	 
REQUEST		request_557	1630219632668	1630219632843	OK	 
REQUEST		request_559	1630219632692	1630219632851	OK	 
REQUEST		request_560	1630219632701	1630219632858	OK	 
REQUEST		request_562	1630219632772	1630219632923	OK	 
REQUEST		request_561	1630219632760	1630219632951	OK	 
REQUEST		request_563	1630219632823	1630219632981	OK	 
REQUEST		request_568	1630219635983	1630219635993	OK	 
USER	RecordedSimulation	END	1630219638008
