RUN	myGatlingProject._001_MyLogin	-001-mylogin	1630207262806	rem	3.6.1
USER	RecordedSimulation	START	1630207264453
REQUEST		request_0	1630207264481	1630207266143	OK	 
ERROR	request_139: Failed to build request: Resource recordedsimulation/0139_request.txt not found 	1630207266285
ERROR	request_141: Failed to build request: Resource recordedsimulation/0141_request.txt not found 	1630207266286
REQUEST		request_11	1630207266379	1630207267804	OK	 
REQUEST		request_28	1630207266298	1630207267976	OK	 
REQUEST		request_29	1630207266309	1630207267991	OK	 
REQUEST		request_31	1630207266310	1630207268001	OK	 
REQUEST		request_37	1630207266310	1630207268039	OK	 
REQUEST		request_5	1630207266325	1630207268043	OK	 
REQUEST		request_80	1630207266439	1630207268056	OK	 
REQUEST		request_81	1630207266452	1630207268060	OK	 
REQUEST		request_162	1630207266528	1630207268062	OK	 
REQUEST		request_47	1630207267469	1630207268082	OK	 
REQUEST		request_72	1630207267484	1630207268087	OK	 
REQUEST		request_129	1630207266510	1630207268137	OK	 
REQUEST		request_138	1630207266525	1630207268141	OK	 
REQUEST		request_22	1630207266577	1630207268145	OK	 
REQUEST		request_48	1630207266582	1630207268151	OK	 
REQUEST		request_95	1630207266586	1630207268153	OK	 
REQUEST		request_147	1630207267342	1630207268155	OK	 
REQUEST		request_150	1630207267397	1630207268156	OK	 
REQUEST		request_120	1630207267543	1630207268160	OK	 
REQUEST		request_39	1630207267677	1630207268164	OK	 
REQUEST		request_85	1630207267692	1630207268167	OK	 
REQUEST		request_15	1630207266455	1630207268174	OK	 
REQUEST		request_90	1630207266584	1630207268177	OK	 
REQUEST		request_27	1630207266589	1630207268181	OK	 
REQUEST		request_16	1630207266727	1630207268183	OK	 
REQUEST		request_148	1630207267396	1630207268185	OK	 
REQUEST		request_96	1630207268145	1630207268192	OK	 
REQUEST		request_144	1630207267620	1630207268218	OK	 
REQUEST		request_129	1630207268140	1630207268224	OK	 
REQUEST		request_38	1630207266580	1630207268234	OK	 
REQUEST		request_98	1630207268152	1630207268237	OK	 
REQUEST		request_101	1630207268154	1630207268239	OK	 
REQUEST		request_128	1630207267696	1630207268242	OK	 
REQUEST		request_143	1630207267747	1630207268242	OK	 
REQUEST		request_146	1630207267750	1630207268245	OK	 
REQUEST		request_41	1630207266391	1630207268248	OK	 
REQUEST		request_104	1630207268193	1630207268286	OK	 
REQUEST		request_105	1630207268235	1630207268288	OK	 
REQUEST		request_106	1630207268238	1630207268289	OK	 
REQUEST		request_103	1630207268178	1630207268290	OK	 
REQUEST		request_107	1630207268240	1630207268297	OK	 
REQUEST		request_93	1630207266785	1630207268311	OK	 
REQUEST		request_129	1630207268225	1630207268312	OK	 
REQUEST		request_115	1630207266453	1630207268340	OK	 
REQUEST		request_55	1630207267693	1630207268347	OK	 
REQUEST		request_111	1630207268287	1630207268358	OK	 
REQUEST		request_143	1630207268243	1630207268368	OK	 
REQUEST		request_138	1630207268141	1630207268413	OK	 
REQUEST		request_26	1630207266579	1630207268550	OK	 
REQUEST		request_155	1630207266386	1630207268552	OK	 
REQUEST		request_156	1630207266388	1630207268554	OK	 
REQUEST		request_157	1630207266389	1630207268574	OK	 
REQUEST		request_56	1630207266310	1630207268619	OK	 
REQUEST		favicon-by-fb-1f05deec69.png	1630207266809	1630207268632	OK	 
REQUEST		request_3	1630207267340	1630207268637	OK	 
REQUEST		request_1	1630207267337	1630207268692	OK	 
REQUEST		request_87	1630207267546	1630207268761	OK	 
REQUEST		request_79	1630207266657	1630207268775	OK	 
REQUEST		request_158	1630207266604	1630207268826	OK	 
REQUEST		request_159	1630207266655	1630207268828	OK	 
REQUEST		request_4	1630207268632	1630207268829	OK	 
REQUEST		request_6	1630207268638	1630207268831	OK	 
REQUEST		request_117	1630207267618	1630207268844	OK	 
REQUEST		request_56	1630207268630	1630207268900	OK	 
REQUEST		request_70	1630207266714	1630207268910	OK	 
REQUEST		request_18	1630207268734	1630207268965	OK	 
REQUEST		request_115	1630207268342	1630207269033	OK	 
REQUEST		request_119	1630207268845	1630207269036	OK	 
REQUEST		request_123	1630207269037	1630207269255	OK	 
REQUEST		core-dfb5bbecaa.js	1630207267334	1630207269262	OK	 
REQUEST		alice-home-d5088827a7.css	1630207267333	1630207269265	OK	 
REQUEST		request_17	1630207266382	1630207269387	OK	 
REQUEST		request_76	1630207266323	1630207269390	OK	 
REQUEST		request_125	1630207269256	1630207269465	OK	 
REQUEST		request_21	1630207267467	1630207269480	OK	 
REQUEST		request_20	1630207267462	1630207269486	OK	 
REQUEST		request_118	1630207267619	1630207269551	OK	 
REQUEST		request_24	1630207269484	1630207269637	OK	 
REQUEST		request_136	1630207269467	1630207269650	OK	 
REQUEST		request_25	1630207269487	1630207269658	OK	 
REQUEST		request_160	1630207266656	1630207269675	OK	 
REQUEST		request_130	1630207266384	1630207269693	OK	 
REQUEST		request_8	1630207267460	1630207269697	OK	 
REQUEST		request_19	1630207267461	1630207269701	OK	 
REQUEST		request_12	1630207266381	1630207269721	OK	 
REQUEST		request_127	1630207266383	1630207269724	OK	 
REQUEST		request_131	1630207266385	1630207269749	OK	 
REQUEST		request_137	1630207269553	1630207269763	OK	 
REQUEST		request_30	1630207269639	1630207269793	OK	 
REQUEST		request_140	1630207269654	1630207269819	OK	 
REQUEST		request_32	1630207269661	1630207269826	OK	 
REQUEST		request_2	1630207267339	1630207269838	OK	 
REQUEST		request_7	1630207267398	1630207269845	OK	 
REQUEST		request_33	1630207269698	1630207269852	OK	 
REQUEST		request_34	1630207269702	1630207269860	OK	 
REQUEST		request_142	1630207269763	1630207269932	OK	 
REQUEST		request_116	1630207267616	1630207269938	OK	 
REQUEST		request_113	1630207267615	1630207269948	OK	 
REQUEST		request_35	1630207269795	1630207269951	OK	 
REQUEST		request_145	1630207269821	1630207269981	OK	 
REQUEST		request_36	1630207269828	1630207269986	OK	 
REQUEST		request_42	1630207269855	1630207270009	OK	 
REQUEST		request_40	1630207269847	1630207270014	OK	 
REQUEST		request_43	1630207269862	1630207270021	OK	 
REQUEST		request_23	1630207267468	1630207270104	OK	 
REQUEST		request_44	1630207269952	1630207270123	OK	 
REQUEST		request_45	1630207269987	1630207270147	OK	 
REQUEST		request_49	1630207270016	1630207270171	OK	 
REQUEST		request_46	1630207270011	1630207270175	OK	 
REQUEST		request_50	1630207270023	1630207270190	OK	 
REQUEST		request_151	1630207269935	1630207270195	OK	 
REQUEST		request_51	1630207270106	1630207270263	OK	 
REQUEST		request_14	1630207267614	1630207270271	OK	 
REQUEST		request_52	1630207270124	1630207270292	OK	 
REQUEST		request_53	1630207270150	1630207270314	OK	 
REQUEST		request_57	1630207270177	1630207270333	OK	 
REQUEST		request_54	1630207270173	1630207270337	OK	 
REQUEST		request_58	1630207270192	1630207270344	OK	 
REQUEST		request_13	1630207267598	1630207270400	OK	 
REQUEST		request_59	1630207270264	1630207270420	OK	 
REQUEST		request_60	1630207270293	1630207270446	OK	 
REQUEST		request_61	1630207270316	1630207270478	OK	 
REQUEST		request_62	1630207270335	1630207270498	OK	 
REQUEST		request_64	1630207270338	1630207270502	OK	 
REQUEST		request_65	1630207270345	1630207270505	OK	 
REQUEST		request_66	1630207270421	1630207270574	OK	 
REQUEST		request_67	1630207270448	1630207270603	OK	 
REQUEST		request_68	1630207270480	1630207270647	OK	 
REQUEST		request_69	1630207270499	1630207270652	OK	 
REQUEST		request_71	1630207270503	1630207270654	OK	 
REQUEST		request_73	1630207270506	1630207270676	OK	 
REQUEST		request_74	1630207270575	1630207270738	OK	 
REQUEST		request_75	1630207270604	1630207270757	OK	 
REQUEST		request_77	1630207270649	1630207270805	OK	 
REQUEST		request_78	1630207270653	1630207270809	OK	 
REQUEST		request_82	1630207270655	1630207270817	OK	 
REQUEST		request_83	1630207270677	1630207270830	OK	 
REQUEST		request_84	1630207270740	1630207270896	OK	 
REQUEST		request_86	1630207270758	1630207270910	OK	 
REQUEST		request_89	1630207270810	1630207270965	OK	 
REQUEST		request_88	1630207270806	1630207270978	OK	 
REQUEST		request_94	1630207270818	1630207270983	OK	 
REQUEST		request_99	1630207270830	1630207270990	OK	 
REQUEST		request_102	1630207270911	1630207271073	OK	 
REQUEST		request_100	1630207270897	1630207271081	OK	 
REQUEST		request_109	1630207270967	1630207271131	OK	 
REQUEST		request_110	1630207270980	1630207271140	OK	 
REQUEST		request_122	1630207271074	1630207271229	OK	 
REQUEST		request_124	1630207271081	1630207271244	OK	 
REQUEST		request_152	1630207271132	1630207271284	OK	 
REQUEST		request_153	1630207271141	1630207271297	OK	 
REQUEST		request_112	1630207270985	1630207271347	OK	 
REQUEST		request_154	1630207271230	1630207271382	OK	 
REQUEST		request_161	1630207271245	1630207271400	OK	 
REQUEST		request_163	1630207271286	1630207271443	OK	 
REQUEST		request_164	1630207271299	1630207271454	OK	 
REQUEST		request_165	1630207271347	1630207271503	OK	 
REQUEST		request_121	1630207270992	1630207271512	OK	 
REQUEST		request_166	1630207271383	1630207271541	OK	 
REQUEST		request_167	1630207271401	1630207271556	OK	 
REQUEST		request_168	1630207271444	1630207271597	OK	 
REQUEST		request_169	1630207271455	1630207271624	OK	 
REQUEST		request_170	1630207271504	1630207271656	OK	 
REQUEST		request_172	1630207271542	1630207271697	OK	 
REQUEST		request_173	1630207271557	1630207271723	OK	 
REQUEST		request_183	1630207271598	1630207271752	OK	 
REQUEST		request_185	1630207271657	1630207271809	OK	 
REQUEST		request_186	1630207271699	1630207271850	OK	 
REQUEST		request_187	1630207271725	1630207271881	OK	 
REQUEST		request_188	1630207271753	1630207271907	OK	 
REQUEST		request_171	1630207271513	1630207271956	OK	 
REQUEST		request_189	1630207271810	1630207271962	OK	 
REQUEST		request_190	1630207271851	1630207272004	OK	 
REQUEST		request_191	1630207271882	1630207272035	OK	 
REQUEST		request_192	1630207271908	1630207272063	OK	 
REQUEST		request_193	1630207271957	1630207272111	OK	 
REQUEST		request_194	1630207271963	1630207272115	OK	 
REQUEST		request_195	1630207272004	1630207272160	OK	 
REQUEST		request_197	1630207272065	1630207272220	OK	 
REQUEST		request_198	1630207272112	1630207272265	OK	 
REQUEST		request_201	1630207272221	1630207272372	OK	 
REQUEST		request_184	1630207271625	1630207272381	OK	 
REQUEST		request_196	1630207272036	1630207272398	OK	 
REQUEST		request_200	1630207272162	1630207272407	OK	 
REQUEST		request_199	1630207272116	1630207272420	OK	 
REQUEST		request_207	1630207272421	1630207272620	OK	 
REQUEST		request_204	1630207272382	1630207272624	OK	 
REQUEST		request_206	1630207272407	1630207272629	OK	 
REQUEST		request_205	1630207272400	1630207272632	OK	 
REQUEST		request_203	1630207272373	1630207272891	OK	 
REQUEST		request_208	1630207272622	1630207272895	OK	 
REQUEST		request_209	1630207272626	1630207272897	OK	 
REQUEST		request_210	1630207272630	1630207272900	OK	 
REQUEST		request_211	1630207272633	1630207272902	OK	 
REQUEST		request_202	1630207272266	1630207272979	OK	 
REQUEST		request_212	1630207272891	1630207273045	OK	 
REQUEST		request_214	1630207272899	1630207273051	OK	 
REQUEST		request_215	1630207272901	1630207273054	OK	 
REQUEST		request_216	1630207272903	1630207273062	OK	 
REQUEST		request_63	1630207266322	1630207273093	OK	 
REQUEST		request_218	1630207273046	1630207273201	OK	 
REQUEST		request_219	1630207273052	1630207273208	OK	 
REQUEST		request_220	1630207273056	1630207273214	OK	 
REQUEST		request_221	1630207273063	1630207273218	OK	 
REQUEST		request_213	1630207272896	1630207273268	OK	 
REQUEST		request_222	1630207273201	1630207273356	OK	 
REQUEST		request_223	1630207273209	1630207273362	OK	 
REQUEST		request_224	1630207273214	1630207273370	OK	 
REQUEST		request_217	1630207272980	1630207273409	OK	 
REQUEST		request_226	1630207273269	1630207273426	OK	 
REQUEST		request_227	1630207273357	1630207273512	OK	 
REQUEST		request_228	1630207273362	1630207273517	OK	 
REQUEST		request_229	1630207273371	1630207273521	OK	 
REQUEST		request_230	1630207273410	1630207273564	OK	 
REQUEST		request_231	1630207273427	1630207273579	OK	 
REQUEST		request_232	1630207273513	1630207273665	OK	 
REQUEST		request_234	1630207273522	1630207273681	OK	 
REQUEST		request_233	1630207273518	1630207273683	OK	 
REQUEST		request_235	1630207273565	1630207273720	OK	 
REQUEST		request_236	1630207273579	1630207273732	OK	 
REQUEST		request_225	1630207273218	1630207273736	OK	 
REQUEST		request_237	1630207273666	1630207273817	OK	 
REQUEST		request_238	1630207273682	1630207273834	OK	 
REQUEST		request_239	1630207273684	1630207273838	OK	 
REQUEST		request_240	1630207273721	1630207273873	OK	 
REQUEST		request_241	1630207273733	1630207273887	OK	 
REQUEST		request_242	1630207273737	1630207273894	OK	 
REQUEST		request_243	1630207273817	1630207273970	OK	 
REQUEST		request_244	1630207273836	1630207273987	OK	 
REQUEST		request_245	1630207273839	1630207273989	OK	 
REQUEST		request_246	1630207273874	1630207274033	OK	 
REQUEST		request_247	1630207275043	1630207275076	OK	 
ERROR	request_248: Failed to build request: Resource recordedsimulation/0248_request.txt not found 	1630207275078
ERROR	request_302: Failed to build request: Resource recordedsimulation/0302_request.txt not found 	1630207275096
REQUEST		request_278	1630207275101	1630207275163	OK	 
REQUEST		request_292	1630207275118	1630207275165	OK	 
REQUEST		request_300	1630207275120	1630207275166	OK	 
REQUEST		request_299	1630207275117	1630207275179	OK	 
REQUEST		request_252	1630207275103	1630207275203	OK	 
REQUEST		request_281	1630207275121	1630207275206	OK	 
REQUEST		request_303	1630207275119	1630207275211	OK	 
REQUEST		request_295	1630207275137	1630207275212	OK	 
REQUEST		request_293	1630207275138	1630207275214	OK	 
REQUEST		request_297	1630207275142	1630207275220	OK	 
REQUEST		request_298	1630207275143	1630207275221	OK	 
REQUEST		request_308	1630207275144	1630207275254	OK	 
REQUEST		request_289	1630207275119	1630207275266	OK	 
REQUEST		request_294	1630207275138	1630207275267	OK	 
REQUEST		request_306	1630207275139	1630207275271	OK	 
REQUEST		request_274	1630207275135	1630207275295	OK	 
REQUEST		request_257	1630207275142	1630207275298	OK	 
REQUEST		request_254	1630207275140	1630207275301	OK	 
REQUEST		request_253	1630207275140	1630207275303	OK	 
REQUEST		request_255	1630207275141	1630207275317	OK	 
REQUEST		request_313	1630207275103	1630207275318	OK	 
REQUEST		request_312	1630207275102	1630207275332	OK	 
REQUEST		request_285	1630207275120	1630207275336	OK	 
REQUEST		request_275	1630207275136	1630207275338	OK	 
REQUEST		request_309	1630207275158	1630207275368	OK	 
REQUEST		request_249	1630207275116	1630207275384	OK	 
REQUEST		request_306	1630207275272	1630207275400	OK	 
REQUEST		request_260	1630207275157	1630207275410	OK	 
REQUEST		request_303	1630207275211	1630207275424	OK	 
REQUEST		request_258	1630207275144	1630207275505	OK	 
REQUEST		request_316	1630207284509	1630207284760	OK	 
REQUEST		request_317	1630207286762	1630207286789	OK	 
REQUEST		request_319	1630207286793	1630207286857	OK	 
REQUEST		request_318	1630207286792	1630207287504	OK	 
REQUEST		request_321	1630207288507	1630207288566	OK	 
ERROR	request_463: Failed to build request: Resource recordedsimulation/0463_request.txt not found 	1630207288615
ERROR	request_464: Failed to build request: Resource recordedsimulation/0464_request.txt not found 	1630207288615
REQUEST		request_409	1630207288626	1630207288662	OK	 
REQUEST		request_327	1630207288628	1630207288666	OK	 
REQUEST		request_459	1630207288636	1630207288667	OK	 
REQUEST		request_405	1630207288642	1630207288669	OK	 
REQUEST		request_403	1630207288642	1630207288670	OK	 
REQUEST		request_425	1630207288636	1630207288671	OK	 
REQUEST		request_416	1630207288627	1630207288672	OK	 
REQUEST		request_465	1630207288637	1630207288672	OK	 
REQUEST		request_414	1630207288642	1630207288688	OK	 
REQUEST		request_426	1630207288635	1630207288712	OK	 
REQUEST		request_429	1630207288636	1630207288714	OK	 
REQUEST		request_423	1630207288640	1630207288721	OK	 
REQUEST		request_422	1630207288643	1630207288722	OK	 
REQUEST		request_420	1630207288640	1630207288724	OK	 
REQUEST		request_469	1630207288640	1630207288725	OK	 
REQUEST		request_419	1630207288639	1630207288726	OK	 
REQUEST		request_432	1630207288643	1630207288728	OK	 
REQUEST		request_396	1630207288636	1630207288739	OK	 
REQUEST		request_421	1630207288639	1630207288768	OK	 
REQUEST		request_331	1630207288638	1630207288789	OK	 
REQUEST		request_500	1630207288641	1630207288793	OK	 
REQUEST		request_495	1630207288640	1630207288796	OK	 
REQUEST		request_497	1630207288641	1630207288798	OK	 
REQUEST		request_496	1630207288640	1630207288800	OK	 
REQUEST		request_426	1630207288713	1630207288803	OK	 
REQUEST		request_502	1630207288641	1630207288804	OK	 
REQUEST		request_503	1630207288641	1630207288808	OK	 
REQUEST		request_398	1630207288643	1630207288821	OK	 
REQUEST		request_430	1630207288627	1630207288832	OK	 
REQUEST		request_466	1630207288639	1630207288833	OK	 
REQUEST		request_429	1630207288715	1630207288839	OK	 
REQUEST		request_433	1630207288628	1630207288840	OK	 
REQUEST		request_402	1630207288642	1630207288844	OK	 
REQUEST		request_410	1630207288637	1630207288852	OK	 
REQUEST		request_395	1630207288631	1630207288862	OK	 
REQUEST		request_332	1630207288635	1630207288906	OK	 
REQUEST		request_466	1630207288833	1630207288914	OK	 
REQUEST		request_427	1630207288634	1630207288922	OK	 
REQUEST		request_428	1630207288635	1630207288928	OK	 
REQUEST		request_506	1630207288797	1630207288949	OK	 
REQUEST		request_505	1630207288794	1630207288989	OK	 
REQUEST		request_493	1630207288633	1630207288995	OK	 
REQUEST		request_475	1630207288632	1630207288999	OK	 
REQUEST		request_322	1630207288628	1630207289001	OK	 
REQUEST		request_476	1630207288632	1630207289005	OK	 
REQUEST		request_507	1630207288799	1630207289007	OK	 
REQUEST		request_511	1630207288809	1630207289009	OK	 
REQUEST		request_510	1630207288805	1630207289011	OK	 
REQUEST		request_509	1630207288801	1630207289012	OK	 
REQUEST		request_457	1630207288643	1630207289080	OK	 
REQUEST		request_492	1630207288632	1630207289092	OK	 
REQUEST		request_515	1630207288991	1630207289147	OK	 
REQUEST		request_513	1630207288951	1630207289151	OK	 
REQUEST		request_527	1630207289010	1630207289162	OK	 
REQUEST		request_526	1630207289008	1630207289164	OK	 
REQUEST		request_528	1630207289011	1630207289167	OK	 
REQUEST		request_529	1630207289013	1630207289171	OK	 
REQUEST		request_501	1630207288862	1630207289191	OK	 
REQUEST		request_468	1630207288634	1630207289260	OK	 
REQUEST		request_470	1630207288634	1630207289264	OK	 
REQUEST		request_467	1630207288633	1630207289284	OK	 
REQUEST		request_322	1630207289003	1630207289303	OK	 
REQUEST		request_540	1630207289163	1630207289314	OK	 
REQUEST		request_550	1630207289314	1630207289466	OK	 
REQUEST		request_434	1630207288637	1630207289478	OK	 
REQUEST		request_436	1630207288638	1630207289485	OK	 
REQUEST		request_538	1630207289148	1630207289502	OK	 
REQUEST		request_544	1630207289169	1630207289513	OK	 
REQUEST		request_545	1630207289172	1630207289515	OK	 
REQUEST		request_443	1630207288638	1630207289518	OK	 
REQUEST		request_539	1630207289151	1630207289523	OK	 
REQUEST		request_427	1630207288923	1630207289560	OK	 
REQUEST		request_428	1630207288929	1630207289566	OK	 
REQUEST		request_542	1630207289164	1630207289608	OK	 
REQUEST		request_552	1630207289467	1630207289621	OK	 
REQUEST		request_553	1630207289503	1630207289654	OK	 
REQUEST		request_554	1630207289514	1630207289665	OK	 
REQUEST		request_556	1630207289524	1630207289685	OK	 
REQUEST		request_555	1630207289516	1630207289687	OK	 
REQUEST		request_559	1630207289609	1630207289770	OK	 
REQUEST		request_560	1630207289621	1630207289780	OK	 
REQUEST		request_561	1630207289654	1630207289813	OK	 
REQUEST		request_562	1630207289666	1630207289818	OK	 
REQUEST		request_563	1630207289686	1630207289837	OK	 
REQUEST		request_564	1630207289688	1630207289838	OK	 
REQUEST		request_571	1630207295842	1630207295878	OK	 
USER	RecordedSimulation	END	1630207295929
