RUN	myGatlingProject._001_MyLogin	-001-mylogin	1630234267106	tt	3.6.1
USER	RecordedSimulation	START	1630234268099
REQUEST		request_0	1630234268156	1630234271198	OK	 
ERROR	request_139: Failed to build request: Resource recordedsimulation/0139_request.txt not found 	1630234271362
ERROR	request_141: Failed to build request: Resource recordedsimulation/0141_request.txt not found 	1630234271363
REQUEST		request_11	1630234271424	1630234272283	OK	 
REQUEST		request_28	1630234271382	1630234272469	OK	 
REQUEST		request_29	1630234271394	1630234272484	OK	 
REQUEST		request_31	1630234271395	1630234272493	OK	 
REQUEST		request_37	1630234271397	1630234272495	OK	 
REQUEST		request_80	1630234271492	1630234272502	OK	 
REQUEST		request_81	1630234271505	1630234272505	OK	 
REQUEST		request_162	1630234271545	1630234272510	OK	 
REQUEST		request_70	1630234271733	1630234272528	OK	 
REQUEST		request_5	1630234271412	1630234272613	OK	 
REQUEST		request_95	1630234271567	1630234272688	OK	 
REQUEST		request_27	1630234271569	1630234272693	OK	 
REQUEST		request_16	1630234271744	1630234272699	OK	 
REQUEST		request_93	1630234271759	1630234272704	OK	 
REQUEST		request_47	1630234272125	1630234272729	OK	 
REQUEST		request_72	1630234272137	1630234272735	OK	 
REQUEST		request_120	1630234272155	1630234272779	OK	 
REQUEST		request_144	1630234272217	1630234272783	OK	 
REQUEST		request_15	1630234271519	1630234272893	OK	 
REQUEST		request_129	1630234271532	1630234272895	OK	 
REQUEST		request_138	1630234271544	1630234272904	OK	 
REQUEST		request_22	1630234271562	1630234272922	OK	 
REQUEST		request_26	1630234271563	1630234272926	OK	 
REQUEST		request_38	1630234271564	1630234272949	OK	 
REQUEST		request_48	1630234271565	1630234272954	OK	 
REQUEST		request_90	1630234271566	1630234272973	OK	 
REQUEST		request_96	1630234272689	1630234272981	OK	 
REQUEST		request_147	1630234272094	1630234272994	OK	 
REQUEST		request_148	1630234272106	1630234272996	OK	 
REQUEST		request_150	1630234272107	1630234272998	OK	 
REQUEST		request_128	1630234272253	1630234273024	OK	 
REQUEST		request_143	1630234272270	1630234273025	OK	 
REQUEST		request_146	1630234272271	1630234273029	OK	 
REQUEST		request_41	1630234271454	1630234273056	OK	 
REQUEST		request_115	1630234271506	1630234273058	OK	 
REQUEST		request_129	1630234272901	1630234273062	OK	 
REQUEST		request_98	1630234272923	1630234273065	OK	 
REQUEST		request_101	1630234272929	1630234273067	OK	 
REQUEST		request_103	1630234272951	1630234273071	OK	 
REQUEST		request_104	1630234272963	1630234273072	OK	 
REQUEST		request_105	1630234272979	1630234273074	OK	 
REQUEST		request_106	1630234272982	1630234273075	OK	 
REQUEST		request_138	1630234272905	1630234273077	OK	 
REQUEST		request_39	1630234272231	1630234273084	OK	 
REQUEST		request_85	1630234272242	1630234273088	OK	 
REQUEST		request_107	1630234273066	1630234273109	OK	 
REQUEST		request_111	1630234273069	1630234273111	OK	 
REQUEST		request_55	1630234272242	1630234273116	OK	 
REQUEST		request_143	1630234273027	1630234273168	OK	 
REQUEST		request_129	1630234273064	1630234273229	OK	 
REQUEST		request_56	1630234271398	1630234273251	OK	 
REQUEST		request_76	1630234271411	1630234273292	OK	 
REQUEST		request_156	1630234271450	1630234273297	OK	 
REQUEST		favicon-by-fb-1f05deec69.png	1630234271779	1630234273303	OK	 
REQUEST		request_155	1630234271432	1630234273321	OK	 
REQUEST		request_2	1630234272093	1630234273338	OK	 
REQUEST		request_157	1630234271452	1630234273348	OK	 
REQUEST		request_1	1630234272093	1630234273372	OK	 
REQUEST		request_3	1630234272094	1630234273484	OK	 
REQUEST		request_7	1630234272108	1630234273487	OK	 
REQUEST		request_8	1630234272121	1630234273490	OK	 
REQUEST		request_19	1630234272122	1630234273494	OK	 
REQUEST		request_79	1630234271593	1630234273504	OK	 
REQUEST		request_4	1630234273305	1630234273507	OK	 
REQUEST		core-dfb5bbecaa.js	1630234272092	1630234273512	OK	 
REQUEST		request_20	1630234272122	1630234273514	OK	 
REQUEST		request_23	1630234272124	1630234273523	OK	 
REQUEST		request_13	1630234272187	1630234273540	OK	 
REQUEST		request_14	1630234272212	1630234273557	OK	 
REQUEST		request_113	1630234272213	1630234273567	OK	 
REQUEST		request_117	1630234272215	1630234273596	OK	 
REQUEST		request_118	1630234272216	1630234273601	OK	 
REQUEST		request_56	1630234273288	1630234273607	OK	 
REQUEST		request_12	1630234271426	1630234273611	OK	 
REQUEST		request_127	1630234271429	1630234273615	OK	 
REQUEST		request_158	1630234271581	1630234273617	OK	 
REQUEST		request_159	1630234271591	1630234273619	OK	 
REQUEST		request_160	1630234271592	1630234273622	OK	 
REQUEST		request_6	1630234273339	1630234273626	OK	 
REQUEST		request_87	1630234272156	1630234273631	OK	 
REQUEST		request_130	1630234271430	1630234273640	OK	 
REQUEST		request_18	1630234273482	1630234273642	OK	 
REQUEST		request_24	1630234273489	1630234273644	OK	 
REQUEST		request_25	1630234273492	1630234273647	OK	 
REQUEST		request_30	1630234273496	1630234273653	OK	 
REQUEST		request_131	1630234271431	1630234273663	OK	 
REQUEST		request_32	1630234273515	1630234273676	OK	 
REQUEST		alice-home-d5088827a7.css	1630234272091	1630234273679	OK	 
REQUEST		request_21	1630234272123	1630234273688	OK	 
REQUEST		request_33	1630234273524	1630234273690	OK	 
REQUEST		request_119	1630234273542	1630234273695	OK	 
REQUEST		request_123	1630234273561	1630234273715	OK	 
REQUEST		request_125	1630234273575	1630234273730	OK	 
REQUEST		request_116	1630234272214	1630234273740	OK	 
REQUEST		request_136	1630234273598	1630234273770	OK	 
REQUEST		request_137	1630234273604	1630234273777	OK	 
REQUEST		request_34	1630234273645	1630234273799	OK	 
REQUEST		request_35	1630234273648	1630234273802	OK	 
REQUEST		request_36	1630234273654	1630234273806	OK	 
REQUEST		request_40	1630234273678	1630234273834	OK	 
REQUEST		request_42	1630234273689	1630234273842	OK	 
REQUEST		request_115	1630234273061	1630234273846	OK	 
REQUEST		request_43	1630234273691	1630234273847	OK	 
REQUEST		request_140	1630234273696	1630234273864	OK	 
REQUEST		request_142	1630234273716	1630234273876	OK	 
REQUEST		request_145	1630234273732	1630234273889	OK	 
REQUEST		request_151	1630234273741	1630234273917	OK	 
REQUEST		request_44	1630234273800	1630234273954	OK	 
REQUEST		request_45	1630234273804	1630234273961	OK	 
REQUEST		request_46	1630234273806	1630234273966	OK	 
REQUEST		request_49	1630234273837	1630234273997	OK	 
REQUEST		request_50	1630234273843	1630234274000	OK	 
REQUEST		request_51	1630234273848	1630234274004	OK	 
REQUEST		request_17	1630234271427	1630234274062	OK	 
REQUEST		request_52	1630234273955	1630234274109	OK	 
REQUEST		request_53	1630234273964	1630234274124	OK	 
REQUEST		request_54	1630234273968	1630234274127	OK	 
REQUEST		request_58	1630234274001	1630234274154	OK	 
REQUEST		request_57	1630234273998	1630234274156	OK	 
REQUEST		request_59	1630234274005	1630234274159	OK	 
REQUEST		request_60	1630234274110	1630234274259	OK	 
REQUEST		request_61	1630234274125	1630234274278	OK	 
REQUEST		request_62	1630234274128	1630234274289	OK	 
REQUEST		request_64	1630234274155	1630234274308	OK	 
REQUEST		request_65	1630234274157	1630234274310	OK	 
REQUEST		request_66	1630234274160	1630234274312	OK	 
REQUEST		request_67	1630234274260	1630234274413	OK	 
REQUEST		request_68	1630234274279	1630234274434	OK	 
REQUEST		request_69	1630234274290	1630234274442	OK	 
REQUEST		request_71	1630234274309	1630234274461	OK	 
REQUEST		request_73	1630234274311	1630234274463	OK	 
REQUEST		request_74	1630234274313	1630234274472	OK	 
REQUEST		request_75	1630234274415	1630234274565	OK	 
REQUEST		request_77	1630234274435	1630234274591	OK	 
REQUEST		request_78	1630234274443	1630234274595	OK	 
REQUEST		request_82	1630234274461	1630234274616	OK	 
REQUEST		request_83	1630234274464	1630234274618	OK	 
REQUEST		request_84	1630234274473	1630234274624	OK	 
REQUEST		request_86	1630234274566	1630234274725	OK	 
REQUEST		request_88	1630234274592	1630234274748	OK	 
REQUEST		request_89	1630234274596	1630234274750	OK	 
REQUEST		request_94	1630234274617	1630234274768	OK	 
REQUEST		request_99	1630234274620	1630234274773	OK	 
REQUEST		request_100	1630234274624	1630234274779	OK	 
REQUEST		request_102	1630234274726	1630234274877	OK	 
REQUEST		request_109	1630234274748	1630234274905	OK	 
REQUEST		request_110	1630234274750	1630234274908	OK	 
REQUEST		request_112	1630234274769	1630234274922	OK	 
REQUEST		request_121	1630234274774	1630234274932	OK	 
REQUEST		request_122	1630234274780	1630234274937	OK	 
REQUEST		request_124	1630234274878	1630234275028	OK	 
REQUEST		request_152	1630234274906	1630234275058	OK	 
REQUEST		request_153	1630234274909	1630234275060	OK	 
REQUEST		request_154	1630234274923	1630234275073	OK	 
REQUEST		request_161	1630234274932	1630234275083	OK	 
REQUEST		request_163	1630234274937	1630234275096	OK	 
REQUEST		request_164	1630234275029	1630234275179	OK	 
REQUEST		request_165	1630234275058	1630234275208	OK	 
REQUEST		request_166	1630234275060	1630234275213	OK	 
REQUEST		request_167	1630234275073	1630234275229	OK	 
REQUEST		request_168	1630234275083	1630234275241	OK	 
REQUEST		request_169	1630234275096	1630234275248	OK	 
REQUEST		request_170	1630234275180	1630234275332	OK	 
REQUEST		request_171	1630234275209	1630234275359	OK	 
REQUEST		request_172	1630234275213	1630234275364	OK	 
REQUEST		request_173	1630234275230	1630234275381	OK	 
REQUEST		request_183	1630234275241	1630234275395	OK	 
REQUEST		request_184	1630234275248	1630234275399	OK	 
REQUEST		request_185	1630234275332	1630234275487	OK	 
REQUEST		request_186	1630234275360	1630234275510	OK	 
REQUEST		request_187	1630234275365	1630234275522	OK	 
REQUEST		request_188	1630234275381	1630234275536	OK	 
REQUEST		request_189	1630234275396	1630234275548	OK	 
REQUEST		request_190	1630234275400	1630234275551	OK	 
REQUEST		request_191	1630234275488	1630234275642	OK	 
REQUEST		request_192	1630234275510	1630234275666	OK	 
REQUEST		request_193	1630234275522	1630234275683	OK	 
REQUEST		request_194	1630234275537	1630234275691	OK	 
REQUEST		request_196	1630234275551	1630234275705	OK	 
REQUEST		request_195	1630234275548	1630234275711	OK	 
REQUEST		request_63	1630234271410	1630234275719	OK	 
REQUEST		request_197	1630234275643	1630234275796	OK	 
REQUEST		request_198	1630234275667	1630234275820	OK	 
REQUEST		request_199	1630234275683	1630234275833	OK	 
REQUEST		request_200	1630234275692	1630234275844	OK	 
REQUEST		request_201	1630234275706	1630234275857	OK	 
REQUEST		request_202	1630234275712	1630234275870	OK	 
REQUEST		request_203	1630234275796	1630234275947	OK	 
REQUEST		request_204	1630234275821	1630234275973	OK	 
REQUEST		request_205	1630234275834	1630234275990	OK	 
REQUEST		request_206	1630234275845	1630234275996	OK	 
REQUEST		request_207	1630234275858	1630234276009	OK	 
REQUEST		request_208	1630234275870	1630234276021	OK	 
REQUEST		request_209	1630234275948	1630234276100	OK	 
REQUEST		request_210	1630234275973	1630234276126	OK	 
REQUEST		request_211	1630234275990	1630234276140	OK	 
REQUEST		request_212	1630234275996	1630234276150	OK	 
REQUEST		request_213	1630234276009	1630234276159	OK	 
REQUEST		request_214	1630234276022	1630234276181	OK	 
REQUEST		request_215	1630234276101	1630234276255	OK	 
REQUEST		request_216	1630234276126	1630234276276	OK	 
REQUEST		request_217	1630234276141	1630234276291	OK	 
REQUEST		request_218	1630234276150	1630234276305	OK	 
REQUEST		request_219	1630234276160	1630234276311	OK	 
REQUEST		request_221	1630234276255	1630234276406	OK	 
REQUEST		request_222	1630234276276	1630234276433	OK	 
REQUEST		request_223	1630234276291	1630234276446	OK	 
REQUEST		request_224	1630234276306	1630234276475	OK	 
REQUEST		request_225	1630234276311	1630234276476	OK	 
REQUEST		request_226	1630234276406	1630234276556	OK	 
REQUEST		request_220	1630234276181	1630234276571	OK	 
REQUEST		request_227	1630234276433	1630234276586	OK	 
REQUEST		request_228	1630234276446	1630234276602	OK	 
REQUEST		request_229	1630234276475	1630234276626	OK	 
REQUEST		request_230	1630234276477	1630234276630	OK	 
REQUEST		request_231	1630234276558	1630234276708	OK	 
REQUEST		request_232	1630234276572	1630234276728	OK	 
REQUEST		request_233	1630234276587	1630234276742	OK	 
REQUEST		request_234	1630234276604	1630234276764	OK	 
REQUEST		request_235	1630234276626	1630234276776	OK	 
REQUEST		request_236	1630234276630	1630234276781	OK	 
REQUEST		request_237	1630234276708	1630234276858	OK	 
REQUEST		request_239	1630234276743	1630234276892	OK	 
REQUEST		request_238	1630234276728	1630234276895	OK	 
REQUEST		request_240	1630234276765	1630234276915	OK	 
REQUEST		request_241	1630234276778	1630234276934	OK	 
REQUEST		request_242	1630234276782	1630234276935	OK	 
REQUEST		request_243	1630234276858	1630234277013	OK	 
REQUEST		request_244	1630234276892	1630234277052	OK	 
REQUEST		request_245	1630234276895	1630234277053	OK	 
REQUEST		request_246	1630234276916	1630234277067	OK	 
REQUEST		request_247	1630234278071	1630234278101	OK	 
ERROR	request_248: Failed to build request: Resource recordedsimulation/0248_request.txt not found 	1630234278102
ERROR	request_302: Failed to build request: Resource recordedsimulation/0302_request.txt not found 	1630234278105
REQUEST		request_278	1630234278107	1630234278167	OK	 
REQUEST		request_292	1630234278121	1630234278169	OK	 
REQUEST		request_300	1630234278121	1630234278170	OK	 
REQUEST		request_299	1630234278120	1630234278180	OK	 
REQUEST		request_281	1630234278122	1630234278214	OK	 
REQUEST		request_303	1630234278121	1630234278215	OK	 
REQUEST		request_295	1630234278138	1630234278216	OK	 
REQUEST		request_297	1630234278148	1630234278216	OK	 
REQUEST		request_298	1630234278149	1630234278217	OK	 
REQUEST		request_293	1630234278139	1630234278225	OK	 
REQUEST		request_308	1630234278151	1630234278227	OK	 
REQUEST		request_306	1630234278144	1630234278231	OK	 
REQUEST		request_289	1630234278121	1630234278257	OK	 
REQUEST		request_252	1630234278109	1630234278259	OK	 
REQUEST		request_294	1630234278140	1630234278261	OK	 
REQUEST		request_274	1630234278136	1630234278288	OK	 
REQUEST		request_254	1630234278145	1630234278300	OK	 
REQUEST		request_306	1630234278232	1630234278306	OK	 
REQUEST		request_257	1630234278146	1630234278309	OK	 
REQUEST		request_253	1630234278144	1630234278315	OK	 
REQUEST		request_313	1630234278108	1630234278328	OK	 
REQUEST		request_312	1630234278108	1630234278330	OK	 
REQUEST		request_255	1630234278146	1630234278333	OK	 
REQUEST		request_285	1630234278122	1630234278343	OK	 
REQUEST		request_275	1630234278137	1630234278346	OK	 
REQUEST		request_249	1630234278120	1630234278373	OK	 
REQUEST		request_309	1630234278164	1630234278375	OK	 
REQUEST		request_260	1630234278164	1630234278377	OK	 
REQUEST		request_303	1630234278215	1630234278426	OK	 
REQUEST		request_258	1630234278153	1630234278527	OK	 
REQUEST		request_316	1630234287529	1630234287684	OK	 
REQUEST		request_317	1630234289686	1630234289710	OK	 
REQUEST		request_318	1630234289711	1630234290307	OK	 
REQUEST		request_319	1630234289711	1630234290580	OK	 
REQUEST		request_321	1630234291583	1630234291627	OK	 
ERROR	request_463: Failed to build request: Resource recordedsimulation/0463_request.txt not found 	1630234291644
ERROR	request_464: Failed to build request: Resource recordedsimulation/0464_request.txt not found 	1630234291644
REQUEST		request_409	1630234291654	1630234291683	OK	 
REQUEST		request_327	1630234291657	1630234291686	OK	 
REQUEST		request_416	1630234291655	1630234291688	OK	 
REQUEST		request_411	1630234291669	1630234291689	OK	 
REQUEST		request_459	1630234291666	1630234291696	OK	 
REQUEST		request_465	1630234291666	1630234291696	OK	 
REQUEST		request_425	1630234291665	1630234291698	OK	 
REQUEST		request_405	1630234291679	1630234291699	OK	 
REQUEST		request_406	1630234291665	1630234291700	OK	 
REQUEST		request_403	1630234291679	1630234291703	OK	 
REQUEST		request_414	1630234291679	1630234291720	OK	 
REQUEST		request_396	1630234291665	1630234291730	OK	 
REQUEST		request_426	1630234291664	1630234291731	OK	 
REQUEST		request_429	1630234291664	1630234291733	OK	 
REQUEST		request_423	1630234291672	1630234291744	OK	 
REQUEST		request_422	1630234291681	1630234291747	OK	 
REQUEST		request_469	1630234291672	1630234291752	OK	 
REQUEST		request_419	1630234291670	1630234291758	OK	 
REQUEST		request_421	1630234291671	1630234291761	OK	 
REQUEST		request_432	1630234291681	1630234291770	OK	 
REQUEST		request_420	1630234291672	1630234291783	OK	 
REQUEST		request_331	1630234291669	1630234291805	OK	 
REQUEST		request_426	1630234291731	1630234291815	OK	 
REQUEST		request_466	1630234291671	1630234291818	OK	 
REQUEST		request_495	1630234291673	1630234291827	OK	 
REQUEST		request_496	1630234291673	1630234291829	OK	 
REQUEST		request_497	1630234291674	1630234291836	OK	 
REQUEST		request_500	1630234291674	1630234291838	OK	 
REQUEST		request_503	1630234291678	1630234291840	OK	 
REQUEST		request_332	1630234291664	1630234291842	OK	 
REQUEST		request_502	1630234291678	1630234291843	OK	 
REQUEST		request_429	1630234291734	1630234291857	OK	 
REQUEST		request_430	1630234291655	1630234291869	OK	 
REQUEST		request_433	1630234291656	1630234291873	OK	 
REQUEST		request_410	1630234291666	1630234291880	OK	 
REQUEST		request_395	1630234291660	1630234291885	OK	 
REQUEST		request_402	1630234291680	1630234291887	OK	 
REQUEST		request_466	1630234291819	1630234291898	OK	 
REQUEST		request_428	1630234291663	1630234291960	OK	 
REQUEST		request_427	1630234291663	1630234291964	OK	 
REQUEST		Login_Check	1630234291657	1630234291974	OK	 
REQUEST		request_476	1630234291661	1630234291983	OK	 
REQUEST		request_505	1630234291828	1630234291985	OK	 
REQUEST		request_506	1630234291830	1630234291989	OK	 
REQUEST		request_507	1630234291837	1630234291992	OK	 
REQUEST		request_510	1630234291840	1630234291998	OK	 
REQUEST		request_509	1630234291839	1630234292001	OK	 
REQUEST		request_511	1630234291843	1630234292007	OK	 
REQUEST		request_475	1630234291660	1630234292010	OK	 
REQUEST		request_492	1630234291661	1630234292012	OK	 
REQUEST		request_493	1630234291661	1630234292054	OK	 
REQUEST		request_513	1630234291987	1630234292138	OK	 
REQUEST		request_515	1630234291989	1630234292141	OK	 
REQUEST		request_527	1630234291999	1630234292150	OK	 
REQUEST		request_528	1630234292002	1630234292155	OK	 
REQUEST		request_529	1630234292008	1630234292161	OK	 
REQUEST		request_526	1630234291993	1630234292206	OK	 
REQUEST		request_501	1630234291885	1630234292248	OK	 
REQUEST		Login_Check	1630234291976	1630234292261	OK	 
REQUEST		request_539	1630234292141	1630234292294	OK	 
REQUEST		request_538	1630234292139	1630234292297	OK	 
REQUEST		request_467	1630234291661	1630234292310	OK	 
REQUEST		request_542	1630234292156	1630234292310	OK	 
REQUEST		request_540	1630234292150	1630234292311	OK	 
REQUEST		request_470	1630234291663	1630234292316	OK	 
REQUEST		request_544	1630234292161	1630234292317	OK	 
REQUEST		request_468	1630234291662	1630234292337	OK	 
REQUEST		request_545	1630234292207	1630234292367	OK	 
REQUEST		request_550	1630234292295	1630234292447	OK	 
REQUEST		request_552	1630234292298	1630234292449	OK	 
REQUEST		request_553	1630234292310	1630234292463	OK	 
REQUEST		request_554	1630234292311	1630234292464	OK	 
REQUEST		request_555	1630234292318	1630234292474	OK	 
REQUEST		request_434	1630234291667	1630234292492	OK	 
REQUEST		request_556	1630234292368	1630234292517	OK	 
REQUEST		request_443	1630234291668	1630234292523	OK	 
REQUEST		request_436	1630234291667	1630234292546	OK	 
REQUEST		request_428	1630234291960	1630234292565	OK	 
REQUEST		request_427	1630234291964	1630234292599	OK	 
REQUEST		request_560	1630234292450	1630234292606	OK	 
REQUEST		request_559	1630234292448	1630234292607	OK	 
REQUEST		request_562	1630234292464	1630234292616	OK	 
REQUEST		request_561	1630234292463	1630234292624	OK	 
REQUEST		request_563	1630234292474	1630234292625	OK	 
REQUEST		request_397	1630234291668	1630234292631	OK	 
REQUEST		request_564	1630234292518	1630234292682	OK	 
REQUEST		request_457	1630234291680	1630234292985	OK	 
REQUEST		request_571	1630234298987	1630234299021	OK	 
USER	RecordedSimulation	END	1630234299037
