RUN	myGatlingProject._002_Registration	-002-registration	1630214632366	rem	3.6.1
USER	RecordedSimulation	START	1630214633870
REQUEST		LaunchHomePage	1630214633889	1630214635237	OK	 
ERROR	request_56: Failed to build request: Resource recordedsimulation/0056_request.txt not found 	1630214635340
ERROR	request_62: Failed to build request: Resource recordedsimulation/0062_request.txt not found 	1630214635341
ERROR	request_91: Failed to build request: Resource recordedsimulation/0091_request.txt not found 	1630214635348
ERROR	request_95: Failed to build request: Resource recordedsimulation/0095_request.txt not found 	1630214635349
ERROR	request_247: Failed to build request: Resource recordedsimulation/0247_request.txt not found 	1630214635355
REQUEST		request_28	1630214635389	1630214635972	OK	 
REQUEST		request_22	1630214635374	1630214636025	OK	 
REQUEST		request_15	1630214635363	1630214636062	OK	 
REQUEST		request_24	1630214635375	1630214636066	OK	 
REQUEST		request_30	1630214635376	1630214636068	OK	 
REQUEST		request_39	1630214635404	1630214636071	OK	 
REQUEST		request_146	1630214635416	1630214636074	OK	 
REQUEST		request_23	1630214635428	1630214636098	OK	 
REQUEST		request_25	1630214635499	1630214636114	OK	 
REQUEST		request_17	1630214635885	1630214636116	OK	 
REQUEST		request_19	1630214635896	1630214636121	OK	 
REQUEST		request_69	1630214635906	1630214636132	OK	 
REQUEST		request_118	1630214635907	1630214636134	OK	 
REQUEST		request_20	1630214635427	1630214636137	OK	 
REQUEST		request_53	1630214636099	1630214636139	OK	 
REQUEST		request_38	1630214635429	1630214636140	OK	 
REQUEST		request_52	1630214635429	1630214636141	OK	 
REQUEST		request_50	1630214635477	1630214636143	OK	 
REQUEST		request_54	1630214636138	1630214636154	OK	 
REQUEST		request_55	1630214636140	1630214636155	OK	 
REQUEST		request_57	1630214636141	1630214636157	OK	 
REQUEST		request_58	1630214636142	1630214636159	OK	 
REQUEST		request_59	1630214636155	1630214636166	OK	 
REQUEST		request_49	1630214635429	1630214636167	OK	 
REQUEST		request_60	1630214636156	1630214636175	OK	 
REQUEST		request_61	1630214636157	1630214636175	OK	 
REQUEST		request_34	1630214635454	1630214636186	OK	 
REQUEST		request_249	1630214636166	1630214636190	OK	 
REQUEST		request_67	1630214636160	1630214636193	OK	 
REQUEST		request_36	1630214635465	1630214636194	OK	 
REQUEST		request_66	1630214635465	1630214636195	OK	 
REQUEST		request_9	1630214635488	1630214636235	OK	 
REQUEST		request_29	1630214635428	1630214636239	OK	 
REQUEST		request_32	1630214635430	1630214636248	OK	 
REQUEST		request_43	1630214635415	1630214636280	OK	 
REQUEST		request_26	1630214635393	1630214636293	OK	 
REQUEST		request_16	1630214635466	1630214636321	OK	 
REQUEST		request_66	1630214636198	1630214636400	OK	 
REQUEST		request_88	1630214635392	1630214636574	OK	 
REQUEST		request_41	1630214635377	1630214636581	OK	 
REQUEST		request_64	1630214635388	1630214636596	OK	 
REQUEST		request_90	1630214635393	1630214636611	OK	 
REQUEST		request_1	1630214635824	1630214636624	OK	 
REQUEST		request_7	1630214635825	1630214636626	OK	 
REQUEST		request_63	1630214635875	1630214636627	OK	 
REQUEST		request_82	1630214635884	1630214636629	OK	 
REQUEST		request_3	1630214635825	1630214636635	OK	 
REQUEST		request_81	1630214635876	1630214636637	OK	 
REQUEST		request_86	1630214635884	1630214636639	OK	 
REQUEST		favicon-by-fb-1f05deec69.png	1630214635510	1630214636657	OK	 
REQUEST		request_2	1630214635825	1630214636671	OK	 
REQUEST		request_51	1630214635388	1630214636708	OK	 
REQUEST		request_89	1630214635392	1630214636709	OK	 
REQUEST		request_8	1630214635875	1630214636711	OK	 
REQUEST		request_11	1630214635943	1630214636727	OK	 
REQUEST		request_13	1630214635956	1630214636732	OK	 
REQUEST		request_68	1630214635956	1630214636736	OK	 
REQUEST		request_72	1630214635957	1630214636742	OK	 
REQUEST		request_73	1630214635957	1630214636744	OK	 
REQUEST		request_66	1630214636401	1630214636747	OK	 
REQUEST		request_46	1630214635931	1630214636773	OK	 
REQUEST		core-dfb5bbecaa.js	1630214635824	1630214636775	OK	 
REQUEST		request_127	1630214635930	1630214636776	OK	 
REQUEST		request_102	1630214636628	1630214636783	OK	 
REQUEST		request_103	1630214636630	1630214636785	OK	 
REQUEST		request_110	1630214635441	1630214636789	OK	 
REQUEST		request_6	1630214636636	1630214636790	OK	 
REQUEST		request_4	1630214636625	1630214636794	OK	 
REQUEST		request_104	1630214636638	1630214636796	OK	 
REQUEST		request_105	1630214636639	1630214636797	OK	 
REQUEST		request_41	1630214636589	1630214636799	OK	 
REQUEST		request_100	1630214636626	1630214636800	OK	 
REQUEST		request_111	1630214635453	1630214636830	OK	 
REQUEST		request_18	1630214636658	1630214636838	OK	 
REQUEST		request_106	1630214636712	1630214636864	OK	 
REQUEST		request_78	1630214635390	1630214636884	OK	 
REQUEST		request_74	1630214636728	1630214636888	OK	 
REQUEST		request_75	1630214636733	1630214636891	OK	 
REQUEST		request_85	1630214635391	1630214636895	OK	 
REQUEST		request_76	1630214636737	1630214636897	OK	 
REQUEST		request_77	1630214636743	1630214636902	OK	 
REQUEST		request_35	1630214635389	1630214636923	OK	 
REQUEST		request_79	1630214635918	1630214636924	OK	 
REQUEST		request_92	1630214635930	1630214636926	OK	 
REQUEST		request_128	1630214635931	1630214636928	OK	 
REQUEST		request_84	1630214635929	1630214636929	OK	 
REQUEST		request_108	1630214636786	1630214636938	OK	 
REQUEST		request_120	1630214635930	1630214636940	OK	 
REQUEST		request_107	1630214636784	1630214636943	OK	 
REQUEST		request_112	1630214635454	1630214636948	OK	 
REQUEST		request_87	1630214635391	1630214636949	OK	 
REQUEST		request_83	1630214635390	1630214636958	OK	 
REQUEST		request_43	1630214636281	1630214636959	OK	 
REQUEST		alice-home-d5088827a7.css	1630214635823	1630214636973	OK	 
REQUEST		request_129	1630214636777	1630214636977	OK	 
REQUEST		request_71	1630214635956	1630214637000	OK	 
REQUEST		request_116	1630214636864	1630214637022	OK	 
REQUEST		request_97	1630214636889	1630214637058	OK	 
REQUEST		request_101	1630214636904	1630214637075	OK	 
REQUEST		request_117	1630214636939	1630214637101	OK	 
REQUEST		request_119	1630214636943	1630214637104	OK	 
REQUEST		request_98	1630214636893	1630214637106	OK	 
REQUEST		request_132	1630214636928	1630214637129	OK	 
REQUEST		request_131	1630214636927	1630214637132	OK	 
REQUEST		request_130	1630214636925	1630214637135	OK	 
REQUEST		request_153	1630214636930	1630214637137	OK	 
REQUEST		request_121	1630214637022	1630214637178	OK	 
REQUEST		request_96	1630214636745	1630214637191	OK	 
REQUEST		request_115	1630214636801	1630214637243	OK	 
REQUEST		request_113	1630214636797	1630214637245	OK	 
REQUEST		request_114	1630214636798	1630214637247	OK	 
REQUEST		request_123	1630214637105	1630214637257	OK	 
REQUEST		request_122	1630214637102	1630214637258	OK	 
REQUEST		request_99	1630214636898	1630214637278	OK	 
REQUEST		request_109	1630214637001	1630214637298	OK	 
REQUEST		request_124	1630214637178	1630214637338	OK	 
REQUEST		request_125	1630214637244	1630214637403	OK	 
REQUEST		request_133	1630214637247	1630214637405	OK	 
REQUEST		request_126	1630214637245	1630214637409	OK	 
REQUEST		request_134	1630214637258	1630214637411	OK	 
REQUEST		request_135	1630214637259	1630214637413	OK	 
REQUEST		request_136	1630214637338	1630214637490	OK	 
REQUEST		request_137	1630214637404	1630214637566	OK	 
REQUEST		request_140	1630214637410	1630214637568	OK	 
REQUEST		request_138	1630214637405	1630214637571	OK	 
REQUEST		request_141	1630214637412	1630214637572	OK	 
REQUEST		request_142	1630214637414	1630214637576	OK	 
REQUEST		request_143	1630214637490	1630214637645	OK	 
REQUEST		request_144	1630214637567	1630214637721	OK	 
REQUEST		request_147	1630214637571	1630214637723	OK	 
REQUEST		request_148	1630214637572	1630214637724	OK	 
REQUEST		request_145	1630214637569	1630214637728	OK	 
REQUEST		request_149	1630214637577	1630214637736	OK	 
REQUEST		request_150	1630214637645	1630214637807	OK	 
REQUEST		request_151	1630214637721	1630214637876	OK	 
REQUEST		request_154	1630214637725	1630214637878	OK	 
REQUEST		request_152	1630214637724	1630214637879	OK	 
REQUEST		request_156	1630214637737	1630214637889	OK	 
REQUEST		request_155	1630214637729	1630214637894	OK	 
REQUEST		request_157	1630214637808	1630214637963	OK	 
REQUEST		request_159	1630214637878	1630214638029	OK	 
REQUEST		request_160	1630214637879	1630214638032	OK	 
REQUEST		request_158	1630214637877	1630214638042	OK	 
REQUEST		request_161	1630214637890	1630214638045	OK	 
REQUEST		request_162	1630214637895	1630214638053	OK	 
REQUEST		request_163	1630214637963	1630214638123	OK	 
REQUEST		request_164	1630214638030	1630214638183	OK	 
REQUEST		request_165	1630214638033	1630214638196	OK	 
REQUEST		request_167	1630214638045	1630214638198	OK	 
REQUEST		request_166	1630214638043	1630214638203	OK	 
REQUEST		request_168	1630214638054	1630214638215	OK	 
REQUEST		request_169	1630214638124	1630214638277	OK	 
REQUEST		request_170	1630214638184	1630214638338	OK	 
REQUEST		request_172	1630214638198	1630214638350	OK	 
REQUEST		request_171	1630214638196	1630214638353	OK	 
REQUEST		request_173	1630214638204	1630214638356	OK	 
REQUEST		request_174	1630214638216	1630214638367	OK	 
REQUEST		request_175	1630214638278	1630214638435	OK	 
REQUEST		request_177	1630214638350	1630214638505	OK	 
REQUEST		request_176	1630214638338	1630214638545	OK	 
REQUEST		request_178	1630214638353	1630214638564	OK	 
REQUEST		request_179	1630214638356	1630214638577	OK	 
REQUEST		request_180	1630214638368	1630214638578	OK	 
REQUEST		request_181	1630214638436	1630214638587	OK	 
REQUEST		request_182	1630214638506	1630214638659	OK	 
REQUEST		request_183	1630214638546	1630214638701	OK	 
REQUEST		request_184	1630214638564	1630214638716	OK	 
REQUEST		request_185	1630214638577	1630214638728	OK	 
REQUEST		request_186	1630214638579	1630214638734	OK	 
REQUEST		request_187	1630214638588	1630214638736	OK	 
REQUEST		request_188	1630214638660	1630214638808	OK	 
REQUEST		request_189	1630214638701	1630214638852	OK	 
REQUEST		request_190	1630214638717	1630214638867	OK	 
REQUEST		request_191	1630214638729	1630214638883	OK	 
REQUEST		request_192	1630214638734	1630214638885	OK	 
REQUEST		request_193	1630214638737	1630214638891	OK	 
REQUEST		request_194	1630214638809	1630214638958	OK	 
REQUEST		request_195	1630214638853	1630214639003	OK	 
REQUEST		request_196	1630214638867	1630214639017	OK	 
REQUEST		request_197	1630214638883	1630214639037	OK	 
REQUEST		request_198	1630214638885	1630214639038	OK	 
REQUEST		request_199	1630214638891	1630214639048	OK	 
REQUEST		request_200	1630214638959	1630214639109	OK	 
REQUEST		request_201	1630214639003	1630214639158	OK	 
REQUEST		request_202	1630214639018	1630214639169	OK	 
REQUEST		request_203	1630214639038	1630214639189	OK	 
REQUEST		request_204	1630214639039	1630214639191	OK	 
REQUEST		request_205	1630214639049	1630214639204	OK	 
REQUEST		request_206	1630214639110	1630214639258	OK	 
REQUEST		request_207	1630214639158	1630214639310	OK	 
REQUEST		request_208	1630214639170	1630214639323	OK	 
REQUEST		request_209	1630214639190	1630214639341	OK	 
REQUEST		request_210	1630214639191	1630214639343	OK	 
REQUEST		request_211	1630214639205	1630214639357	OK	 
REQUEST		request_212	1630214639259	1630214639408	OK	 
REQUEST		request_213	1630214639311	1630214639461	OK	 
REQUEST		request_214	1630214639324	1630214639476	OK	 
REQUEST		request_216	1630214639343	1630214639494	OK	 
REQUEST		request_215	1630214639342	1630214639495	OK	 
REQUEST		request_217	1630214639358	1630214639507	OK	 
REQUEST		request_218	1630214639408	1630214639557	OK	 
REQUEST		request_219	1630214639461	1630214639613	OK	 
REQUEST		request_220	1630214639476	1630214639629	OK	 
REQUEST		request_221	1630214639494	1630214639644	OK	 
REQUEST		request_222	1630214639495	1630214639645	OK	 
REQUEST		request_223	1630214639507	1630214639662	OK	 
REQUEST		request_224	1630214639557	1630214639712	OK	 
REQUEST		request_225	1630214639614	1630214639766	OK	 
REQUEST		request_226	1630214639629	1630214639779	OK	 
REQUEST		request_228	1630214639646	1630214639800	OK	 
REQUEST		request_227	1630214639644	1630214639802	OK	 
REQUEST		request_229	1630214639663	1630214639817	OK	 
REQUEST		request_230	1630214639712	1630214639869	OK	 
REQUEST		request_231	1630214639766	1630214639920	OK	 
REQUEST		request_235	1630214639818	1630214639983	OK	 
REQUEST		request_236	1630214639870	1630214640023	OK	 
REQUEST		request_232	1630214639780	1630214640030	OK	 
REQUEST		request_233	1630214639801	1630214640031	OK	 
REQUEST		request_234	1630214639803	1630214640037	OK	 
REQUEST		request_237	1630214639920	1630214640071	OK	 
REQUEST		request_238	1630214639983	1630214640141	OK	 
REQUEST		request_239	1630214640023	1630214640174	OK	 
REQUEST		request_240	1630214640030	1630214640184	OK	 
REQUEST		request_241	1630214640031	1630214640187	OK	 
REQUEST		request_242	1630214640038	1630214640197	OK	 
REQUEST		request_243	1630214640072	1630214640224	OK	 
REQUEST		request_244	1630214640141	1630214640292	OK	 
REQUEST		request_245	1630214640175	1630214640326	OK	 
REQUEST		request_246	1630214640184	1630214640634	OK	 
REQUEST		request_248	1630214640188	1630214640969	OK	 
REQUEST		request_251	1630214642973	1630214642985	OK	 
REQUEST		request_252	1630214643987	1630214643998	OK	 
ERROR	request_310: Failed to build request: Resource recordedsimulation/0310_request.txt not found 	1630214644002
ERROR	request_314: Failed to build request: Resource recordedsimulation/0314_request.txt not found 	1630214644002
REQUEST		request_303	1630214644019	1630214644086	OK	 
REQUEST		request_301	1630214644020	1630214644087	OK	 
REQUEST		request_302	1630214644021	1630214644088	OK	 
REQUEST		request_306	1630214644020	1630214644110	OK	 
REQUEST		request_286	1630214644021	1630214644127	OK	 
REQUEST		request_256	1630214644006	1630214644133	OK	 
REQUEST		request_304	1630214644079	1630214644133	OK	 
REQUEST		request_311	1630214644079	1630214644134	OK	 
REQUEST		request_288	1630214644052	1630214644141	OK	 
REQUEST		request_285	1630214644021	1630214644145	OK	 
REQUEST		request_287	1630214644051	1630214644148	OK	 
REQUEST		request_259	1630214644004	1630214644157	OK	 
REQUEST		request_262	1630214644005	1630214644157	OK	 
REQUEST		request_258	1630214644004	1630214644176	OK	 
REQUEST		request_261	1630214644005	1630214644212	OK	 
REQUEST		request_264	1630214644050	1630214644215	OK	 
REQUEST		request_309	1630214644005	1630214644216	OK	 
REQUEST		request_269	1630214644078	1630214644221	OK	 
REQUEST		request_317	1630214644006	1630214644224	OK	 
REQUEST		request_280	1630214644037	1630214644233	OK	 
REQUEST		request_293	1630214644021	1630214644237	OK	 
REQUEST		request_253	1630214644019	1630214644256	OK	 
REQUEST		request_318	1630214644050	1630214644257	OK	 
REQUEST		request_313	1630214644081	1630214644281	OK	 
REQUEST		request_315	1630214644082	1630214644286	OK	 
REQUEST		request_316	1630214644082	1630214644289	OK	 
REQUEST		request_312	1630214644080	1630214644292	OK	 
REQUEST		request_306	1630214644111	1630214644326	OK	 
REQUEST		request_257	1630214644038	1630214644436	OK	 
REQUEST		request_279	1630214644052	1630214644787	OK	 
REQUEST		request_319	1630214647789	1630214647944	OK	 
REQUEST		request_321	1630214651947	1630214651972	OK	 
REQUEST		request_323	1630214651973	1630214652027	OK	 
REQUEST		request_322	1630214651973	1630214652548	OK	 
REQUEST		request_324	1630214653550	1630214653561	OK	 
REQUEST		request_324 Redirect 1	1630214653561	1630214653573	OK	 
ERROR	request_325: Failed to build request: Resource recordedsimulation/0325_request.txt not found 	1630214659575
REQUEST		Registration	1630214668577	1630214669028	OK	 
ERROR	request_463: Failed to build request: Resource recordedsimulation/0463_request.txt not found 	1630214669041
ERROR	request_465: Failed to build request: Resource recordedsimulation/0465_request.txt not found 	1630214669041
ERROR	request_467: Failed to build request: Resource recordedsimulation/0467_request.txt not found 	1630214669042
REQUEST		request_414	1630214669055	1630214669109	OK	 
REQUEST		request_407	1630214669055	1630214669109	OK	 
REQUEST		request_418	1630214669055	1630214669111	OK	 
REQUEST		request_461	1630214669055	1630214669111	OK	 
REQUEST		request_459	1630214669071	1630214669112	OK	 
REQUEST		request_451	1630214669072	1630214669112	OK	 
REQUEST		request_450	1630214669072	1630214669113	OK	 
REQUEST		request_452	1630214669072	1630214669115	OK	 
REQUEST		request_397	1630214669071	1630214669118	OK	 
REQUEST		request_405	1630214669096	1630214669119	OK	 
REQUEST		request_462	1630214669102	1630214669120	OK	 
REQUEST		request_410	1630214669095	1630214669122	OK	 
REQUEST		request_402	1630214669096	1630214669122	OK	 
REQUEST		request_453	1630214669112	1630214669125	OK	 
REQUEST		request_454	1630214669114	1630214669127	OK	 
REQUEST		request_455	1630214669116	1630214669129	OK	 
REQUEST		request_456	1630214669119	1630214669130	OK	 
REQUEST		request_457	1630214669125	1630214669136	OK	 
REQUEST		request_458	1630214669127	1630214669138	OK	 
REQUEST		request_406	1630214669071	1630214669143	OK	 
REQUEST		request_424	1630214669072	1630214669146	OK	 
REQUEST		request_417	1630214669096	1630214669148	OK	 
REQUEST		sdk.js	1630214669059	1630214669148	OK	 
REQUEST		request_466	1630214669100	1630214669178	OK	 
REQUEST		request_415	1630214669099	1630214669180	OK	 
REQUEST		request_427	1630214669095	1630214669183	OK	 
REQUEST		request_515	1630214669054	1630214669202	OK	 
REQUEST		request_518	1630214669054	1630214669203	OK	 
REQUEST		request_514	1630214669053	1630214669205	OK	 
REQUEST		request_513	1630214669053	1630214669206	OK	 
REQUEST		request_524	1630214669054	1630214669208	OK	 
REQUEST		request_521	1630214669054	1630214669220	OK	 
REQUEST		request_416	1630214669099	1630214669223	OK	 
REQUEST		request_403	1630214669101	1630214669248	OK	 
REQUEST		request_425	1630214669056	1630214669263	OK	 
REQUEST		request_449	1630214669056	1630214669263	OK	 
REQUEST		request_396	1630214669056	1630214669268	OK	 
REQUEST		request_468	1630214669056	1630214669270	OK	 
REQUEST		request_411	1630214669073	1630214669287	OK	 
REQUEST		request_516	1630214669104	1630214669306	OK	 
REQUEST		request_404	1630214669106	1630214669307	OK	 
REQUEST		request_434	1630214669106	1630214669307	OK	 
REQUEST		request_517	1630214669105	1630214669308	OK	 
REQUEST		request_519	1630214669105	1630214669313	OK	 
REQUEST		request_483	1630214669103	1630214669313	OK	 
REQUEST		request_466	1630214669179	1630214669316	OK	 
REQUEST		request_469	1630214669102	1630214669317	OK	 
REQUEST		request_520	1630214669105	1630214669319	OK	 
REQUEST		api:client.js?onload=googleAsyncInit	1630214669097	1630214669347	OK	 
REQUEST		request_525	1630214669203	1630214669354	OK	 
REQUEST		request_527	1630214669205	1630214669355	OK	 
REQUEST		request_529	1630214669208	1630214669361	OK	 
REQUEST		request_526	1630214669203	1630214669362	OK	 
REQUEST		request_474	1630214669057	1630214669374	OK	 
REQUEST		request_530	1630214669220	1630214669375	OK	 
REQUEST		request_422	1630214669058	1630214669384	OK	 
REQUEST		request_480	1630214669057	1630214669388	OK	 
REQUEST		request_475	1630214669057	1630214669389	OK	 
REQUEST		request_528	1630214669206	1630214669390	OK	 
REQUEST		request_481	1630214669057	1630214669436	OK	 
REQUEST		request_466	1630214669316	1630214669437	OK	 
REQUEST		request_532	1630214669356	1630214669505	OK	 
REQUEST		request_522	1630214669306	1630214669506	OK	 
REQUEST		request_531	1630214669355	1630214669507	OK	 
REQUEST		request_523	1630214669308	1630214669509	OK	 
REQUEST		request_533	1630214669361	1630214669511	OK	 
REQUEST		request_534	1630214669362	1630214669512	OK	 
REQUEST		request_535	1630214669375	1630214669523	OK	 
REQUEST		request_536	1630214669390	1630214669544	OK	 
REQUEST		request_537	1630214669506	1630214669655	OK	 
REQUEST		request_538	1630214669507	1630214669661	OK	 
REQUEST		request_540	1630214669513	1630214669662	OK	 
REQUEST		request_539	1630214669512	1630214669663	OK	 
REQUEST		request_541	1630214669524	1630214669682	OK	 
REQUEST		request_542	1630214669544	1630214669695	OK	 
REQUEST		request_471	1630214669098	1630214669717	OK	 
REQUEST		request_472	1630214669098	1630214669748	OK	 
REQUEST		request_470	1630214669097	1630214669756	OK	 
REQUEST		request_543	1630214669656	1630214669806	OK	 
REQUEST		request_545	1630214669662	1630214669812	OK	 
REQUEST		request_544	1630214669662	1630214669822	OK	 
REQUEST		request_547	1630214669683	1630214669930	OK	 
REQUEST		request_548	1630214669695	1630214669931	OK	 
REQUEST		request_546	1630214669664	1630214669933	OK	 
REQUEST		request_429	1630214669094	1630214669936	OK	 
REQUEST		request_438	1630214669095	1630214669941	OK	 
REQUEST		request_428	1630214669073	1630214669954	OK	 
REQUEST		request_549	1630214669806	1630214669956	OK	 
REQUEST		request_550	1630214669812	1630214669963	OK	 
REQUEST		request_551	1630214669822	1630214669976	OK	 
REQUEST		request_422	1630214669384	1630214670017	OK	 
REQUEST		request_552	1630214669930	1630214670081	OK	 
REQUEST		request_553	1630214669931	1630214670085	OK	 
REQUEST		request_554	1630214669934	1630214670093	OK	 
REQUEST		request_555	1630214669956	1630214670110	OK	 
REQUEST		request_556	1630214669964	1630214670114	OK	 
REQUEST		request_557	1630214669976	1630214670125	OK	 
REQUEST		request_558	1630214670081	1630214670238	OK	 
REQUEST		request_559	1630214670085	1630214670240	OK	 
REQUEST		request_560	1630214670093	1630214670251	OK	 
REQUEST		request_561	1630214670110	1630214670262	OK	 
REQUEST		request_562	1630214670114	1630214670268	OK	 
REQUEST		request_563	1630214670126	1630214670276	OK	 
REQUEST		request_568	1630214673278	1630214673291	OK	 
USER	RecordedSimulation	END	1630214675306
