RUN	myGatlingProject._002_Registration	-002-registration	1630248453415	 	3.6.1
USER	RecordedSimulation	START	1630248455069
REQUEST		LaunchHomePage	1630248455145	1630248457310	OK	 
ERROR	request_56: Failed to build request: Resource recordedsimulation/0056_request.txt not found 	1630248457455
ERROR	request_62: Failed to build request: Resource recordedsimulation/0062_request.txt not found 	1630248457456
ERROR	request_91: Failed to build request: Resource recordedsimulation/0091_request.txt not found 	1630248457468
ERROR	request_95: Failed to build request: Resource recordedsimulation/0095_request.txt not found 	1630248457468
ERROR	request_247: Failed to build request: Resource recordedsimulation/0247_request.txt not found 	1630248457481
REQUEST		request_28	1630248457532	1630248458271	OK	 
REQUEST		request_15	1630248457494	1630248458352	OK	 
REQUEST		request_22	1630248457509	1630248458365	OK	 
REQUEST		request_24	1630248457511	1630248458406	OK	 
REQUEST		request_30	1630248457512	1630248458408	OK	 
REQUEST		request_39	1630248457581	1630248458412	OK	 
REQUEST		request_146	1630248457607	1630248458415	OK	 
REQUEST		request_20	1630248457627	1630248458447	OK	 
REQUEST		request_23	1630248457629	1630248458450	OK	 
REQUEST		request_38	1630248457633	1630248458452	OK	 
REQUEST		request_52	1630248457637	1630248458454	OK	 
REQUEST		request_25	1630248457739	1630248458458	OK	 
REQUEST		request_17	1630248458124	1630248458465	OK	 
REQUEST		request_19	1630248458137	1630248458473	OK	 
REQUEST		request_69	1630248458152	1630248458491	OK	 
REQUEST		request_118	1630248458153	1630248458493	OK	 
REQUEST		request_53	1630248458448	1630248458523	OK	 
REQUEST		request_54	1630248458451	1630248458525	OK	 
REQUEST		request_29	1630248457630	1630248458558	OK	 
REQUEST		request_55	1630248458453	1630248458560	OK	 
REQUEST		request_49	1630248457635	1630248458563	OK	 
REQUEST		request_57	1630248458455	1630248458564	OK	 
REQUEST		request_34	1630248457669	1630248458567	OK	 
REQUEST		request_36	1630248457683	1630248458570	OK	 
REQUEST		request_50	1630248457703	1630248458571	OK	 
REQUEST		request_58	1630248458524	1630248458603	OK	 
REQUEST		request_59	1630248458526	1630248458604	OK	 
REQUEST		request_60	1630248458559	1630248458605	OK	 
REQUEST		request_61	1630248458561	1630248458606	OK	 
REQUEST		request_67	1630248458563	1630248458607	OK	 
REQUEST		request_249	1630248458565	1630248458609	OK	 
REQUEST		request_32	1630248457640	1630248458611	OK	 
REQUEST		request_66	1630248457685	1630248458613	OK	 
REQUEST		request_9	1630248457724	1630248458630	OK	 
REQUEST		request_26	1630248457561	1630248458656	OK	 
REQUEST		request_43	1630248457594	1630248458693	OK	 
REQUEST		request_66	1630248458617	1630248458893	OK	 
REQUEST		favicon-by-fb-1f05deec69.png	1630248457761	1630248458985	OK	 
REQUEST		request_64	1630248457529	1630248458994	OK	 
REQUEST		request_1	1630248458088	1630248459015	OK	 
REQUEST		request_3	1630248458090	1630248459020	OK	 
REQUEST		request_63	1630248458121	1630248459024	OK	 
REQUEST		request_51	1630248457528	1630248459027	OK	 
REQUEST		request_2	1630248458090	1630248459029	OK	 
REQUEST		request_7	1630248458091	1630248459080	OK	 
REQUEST		request_8	1630248458120	1630248459082	OK	 
REQUEST		request_81	1630248458122	1630248459084	OK	 
REQUEST		request_82	1630248458122	1630248459086	OK	 
REQUEST		request_86	1630248458123	1630248459088	OK	 
REQUEST		request_41	1630248457514	1630248459090	OK	 
REQUEST		request_88	1630248457541	1630248459109	OK	 
REQUEST		request_89	1630248457559	1630248459111	OK	 
REQUEST		request_90	1630248457560	1630248459113	OK	 
REQUEST		request_11	1630248458220	1630248459146	OK	 
REQUEST		request_13	1630248458250	1630248459155	OK	 
REQUEST		request_68	1630248458252	1630248459164	OK	 
REQUEST		request_72	1630248458254	1630248459172	OK	 
REQUEST		request_73	1630248458255	1630248459176	OK	 
REQUEST		request_4	1630248458986	1630248459180	OK	 
REQUEST		request_6	1630248459016	1630248459185	OK	 
REQUEST		request_18	1630248459022	1630248459190	OK	 
REQUEST		request_66	1630248458893	1630248459197	OK	 
REQUEST		request_100	1630248459025	1630248459199	OK	 
REQUEST		request_110	1630248457654	1630248459215	OK	 
REQUEST		request_102	1630248459081	1630248459232	OK	 
REQUEST		request_103	1630248459083	1630248459241	OK	 
REQUEST		request_106	1630248459089	1630248459247	OK	 
REQUEST		request_104	1630248459085	1630248459250	OK	 
REQUEST		request_105	1630248459087	1630248459252	OK	 
REQUEST		request_74	1630248459147	1630248459303	OK	 
REQUEST		request_41	1630248459103	1630248459314	OK	 
REQUEST		request_75	1630248459156	1630248459317	OK	 
REQUEST		request_78	1630248457535	1630248459320	OK	 
REQUEST		request_76	1630248459166	1630248459324	OK	 
REQUEST		request_35	1630248457534	1630248459327	OK	 
REQUEST		request_79	1630248458168	1630248459329	OK	 
REQUEST		request_92	1630248458183	1630248459332	OK	 
REQUEST		request_77	1630248459173	1630248459337	OK	 
REQUEST		request_85	1630248457537	1630248459341	OK	 
REQUEST		alice-home-d5088827a7.css	1630248458086	1630248459344	OK	 
REQUEST		request_84	1630248458182	1630248459354	OK	 
REQUEST		request_127	1630248458185	1630248459357	OK	 
REQUEST		request_112	1630248457668	1630248459361	OK	 
REQUEST		request_107	1630248459201	1630248459363	OK	 
REQUEST		request_120	1630248458184	1630248459365	OK	 
REQUEST		request_128	1630248458186	1630248459366	OK	 
REQUEST		request_46	1630248458187	1630248459368	OK	 
REQUEST		request_71	1630248458253	1630248459378	OK	 
REQUEST		request_108	1630248459233	1630248459393	OK	 
REQUEST		request_113	1630248459242	1630248459395	OK	 
REQUEST		request_114	1630248459247	1630248459408	OK	 
REQUEST		request_115	1630248459251	1630248459410	OK	 
REQUEST		request_116	1630248459253	1630248459412	OK	 
REQUEST		request_43	1630248458695	1630248459429	OK	 
REQUEST		request_16	1630248457688	1630248459439	OK	 
REQUEST		request_83	1630248457536	1630248459458	OK	 
REQUEST		request_97	1630248459303	1630248459461	OK	 
REQUEST		request_87	1630248457538	1630248459482	OK	 
REQUEST		request_98	1630248459318	1630248459486	OK	 
REQUEST		request_99	1630248459325	1630248459496	OK	 
REQUEST		request_101	1630248459338	1630248459502	OK	 
REQUEST		request_117	1630248459364	1630248459521	OK	 
REQUEST		request_130	1630248459333	1630248459533	OK	 
REQUEST		request_129	1630248459329	1630248459535	OK	 
REQUEST		request_111	1630248457667	1630248459540	OK	 
REQUEST		request_119	1630248459394	1630248459551	OK	 
REQUEST		request_121	1630248459396	1630248459554	OK	 
REQUEST		request_132	1630248459358	1630248459563	OK	 
REQUEST		request_109	1630248459379	1630248459564	OK	 
REQUEST		request_131	1630248459355	1630248459565	OK	 
REQUEST		request_122	1630248459409	1630248459572	OK	 
REQUEST		request_123	1630248459411	1630248459575	OK	 
REQUEST		request_153	1630248459365	1630248459577	OK	 
REQUEST		request_124	1630248459413	1630248459586	OK	 
REQUEST		request_96	1630248459177	1630248459638	OK	 
REQUEST		request_125	1630248459522	1630248459681	OK	 
REQUEST		request_134	1630248459573	1630248459729	OK	 
REQUEST		request_135	1630248459576	1630248459731	OK	 
REQUEST		request_136	1630248459587	1630248459740	OK	 
REQUEST		request_126	1630248459552	1630248459772	OK	 
REQUEST		request_137	1630248459682	1630248459832	OK	 
REQUEST		request_138	1630248459730	1630248459883	OK	 
REQUEST		request_140	1630248459732	1630248459888	OK	 
REQUEST		request_142	1630248459773	1630248459924	OK	 
REQUEST		request_143	1630248459833	1630248459988	OK	 
REQUEST		request_144	1630248459884	1630248460036	OK	 
REQUEST		request_145	1630248459890	1630248460048	OK	 
REQUEST		request_147	1630248459925	1630248460083	OK	 
REQUEST		request_148	1630248459989	1630248460140	OK	 
REQUEST		request_149	1630248460037	1630248460194	OK	 
REQUEST		request_133	1630248459554	1630248460214	OK	 
REQUEST		request_150	1630248460049	1630248460216	OK	 
REQUEST		request_151	1630248460084	1630248460237	OK	 
REQUEST		request_141	1630248459741	1630248460254	OK	 
REQUEST		request_152	1630248460141	1630248460293	OK	 
REQUEST		core-dfb5bbecaa.js	1630248458087	1630248460308	OK	 
REQUEST		request_154	1630248460194	1630248460344	OK	 
REQUEST		request_156	1630248460216	1630248460373	OK	 
REQUEST		request_155	1630248460215	1630248460380	OK	 
REQUEST		request_157	1630248460238	1630248460396	OK	 
REQUEST		request_158	1630248460255	1630248460423	OK	 
REQUEST		request_159	1630248460293	1630248460450	OK	 
REQUEST		request_160	1630248460345	1630248460495	OK	 
REQUEST		request_161	1630248460374	1630248460531	OK	 
REQUEST		request_162	1630248460381	1630248460536	OK	 
REQUEST		request_163	1630248460396	1630248460550	OK	 
REQUEST		request_164	1630248460424	1630248460577	OK	 
REQUEST		request_165	1630248460450	1630248460613	OK	 
REQUEST		request_166	1630248460496	1630248460654	OK	 
REQUEST		request_167	1630248460532	1630248460685	OK	 
REQUEST		request_168	1630248460537	1630248460693	OK	 
REQUEST		request_169	1630248460551	1630248460712	OK	 
REQUEST		request_170	1630248460578	1630248460729	OK	 
REQUEST		request_171	1630248460614	1630248460766	OK	 
REQUEST		request_172	1630248460655	1630248460806	OK	 
REQUEST		request_173	1630248460685	1630248460844	OK	 
REQUEST		request_174	1630248460694	1630248460853	OK	 
REQUEST		request_175	1630248460713	1630248460869	OK	 
REQUEST		request_176	1630248460729	1630248460886	OK	 
REQUEST		request_177	1630248460767	1630248460925	OK	 
REQUEST		request_178	1630248460806	1630248460962	OK	 
REQUEST		request_179	1630248460845	1630248460994	OK	 
REQUEST		request_180	1630248460853	1630248461009	OK	 
REQUEST		request_181	1630248460870	1630248461028	OK	 
REQUEST		request_182	1630248460887	1630248461043	OK	 
REQUEST		request_183	1630248460925	1630248461081	OK	 
REQUEST		request_184	1630248460962	1630248461113	OK	 
REQUEST		request_185	1630248460995	1630248461144	OK	 
REQUEST		request_186	1630248461009	1630248461159	OK	 
REQUEST		request_187	1630248461029	1630248461180	OK	 
REQUEST		request_188	1630248461044	1630248461193	OK	 
REQUEST		request_189	1630248461081	1630248461231	OK	 
REQUEST		request_190	1630248461114	1630248461264	OK	 
REQUEST		request_191	1630248461144	1630248461293	OK	 
REQUEST		request_192	1630248461159	1630248461311	OK	 
REQUEST		request_193	1630248461180	1630248461349	OK	 
REQUEST		request_194	1630248461193	1630248461351	OK	 
REQUEST		request_195	1630248461232	1630248461384	OK	 
REQUEST		request_196	1630248461264	1630248461429	OK	 
REQUEST		request_197	1630248461294	1630248461443	OK	 
REQUEST		request_198	1630248461312	1630248461464	OK	 
REQUEST		request_199	1630248461349	1630248461500	OK	 
REQUEST		request_200	1630248461351	1630248461502	OK	 
REQUEST		request_201	1630248461385	1630248461542	OK	 
REQUEST		request_202	1630248461430	1630248461596	OK	 
REQUEST		request_203	1630248461444	1630248461598	OK	 
REQUEST		request_204	1630248461465	1630248461615	OK	 
REQUEST		request_205	1630248461501	1630248461656	OK	 
REQUEST		request_207	1630248461543	1630248461698	OK	 
REQUEST		request_206	1630248461503	1630248461740	OK	 
REQUEST		request_208	1630248461597	1630248461747	OK	 
REQUEST		request_209	1630248461599	1630248461750	OK	 
REQUEST		request_210	1630248461616	1630248461765	OK	 
REQUEST		request_211	1630248461657	1630248461811	OK	 
REQUEST		request_212	1630248461727	1630248461879	OK	 
REQUEST		request_215	1630248461751	1630248461903	OK	 
REQUEST		request_213	1630248461741	1630248461904	OK	 
REQUEST		request_214	1630248461748	1630248461906	OK	 
REQUEST		request_216	1630248461766	1630248461919	OK	 
REQUEST		request_217	1630248461812	1630248461966	OK	 
REQUEST		request_218	1630248461880	1630248462030	OK	 
REQUEST		request_219	1630248461904	1630248462057	OK	 
REQUEST		request_220	1630248461905	1630248462063	OK	 
REQUEST		request_221	1630248461906	1630248462065	OK	 
REQUEST		request_222	1630248461920	1630248462073	OK	 
REQUEST		request_223	1630248461967	1630248462146	OK	 
REQUEST		request_224	1630248462031	1630248462183	OK	 
REQUEST		request_225	1630248462058	1630248462211	OK	 
REQUEST		request_226	1630248462064	1630248462214	OK	 
REQUEST		request_227	1630248462066	1630248462223	OK	 
REQUEST		request_228	1630248462074	1630248462227	OK	 
REQUEST		request_229	1630248462147	1630248462302	OK	 
REQUEST		request_230	1630248462184	1630248462335	OK	 
REQUEST		request_231	1630248462212	1630248462362	OK	 
REQUEST		request_232	1630248462214	1630248462365	OK	 
REQUEST		request_233	1630248462223	1630248462375	OK	 
REQUEST		request_234	1630248462228	1630248462382	OK	 
REQUEST		request_235	1630248462303	1630248462455	OK	 
REQUEST		request_236	1630248462335	1630248462485	OK	 
REQUEST		request_237	1630248462362	1630248462516	OK	 
REQUEST		request_238	1630248462366	1630248462522	OK	 
REQUEST		request_239	1630248462376	1630248462525	OK	 
REQUEST		request_240	1630248462383	1630248462533	OK	 
REQUEST		request_241	1630248462456	1630248462611	OK	 
REQUEST		request_242	1630248462486	1630248462637	OK	 
REQUEST		request_243	1630248462517	1630248462667	OK	 
REQUEST		request_244	1630248462524	1630248462675	OK	 
REQUEST		request_245	1630248462526	1630248462676	OK	 
REQUEST		request_246	1630248462534	1630248462685	OK	 
REQUEST		request_248	1630248462611	1630248462762	OK	 
REQUEST		request_251	1630248464782	1630248464794	OK	 
REQUEST		request_252	1630248465812	1630248465825	OK	 
ERROR	request_310: Failed to build request: Resource recordedsimulation/0310_request.txt not found 	1630248465848
ERROR	request_314: Failed to build request: Resource recordedsimulation/0314_request.txt not found 	1630248465851
REQUEST		request_301	1630248465877	1630248465935	OK	 
REQUEST		request_302	1630248465879	1630248465936	OK	 
REQUEST		request_303	1630248465877	1630248465937	OK	 
REQUEST		request_306	1630248465878	1630248465973	OK	 
REQUEST		request_304	1630248465926	1630248465979	OK	 
REQUEST		request_286	1630248465879	1630248465986	OK	 
REQUEST		request_256	1630248465864	1630248465989	OK	 
REQUEST		request_285	1630248465880	1630248465997	OK	 
REQUEST		request_311	1630248465927	1630248465999	OK	 
REQUEST		request_287	1630248465911	1630248466000	OK	 
REQUEST		request_288	1630248465911	1630248466002	OK	 
REQUEST		request_259	1630248465860	1630248466016	OK	 
REQUEST		request_262	1630248465861	1630248466019	OK	 
REQUEST		request_258	1630248465859	1630248466028	OK	 
REQUEST		request_261	1630248465861	1630248466060	OK	 
REQUEST		request_269	1630248465925	1630248466073	OK	 
REQUEST		request_309	1630248465862	1630248466079	OK	 
REQUEST		request_317	1630248465863	1630248466080	OK	 
REQUEST		request_280	1630248465894	1630248466096	OK	 
REQUEST		request_264	1630248465909	1630248466106	OK	 
REQUEST		request_293	1630248465880	1630248466112	OK	 
REQUEST		request_253	1630248465876	1630248466118	OK	 
REQUEST		request_318	1630248465910	1630248466124	OK	 
REQUEST		request_313	1630248465929	1630248466129	OK	 
REQUEST		request_316	1630248465930	1630248466134	OK	 
REQUEST		request_312	1630248465928	1630248466136	OK	 
REQUEST		request_315	1630248465929	1630248466137	OK	 
REQUEST		request_306	1630248465973	1630248466186	OK	 
REQUEST		request_257	1630248465894	1630248466305	OK	 
REQUEST		request_279	1630248465912	1630248466908	OK	 
REQUEST		request_319	1630248469918	1630248470073	OK	 
REQUEST		request_321	1630248474082	1630248474117	OK	 
REQUEST		request_323	1630248474119	1630248474175	OK	 
REQUEST		request_322	1630248474118	1630248474896	OK	 
REQUEST		request_324	1630248475915	1630248475955	OK	 
ERROR	request_325: Failed to build request: Resource recordedsimulation/0325_request.txt not found 	1630248481968
REQUEST		Registration	1630248490988	1630248491485	OK	 
ERROR	request_463: Failed to build request: Resource recordedsimulation/0463_request.txt not found 	1630248491523
ERROR	request_465: Failed to build request: Resource recordedsimulation/0465_request.txt not found 	1630248491523
ERROR	request_467: Failed to build request: Resource recordedsimulation/0467_request.txt not found 	1630248491523
REQUEST		request_407	1630248491554	1630248491625	OK	 
REQUEST		request_414	1630248491555	1630248491626	OK	 
REQUEST		request_418	1630248491556	1630248491630	OK	 
REQUEST		request_461	1630248491556	1630248491632	OK	 
REQUEST		request_459	1630248491581	1630248491633	OK	 
REQUEST		request_450	1630248491585	1630248491634	OK	 
REQUEST		request_452	1630248491586	1630248491635	OK	 
REQUEST		request_451	1630248491585	1630248491637	OK	 
REQUEST		request_397	1630248491582	1630248491642	OK	 
REQUEST		request_406	1630248491583	1630248491644	OK	 
REQUEST		request_462	1630248491615	1630248491646	OK	 
REQUEST		request_410	1630248491605	1630248491647	OK	 
REQUEST		request_405	1630248491606	1630248491648	OK	 
REQUEST		request_453	1630248491634	1630248491653	OK	 
REQUEST		request_454	1630248491636	1630248491655	OK	 
REQUEST		request_455	1630248491637	1630248491656	OK	 
REQUEST		request_402	1630248491605	1630248491658	OK	 
REQUEST		request_424	1630248491584	1630248491662	OK	 
REQUEST		request_456	1630248491642	1630248491663	OK	 
REQUEST		request_457	1630248491645	1630248491664	OK	 
REQUEST		request_458	1630248491654	1630248491666	OK	 
REQUEST		request_417	1630248491606	1630248491678	OK	 
REQUEST		request_427	1630248491604	1630248491695	OK	 
REQUEST		request_513	1630248491549	1630248491698	OK	 
REQUEST		request_415	1630248491612	1630248491701	OK	 
REQUEST		request_416	1630248491612	1630248491702	OK	 
REQUEST		request_514	1630248491551	1630248491703	OK	 
REQUEST		request_515	1630248491552	1630248491705	OK	 
REQUEST		request_466	1630248491613	1630248491707	OK	 
REQUEST		request_524	1630248491554	1630248491709	OK	 
REQUEST		request_425	1630248491557	1630248491759	OK	 
REQUEST		request_403	1630248491614	1630248491766	OK	 
REQUEST		request_449	1630248491558	1630248491773	OK	 
REQUEST		request_468	1630248491558	1630248491774	OK	 
REQUEST		request_396	1630248491559	1630248491776	OK	 
REQUEST		request_434	1630248491621	1630248491795	OK	 
REQUEST		request_411	1630248491587	1630248491799	OK	 
REQUEST		request_516	1630248491618	1630248491821	OK	 
REQUEST		request_517	1630248491619	1630248491825	OK	 
REQUEST		request_404	1630248491621	1630248491827	OK	 
REQUEST		request_520	1630248491620	1630248491831	OK	 
REQUEST		request_469	1630248491616	1630248491832	OK	 
REQUEST		request_483	1630248491617	1630248491833	OK	 
REQUEST		request_519	1630248491619	1630248491833	OK	 
REQUEST		sdk.js	1630248491565	1630248491837	OK	 
REQUEST		request_526	1630248491704	1630248491854	OK	 
REQUEST		request_527	1630248491706	1630248491856	OK	 
REQUEST		request_528	1630248491710	1630248491859	OK	 
REQUEST		api:client.js?onload=googleAsyncInit	1630248491607	1630248491864	OK	 
REQUEST		request_466	1630248491708	1630248491882	OK	 
REQUEST		request_474	1630248491560	1630248491889	OK	 
REQUEST		request_422	1630248491563	1630248491912	OK	 
REQUEST		request_481	1630248491562	1630248491915	OK	 
REQUEST		request_480	1630248491562	1630248491921	OK	 
REQUEST		request_475	1630248491561	1630248492001	OK	 
REQUEST		request_529	1630248491855	1630248492006	OK	 
REQUEST		request_530	1630248491857	1630248492008	OK	 
REQUEST		request_531	1630248491860	1630248492013	OK	 
REQUEST		request_522	1630248491822	1630248492023	OK	 
REQUEST		request_523	1630248491825	1630248492027	OK	 
REQUEST		request_466	1630248491883	1630248492075	OK	 
REQUEST		request_532	1630248492007	1630248492159	OK	 
REQUEST		request_533	1630248492009	1630248492168	OK	 
REQUEST		request_470	1630248491608	1630248492245	OK	 
REQUEST		request_471	1630248491610	1630248492273	OK	 
REQUEST		request_472	1630248491611	1630248492287	OK	 
REQUEST		request_535	1630248492159	1630248492309	OK	 
REQUEST		request_536	1630248492168	1630248492318	OK	 
REQUEST		request_537	1630248492310	1630248492507	OK	 
REQUEST		request_538	1630248492318	1630248492509	OK	 
REQUEST		request_428	1630248491587	1630248492511	OK	 
REQUEST		request_429	1630248491602	1630248492511	OK	 
REQUEST		request_438	1630248491603	1630248492512	OK	 
REQUEST		request_422	1630248491912	1630248492561	OK	 
REQUEST		request_534	1630248492013	1630248492582	OK	 
REQUEST		request_539	1630248492508	1630248492656	OK	 
REQUEST		request_540	1630248492510	1630248492660	OK	 
REQUEST		request_541	1630248492583	1630248492733	OK	 
REQUEST		request_542	1630248492656	1630248492806	OK	 
REQUEST		request_543	1630248492660	1630248492812	OK	 
REQUEST		request_544	1630248492735	1630248492892	OK	 
REQUEST		request_525	1630248491699	1630248492929	OK	 
REQUEST		request_521	1630248491553	1630248492930	OK	 
REQUEST		request_518	1630248491553	1630248492931	OK	 
REQUEST		request_545	1630248492807	1630248492969	OK	 
REQUEST		request_546	1630248492813	1630248492971	OK	 
REQUEST		request_547	1630248492892	1630248493045	OK	 
REQUEST		request_548	1630248492929	1630248493078	OK	 
REQUEST		request_550	1630248492932	1630248493081	OK	 
REQUEST		request_549	1630248492931	1630248493083	OK	 
REQUEST		request_552	1630248492972	1630248493121	OK	 
REQUEST		request_551	1630248492969	1630248493123	OK	 
REQUEST		request_553	1630248493046	1630248493203	OK	 
REQUEST		request_554	1630248493079	1630248493233	OK	 
REQUEST		request_556	1630248493083	1630248493235	OK	 
REQUEST		request_555	1630248493082	1630248493236	OK	 
REQUEST		request_557	1630248493122	1630248493273	OK	 
REQUEST		request_558	1630248493124	1630248493275	OK	 
REQUEST		request_559	1630248493203	1630248493356	OK	 
REQUEST		request_562	1630248493237	1630248493386	OK	 
REQUEST		request_560	1630248493234	1630248493388	OK	 
REQUEST		request_561	1630248493236	1630248493389	OK	 
REQUEST		request_563	1630248493273	1630248493517	OK	 
REQUEST		request_568	1630248496525	1630248496538	OK	 
USER	RecordedSimulation	END	1630248498585
