RUN	myGatlingProject._001_MyLogin	-001-mylogin	1630222929989	rem	3.6.1
USER	RecordedSimulation	START	1630222931050
REQUEST		request_0	1630222931079	1630222933018	OK	 
ERROR	request_139: Failed to build request: Resource recordedsimulation/0139_request.txt not found 	1630222933280
ERROR	request_141: Failed to build request: Resource recordedsimulation/0141_request.txt not found 	1630222933281
REQUEST		request_11	1630222933346	1630222934042	OK	 
REQUEST		request_28	1630222933299	1630222934166	OK	 
REQUEST		request_29	1630222933312	1630222934177	OK	 
REQUEST		request_31	1630222933314	1630222934182	OK	 
REQUEST		request_37	1630222933315	1630222934183	OK	 
REQUEST		request_80	1630222933368	1630222934187	OK	 
REQUEST		request_162	1630222933428	1630222934198	OK	 
REQUEST		request_5	1630222933328	1630222934225	OK	 
REQUEST		request_129	1630222933415	1630222934422	OK	 
REQUEST		request_138	1630222933427	1630222934443	OK	 
REQUEST		request_22	1630222933445	1630222934452	OK	 
REQUEST		request_26	1630222933447	1630222934457	OK	 
REQUEST		request_38	1630222933448	1630222934485	OK	 
REQUEST		request_48	1630222933449	1630222934489	OK	 
REQUEST		request_90	1630222933451	1630222934499	OK	 
REQUEST		request_95	1630222933451	1630222934504	OK	 
REQUEST		request_93	1630222933516	1630222934510	OK	 
REQUEST		request_147	1630222933831	1630222934516	OK	 
REQUEST		request_148	1630222933843	1630222934517	OK	 
REQUEST		request_150	1630222933844	1630222934521	OK	 
REQUEST		request_47	1630222933877	1630222934528	OK	 
REQUEST		request_72	1630222933888	1630222934533	OK	 
REQUEST		request_120	1630222933900	1630222934557	OK	 
REQUEST		request_41	1630222933353	1630222934588	OK	 
REQUEST		request_115	1630222933383	1630222934590	OK	 
REQUEST		request_15	1630222933395	1630222934600	OK	 
REQUEST		request_129	1630222934438	1630222934602	OK	 
REQUEST		request_96	1630222934454	1630222934605	OK	 
REQUEST		request_98	1630222934459	1630222934608	OK	 
REQUEST		request_101	1630222934486	1630222934611	OK	 
REQUEST		request_103	1630222934491	1630222934613	OK	 
REQUEST		request_104	1630222934502	1630222934614	OK	 
REQUEST		request_105	1630222934505	1630222934615	OK	 
REQUEST		request_27	1630222933452	1630222934617	OK	 
REQUEST		request_16	1630222933505	1630222934621	OK	 
REQUEST		request_144	1630222933962	1630222934628	OK	 
REQUEST		request_39	1630222933972	1630222934634	OK	 
REQUEST		request_85	1630222933986	1630222934640	OK	 
REQUEST		request_128	1630222933997	1630222934641	OK	 
REQUEST		request_143	1630222934009	1630222934644	OK	 
REQUEST		request_146	1630222934009	1630222934648	OK	 
REQUEST		request_106	1630222934606	1630222934677	OK	 
REQUEST		request_107	1630222934609	1630222934679	OK	 
REQUEST		request_111	1630222934612	1630222934681	OK	 
REQUEST		request_55	1630222933986	1630222934693	OK	 
REQUEST		request_143	1630222934645	1630222934733	OK	 
REQUEST		request_56	1630222933316	1630222934789	OK	 
REQUEST		request_63	1630222933327	1630222934813	OK	 
REQUEST		request_76	1630222933328	1630222934814	OK	 
REQUEST		request_138	1630222934444	1630222934860	OK	 
REQUEST		request_129	1630222934604	1630222934862	OK	 
REQUEST		request_155	1630222933351	1630222934881	OK	 
REQUEST		request_156	1630222933352	1630222934888	OK	 
REQUEST		request_157	1630222933353	1630222934890	OK	 
REQUEST		request_81	1630222933382	1630222934922	OK	 
REQUEST		favicon-by-fb-1f05deec69.png	1630222933530	1630222934935	OK	 
REQUEST		request_1	1630222933828	1630222935008	OK	 
REQUEST		request_2	1630222933829	1630222935056	OK	 
REQUEST		request_3	1630222933829	1630222935059	OK	 
REQUEST		request_7	1630222933844	1630222935061	OK	 
REQUEST		request_8	1630222933875	1630222935063	OK	 
REQUEST		request_19	1630222933875	1630222935065	OK	 
REQUEST		request_20	1630222933876	1630222935068	OK	 
REQUEST		request_21	1630222933876	1630222935069	OK	 
REQUEST		request_23	1630222933877	1630222935072	OK	 
REQUEST		request_13	1630222933923	1630222935081	OK	 
REQUEST		request_14	1630222933959	1630222935090	OK	 
REQUEST		request_113	1630222933960	1630222935093	OK	 
REQUEST		request_56	1630222934810	1630222935100	OK	 
REQUEST		request_79	1630222933479	1630222935102	OK	 
REQUEST		request_4	1630222934937	1630222935104	OK	 
REQUEST		request_117	1630222933961	1630222935106	OK	 
REQUEST		request_158	1630222933465	1630222935121	OK	 
REQUEST		core-dfb5bbecaa.js	1630222933827	1630222935127	OK	 
REQUEST		request_70	1630222933493	1630222935134	OK	 
REQUEST		request_131	1630222933351	1630222935160	OK	 
REQUEST		request_12	1630222933348	1630222935166	OK	 
REQUEST		request_127	1630222933349	1630222935190	OK	 
REQUEST		request_130	1630222933350	1630222935199	OK	 
REQUEST		request_6	1630222935051	1630222935209	OK	 
REQUEST		request_24	1630222935062	1630222935220	OK	 
REQUEST		request_18	1630222935057	1630222935223	OK	 
REQUEST		request_30	1630222935066	1630222935224	OK	 
REQUEST		request_25	1630222935064	1630222935229	OK	 
REQUEST		request_32	1630222935068	1630222935232	OK	 
REQUEST		request_33	1630222935070	1630222935234	OK	 
REQUEST		request_34	1630222935073	1630222935239	OK	 
REQUEST		request_119	1630222935082	1630222935244	OK	 
REQUEST		request_123	1630222935092	1630222935248	OK	 
REQUEST		request_125	1630222935094	1630222935253	OK	 
REQUEST		request_136	1630222935107	1630222935277	OK	 
REQUEST		request_87	1630222933901	1630222935281	OK	 
REQUEST		alice-home-d5088827a7.css	1630222933827	1630222935322	OK	 
REQUEST		request_159	1630222933478	1630222935332	OK	 
REQUEST		request_115	1630222934594	1630222935336	OK	 
REQUEST		request_35	1630222935221	1630222935375	OK	 
REQUEST		request_118	1630222933962	1630222935381	OK	 
REQUEST		request_42	1630222935233	1630222935383	OK	 
REQUEST		request_116	1630222933960	1630222935385	OK	 
REQUEST		request_40	1630222935229	1630222935388	OK	 
REQUEST		request_43	1630222935236	1630222935394	OK	 
REQUEST		request_44	1630222935240	1630222935404	OK	 
REQUEST		request_160	1630222933478	1630222935413	OK	 
REQUEST		request_36	1630222935225	1630222935414	OK	 
REQUEST		request_137	1630222935246	1630222935415	OK	 
REQUEST		request_142	1630222935254	1630222935416	OK	 
REQUEST		request_145	1630222935278	1630222935443	OK	 
REQUEST		request_140	1630222935249	1630222935482	OK	 
REQUEST		request_46	1630222935384	1630222935541	OK	 
REQUEST		request_49	1630222935390	1630222935547	OK	 
REQUEST		request_50	1630222935395	1630222935556	OK	 
REQUEST		request_51	1630222935404	1630222935560	OK	 
REQUEST		request_52	1630222935414	1630222935577	OK	 
REQUEST		request_17	1630222933348	1630222935663	OK	 
REQUEST		request_151	1630222935382	1630222935687	OK	 
REQUEST		request_53	1630222935542	1630222935698	OK	 
REQUEST		request_54	1630222935549	1630222935706	OK	 
REQUEST		request_57	1630222935557	1630222935712	OK	 
REQUEST		request_58	1630222935561	1630222935715	OK	 
REQUEST		request_61	1630222935707	1630222935864	OK	 
REQUEST		request_64	1630222935716	1630222935872	OK	 
REQUEST		request_62	1630222935714	1630222935879	OK	 
REQUEST		request_59	1630222935577	1630222935909	OK	 
REQUEST		request_65	1630222935865	1630222936015	OK	 
REQUEST		request_67	1630222935879	1630222936036	OK	 
REQUEST		request_60	1630222935699	1630222936088	OK	 
REQUEST		request_45	1630222935376	1630222936094	OK	 
REQUEST		request_69	1630222936016	1630222936166	OK	 
REQUEST		request_71	1630222936036	1630222936188	OK	 
REQUEST		request_73	1630222936089	1630222936241	OK	 
REQUEST		request_66	1630222935873	1630222936246	OK	 
REQUEST		request_74	1630222936095	1630222936251	OK	 
REQUEST		request_75	1630222936166	1630222936319	OK	 
REQUEST		request_68	1630222935910	1630222936328	OK	 
REQUEST		request_77	1630222936189	1630222936346	OK	 
REQUEST		request_78	1630222936242	1630222936393	OK	 
REQUEST		request_83	1630222936252	1630222936401	OK	 
REQUEST		request_82	1630222936248	1630222936407	OK	 
REQUEST		request_84	1630222936320	1630222936478	OK	 
REQUEST		request_86	1630222936328	1630222936482	OK	 
REQUEST		request_88	1630222936347	1630222936512	OK	 
REQUEST		request_89	1630222936393	1630222936548	OK	 
REQUEST		request_94	1630222936402	1630222936559	OK	 
REQUEST		request_99	1630222936408	1630222936623	OK	 
REQUEST		request_102	1630222936483	1630222936634	OK	 
REQUEST		request_100	1630222936479	1630222936635	OK	 
REQUEST		request_112	1630222936559	1630222936714	OK	 
REQUEST		request_121	1630222936624	1630222936785	OK	 
REQUEST		request_109	1630222936513	1630222936825	OK	 
REQUEST		request_152	1630222936715	1630222936893	OK	 
REQUEST		request_153	1630222936785	1630222936952	OK	 
REQUEST		request_110	1630222936548	1630222937002	OK	 
REQUEST		request_161	1630222936894	1630222937049	OK	 
REQUEST		request_154	1630222936826	1630222937118	OK	 
REQUEST		request_163	1630222936953	1630222937140	OK	 
REQUEST		request_164	1630222937002	1630222937159	OK	 
REQUEST		request_124	1630222936636	1630222937182	OK	 
REQUEST		request_165	1630222937051	1630222937202	OK	 
REQUEST		request_122	1630222936635	1630222937209	OK	 
REQUEST		request_169	1630222937183	1630222937334	OK	 
REQUEST		request_170	1630222937202	1630222937357	OK	 
REQUEST		request_171	1630222937210	1630222937361	OK	 
REQUEST		request_172	1630222937334	1630222937483	OK	 
REQUEST		request_168	1630222937159	1630222937507	OK	 
REQUEST		request_173	1630222937357	1630222937513	OK	 
REQUEST		request_183	1630222937362	1630222937514	OK	 
REQUEST		request_166	1630222937118	1630222937596	OK	 
REQUEST		request_167	1630222937140	1630222937632	OK	 
REQUEST		request_184	1630222937484	1630222937634	OK	 
REQUEST		request_185	1630222937508	1630222937657	OK	 
REQUEST		request_186	1630222937514	1630222937664	OK	 
REQUEST		request_188	1630222937598	1630222937749	OK	 
REQUEST		request_189	1630222937633	1630222937781	OK	 
REQUEST		request_190	1630222937635	1630222937783	OK	 
REQUEST		request_191	1630222937658	1630222937818	OK	 
REQUEST		request_192	1630222937665	1630222937857	OK	 
REQUEST		request_193	1630222937750	1630222937905	OK	 
REQUEST		request_194	1630222937781	1630222937937	OK	 
REQUEST		request_195	1630222937784	1630222937938	OK	 
REQUEST		request_196	1630222937819	1630222937968	OK	 
REQUEST		request_187	1630222937514	1630222937973	OK	 
REQUEST		request_197	1630222937858	1630222938011	OK	 
REQUEST		request_198	1630222937905	1630222938055	OK	 
REQUEST		request_200	1630222937939	1630222938087	OK	 
REQUEST		request_199	1630222937937	1630222938088	OK	 
REQUEST		request_202	1630222937974	1630222938127	OK	 
REQUEST		request_203	1630222938012	1630222938169	OK	 
REQUEST		request_204	1630222938056	1630222938208	OK	 
REQUEST		request_205	1630222938087	1630222938236	OK	 
REQUEST		request_206	1630222938089	1630222938238	OK	 
REQUEST		request_207	1630222938129	1630222938285	OK	 
REQUEST		request_208	1630222938169	1630222938320	OK	 
REQUEST		request_209	1630222938209	1630222938361	OK	 
REQUEST		request_211	1630222938238	1630222938388	OK	 
REQUEST		request_210	1630222938237	1630222938437	OK	 
REQUEST		request_212	1630222938286	1630222938453	OK	 
REQUEST		request_213	1630222938321	1630222938471	OK	 
REQUEST		request_214	1630222938362	1630222938516	OK	 
REQUEST		request_215	1630222938388	1630222938539	OK	 
REQUEST		request_216	1630222938438	1630222938596	OK	 
REQUEST		request_217	1630222938454	1630222938609	OK	 
REQUEST		request_218	1630222938472	1630222938622	OK	 
REQUEST		request_219	1630222938517	1630222938672	OK	 
REQUEST		request_220	1630222938539	1630222938693	OK	 
REQUEST		request_221	1630222938597	1630222938751	OK	 
REQUEST		request_222	1630222938609	1630222938770	OK	 
REQUEST		request_224	1630222938672	1630222938824	OK	 
REQUEST		request_201	1630222937968	1630222938831	OK	 
REQUEST		request_225	1630222938694	1630222938849	OK	 
REQUEST		request_226	1630222938752	1630222938902	OK	 
REQUEST		request_227	1630222938771	1630222938924	OK	 
REQUEST		request_228	1630222938825	1630222938980	OK	 
REQUEST		request_229	1630222938832	1630222938982	OK	 
REQUEST		request_230	1630222938850	1630222939001	OK	 
REQUEST		request_231	1630222938902	1630222939053	OK	 
REQUEST		request_232	1630222938924	1630222939078	OK	 
REQUEST		request_233	1630222938981	1630222939133	OK	 
REQUEST		request_234	1630222938983	1630222939135	OK	 
REQUEST		request_235	1630222939002	1630222939152	OK	 
REQUEST		request_236	1630222939054	1630222939202	OK	 
REQUEST		request_237	1630222939081	1630222939233	OK	 
REQUEST		request_239	1630222939136	1630222939285	OK	 
REQUEST		request_238	1630222939134	1630222939287	OK	 
REQUEST		request_240	1630222939153	1630222939301	OK	 
REQUEST		request_241	1630222939203	1630222939352	OK	 
REQUEST		request_242	1630222939234	1630222939387	OK	 
REQUEST		request_243	1630222939285	1630222939437	OK	 
REQUEST		request_244	1630222939287	1630222939438	OK	 
REQUEST		request_245	1630222939302	1630222939451	OK	 
REQUEST		request_246	1630222939353	1630222939503	OK	 
REQUEST		request_223	1630222938622	1630222940025	OK	 
REQUEST		request_247	1630222941031	1630222941065	OK	 
ERROR	request_248: Failed to build request: Resource recordedsimulation/0248_request.txt not found 	1630222941065
ERROR	request_302: Failed to build request: Resource recordedsimulation/0302_request.txt not found 	1630222941072
REQUEST		request_278	1630222941076	1630222941143	OK	 
REQUEST		request_292	1630222941091	1630222941144	OK	 
REQUEST		request_300	1630222941093	1630222941145	OK	 
REQUEST		request_299	1630222941091	1630222941155	OK	 
REQUEST		request_252	1630222941078	1630222941191	OK	 
REQUEST		request_303	1630222941092	1630222941192	OK	 
REQUEST		request_295	1630222941113	1630222941194	OK	 
REQUEST		request_306	1630222941116	1630222941195	OK	 
REQUEST		request_281	1630222941094	1630222941201	OK	 
REQUEST		request_297	1630222941121	1630222941202	OK	 
REQUEST		request_308	1630222941122	1630222941211	OK	 
REQUEST		request_298	1630222941122	1630222941215	OK	 
REQUEST		request_289	1630222941093	1630222941219	OK	 
REQUEST		request_293	1630222941114	1630222941233	OK	 
REQUEST		request_294	1630222941115	1630222941235	OK	 
REQUEST		request_274	1630222941112	1630222941266	OK	 
REQUEST		request_254	1630222941118	1630222941274	OK	 
REQUEST		request_313	1630222941077	1630222941281	OK	 
REQUEST		request_257	1630222941119	1630222941286	OK	 
REQUEST		request_312	1630222941077	1630222941290	OK	 
REQUEST		request_255	1630222941119	1630222941302	OK	 
REQUEST		request_253	1630222941117	1630222941307	OK	 
REQUEST		request_260	1630222941138	1630222941348	OK	 
REQUEST		request_249	1630222941090	1630222941357	OK	 
REQUEST		request_309	1630222941139	1630222941363	OK	 
REQUEST		request_285	1630222941094	1630222941372	OK	 
REQUEST		request_275	1630222941113	1630222941374	OK	 
REQUEST		request_303	1630222941193	1630222941405	OK	 
REQUEST		request_306	1630222941195	1630222941409	OK	 
REQUEST		request_258	1630222941123	1630222941491	OK	 
REQUEST		request_316	1630222950494	1630222950651	OK	 
REQUEST		request_317	1630222952652	1630222952674	OK	 
REQUEST		request_319	1630222952678	1630222952731	OK	 
REQUEST		request_318	1630222952676	1630222953419	OK	 
REQUEST		request_321	1630222954421	1630222954467	OK	 
ERROR	request_463: Failed to build request: Resource recordedsimulation/0463_request.txt not found 	1630222954480
ERROR	request_464: Failed to build request: Resource recordedsimulation/0464_request.txt not found 	1630222954480
REQUEST		request_409	1630222954488	1630222954509	OK	 
REQUEST		request_416	1630222954489	1630222954520	OK	 
REQUEST		request_411	1630222954500	1630222954522	OK	 
REQUEST		request_425	1630222954498	1630222954526	OK	 
REQUEST		request_403	1630222954504	1630222954527	OK	 
REQUEST		request_406	1630222954498	1630222954531	OK	 
REQUEST		request_459	1630222954498	1630222954531	OK	 
REQUEST		request_465	1630222954498	1630222954532	OK	 
REQUEST		request_405	1630222954504	1630222954536	OK	 
REQUEST		request_414	1630222954504	1630222954554	OK	 
REQUEST		request_399	1630222954495	1630222954554	OK	 
REQUEST		request_396	1630222954498	1630222954558	OK	 
REQUEST		request_429	1630222954497	1630222954574	OK	 
REQUEST		request_426	1630222954497	1630222954575	OK	 
REQUEST		request_421	1630222954501	1630222954578	OK	 
REQUEST		request_420	1630222954501	1630222954584	OK	 
REQUEST		request_423	1630222954501	1630222954584	OK	 
REQUEST		request_422	1630222954506	1630222954585	OK	 
REQUEST		request_432	1630222954505	1630222954587	OK	 
REQUEST		request_469	1630222954502	1630222954598	OK	 
REQUEST		request_419	1630222954500	1630222954619	OK	 
REQUEST		request_466	1630222954501	1630222954635	OK	 
REQUEST		request_502	1630222954503	1630222954657	OK	 
REQUEST		request_500	1630222954503	1630222954659	OK	 
REQUEST		request_503	1630222954503	1630222954661	OK	 
REQUEST		request_495	1630222954502	1630222954662	OK	 
REQUEST		request_496	1630222954502	1630222954663	OK	 
REQUEST		request_497	1630222954503	1630222954664	OK	 
REQUEST		request_429	1630222954574	1630222954666	OK	 
REQUEST		request_426	1630222954575	1630222954667	OK	 
REQUEST		request_430	1630222954489	1630222954691	OK	 
REQUEST		request_433	1630222954490	1630222954693	OK	 
REQUEST		request_332	1630222954496	1630222954706	OK	 
REQUEST		request_410	1630222954499	1630222954711	OK	 
REQUEST		request_402	1630222954505	1630222954714	OK	 
REQUEST		request_395	1630222954493	1630222954734	OK	 
REQUEST		request_466	1630222954635	1630222954768	OK	 
REQUEST		request_427	1630222954496	1630222954772	OK	 
REQUEST		request_428	1630222954496	1630222954788	OK	 
REQUEST		request_506	1630222954659	1630222954808	OK	 
REQUEST		request_505	1630222954657	1630222954810	OK	 
REQUEST		request_510	1630222954663	1630222954812	OK	 
REQUEST		request_507	1630222954661	1630222954816	OK	 
REQUEST		request_492	1630222954494	1630222954825	OK	 
REQUEST		request_511	1630222954665	1630222954826	OK	 
REQUEST		request_475	1630222954494	1630222954841	OK	 
REQUEST		request_509	1630222954662	1630222954842	OK	 
REQUEST		request_493	1630222954494	1630222954852	OK	 
REQUEST		request_476	1630222954494	1630222954871	OK	 
REQUEST		request_457	1630222954505	1630222954915	OK	 
REQUEST		request_513	1630222954809	1630222954958	OK	 
REQUEST		request_526	1630222954813	1630222954963	OK	 
REQUEST		request_527	1630222954817	1630222954966	OK	 
REQUEST		request_515	1630222954811	1630222954968	OK	 
REQUEST		request_528	1630222954826	1630222954976	OK	 
REQUEST		request_529	1630222954843	1630222954995	OK	 
REQUEST		Login_Check	1630222954491	1630222955011	OK	 
REQUEST		request_327	1630222954490	1630222955027	OK	 
REQUEST		request_501	1630222954735	1630222955108	OK	 
REQUEST		request_538	1630222954958	1630222955114	OK	 
REQUEST		request_539	1630222954963	1630222955114	OK	 
REQUEST		request_542	1630222954969	1630222955121	OK	 
REQUEST		request_540	1630222954966	1630222955123	OK	 
REQUEST		request_468	1630222954495	1630222955127	OK	 
REQUEST		request_544	1630222954976	1630222955132	OK	 
REQUEST		request_467	1630222954494	1630222955136	OK	 
REQUEST		request_470	1630222954495	1630222955142	OK	 
REQUEST		request_545	1630222954995	1630222955151	OK	 
REQUEST		request_550	1630222955114	1630222955263	OK	 
REQUEST		request_552	1630222955115	1630222955269	OK	 
REQUEST		request_553	1630222955122	1630222955273	OK	 
REQUEST		request_554	1630222955124	1630222955282	OK	 
REQUEST		request_555	1630222955132	1630222955289	OK	 
REQUEST		request_556	1630222955151	1630222955311	OK	 
REQUEST		Login_Check	1630222955012	1630222955334	OK	 
REQUEST		request_436	1630222954499	1630222955335	OK	 
REQUEST		request_434	1630222954499	1630222955363	OK	 
REQUEST		request_443	1630222954499	1630222955372	OK	 
REQUEST		request_428	1630222954788	1630222955389	OK	 
REQUEST		request_427	1630222954773	1630222955409	OK	 
REQUEST		request_560	1630222955270	1630222955430	OK	 
REQUEST		request_561	1630222955274	1630222955431	OK	 
REQUEST		request_562	1630222955283	1630222955435	OK	 
REQUEST		request_563	1630222955289	1630222955440	OK	 
REQUEST		request_564	1630222955312	1630222955463	OK	 
REQUEST		request_559	1630222955264	1630222955711	OK	 
REQUEST		request_571	1630222961714	1630222961746	OK	 
USER	RecordedSimulation	END	1630222961783
