RUN	myGatlingProject._002_Registration	-002-registration	1630235462343	ee	3.6.1
USER	RecordedSimulation	START	1630235464275
REQUEST		LaunchHomePage	1630235464309	1630235465971	OK	 
ERROR	request_56: Failed to build request: Resource recordedsimulation/0056_request.txt not found 	1630235466108
ERROR	request_62: Failed to build request: Resource recordedsimulation/0062_request.txt not found 	1630235466109
ERROR	request_91: Failed to build request: Resource recordedsimulation/0091_request.txt not found 	1630235466120
ERROR	request_95: Failed to build request: Resource recordedsimulation/0095_request.txt not found 	1630235466120
ERROR	request_247: Failed to build request: Resource recordedsimulation/0247_request.txt not found 	1630235466131
REQUEST		request_28	1630235466176	1630235466754	OK	 
REQUEST		request_15	1630235466146	1630235466853	OK	 
REQUEST		request_22	1630235466157	1630235466868	OK	 
REQUEST		request_24	1630235466159	1630235466876	OK	 
REQUEST		request_30	1630235466159	1630235466878	OK	 
REQUEST		request_39	1630235466226	1630235466885	OK	 
REQUEST		request_25	1630235466317	1630235466924	OK	 
REQUEST		request_17	1630235466661	1630235466927	OK	 
REQUEST		request_19	1630235466671	1630235466936	OK	 
REQUEST		request_69	1630235466682	1630235466958	OK	 
REQUEST		request_23	1630235466250	1630235466968	OK	 
REQUEST		request_38	1630235466251	1630235466977	OK	 
REQUEST		request_52	1630235466252	1630235466986	OK	 
REQUEST		request_50	1630235466298	1630235466989	OK	 
REQUEST		request_118	1630235466682	1630235466990	OK	 
REQUEST		request_20	1630235466249	1630235467047	OK	 
REQUEST		request_53	1630235466970	1630235467049	OK	 
REQUEST		request_54	1630235466979	1630235467053	OK	 
REQUEST		request_55	1630235466987	1630235467057	OK	 
REQUEST		request_32	1630235466252	1630235467061	OK	 
REQUEST		request_34	1630235466275	1630235467068	OK	 
REQUEST		request_36	1630235466286	1630235467073	OK	 
REQUEST		request_66	1630235466286	1630235467075	OK	 
REQUEST		request_9	1630235466308	1630235467100	OK	 
REQUEST		request_26	1630235466203	1630235467110	OK	 
REQUEST		request_57	1630235467048	1630235467119	OK	 
REQUEST		request_58	1630235467050	1630235467128	OK	 
REQUEST		request_29	1630235466250	1630235467148	OK	 
REQUEST		request_59	1630235467054	1630235467152	OK	 
REQUEST		request_49	1630235466251	1630235467155	OK	 
REQUEST		request_60	1630235467059	1630235467158	OK	 
REQUEST		request_61	1630235467120	1630235467164	OK	 
REQUEST		request_67	1630235467131	1630235467179	OK	 
REQUEST		request_249	1630235467150	1630235467187	OK	 
REQUEST		request_43	1630235466236	1630235467244	OK	 
REQUEST		request_66	1630235467085	1630235467454	OK	 
REQUEST		request_41	1630235466160	1630235467489	OK	 
REQUEST		request_51	1630235466172	1630235467528	OK	 
REQUEST		request_64	1630235466174	1630235467531	OK	 
REQUEST		request_88	1630235466188	1630235467553	OK	 
REQUEST		request_89	1630235466200	1630235467555	OK	 
REQUEST		request_90	1630235466202	1630235467610	OK	 
REQUEST		request_146	1630235466238	1630235467620	OK	 
REQUEST		favicon-by-fb-1f05deec69.png	1630235466327	1630235467625	OK	 
REQUEST		request_1	1630235466618	1630235467638	OK	 
REQUEST		request_2	1630235466618	1630235467648	OK	 
REQUEST		request_3	1630235466619	1630235467730	OK	 
REQUEST		request_7	1630235466619	1630235467733	OK	 
REQUEST		request_8	1630235466659	1630235467737	OK	 
REQUEST		request_63	1630235466660	1630235467740	OK	 
REQUEST		request_81	1630235466660	1630235467744	OK	 
REQUEST		request_82	1630235466660	1630235467756	OK	 
REQUEST		request_86	1630235466661	1630235467760	OK	 
REQUEST		request_41	1630235467524	1630235467793	OK	 
REQUEST		request_16	1630235466287	1630235467801	OK	 
REQUEST		request_4	1630235467626	1630235467803	OK	 
REQUEST		core-dfb5bbecaa.js	1630235466617	1630235467806	OK	 
REQUEST		request_6	1630235467640	1630235467808	OK	 
REQUEST		request_79	1630235466692	1630235467810	OK	 
REQUEST		request_84	1630235466701	1630235467813	OK	 
REQUEST		request_128	1630235466703	1630235467816	OK	 
REQUEST		request_46	1630235466703	1630235467819	OK	 
REQUEST		request_11	1630235466716	1630235467826	OK	 
REQUEST		request_68	1630235466744	1630235467833	OK	 
REQUEST		request_72	1630235466746	1630235467838	OK	 
REQUEST		request_73	1630235466746	1630235467841	OK	 
REQUEST		request_111	1630235466274	1630235467844	OK	 
REQUEST		request_112	1630235466274	1630235467845	OK	 
REQUEST		request_78	1630235466181	1630235467862	OK	 
REQUEST		request_110	1630235466262	1630235467865	OK	 
REQUEST		request_85	1630235466184	1630235467868	OK	 
REQUEST		request_18	1630235467727	1630235467888	OK	 
REQUEST		request_83	1630235466183	1630235467894	OK	 
REQUEST		request_100	1630235467734	1630235467898	OK	 
REQUEST		request_102	1630235467738	1630235467904	OK	 
REQUEST		request_35	1630235466180	1630235467908	OK	 
REQUEST		request_87	1630235466186	1630235467910	OK	 
REQUEST		request_103	1630235467741	1630235467914	OK	 
REQUEST		request_104	1630235467747	1630235467920	OK	 
REQUEST		request_105	1630235467757	1630235467923	OK	 
REQUEST		request_106	1630235467762	1630235467926	OK	 
REQUEST		request_66	1630235467456	1630235467935	OK	 
REQUEST		alice-home-d5088827a7.css	1630235466617	1630235467960	OK	 
REQUEST		request_71	1630235466745	1630235467984	OK	 
REQUEST		request_92	1630235466702	1630235467996	OK	 
REQUEST		request_120	1630235466702	1630235468002	OK	 
REQUEST		request_127	1630235466703	1630235468005	OK	 
REQUEST		request_75	1630235467835	1630235468008	OK	 
REQUEST		request_74	1630235467827	1630235468018	OK	 
REQUEST		request_76	1630235467839	1630235468021	OK	 
REQUEST		request_77	1630235467842	1630235468025	OK	 
REQUEST		request_129	1630235467811	1630235468029	OK	 
REQUEST		request_130	1630235467814	1630235468030	OK	 
REQUEST		request_131	1630235467817	1630235468032	OK	 
REQUEST		request_107	1630235467900	1630235468055	OK	 
REQUEST		request_108	1630235467905	1630235468058	OK	 
REQUEST		request_43	1630235467248	1630235468069	OK	 
REQUEST		request_113	1630235467916	1630235468072	OK	 
REQUEST		request_114	1630235467921	1630235468075	OK	 
REQUEST		request_115	1630235467924	1630235468077	OK	 
REQUEST		request_116	1630235467927	1630235468081	OK	 
REQUEST		request_97	1630235468010	1630235468207	OK	 
REQUEST		request_132	1630235467997	1630235468209	OK	 
REQUEST		request_101	1630235468027	1630235468210	OK	 
REQUEST		request_117	1630235468056	1630235468212	OK	 
REQUEST		request_13	1630235466744	1630235468215	OK	 
REQUEST		request_99	1630235468023	1630235468217	OK	 
REQUEST		request_119	1630235468059	1630235468218	OK	 
REQUEST		request_153	1630235468003	1630235468220	OK	 
REQUEST		request_98	1630235468020	1630235468228	OK	 
REQUEST		request_123	1630235468079	1630235468230	OK	 
REQUEST		request_121	1630235468073	1630235468233	OK	 
REQUEST		request_122	1630235468076	1630235468235	OK	 
REQUEST		request_124	1630235468083	1630235468237	OK	 
REQUEST		request_125	1630235468213	1630235468367	OK	 
REQUEST		request_126	1630235468219	1630235468372	OK	 
REQUEST		request_133	1630235468231	1630235468387	OK	 
REQUEST		request_134	1630235468234	1630235468389	OK	 
REQUEST		request_135	1630235468235	1630235468392	OK	 
REQUEST		request_136	1630235468238	1630235468395	OK	 
REQUEST		request_109	1630235468207	1630235468425	OK	 
REQUEST		request_137	1630235468367	1630235468520	OK	 
REQUEST		request_138	1630235468373	1630235468526	OK	 
REQUEST		request_140	1630235468388	1630235468546	OK	 
REQUEST		request_141	1630235468390	1630235468552	OK	 
REQUEST		request_142	1630235468393	1630235468554	OK	 
REQUEST		request_143	1630235468396	1630235468556	OK	 
REQUEST		request_96	1630235467992	1630235468600	OK	 
REQUEST		request_144	1630235468523	1630235468674	OK	 
REQUEST		request_145	1630235468528	1630235468681	OK	 
REQUEST		request_147	1630235468547	1630235468702	OK	 
REQUEST		request_148	1630235468553	1630235468705	OK	 
REQUEST		request_149	1630235468555	1630235468707	OK	 
REQUEST		request_150	1630235468556	1630235468709	OK	 
REQUEST		request_151	1630235468674	1630235468823	OK	 
REQUEST		request_152	1630235468682	1630235468838	OK	 
REQUEST		request_154	1630235468703	1630235468853	OK	 
REQUEST		request_156	1630235468708	1630235468858	OK	 
REQUEST		request_155	1630235468705	1630235468860	OK	 
REQUEST		request_157	1630235468710	1630235468862	OK	 
REQUEST		request_158	1630235468824	1630235468984	OK	 
REQUEST		request_159	1630235468838	1630235468992	OK	 
REQUEST		request_160	1630235468854	1630235469004	OK	 
REQUEST		request_161	1630235468858	1630235469009	OK	 
REQUEST		request_162	1630235468861	1630235469016	OK	 
REQUEST		request_163	1630235468863	1630235469021	OK	 
REQUEST		request_164	1630235468985	1630235469139	OK	 
REQUEST		request_165	1630235468993	1630235469146	OK	 
REQUEST		request_166	1630235469005	1630235469156	OK	 
REQUEST		request_167	1630235469010	1630235469161	OK	 
REQUEST		request_168	1630235469016	1630235469171	OK	 
REQUEST		request_169	1630235469021	1630235469172	OK	 
REQUEST		request_170	1630235469140	1630235469290	OK	 
REQUEST		request_171	1630235469146	1630235469300	OK	 
REQUEST		request_172	1630235469156	1630235469307	OK	 
REQUEST		request_173	1630235469162	1630235469312	OK	 
REQUEST		request_174	1630235469172	1630235469323	OK	 
REQUEST		request_175	1630235469173	1630235469324	OK	 
REQUEST		request_176	1630235469291	1630235469444	OK	 
REQUEST		request_177	1630235469300	1630235469450	OK	 
REQUEST		request_178	1630235469308	1630235469457	OK	 
REQUEST		request_179	1630235469314	1630235469464	OK	 
REQUEST		request_181	1630235469324	1630235469473	OK	 
REQUEST		request_180	1630235469323	1630235469475	OK	 
REQUEST		request_182	1630235469445	1630235469601	OK	 
REQUEST		request_183	1630235469450	1630235469604	OK	 
REQUEST		request_184	1630235469458	1630235469607	OK	 
REQUEST		request_185	1630235469465	1630235469619	OK	 
REQUEST		request_186	1630235469474	1630235469623	OK	 
REQUEST		request_187	1630235469475	1630235469624	OK	 
REQUEST		request_188	1630235469603	1630235469755	OK	 
REQUEST		request_189	1630235469605	1630235469757	OK	 
REQUEST		request_190	1630235469608	1630235469759	OK	 
REQUEST		request_191	1630235469620	1630235469770	OK	 
REQUEST		request_192	1630235469624	1630235469772	OK	 
REQUEST		request_193	1630235469625	1630235469774	OK	 
REQUEST		request_194	1630235469756	1630235469906	OK	 
REQUEST		request_195	1630235469757	1630235469908	OK	 
REQUEST		request_196	1630235469759	1630235469910	OK	 
REQUEST		request_197	1630235469771	1630235469920	OK	 
REQUEST		request_198	1630235469773	1630235469922	OK	 
REQUEST		request_199	1630235469775	1630235469926	OK	 
REQUEST		request_202	1630235469910	1630235470060	OK	 
REQUEST		request_200	1630235469906	1630235470066	OK	 
REQUEST		request_201	1630235469909	1630235470067	OK	 
REQUEST		request_203	1630235469921	1630235470074	OK	 
REQUEST		request_205	1630235469926	1630235470076	OK	 
REQUEST		request_204	1630235469922	1630235470080	OK	 
REQUEST		request_206	1630235470061	1630235470211	OK	 
REQUEST		request_208	1630235470067	1630235470221	OK	 
REQUEST		request_207	1630235470066	1630235470222	OK	 
REQUEST		request_209	1630235470075	1630235470224	OK	 
REQUEST		request_210	1630235470077	1630235470228	OK	 
REQUEST		request_211	1630235470080	1630235470231	OK	 
REQUEST		request_212	1630235470213	1630235470363	OK	 
REQUEST		request_213	1630235470221	1630235470371	OK	 
REQUEST		request_214	1630235470222	1630235470373	OK	 
REQUEST		request_215	1630235470225	1630235470374	OK	 
REQUEST		request_216	1630235470229	1630235470381	OK	 
REQUEST		request_217	1630235470232	1630235470382	OK	 
REQUEST		request_218	1630235470364	1630235470516	OK	 
REQUEST		request_220	1630235470373	1630235470523	OK	 
REQUEST		request_219	1630235470372	1630235470525	OK	 
REQUEST		request_221	1630235470374	1630235470527	OK	 
REQUEST		request_223	1630235470382	1630235470534	OK	 
REQUEST		request_222	1630235470381	1630235470539	OK	 
REQUEST		request_224	1630235470518	1630235470670	OK	 
REQUEST		request_225	1630235470524	1630235470674	OK	 
REQUEST		request_226	1630235470526	1630235470678	OK	 
REQUEST		request_227	1630235470529	1630235470680	OK	 
REQUEST		request_228	1630235470537	1630235470688	OK	 
REQUEST		request_229	1630235470540	1630235470692	OK	 
REQUEST		request_230	1630235470670	1630235470821	OK	 
REQUEST		request_231	1630235470675	1630235470825	OK	 
REQUEST		request_232	1630235470678	1630235470831	OK	 
REQUEST		request_233	1630235470680	1630235470833	OK	 
REQUEST		request_234	1630235470688	1630235470837	OK	 
REQUEST		request_235	1630235470693	1630235470848	OK	 
REQUEST		request_236	1630235470822	1630235470974	OK	 
REQUEST		request_237	1630235470826	1630235470976	OK	 
REQUEST		request_239	1630235470833	1630235470983	OK	 
REQUEST		request_240	1630235470838	1630235470987	OK	 
REQUEST		request_241	1630235470848	1630235470998	OK	 
REQUEST		request_242	1630235470974	1630235471127	OK	 
REQUEST		request_243	1630235470977	1630235471128	OK	 
REQUEST		request_244	1630235470983	1630235471135	OK	 
REQUEST		request_245	1630235470987	1630235471137	OK	 
REQUEST		request_246	1630235470999	1630235471149	OK	 
REQUEST		request_238	1630235470832	1630235471268	OK	 
REQUEST		request_248	1630235471127	1630235471276	OK	 
REQUEST		request_251	1630235473280	1630235473315	OK	 
REQUEST		request_252	1630235474317	1630235474342	OK	 
ERROR	request_310: Failed to build request: Resource recordedsimulation/0310_request.txt not found 	1630235474347
ERROR	request_314: Failed to build request: Resource recordedsimulation/0314_request.txt not found 	1630235474347
REQUEST		request_303	1630235474371	1630235474450	OK	 
REQUEST		request_301	1630235474372	1630235474451	OK	 
REQUEST		request_302	1630235474373	1630235474451	OK	 
REQUEST		request_306	1630235474372	1630235474465	OK	 
REQUEST		request_311	1630235474445	1630235474495	OK	 
REQUEST		request_287	1630235474399	1630235474497	OK	 
REQUEST		request_256	1630235474351	1630235474500	OK	 
REQUEST		request_304	1630235474445	1630235474501	OK	 
REQUEST		request_286	1630235474373	1630235474517	OK	 
REQUEST		request_259	1630235474350	1630235474518	OK	 
REQUEST		request_261	1630235474350	1630235474522	OK	 
REQUEST		request_258	1630235474349	1630235474525	OK	 
REQUEST		request_285	1630235474374	1630235474533	OK	 
REQUEST		request_262	1630235474350	1630235474534	OK	 
REQUEST		request_288	1630235474400	1630235474547	OK	 
REQUEST		request_317	1630235474351	1630235474560	OK	 
REQUEST		request_309	1630235474351	1630235474567	OK	 
REQUEST		request_264	1630235474398	1630235474581	OK	 
REQUEST		request_293	1630235474374	1630235474588	OK	 
REQUEST		request_280	1630235474387	1630235474588	OK	 
REQUEST		request_269	1630235474444	1630235474598	OK	 
REQUEST		request_318	1630235474399	1630235474614	OK	 
REQUEST		request_253	1630235474371	1630235474619	OK	 
REQUEST		request_315	1630235474447	1630235474647	OK	 
REQUEST		request_312	1630235474446	1630235474648	OK	 
REQUEST		request_313	1630235474446	1630235474649	OK	 
REQUEST		request_316	1630235474447	1630235474652	OK	 
REQUEST		request_306	1630235474465	1630235474678	OK	 
REQUEST		request_257	1630235474387	1630235474786	OK	 
REQUEST		request_279	1630235474400	1630235475193	OK	 
REQUEST		request_319	1630235478195	1630235478351	OK	 
REQUEST		request_321	1630235482353	1630235482375	OK	 
REQUEST		request_323	1630235482376	1630235482426	OK	 
REQUEST		request_322	1630235482376	1630235482948	OK	 
REQUEST		request_324	1630235483950	1630235483963	OK	 
ERROR	request_325: Failed to build request: Resource recordedsimulation/0325_request.txt not found 	1630235489965
REQUEST		Registration	1630235498972	1630235499414	OK	 
ERROR	request_463: Failed to build request: Resource recordedsimulation/0463_request.txt not found 	1630235499438
ERROR	request_465: Failed to build request: Resource recordedsimulation/0465_request.txt not found 	1630235499438
ERROR	request_467: Failed to build request: Resource recordedsimulation/0467_request.txt not found 	1630235499438
REQUEST		request_407	1630235499459	1630235499521	OK	 
REQUEST		request_414	1630235499460	1630235499523	OK	 
REQUEST		request_418	1630235499460	1630235499527	OK	 
REQUEST		request_461	1630235499461	1630235499534	OK	 
REQUEST		request_451	1630235499479	1630235499536	OK	 
REQUEST		request_406	1630235499477	1630235499540	OK	 
REQUEST		request_450	1630235499478	1630235499544	OK	 
REQUEST		request_452	1630235499480	1630235499548	OK	 
REQUEST		request_400	1630235499464	1630235499552	OK	 
REQUEST		request_424	1630235499477	1630235499555	OK	 
REQUEST		request_462	1630235499508	1630235499558	OK	 
REQUEST		request_410	1630235499498	1630235499561	OK	 
REQUEST		request_402	1630235499499	1630235499565	OK	 
REQUEST		request_405	1630235499499	1630235499566	OK	 
REQUEST		request_397	1630235499476	1630235499573	OK	 
REQUEST		request_453	1630235499537	1630235499575	OK	 
REQUEST		request_454	1630235499542	1630235499578	OK	 
REQUEST		request_455	1630235499546	1630235499579	OK	 
REQUEST		request_456	1630235499549	1630235499581	OK	 
REQUEST		request_417	1630235499500	1630235499583	OK	 
REQUEST		request_427	1630235499497	1630235499588	OK	 
REQUEST		request_457	1630235499555	1630235499589	OK	 
REQUEST		request_415	1630235499504	1630235499594	OK	 
REQUEST		request_466	1630235499505	1630235499597	OK	 
REQUEST		request_416	1630235499505	1630235499605	OK	 
REQUEST		request_513	1630235499455	1630235499606	OK	 
REQUEST		request_458	1630235499574	1630235499607	OK	 
REQUEST		request_514	1630235499455	1630235499608	OK	 
REQUEST		request_515	1630235499456	1630235499611	OK	 
REQUEST		request_518	1630235499457	1630235499614	OK	 
REQUEST		request_521	1630235499457	1630235499630	OK	 
REQUEST		request_335	1630235499498	1630235499636	OK	 
REQUEST		request_524	1630235499458	1630235499654	OK	 
REQUEST		request_403	1630235499507	1630235499658	OK	 
REQUEST		request_425	1630235499461	1630235499662	OK	 
REQUEST		request_468	1630235499462	1630235499666	OK	 
REQUEST		request_449	1630235499462	1630235499668	OK	 
REQUEST		request_396	1630235499463	1630235499686	OK	 
REQUEST		request_411	1630235499480	1630235499695	OK	 
REQUEST		request_516	1630235499511	1630235499711	OK	 
REQUEST		request_520	1630235499514	1630235499716	OK	 
REQUEST		request_519	1630235499513	1630235499718	OK	 
REQUEST		request_517	1630235499512	1630235499719	OK	 
REQUEST		request_404	1630235499514	1630235499720	OK	 
REQUEST		request_469	1630235499509	1630235499725	OK	 
REQUEST		request_483	1630235499510	1630235499726	OK	 
REQUEST		sdk.js	1630235499465	1630235499748	OK	 
REQUEST		request_466	1630235499598	1630235499759	OK	 
REQUEST		request_525	1630235499606	1630235499764	OK	 
REQUEST		api:client.js?onload=googleAsyncInit	1630235499500	1630235499766	OK	 
REQUEST		request_526	1630235499609	1630235499767	OK	 
REQUEST		request_527	1630235499613	1630235499769	OK	 
REQUEST		request_528	1630235499615	1630235499772	OK	 
REQUEST		request_529	1630235499630	1630235499780	OK	 
REQUEST		request_422	1630235499464	1630235499786	OK	 
REQUEST		request_474	1630235499463	1630235499803	OK	 
REQUEST		request_530	1630235499655	1630235499806	OK	 
REQUEST		request_480	1630235499464	1630235499818	OK	 
REQUEST		request_475	1630235499463	1630235499821	OK	 
REQUEST		request_481	1630235499464	1630235499823	OK	 
REQUEST		request_466	1630235499761	1630235499844	OK	 
REQUEST		request_522	1630235499712	1630235499913	OK	 
REQUEST		request_531	1630235499765	1630235499916	OK	 
REQUEST		request_523	1630235499717	1630235499919	OK	 
REQUEST		request_532	1630235499768	1630235499920	OK	 
REQUEST		request_533	1630235499770	1630235499922	OK	 
REQUEST		request_534	1630235499772	1630235499932	OK	 
REQUEST		request_535	1630235499781	1630235499935	OK	 
REQUEST		request_536	1630235499807	1630235499970	OK	 
REQUEST		request_537	1630235499917	1630235500073	OK	 
REQUEST		request_539	1630235499923	1630235500074	OK	 
REQUEST		request_538	1630235499921	1630235500075	OK	 
REQUEST		request_540	1630235499933	1630235500087	OK	 
REQUEST		request_542	1630235499971	1630235500130	OK	 
REQUEST		request_470	1630235499501	1630235500137	OK	 
REQUEST		request_471	1630235499502	1630235500163	OK	 
REQUEST		request_472	1630235499502	1630235500170	OK	 
REQUEST		request_545	1630235500076	1630235500227	OK	 
REQUEST		request_543	1630235500073	1630235500229	OK	 
REQUEST		request_544	1630235500074	1630235500230	OK	 
REQUEST		request_546	1630235500087	1630235500238	OK	 
REQUEST		request_547	1630235500130	1630235500283	OK	 
REQUEST		request_429	1630235499496	1630235500347	OK	 
REQUEST		request_428	1630235499481	1630235500368	OK	 
REQUEST		request_548	1630235500228	1630235500379	OK	 
REQUEST		request_549	1630235500229	1630235500381	OK	 
REQUEST		request_550	1630235500230	1630235500382	OK	 
REQUEST		request_438	1630235499497	1630235500390	OK	 
REQUEST		request_551	1630235500239	1630235500394	OK	 
REQUEST		request_552	1630235500283	1630235500435	OK	 
REQUEST		request_422	1630235499786	1630235500453	OK	 
REQUEST		request_553	1630235500380	1630235500531	OK	 
REQUEST		request_555	1630235500382	1630235500533	OK	 
REQUEST		request_554	1630235500382	1630235500534	OK	 
REQUEST		request_556	1630235500395	1630235500546	OK	 
REQUEST		request_557	1630235500435	1630235500590	OK	 
REQUEST		request_558	1630235500531	1630235500683	OK	 
REQUEST		request_559	1630235500534	1630235500684	OK	 
REQUEST		request_560	1630235500534	1630235500685	OK	 
REQUEST		request_561	1630235500546	1630235500697	OK	 
REQUEST		request_541	1630235499935	1630235500706	OK	 
REQUEST		request_562	1630235500591	1630235500743	OK	 
REQUEST		request_563	1630235500684	1630235500835	OK	 
REQUEST		request_434	1630235499517	1630235503257	OK	 
REQUEST		request_568	1630235506259	1630235506290	OK	 
USER	RecordedSimulation	END	1630235508304
