RUN	myGatlingProject._002_Registration	-002-registration	1630238407245	 	3.6.1
USER	RecordedSimulation	START	1630238408745
REQUEST		LaunchHomePage	1630238408776	1630238410421	OK	 
ERROR	request_56: Failed to build request: Resource recordedsimulation/0056_request.txt not found 	1630238410540
ERROR	request_62: Failed to build request: Resource recordedsimulation/0062_request.txt not found 	1630238410541
ERROR	request_91: Failed to build request: Resource recordedsimulation/0091_request.txt not found 	1630238410549
ERROR	request_95: Failed to build request: Resource recordedsimulation/0095_request.txt not found 	1630238410549
ERROR	request_247: Failed to build request: Resource recordedsimulation/0247_request.txt not found 	1630238410557
REQUEST		request_28	1630238410594	1630238411177	OK	 
REQUEST		request_15	1630238410567	1630238411260	OK	 
REQUEST		request_22	1630238410579	1630238411269	OK	 
REQUEST		request_24	1630238410580	1630238411275	OK	 
REQUEST		request_30	1630238410581	1630238411277	OK	 
REQUEST		request_39	1630238410610	1630238411280	OK	 
REQUEST		request_146	1630238410633	1630238411282	OK	 
REQUEST		request_25	1630238410719	1630238411312	OK	 
REQUEST		request_17	1630238411048	1630238411314	OK	 
REQUEST		request_19	1630238411059	1630238411317	OK	 
REQUEST		request_69	1630238411073	1630238411332	OK	 
REQUEST		request_118	1630238411073	1630238411333	OK	 
REQUEST		request_20	1630238410644	1630238411337	OK	 
REQUEST		request_23	1630238410644	1630238411339	OK	 
REQUEST		request_38	1630238410646	1630238411341	OK	 
REQUEST		request_52	1630238410647	1630238411342	OK	 
REQUEST		request_50	1630238410695	1630238411345	OK	 
REQUEST		request_53	1630238411338	1630238411362	OK	 
REQUEST		request_54	1630238411340	1630238411363	OK	 
REQUEST		request_55	1630238411341	1630238411364	OK	 
REQUEST		request_57	1630238411343	1630238411365	OK	 
REQUEST		request_58	1630238411362	1630238411376	OK	 
REQUEST		request_59	1630238411363	1630238411377	OK	 
REQUEST		request_49	1630238410646	1630238411378	OK	 
REQUEST		request_60	1630238411365	1630238411380	OK	 
REQUEST		request_61	1630238411366	1630238411388	OK	 
REQUEST		request_34	1630238410672	1630238411390	OK	 
REQUEST		request_36	1630238410683	1630238411392	OK	 
REQUEST		request_67	1630238411376	1630238411398	OK	 
REQUEST		request_249	1630238411377	1630238411398	OK	 
REQUEST		request_66	1630238410683	1630238411399	OK	 
REQUEST		request_9	1630238410707	1630238411413	OK	 
REQUEST		request_32	1630238410648	1630238411435	OK	 
REQUEST		request_29	1630238410645	1630238411455	OK	 
REQUEST		request_26	1630238410599	1630238411476	OK	 
REQUEST		request_43	1630238410621	1630238411519	OK	 
REQUEST		request_66	1630238411402	1630238411589	OK	 
REQUEST		request_51	1630238410592	1630238411772	OK	 
REQUEST		request_41	1630238410581	1630238411775	OK	 
REQUEST		request_66	1630238411590	1630238411785	OK	 
REQUEST		favicon-by-fb-1f05deec69.png	1630238410730	1630238411802	OK	 
REQUEST		request_2	1630238411031	1630238411820	OK	 
REQUEST		request_64	1630238410593	1630238411875	OK	 
REQUEST		request_88	1630238410597	1630238411880	OK	 
REQUEST		request_89	1630238410598	1630238411881	OK	 
REQUEST		request_90	1630238410598	1630238411882	OK	 
REQUEST		request_1	1630238411030	1630238411892	OK	 
REQUEST		request_3	1630238411032	1630238411895	OK	 
REQUEST		request_7	1630238411032	1630238411896	OK	 
REQUEST		request_63	1630238411046	1630238411898	OK	 
REQUEST		request_81	1630238411047	1630238411900	OK	 
REQUEST		request_82	1630238411047	1630238411902	OK	 
REQUEST		request_86	1630238411048	1630238411903	OK	 
REQUEST		request_11	1630238411155	1630238411916	OK	 
REQUEST		request_13	1630238411168	1630238411925	OK	 
REQUEST		request_68	1630238411169	1630238411929	OK	 
REQUEST		request_72	1630238411170	1630238411932	OK	 
REQUEST		request_73	1630238411170	1630238411934	OK	 
REQUEST		request_8	1630238411046	1630238411936	OK	 
REQUEST		request_4	1630238411803	1630238411959	OK	 
REQUEST		core-dfb5bbecaa.js	1630238411030	1630238411965	OK	 
REQUEST		request_41	1630238411784	1630238411988	OK	 
REQUEST		request_46	1630238411100	1630238411996	OK	 
REQUEST		request_120	1630238411098	1630238412002	OK	 
REQUEST		request_128	1630238411099	1630238412004	OK	 
REQUEST		request_110	1630238410660	1630238412020	OK	 
REQUEST		request_6	1630238411871	1630238412022	OK	 
REQUEST		request_18	1630238411894	1630238412054	OK	 
REQUEST		request_102	1630238411899	1630238412055	OK	 
REQUEST		request_103	1630238411900	1630238412062	OK	 
REQUEST		request_105	1630238411904	1630238412064	OK	 
REQUEST		request_100	1630238411897	1630238412066	OK	 
REQUEST		request_104	1630238411902	1630238412068	OK	 
REQUEST		request_74	1630238411917	1630238412071	OK	 
REQUEST		request_76	1630238411929	1630238412083	OK	 
REQUEST		request_77	1630238411933	1630238412087	OK	 
REQUEST		request_106	1630238411936	1630238412098	OK	 
REQUEST		request_112	1630238410671	1630238412104	OK	 
REQUEST		request_85	1630238410596	1630238412115	OK	 
REQUEST		request_79	1630238411086	1630238412117	OK	 
REQUEST		request_84	1630238411097	1630238412119	OK	 
REQUEST		request_92	1630238411097	1630238412124	OK	 
REQUEST		request_83	1630238410596	1630238412126	OK	 
REQUEST		request_127	1630238411099	1630238412127	OK	 
REQUEST		request_43	1630238411521	1630238412144	OK	 
REQUEST		alice-home-d5088827a7.css	1630238411029	1630238412153	OK	 
REQUEST		request_16	1630238410684	1630238412164	OK	 
REQUEST		request_71	1630238411169	1630238412185	OK	 
REQUEST		request_35	1630238410595	1630238412197	OK	 
REQUEST		request_129	1630238412002	1630238412203	OK	 
REQUEST		request_130	1630238412004	1630238412203	OK	 
REQUEST		request_75	1630238411926	1630238412208	OK	 
REQUEST		request_78	1630238410595	1630238412211	OK	 
REQUEST		request_107	1630238412056	1630238412217	OK	 
REQUEST		request_113	1630238412064	1630238412224	OK	 
REQUEST		request_97	1630238412071	1630238412233	OK	 
REQUEST		request_87	1630238410596	1630238412244	OK	 
REQUEST		request_99	1630238412087	1630238412257	OK	 
REQUEST		request_116	1630238412099	1630238412268	OK	 
REQUEST		request_98	1630238412083	1630238412280	OK	 
REQUEST		request_115	1630238412069	1630238412293	OK	 
REQUEST		request_108	1630238412063	1630238412295	OK	 
REQUEST		request_114	1630238412067	1630238412312	OK	 
REQUEST		request_111	1630238410671	1630238412326	OK	 
REQUEST		request_132	1630238412120	1630238412328	OK	 
REQUEST		request_131	1630238412117	1630238412330	OK	 
REQUEST		request_153	1630238412125	1630238412332	OK	 
REQUEST		request_101	1630238412185	1630238412345	OK	 
REQUEST		request_117	1630238412218	1630238412377	OK	 
REQUEST		request_96	1630238411935	1630238412384	OK	 
REQUEST		request_119	1630238412225	1630238412411	OK	 
REQUEST		request_121	1630238412269	1630238412428	OK	 
REQUEST		request_109	1630238412209	1630238412437	OK	 
REQUEST		request_123	1630238412296	1630238412453	OK	 
REQUEST		request_122	1630238412294	1630238412460	OK	 
REQUEST		request_124	1630238412313	1630238412473	OK	 
REQUEST		request_125	1630238412378	1630238412546	OK	 
REQUEST		request_126	1630238412411	1630238412576	OK	 
REQUEST		request_133	1630238412429	1630238412586	OK	 
REQUEST		request_135	1630238412460	1630238412617	OK	 
REQUEST		request_134	1630238412453	1630238412619	OK	 
REQUEST		request_136	1630238412473	1630238412631	OK	 
REQUEST		request_137	1630238412546	1630238412713	OK	 
REQUEST		request_138	1630238412577	1630238412740	OK	 
REQUEST		request_140	1630238412588	1630238412745	OK	 
REQUEST		request_142	1630238412619	1630238412775	OK	 
REQUEST		request_141	1630238412618	1630238412776	OK	 
REQUEST		request_143	1630238412632	1630238412787	OK	 
REQUEST		request_144	1630238412713	1630238412865	OK	 
REQUEST		request_147	1630238412745	1630238412898	OK	 
REQUEST		request_145	1630238412741	1630238412899	OK	 
REQUEST		request_148	1630238412775	1630238412939	OK	 
REQUEST		request_149	1630238412777	1630238412943	OK	 
REQUEST		request_150	1630238412787	1630238412949	OK	 
REQUEST		request_151	1630238412865	1630238413031	OK	 
REQUEST		request_154	1630238412899	1630238413056	OK	 
REQUEST		request_152	1630238412898	1630238413058	OK	 
REQUEST		request_156	1630238412944	1630238413096	OK	 
REQUEST		request_157	1630238412950	1630238413104	OK	 
REQUEST		request_155	1630238412941	1630238413105	OK	 
REQUEST		request_158	1630238413031	1630238413198	OK	 
REQUEST		request_159	1630238413056	1630238413207	OK	 
REQUEST		request_160	1630238413058	1630238413212	OK	 
REQUEST		request_161	1630238413097	1630238413257	OK	 
REQUEST		request_163	1630238413106	1630238413265	OK	 
REQUEST		request_162	1630238413104	1630238413268	OK	 
REQUEST		request_164	1630238413198	1630238413357	OK	 
REQUEST		request_165	1630238413207	1630238413367	OK	 
REQUEST		request_166	1630238413213	1630238413371	OK	 
REQUEST		request_167	1630238413258	1630238413434	OK	 
REQUEST		request_169	1630238413268	1630238413438	OK	 
REQUEST		request_168	1630238413266	1630238413444	OK	 
REQUEST		request_170	1630238413357	1630238413511	OK	 
REQUEST		request_172	1630238413372	1630238413526	OK	 
REQUEST		request_171	1630238413368	1630238413536	OK	 
REQUEST		request_173	1630238413435	1630238413592	OK	 
REQUEST		request_175	1630238413444	1630238413597	OK	 
REQUEST		request_174	1630238413439	1630238413600	OK	 
REQUEST		request_176	1630238413511	1630238413665	OK	 
REQUEST		request_177	1630238413527	1630238413679	OK	 
REQUEST		request_178	1630238413537	1630238413705	OK	 
REQUEST		request_180	1630238413597	1630238413757	OK	 
REQUEST		request_179	1630238413592	1630238413763	OK	 
REQUEST		request_181	1630238413601	1630238413764	OK	 
REQUEST		request_183	1630238413680	1630238413871	OK	 
REQUEST		request_185	1630238413758	1630238413916	OK	 
REQUEST		request_187	1630238413765	1630238413917	OK	 
REQUEST		request_186	1630238413764	1630238413918	OK	 
REQUEST		request_188	1630238413872	1630238414029	OK	 
REQUEST		request_190	1630238413918	1630238414082	OK	 
REQUEST		request_189	1630238413917	1630238414083	OK	 
REQUEST		request_191	1630238413919	1630238414085	OK	 
REQUEST		request_192	1630238414029	1630238414183	OK	 
REQUEST		request_193	1630238414082	1630238414235	OK	 
REQUEST		request_195	1630238414085	1630238414236	OK	 
REQUEST		request_194	1630238414084	1630238414238	OK	 
REQUEST		request_196	1630238414183	1630238414332	OK	 
REQUEST		request_198	1630238414236	1630238414386	OK	 
REQUEST		request_197	1630238414235	1630238414387	OK	 
REQUEST		request_199	1630238414238	1630238414388	OK	 
REQUEST		request_200	1630238414333	1630238414490	OK	 
REQUEST		request_201	1630238414386	1630238414539	OK	 
REQUEST		request_203	1630238414388	1630238414541	OK	 
REQUEST		request_202	1630238414387	1630238414545	OK	 
REQUEST		request_182	1630238413665	1630238414595	OK	 
REQUEST		request_184	1630238413705	1630238414596	OK	 
REQUEST		request_204	1630238414490	1630238414661	OK	 
REQUEST		request_205	1630238414540	1630238414702	OK	 
REQUEST		request_206	1630238414541	1630238414724	OK	 
REQUEST		request_208	1630238414595	1630238414747	OK	 
REQUEST		request_209	1630238414597	1630238414749	OK	 
REQUEST		request_207	1630238414545	1630238414763	OK	 
REQUEST		request_210	1630238414662	1630238414813	OK	 
REQUEST		request_211	1630238414702	1630238414856	OK	 
REQUEST		request_212	1630238414724	1630238414882	OK	 
REQUEST		request_214	1630238414749	1630238414901	OK	 
REQUEST		request_213	1630238414748	1630238414902	OK	 
REQUEST		request_215	1630238414764	1630238414913	OK	 
REQUEST		request_216	1630238414814	1630238414974	OK	 
REQUEST		request_217	1630238414856	1630238415010	OK	 
REQUEST		request_218	1630238414882	1630238415047	OK	 
REQUEST		request_219	1630238414902	1630238415065	OK	 
REQUEST		request_220	1630238414903	1630238415068	OK	 
REQUEST		request_221	1630238414914	1630238415084	OK	 
REQUEST		request_222	1630238414975	1630238415135	OK	 
REQUEST		request_223	1630238415011	1630238415164	OK	 
REQUEST		request_224	1630238415048	1630238415203	OK	 
REQUEST		request_227	1630238415085	1630238415240	OK	 
REQUEST		request_229	1630238415164	1630238415323	OK	 
REQUEST		request_230	1630238415204	1630238415353	OK	 
REQUEST		request_231	1630238415240	1630238415397	OK	 
REQUEST		request_232	1630238415324	1630238415473	OK	 
REQUEST		request_228	1630238415135	1630238415501	OK	 
REQUEST		request_233	1630238415354	1630238415507	OK	 
REQUEST		request_234	1630238415397	1630238415567	OK	 
REQUEST		request_235	1630238415473	1630238415626	OK	 
REQUEST		request_236	1630238415501	1630238415651	OK	 
REQUEST		request_237	1630238415508	1630238415664	OK	 
REQUEST		request_238	1630238415568	1630238415724	OK	 
REQUEST		request_239	1630238415626	1630238415784	OK	 
REQUEST		request_240	1630238415651	1630238415802	OK	 
REQUEST		request_241	1630238415665	1630238415819	OK	 
REQUEST		request_242	1630238415726	1630238415880	OK	 
REQUEST		request_244	1630238415802	1630238415952	OK	 
REQUEST		request_243	1630238415784	1630238415961	OK	 
REQUEST		request_245	1630238415820	1630238415976	OK	 
REQUEST		request_246	1630238415880	1630238416039	OK	 
REQUEST		request_248	1630238415953	1630238416103	OK	 
REQUEST		request_226	1630238415069	1630238417448	OK	 
REQUEST		request_225	1630238415066	1630238417456	OK	 
REQUEST		request_251	1630238419465	1630238419475	OK	 
REQUEST		request_252	1630238420477	1630238420489	OK	 
ERROR	request_310: Failed to build request: Resource recordedsimulation/0310_request.txt not found 	1630238420493
ERROR	request_314: Failed to build request: Resource recordedsimulation/0314_request.txt not found 	1630238420493
REQUEST		request_303	1630238420512	1630238420576	OK	 
REQUEST		request_301	1630238420512	1630238420577	OK	 
REQUEST		request_302	1630238420513	1630238420577	OK	 
REQUEST		request_306	1630238420513	1630238420608	OK	 
REQUEST		request_256	1630238420498	1630238420622	OK	 
REQUEST		request_304	1630238420571	1630238420622	OK	 
REQUEST		request_311	1630238420571	1630238420623	OK	 
REQUEST		request_285	1630238420514	1630238420626	OK	 
REQUEST		request_287	1630238420542	1630238420630	OK	 
REQUEST		request_288	1630238420542	1630238420633	OK	 
REQUEST		request_258	1630238420495	1630238420656	OK	 
REQUEST		request_259	1630238420495	1630238420666	OK	 
REQUEST		request_261	1630238420496	1630238420669	OK	 
REQUEST		request_262	1630238420496	1630238420670	OK	 
REQUEST		request_286	1630238420513	1630238420676	OK	 
REQUEST		request_309	1630238420497	1630238420704	OK	 
REQUEST		request_264	1630238420541	1630238420708	OK	 
REQUEST		request_269	1630238420570	1630238420719	OK	 
REQUEST		request_317	1630238420497	1630238420728	OK	 
REQUEST		request_293	1630238420514	1630238420731	OK	 
REQUEST		request_280	1630238420530	1630238420734	OK	 
REQUEST		request_318	1630238420542	1630238420755	OK	 
REQUEST		request_253	1630238420511	1630238420771	OK	 
REQUEST		request_313	1630238420572	1630238420777	OK	 
REQUEST		request_315	1630238420573	1630238420777	OK	 
REQUEST		request_312	1630238420572	1630238420782	OK	 
REQUEST		request_316	1630238420573	1630238420784	OK	 
REQUEST		request_306	1630238420609	1630238420828	OK	 
REQUEST		request_257	1630238420531	1630238420945	OK	 
REQUEST		request_279	1630238420543	1630238421284	OK	 
REQUEST		request_319	1630238424286	1630238424437	OK	 
REQUEST		request_321	1630238428450	1630238428468	OK	 
REQUEST		request_322	1630238428469	1630238429039	OK	 
REQUEST		request_323	1630238428469	1630238429309	OK	 
REQUEST		request_324	1630238430340	1630238430353	OK	 
ERROR	request_325: Failed to build request: Resource recordedsimulation/0325_request.txt not found 	1630238436368
REQUEST		Registration	1630238445386	1630238445853	OK	 
ERROR	request_463: Failed to build request: Resource recordedsimulation/0463_request.txt not found 	1630238445870
ERROR	request_465: Failed to build request: Resource recordedsimulation/0465_request.txt not found 	1630238445871
ERROR	request_467: Failed to build request: Resource recordedsimulation/0467_request.txt not found 	1630238445871
REQUEST		request_407	1630238445885	1630238445947	OK	 
REQUEST		request_414	1630238445885	1630238445948	OK	 
REQUEST		request_418	1630238445886	1630238445949	OK	 
REQUEST		request_459	1630238445918	1630238445949	OK	 
REQUEST		request_451	1630238445920	1630238445950	OK	 
REQUEST		request_397	1630238445919	1630238445951	OK	 
REQUEST		request_406	1630238445919	1630238445952	OK	 
REQUEST		request_450	1630238445919	1630238445953	OK	 
REQUEST		request_452	1630238445920	1630238445953	OK	 
REQUEST		request_462	1630238445943	1630238445956	OK	 
REQUEST		request_405	1630238445939	1630238445959	OK	 
REQUEST		request_454	1630238445951	1630238445966	OK	 
REQUEST		request_453	1630238445950	1630238445967	OK	 
REQUEST		request_456	1630238445953	1630238445967	OK	 
REQUEST		request_402	1630238445939	1630238445968	OK	 
REQUEST		request_455	1630238445952	1630238445969	OK	 
REQUEST		request_457	1630238445954	1630238445969	OK	 
REQUEST		request_410	1630238445938	1630238445970	OK	 
REQUEST		request_458	1630238445966	1630238445980	OK	 
REQUEST		request_417	1630238445939	1630238445992	OK	 
REQUEST		request_424	1630238445919	1630238445994	OK	 
REQUEST		request_427	1630238445938	1630238446025	OK	 
REQUEST		request_466	1630238445942	1630238446031	OK	 
REQUEST		request_521	1630238445884	1630238446035	OK	 
REQUEST		request_416	1630238445942	1630238446036	OK	 
REQUEST		request_524	1630238445884	1630238446037	OK	 
REQUEST		request_515	1630238445883	1630238446038	OK	 
REQUEST		request_518	1630238445884	1630238446039	OK	 
REQUEST		request_513	1630238445883	1630238446039	OK	 
REQUEST		request_514	1630238445883	1630238446048	OK	 
REQUEST		request_415	1630238445942	1630238446070	OK	 
REQUEST		request_403	1630238445942	1630238446093	OK	 
REQUEST		request_449	1630238445887	1630238446094	OK	 
REQUEST		request_425	1630238445886	1630238446095	OK	 
REQUEST		request_396	1630238445888	1630238446113	OK	 
REQUEST		request_468	1630238445887	1630238446119	OK	 
REQUEST		request_411	1630238445920	1630238446138	OK	 
REQUEST		request_516	1630238445944	1630238446152	OK	 
REQUEST		request_517	1630238445944	1630238446154	OK	 
REQUEST		request_404	1630238445945	1630238446155	OK	 
REQUEST		sdk.js	1630238445890	1630238446156	OK	 
REQUEST		request_483	1630238445944	1630238446158	OK	 
REQUEST		request_469	1630238445943	1630238446158	OK	 
REQUEST		request_520	1630238445945	1630238446160	OK	 
REQUEST		request_519	1630238445945	1630238446161	OK	 
REQUEST		request_434	1630238445945	1630238446176	OK	 
REQUEST		request_466	1630238446031	1630238446179	OK	 
REQUEST		request_525	1630238446036	1630238446190	OK	 
REQUEST		request_526	1630238446037	1630238446194	OK	 
REQUEST		request_528	1630238446039	1630238446195	OK	 
REQUEST		request_527	1630238446038	1630238446197	OK	 
REQUEST		request_529	1630238446040	1630238446199	OK	 
REQUEST		request_530	1630238446049	1630238446200	OK	 
REQUEST		api:client.js?onload=googleAsyncInit	1630238445940	1630238446205	OK	 
REQUEST		request_422	1630238445889	1630238446223	OK	 
REQUEST		request_474	1630238445888	1630238446243	OK	 
REQUEST		request_475	1630238445888	1630238446253	OK	 
REQUEST		request_481	1630238445889	1630238446259	OK	 
REQUEST		request_466	1630238446179	1630238446261	OK	 
REQUEST		request_480	1630238445889	1630238446291	OK	 
REQUEST		request_533	1630238446195	1630238446347	OK	 
REQUEST		request_531	1630238446190	1630238446349	OK	 
REQUEST		request_532	1630238446194	1630238446356	OK	 
REQUEST		request_522	1630238446152	1630238446357	OK	 
REQUEST		request_523	1630238446154	1630238446357	OK	 
REQUEST		request_534	1630238446198	1630238446359	OK	 
REQUEST		request_536	1630238446201	1630238446360	OK	 
REQUEST		request_535	1630238446199	1630238446361	OK	 
REQUEST		request_537	1630238446348	1630238446497	OK	 
REQUEST		request_539	1630238446356	1630238446507	OK	 
REQUEST		request_542	1630238446361	1630238446524	OK	 
REQUEST		request_540	1630238446360	1630238446525	OK	 
REQUEST		request_538	1630238446349	1630238446526	OK	 
REQUEST		request_541	1630238446360	1630238446527	OK	 
REQUEST		request_471	1630238445941	1630238446563	OK	 
REQUEST		request_470	1630238445940	1630238446582	OK	 
REQUEST		request_472	1630238445941	1630238446612	OK	 
REQUEST		request_543	1630238446498	1630238446650	OK	 
REQUEST		request_544	1630238446507	1630238446676	OK	 
REQUEST		request_545	1630238446524	1630238446693	OK	 
REQUEST		request_461	1630238445886	1630238446695	OK	 
REQUEST		request_546	1630238446525	1630238446696	OK	 
REQUEST		request_547	1630238446526	1630238446697	OK	 
REQUEST		request_548	1630238446527	1630238446698	OK	 
REQUEST		request_428	1630238445921	1630238446795	OK	 
REQUEST		request_549	1630238446651	1630238446818	OK	 
REQUEST		request_429	1630238445937	1630238446822	OK	 
REQUEST		request_438	1630238445938	1630238446822	OK	 
REQUEST		request_550	1630238446676	1630238446838	OK	 
REQUEST		request_552	1630238446696	1630238446859	OK	 
REQUEST		request_553	1630238446697	1630238446861	OK	 
REQUEST		request_554	1630238446698	1630238446862	OK	 
REQUEST		request_551	1630238446694	1630238446863	OK	 
REQUEST		request_422	1630238446223	1630238446864	OK	 
REQUEST		request_555	1630238446819	1630238446974	OK	 
REQUEST		request_559	1630238446862	1630238447026	OK	 
REQUEST		request_560	1630238446863	1630238447030	OK	 
REQUEST		request_561	1630238446975	1630238447135	OK	 
REQUEST		request_562	1630238447026	1630238447190	OK	 
REQUEST		request_563	1630238447031	1630238447190	OK	 
REQUEST		request_557	1630238446860	1630238447309	OK	 
REQUEST		request_556	1630238446857	1630238447333	OK	 
REQUEST		request_558	1630238446861	1630238447334	OK	 
REQUEST		request_568	1630238450336	1630238450346	OK	 
USER	RecordedSimulation	END	1630238452374
