RUN	myGatlingProject._01_Launch	-01-launch	1630170706802	rem	3.6.1
USER	RecordedSimulation	START	1630170708277
REQUEST		LaunchHomePage	1630170708301	1630170709591	OK	 
ERROR	request_113: Failed to build request: Resource recordedsimulation/0113_request.txt not found 	1630170709707
ERROR	request_114: Failed to build request: Resource recordedsimulation/0114_request.txt not found 	1630170709707
ERROR	request_121: Failed to build request: Resource recordedsimulation/0121_request.txt not found 	1630170709713
ERROR	request_151: Failed to build request: Resource recordedsimulation/0151_request.txt not found 	1630170709715
REQUEST		request_6	1630170709749	1630170710522	OK	 
REQUEST		request_39	1630170709791	1630170710598	OK	 
REQUEST		request_35	1630170709839	1630170710609	OK	 
REQUEST		request_3	1630170709739	1630170710637	OK	 
REQUEST		request_77	1630170709803	1630170710639	OK	 
REQUEST		request_13	1630170709890	1630170710682	OK	 
REQUEST		request_40	1630170709913	1630170710684	OK	 
REQUEST		request_14	1630170710279	1630170710694	OK	 
REQUEST		request_23	1630170710291	1630170710700	OK	 
REQUEST		request_15	1630170709862	1630170710718	OK	 
REQUEST		request_21	1630170709863	1630170710723	OK	 
REQUEST		request_48	1630170709863	1630170710725	OK	 
REQUEST		request_102	1630170709864	1630170710727	OK	 
REQUEST		request_103	1630170709864	1630170710729	OK	 
REQUEST		request_19	1630170710290	1630170710738	OK	 
REQUEST		request_97	1630170710291	1630170710739	OK	 
REQUEST		request_20	1630170710292	1630170710741	OK	 
REQUEST		request_22	1630170710303	1630170710748	OK	 
REQUEST		request_122	1630170710314	1630170710772	OK	 
REQUEST		request_132	1630170710367	1630170710773	OK	 
REQUEST		request_98	1630170709827	1630170710826	OK	 
REQUEST		request_101	1630170709838	1630170710830	OK	 
REQUEST		request_104	1630170710719	1630170710836	OK	 
REQUEST		request_105	1630170710723	1630170710837	OK	 
REQUEST		request_34	1630170709863	1630170710848	OK	 
REQUEST		request_106	1630170710726	1630170710850	OK	 
REQUEST		request_107	1630170710728	1630170710851	OK	 
REQUEST		request_108	1630170710729	1630170710852	OK	 
REQUEST		request_5	1630170709901	1630170710854	OK	 
REQUEST		request_80	1630170709924	1630170710856	OK	 
REQUEST		request_123	1630170709936	1630170710857	OK	 
REQUEST		request_130	1630170710240	1630170710859	OK	 
REQUEST		request_228	1630170710253	1630170710860	OK	 
REQUEST		request_49	1630170710314	1630170710862	OK	 
REQUEST		request_50	1630170710326	1630170710865	OK	 
REQUEST		request_117	1630170710327	1630170710867	OK	 
REQUEST		request_112	1630170710441	1630170710875	OK	 
REQUEST		request_128	1630170710523	1630170710896	OK	 
REQUEST		request_24	1630170709780	1630170710898	OK	 
REQUEST		request_7	1630170709816	1630170710907	OK	 
REQUEST		request_62	1630170709851	1630170710909	OK	 
REQUEST		request_109	1630170710837	1630170710910	OK	 
REQUEST		request_116	1630170710838	1630170710912	OK	 
REQUEST		request_18	1630170709865	1630170710915	OK	 
REQUEST		request_133	1630170710253	1630170710917	OK	 
REQUEST		request_31	1630170710453	1630170710930	OK	 
REQUEST		request_54	1630170710468	1630170710932	OK	 
REQUEST		request_141	1630170710495	1630170710934	OK	 
REQUEST		request_169	1630170710495	1630170710935	OK	 
REQUEST		request_111	1630170709804	1630170710940	OK	 
REQUEST		request_98	1630170710829	1630170710945	OK	 
REQUEST		request_115	1630170710484	1630170710947	OK	 
REQUEST		request_32	1630170710468	1630170710979	OK	 
REQUEST		request_98	1630170710946	1630170711027	OK	 
REQUEST		request_169	1630170710937	1630170711032	OK	 
REQUEST		request_101	1630170710831	1630170711064	OK	 
REQUEST		request_117	1630170710872	1630170711167	OK	 
REQUEST		request_71	1630170709728	1630170711224	OK	 
REQUEST		request_100	1630170709739	1630170711234	OK	 
REQUEST		request_205	1630170709766	1630170711235	OK	 
REQUEST		request_206	1630170709779	1630170711238	OK	 
REQUEST		request_129	1630170710897	1630170711240	OK	 
REQUEST		request_4	1630170710240	1630170711266	OK	 
REQUEST		favicon-by-fb-1f05deec69.png	1630170709937	1630170711290	OK	 
REQUEST		alice-home-d5088827a7.css	1630170710238	1630170711292	OK	 
REQUEST		core-dfb5bbecaa.js	1630170710239	1630170711310	OK	 
REQUEST		request_16	1630170710254	1630170711311	OK	 
REQUEST		request_28	1630170710268	1630170711313	OK	 
REQUEST		request_2	1630170710240	1630170711316	OK	 
REQUEST		request_26	1630170710268	1630170711317	OK	 
REQUEST		request_8	1630170710402	1630170711324	OK	 
REQUEST		request_1	1630170710239	1630170711331	OK	 
REQUEST		request_25	1630170710267	1630170711332	OK	 
REQUEST		request_207	1630170709779	1630170711344	OK	 
REQUEST		request_201	1630170709851	1630170711346	OK	 
REQUEST		request_17	1630170710267	1630170711347	OK	 
REQUEST		request_27	1630170710268	1630170711348	OK	 
REQUEST		request_9	1630170710439	1630170711361	OK	 
REQUEST		request_117	1630170711167	1630170711363	OK	 
REQUEST		request_131	1630170710440	1630170711382	OK	 
REQUEST		request_96	1630170710327	1630170711403	OK	 
REQUEST		request_237	1630170709754	1630170711436	OK	 
REQUEST		request_231	1630170709889	1630170711439	OK	 
REQUEST		request_71	1630170711233	1630170711456	OK	 
REQUEST		request_11	1630170711289	1630170711461	OK	 
REQUEST		request_29	1630170711312	1630170711469	OK	 
REQUEST		request_30	1630170711314	1630170711471	OK	 
REQUEST		request_33	1630170711318	1630170711473	OK	 
REQUEST		request_225	1630170709889	1630170711482	OK	 
REQUEST		request_36	1630170711332	1630170711500	OK	 
REQUEST		request_37	1630170711347	1630170711505	OK	 
REQUEST		request_38	1630170711349	1630170711508	OK	 
REQUEST		request_125	1630170710440	1630170711511	OK	 
REQUEST		request_10	1630170709750	1630170711528	OK	 
REQUEST		request_234	1630170710388	1630170711551	OK	 
REQUEST		request_119	1630170710377	1630170711555	OK	 
REQUEST		request_120	1630170709752	1630170711557	OK	 
REQUEST		request_126	1630170709753	1630170711559	OK	 
REQUEST		request_127	1630170709754	1630170711560	OK	 
REQUEST		request_238	1630170710388	1630170711560	OK	 
REQUEST		request_124	1630170710388	1630170711561	OK	 
REQUEST		request_239	1630170710389	1630170711563	OK	 
REQUEST		request_240	1630170710389	1630170711563	OK	 
REQUEST		request_99	1630170710390	1630170711564	OK	 
REQUEST		request_135	1630170711324	1630170711571	OK	 
REQUEST		request_111	1630170710943	1630170711576	OK	 
REQUEST		request_136	1630170711362	1630170711592	OK	 
REQUEST		request_41	1630170711470	1630170711634	OK	 
REQUEST		request_43	1630170711474	1630170711636	OK	 
REQUEST		request_70	1630170710269	1630170711638	OK	 
REQUEST		request_42	1630170711471	1630170711640	OK	 
REQUEST		request_118	1630170710439	1630170711642	OK	 
REQUEST		request_44	1630170711500	1630170711660	OK	 
REQUEST		request_45	1630170711506	1630170711663	OK	 
REQUEST		request_137	1630170711382	1630170711669	OK	 
REQUEST		request_46	1630170711509	1630170711671	OK	 
REQUEST		request_221	1630170709878	1630170711676	OK	 
REQUEST		request_138	1630170711512	1630170711716	OK	 
REQUEST		request_139	1630170711572	1630170711725	OK	 
REQUEST		request_241	1630170711553	1630170711761	OK	 
REQUEST		request_242	1630170711556	1630170711764	OK	 
REQUEST		request_243	1630170711561	1630170711771	OK	 
REQUEST		request_244	1630170711562	1630170711774	OK	 
REQUEST		request_52	1630170711641	1630170711797	OK	 
REQUEST		request_51	1630170711636	1630170711798	OK	 
REQUEST		request_171	1630170711642	1630170711808	OK	 
REQUEST		request_53	1630170711660	1630170711815	OK	 
REQUEST		request_55	1630170711663	1630170711830	OK	 
REQUEST		request_56	1630170711671	1630170711831	OK	 
REQUEST		request_140	1630170711593	1630170711833	OK	 
REQUEST		request_174	1630170711670	1630170711834	OK	 
REQUEST		request_229	1630170711725	1630170711881	OK	 
REQUEST		request_47	1630170711635	1630170711896	OK	 
REQUEST		request_134	1630170710440	1630170711940	OK	 
REQUEST		request_57	1630170711797	1630170711949	OK	 
REQUEST		request_58	1630170711799	1630170711955	OK	 
REQUEST		request_59	1630170711815	1630170711980	OK	 
REQUEST		request_60	1630170711830	1630170711985	OK	 
REQUEST		request_61	1630170711832	1630170711988	OK	 
REQUEST		request_12	1630170709751	1630170712012	OK	 
REQUEST		request_236	1630170711808	1630170712033	OK	 
REQUEST		request_63	1630170711897	1630170712053	OK	 
REQUEST		request_64	1630170711949	1630170712103	OK	 
REQUEST		request_65	1630170711955	1630170712112	OK	 
REQUEST		request_67	1630170711986	1630170712140	OK	 
REQUEST		request_66	1630170711981	1630170712141	OK	 
REQUEST		request_68	1630170711989	1630170712147	OK	 
REQUEST		request_69	1630170712054	1630170712204	OK	 
REQUEST		request_72	1630170712104	1630170712264	OK	 
REQUEST		request_73	1630170712113	1630170712267	OK	 
REQUEST		request_76	1630170712147	1630170712301	OK	 
REQUEST		request_75	1630170712141	1630170712306	OK	 
REQUEST		request_74	1630170712140	1630170712308	OK	 
REQUEST		request_78	1630170712205	1630170712365	OK	 
REQUEST		request_183	1630170711717	1630170712376	OK	 
REQUEST		request_79	1630170712264	1630170712421	OK	 
REQUEST		request_81	1630170712267	1630170712422	OK	 
REQUEST		request_82	1630170712302	1630170712460	OK	 
REQUEST		request_83	1630170712307	1630170712463	OK	 
REQUEST		request_84	1630170712308	1630170712465	OK	 
REQUEST		request_85	1630170712365	1630170712533	OK	 
REQUEST		request_86	1630170712421	1630170712577	OK	 
REQUEST		request_87	1630170712423	1630170712579	OK	 
REQUEST		request_90	1630170712465	1630170712618	OK	 
REQUEST		request_89	1630170712464	1630170712622	OK	 
REQUEST		request_88	1630170712460	1630170712623	OK	 
REQUEST		request_91	1630170712533	1630170712699	OK	 
REQUEST		request_92	1630170712577	1630170712730	OK	 
REQUEST		request_93	1630170712579	1630170712735	OK	 
REQUEST		request_110	1630170712623	1630170712776	OK	 
REQUEST		request_95	1630170712622	1630170712815	OK	 
REQUEST		request_94	1630170712619	1630170712817	OK	 
REQUEST		request_142	1630170712699	1630170712857	OK	 
REQUEST		request_143	1630170712731	1630170712883	OK	 
REQUEST		request_144	1630170712735	1630170712898	OK	 
REQUEST		request_145	1630170712776	1630170712929	OK	 
REQUEST		request_147	1630170712817	1630170712999	OK	 
REQUEST		request_148	1630170712857	1630170713022	OK	 
REQUEST		request_149	1630170712884	1630170713038	OK	 
REQUEST		request_150	1630170712899	1630170713055	OK	 
REQUEST		request_152	1630170712930	1630170713086	OK	 
REQUEST		request_153	1630170712999	1630170713161	OK	 
REQUEST		request_154	1630170713022	1630170713180	OK	 
REQUEST		request_155	1630170713038	1630170713193	OK	 
REQUEST		request_146	1630170712816	1630170713194	OK	 
REQUEST		request_157	1630170713087	1630170713251	OK	 
REQUEST		request_158	1630170713161	1630170713329	OK	 
REQUEST		request_159	1630170713180	1630170713334	OK	 
REQUEST		request_160	1630170713193	1630170713346	OK	 
REQUEST		request_161	1630170713194	1630170713348	OK	 
REQUEST		request_162	1630170713251	1630170713407	OK	 
REQUEST		request_163	1630170713329	1630170713482	OK	 
REQUEST		request_164	1630170713334	1630170713485	OK	 
REQUEST		request_165	1630170713346	1630170713496	OK	 
REQUEST		request_166	1630170713348	1630170713501	OK	 
REQUEST		request_156	1630170713055	1630170713557	OK	 
REQUEST		request_168	1630170713482	1630170713642	OK	 
REQUEST		request_170	1630170713486	1630170713643	OK	 
REQUEST		request_172	1630170713496	1630170713647	OK	 
REQUEST		request_173	1630170713502	1630170713663	OK	 
REQUEST		request_175	1630170713558	1630170713713	OK	 
REQUEST		request_167	1630170713408	1630170713785	OK	 
REQUEST		request_176	1630170713642	1630170713801	OK	 
REQUEST		request_178	1630170713648	1630170713808	OK	 
REQUEST		request_177	1630170713643	1630170713809	OK	 
REQUEST		request_180	1630170713713	1630170713869	OK	 
REQUEST		request_181	1630170713785	1630170713938	OK	 
REQUEST		request_179	1630170713664	1630170713959	OK	 
REQUEST		request_185	1630170713810	1630170713963	OK	 
REQUEST		request_184	1630170713808	1630170713964	OK	 
REQUEST		request_182	1630170713801	1630170714028	OK	 
REQUEST		request_187	1630170713939	1630170714110	OK	 
REQUEST		request_190	1630170713964	1630170714116	OK	 
REQUEST		request_189	1630170713963	1630170714117	OK	 
REQUEST		request_188	1630170713960	1630170714134	OK	 
REQUEST		request_186	1630170713869	1630170714162	OK	 
REQUEST		request_191	1630170714028	1630170714193	OK	 
REQUEST		request_192	1630170714110	1630170714273	OK	 
REQUEST		request_193	1630170714117	1630170714274	OK	 
REQUEST		request_194	1630170714118	1630170714275	OK	 
REQUEST		request_195	1630170714134	1630170714288	OK	 
REQUEST		request_196	1630170714162	1630170714321	OK	 
REQUEST		request_198	1630170714274	1630170714428	OK	 
REQUEST		request_200	1630170714275	1630170714439	OK	 
REQUEST		request_199	1630170714275	1630170714440	OK	 
REQUEST		request_202	1630170714288	1630170714442	OK	 
REQUEST		request_197	1630170714193	1630170714512	OK	 
REQUEST		request_203	1630170714322	1630170714518	OK	 
REQUEST		request_204	1630170714429	1630170714589	OK	 
REQUEST		request_208	1630170714439	1630170714592	OK	 
REQUEST		request_209	1630170714440	1630170714593	OK	 
REQUEST		request_210	1630170714443	1630170714607	OK	 
REQUEST		request_211	1630170714512	1630170714663	OK	 
REQUEST		request_212	1630170714518	1630170714676	OK	 
REQUEST		request_213	1630170714590	1630170714745	OK	 
REQUEST		request_215	1630170714593	1630170714751	OK	 
REQUEST		request_216	1630170714608	1630170714759	OK	 
REQUEST		request_214	1630170714592	1630170714765	OK	 
REQUEST		request_217	1630170714664	1630170714821	OK	 
REQUEST		request_218	1630170714676	1630170714830	OK	 
REQUEST		request_220	1630170714751	1630170714905	OK	 
REQUEST		request_223	1630170714765	1630170714917	OK	 
REQUEST		request_222	1630170714759	1630170714919	OK	 
REQUEST		request_224	1630170714821	1630170714978	OK	 
REQUEST		request_226	1630170714830	1630170714988	OK	 
REQUEST		request_219	1630170714745	1630170714998	OK	 
REQUEST		request_227	1630170714905	1630170715054	OK	 
REQUEST		request_232	1630170714920	1630170715072	OK	 
REQUEST		request_230	1630170714918	1630170715078	OK	 
REQUEST		request_233	1630170714979	1630170715140	OK	 
REQUEST		request_235	1630170714989	1630170715143	OK	 
REQUEST		request_245	1630170714998	1630170715156	OK	 
ERROR	request_246: Failed to build request: Resource recordedsimulation/0246_request.txt not found 	1630170718160
ERROR	request_248: Failed to build request: Resource recordedsimulation/0248_request.txt not found 	1630170720162
REQUEST		request_249	1630170722163	1630170722176	OK	 
REQUEST		request_250	1630170727177	1630170727189	OK	 
REQUEST		request_251	1630170729191	1630170729213	OK	 
REQUEST		request_252	1630170729214	1630170729810	OK	 
REQUEST		request_253	1630170729215	1630170730073	OK	 
REQUEST		request_254	1630170732075	1630170732087	OK	 
ERROR	request_255: Failed to build request: Resource recordedsimulation/0255_request.txt not found 	1630170737088
USER	RecordedSimulation	END	1630170737103
