RUN	myGatlingProject._001_MyLogin	-001-mylogin	1630250467328	 	3.6.1
USER	RecordedSimulation	START	1630250468896
REQUEST		request_0	1630250468958	1630250470911	OK	 
ERROR	request_139: Failed to build request: Resource recordedsimulation/0139_request.txt not found 	1630250471047
ERROR	request_141: Failed to build request: Resource recordedsimulation/0141_request.txt not found 	1630250471047
REQUEST		request_11	1630250471098	1630250471876	OK	 
REQUEST		request_28	1630250471059	1630250472025	OK	 
REQUEST		request_29	1630250471069	1630250472040	OK	 
REQUEST		request_31	1630250471070	1630250472049	OK	 
REQUEST		request_37	1630250471071	1630250472051	OK	 
REQUEST		request_80	1630250471126	1630250472057	OK	 
REQUEST		request_81	1630250471140	1630250472061	OK	 
REQUEST		request_162	1630250471171	1630250472081	OK	 
REQUEST		request_5	1630250471084	1630250472119	OK	 
REQUEST		request_22	1630250471183	1630250472132	OK	 
REQUEST		request_26	1630250471185	1630250472134	OK	 
REQUEST		request_48	1630250471187	1630250472136	OK	 
REQUEST		request_95	1630250471189	1630250472138	OK	 
REQUEST		request_129	1630250471157	1630250472231	OK	 
REQUEST		request_138	1630250471169	1630250472243	OK	 
REQUEST		request_96	1630250472133	1630250472244	OK	 
REQUEST		request_98	1630250472135	1630250472246	OK	 
REQUEST		request_38	1630250471186	1630250472259	OK	 
REQUEST		request_101	1630250472137	1630250472261	OK	 
REQUEST		request_90	1630250471188	1630250472263	OK	 
REQUEST		request_103	1630250472139	1630250472265	OK	 
REQUEST		request_93	1630250471319	1630250472267	OK	 
REQUEST		request_47	1630250471722	1630250472269	OK	 
REQUEST		request_72	1630250471735	1630250472271	OK	 
REQUEST		request_120	1630250471748	1630250472285	OK	 
REQUEST		request_41	1630250471112	1630250472290	OK	 
REQUEST		request_15	1630250471144	1630250472299	OK	 
REQUEST		request_104	1630250472245	1630250472300	OK	 
REQUEST		request_105	1630250472247	1630250472302	OK	 
REQUEST		request_106	1630250472260	1630250472303	OK	 
REQUEST		request_107	1630250472262	1630250472305	OK	 
REQUEST		request_111	1630250472264	1630250472306	OK	 
REQUEST		request_147	1630250471686	1630250472308	OK	 
REQUEST		request_148	1630250471699	1630250472309	OK	 
REQUEST		request_144	1630250471798	1630250472311	OK	 
REQUEST		request_85	1630250471823	1630250472314	OK	 
REQUEST		request_115	1630250471142	1630250472315	OK	 
REQUEST		request_39	1630250471810	1630250472323	OK	 
REQUEST		request_128	1630250471841	1630250472324	OK	 
REQUEST		request_129	1630250472242	1630250472326	OK	 
REQUEST		request_27	1630250471191	1630250472330	OK	 
REQUEST		request_143	1630250471853	1630250472332	OK	 
REQUEST		request_146	1630250471854	1630250472335	OK	 
REQUEST		request_16	1630250471305	1630250472337	OK	 
REQUEST		request_150	1630250471700	1630250472349	OK	 
REQUEST		request_55	1630250471824	1630250472388	OK	 
REQUEST		request_129	1630250472327	1630250472421	OK	 
REQUEST		request_138	1630250472244	1630250472441	OK	 
REQUEST		request_143	1630250472333	1630250472512	OK	 
REQUEST		request_63	1630250471082	1630250472598	OK	 
REQUEST		request_76	1630250471083	1630250472603	OK	 
REQUEST		request_56	1630250471071	1630250472630	OK	 
REQUEST		request_155	1630250471101	1630250472649	OK	 
REQUEST		request_156	1630250471110	1630250472651	OK	 
REQUEST		request_157	1630250471111	1630250472654	OK	 
REQUEST		request_2	1630250471684	1630250472660	OK	 
REQUEST		request_3	1630250471685	1630250472667	OK	 
REQUEST		request_1	1630250471683	1630250472688	OK	 
REQUEST		request_7	1630250471701	1630250472736	OK	 
REQUEST		request_8	1630250471717	1630250472738	OK	 
REQUEST		request_20	1630250471719	1630250472742	OK	 
REQUEST		favicon-by-fb-1f05deec69.png	1630250471338	1630250472744	OK	 
REQUEST		request_19	1630250471718	1630250472750	OK	 
REQUEST		request_21	1630250471720	1630250472754	OK	 
REQUEST		request_23	1630250471721	1630250472758	OK	 
REQUEST		request_13	1630250471764	1630250472768	OK	 
REQUEST		request_14	1630250471793	1630250472777	OK	 
REQUEST		request_113	1630250471793	1630250472781	OK	 
REQUEST		request_117	1630250471795	1630250472789	OK	 
REQUEST		request_118	1630250471796	1630250472792	OK	 
REQUEST		request_79	1630250471221	1630250472795	OK	 
REQUEST		core-dfb5bbecaa.js	1630250471682	1630250472804	OK	 
REQUEST		request_4	1630250472661	1630250472829	OK	 
REQUEST		request_158	1630250471205	1630250472836	OK	 
REQUEST		request_160	1630250471219	1630250472843	OK	 
REQUEST		request_56	1630250472648	1630250472856	OK	 
REQUEST		request_87	1630250471749	1630250472867	OK	 
REQUEST		request_24	1630250472737	1630250472890	OK	 
REQUEST		request_159	1630250471218	1630250472892	OK	 
REQUEST		request_30	1630250472743	1630250472897	OK	 
REQUEST		request_32	1630250472751	1630250472914	OK	 
REQUEST		request_25	1630250472739	1630250472919	OK	 
REQUEST		request_33	1630250472755	1630250472922	OK	 
REQUEST		request_34	1630250472760	1630250472925	OK	 
REQUEST		request_18	1630250472745	1630250472935	OK	 
REQUEST		request_127	1630250471100	1630250472937	OK	 
REQUEST		request_119	1630250472770	1630250472939	OK	 
REQUEST		request_123	1630250472778	1630250472942	OK	 
REQUEST		request_131	1630250471101	1630250472957	OK	 
REQUEST		request_137	1630250472793	1630250472961	OK	 
REQUEST		request_130	1630250471100	1630250472992	OK	 
REQUEST		request_115	1630250472318	1630250473020	OK	 
REQUEST		request_70	1630250471290	1630250473030	OK	 
REQUEST		request_12	1630250471099	1630250473034	OK	 
REQUEST		request_35	1630250472890	1630250473043	OK	 
REQUEST		request_36	1630250472897	1630250473049	OK	 
REQUEST		alice-home-d5088827a7.css	1630250471681	1630250473053	OK	 
REQUEST		request_116	1630250471794	1630250473088	OK	 
REQUEST		request_40	1630250472915	1630250473091	OK	 
REQUEST		request_43	1630250472923	1630250473094	OK	 
REQUEST		request_42	1630250472920	1630250473098	OK	 
REQUEST		request_44	1630250472926	1630250473100	OK	 
REQUEST		request_140	1630250472940	1630250473104	OK	 
REQUEST		request_142	1630250472944	1630250473110	OK	 
REQUEST		request_145	1630250472963	1630250473123	OK	 
REQUEST		request_136	1630250472791	1630250473176	OK	 
REQUEST		request_46	1630250473051	1630250473204	OK	 
REQUEST		request_45	1630250473044	1630250473209	OK	 
REQUEST		request_49	1630250473093	1630250473244	OK	 
REQUEST		request_50	1630250473095	1630250473249	OK	 
REQUEST		request_51	1630250473099	1630250473258	OK	 
REQUEST		request_17	1630250471100	1630250473263	OK	 
REQUEST		request_52	1630250473101	1630250473264	OK	 
REQUEST		request_151	1630250473088	1630250473267	OK	 
REQUEST		request_53	1630250473205	1630250473362	OK	 
REQUEST		request_54	1630250473210	1630250473363	OK	 
REQUEST		request_57	1630250473246	1630250473400	OK	 
REQUEST		request_58	1630250473251	1630250473403	OK	 
REQUEST		request_59	1630250473260	1630250473412	OK	 
REQUEST		request_60	1630250473265	1630250473420	OK	 
REQUEST		request_9	1630250472734	1630250473498	OK	 
REQUEST		request_6	1630250472668	1630250473502	OK	 
REQUEST		request_62	1630250473364	1630250473516	OK	 
REQUEST		request_61	1630250473362	1630250473524	OK	 
REQUEST		request_65	1630250473404	1630250473556	OK	 
REQUEST		request_64	1630250473401	1630250473562	OK	 
REQUEST		request_66	1630250473412	1630250473567	OK	 
REQUEST		request_67	1630250473421	1630250473579	OK	 
REQUEST		request_68	1630250473518	1630250473672	OK	 
REQUEST		request_69	1630250473526	1630250473692	OK	 
REQUEST		request_71	1630250473558	1630250473711	OK	 
REQUEST		request_73	1630250473564	1630250473717	OK	 
REQUEST		request_74	1630250473569	1630250473738	OK	 
REQUEST		request_75	1630250473581	1630250473743	OK	 
REQUEST		request_77	1630250473674	1630250473834	OK	 
REQUEST		request_78	1630250473693	1630250473849	OK	 
REQUEST		request_82	1630250473712	1630250473866	OK	 
REQUEST		request_83	1630250473719	1630250473870	OK	 
REQUEST		request_84	1630250473740	1630250473897	OK	 
REQUEST		request_86	1630250473744	1630250473901	OK	 
REQUEST		request_125	1630250472782	1630250473993	OK	 
REQUEST		request_88	1630250473835	1630250473996	OK	 
REQUEST		request_89	1630250473850	1630250474000	OK	 
REQUEST		request_94	1630250473867	1630250474020	OK	 
REQUEST		request_99	1630250473871	1630250474025	OK	 
REQUEST		request_100	1630250473898	1630250474054	OK	 
REQUEST		request_102	1630250473902	1630250474059	OK	 
REQUEST		request_110	1630250474001	1630250474156	OK	 
REQUEST		request_109	1630250473996	1630250474159	OK	 
REQUEST		request_112	1630250474021	1630250474173	OK	 
REQUEST		request_121	1630250474026	1630250474182	OK	 
REQUEST		request_122	1630250474054	1630250474208	OK	 
REQUEST		request_124	1630250474060	1630250474213	OK	 
REQUEST		request_153	1630250474160	1630250474312	OK	 
REQUEST		request_152	1630250474158	1630250474315	OK	 
REQUEST		request_154	1630250474174	1630250474327	OK	 
REQUEST		request_161	1630250474182	1630250474339	OK	 
REQUEST		request_163	1630250474209	1630250474365	OK	 
REQUEST		request_164	1630250474215	1630250474368	OK	 
REQUEST		request_165	1630250474314	1630250474465	OK	 
REQUEST		request_166	1630250474316	1630250474468	OK	 
REQUEST		request_167	1630250474329	1630250474483	OK	 
REQUEST		request_168	1630250474340	1630250474496	OK	 
REQUEST		request_169	1630250474366	1630250474525	OK	 
REQUEST		request_170	1630250474369	1630250474532	OK	 
REQUEST		request_171	1630250474466	1630250474617	OK	 
REQUEST		request_172	1630250474470	1630250474621	OK	 
REQUEST		request_173	1630250474485	1630250474637	OK	 
REQUEST		request_183	1630250474497	1630250474649	OK	 
REQUEST		request_184	1630250474528	1630250474685	OK	 
REQUEST		request_185	1630250474533	1630250474690	OK	 
REQUEST		request_186	1630250474618	1630250474769	OK	 
REQUEST		request_187	1630250474622	1630250474773	OK	 
REQUEST		request_188	1630250474638	1630250474790	OK	 
REQUEST		request_189	1630250474650	1630250474803	OK	 
REQUEST		request_190	1630250474686	1630250474840	OK	 
REQUEST		request_191	1630250474691	1630250474843	OK	 
REQUEST		request_192	1630250474769	1630250474920	OK	 
REQUEST		request_193	1630250474773	1630250474925	OK	 
REQUEST		request_194	1630250474791	1630250474943	OK	 
REQUEST		request_195	1630250474804	1630250474953	OK	 
REQUEST		request_196	1630250474841	1630250474994	OK	 
REQUEST		request_197	1630250474845	1630250474997	OK	 
REQUEST		request_198	1630250474921	1630250475074	OK	 
REQUEST		request_199	1630250474927	1630250475079	OK	 
REQUEST		request_200	1630250474944	1630250475096	OK	 
REQUEST		request_201	1630250474954	1630250475107	OK	 
REQUEST		request_202	1630250474995	1630250475146	OK	 
REQUEST		request_203	1630250474997	1630250475150	OK	 
REQUEST		request_204	1630250475075	1630250475228	OK	 
REQUEST		request_205	1630250475080	1630250475243	OK	 
REQUEST		request_206	1630250475097	1630250475250	OK	 
REQUEST		request_207	1630250475108	1630250475263	OK	 
REQUEST		request_208	1630250475147	1630250475299	OK	 
REQUEST		request_209	1630250475151	1630250475309	OK	 
REQUEST		request_210	1630250475229	1630250475387	OK	 
REQUEST		request_211	1630250475244	1630250475394	OK	 
REQUEST		request_212	1630250475251	1630250475400	OK	 
REQUEST		request_213	1630250475263	1630250475431	OK	 
REQUEST		request_214	1630250475299	1630250475454	OK	 
REQUEST		request_215	1630250475310	1630250475466	OK	 
REQUEST		request_216	1630250475388	1630250475538	OK	 
REQUEST		request_217	1630250475395	1630250475551	OK	 
REQUEST		request_218	1630250475401	1630250475553	OK	 
REQUEST		request_219	1630250475432	1630250475585	OK	 
REQUEST		request_221	1630250475466	1630250475618	OK	 
REQUEST		request_220	1630250475455	1630250475623	OK	 
REQUEST		request_222	1630250475539	1630250475691	OK	 
REQUEST		request_224	1630250475554	1630250475705	OK	 
REQUEST		request_225	1630250475585	1630250475739	OK	 
REQUEST		request_226	1630250475618	1630250475770	OK	 
REQUEST		request_227	1630250475624	1630250475779	OK	 
REQUEST		request_228	1630250475691	1630250475843	OK	 
REQUEST		request_229	1630250475706	1630250475856	OK	 
REQUEST		request_230	1630250475740	1630250475894	OK	 
REQUEST		request_231	1630250475771	1630250475928	OK	 
REQUEST		request_232	1630250475779	1630250475942	OK	 
REQUEST		request_233	1630250475844	1630250475998	OK	 
REQUEST		request_234	1630250475858	1630250476010	OK	 
REQUEST		request_235	1630250475895	1630250476048	OK	 
REQUEST		request_236	1630250475929	1630250476083	OK	 
REQUEST		request_237	1630250475942	1630250476092	OK	 
REQUEST		request_238	1630250475998	1630250476150	OK	 
REQUEST		request_239	1630250476011	1630250476162	OK	 
REQUEST		request_240	1630250476048	1630250476198	OK	 
REQUEST		request_241	1630250476084	1630250476238	OK	 
REQUEST		request_242	1630250476093	1630250476244	OK	 
REQUEST		request_243	1630250476151	1630250476307	OK	 
REQUEST		request_244	1630250476163	1630250476313	OK	 
REQUEST		request_245	1630250476199	1630250476354	OK	 
REQUEST		request_246	1630250476238	1630250476391	OK	 
REQUEST		request_223	1630250475552	1630250476801	OK	 
REQUEST		request_247	1630250477820	1630250477832	OK	 
ERROR	request_248: Failed to build request: Resource recordedsimulation/0248_request.txt not found 	1630250477833
ERROR	request_302: Failed to build request: Resource recordedsimulation/0302_request.txt not found 	1630250477844
REQUEST		request_278	1630250477850	1630250477926	OK	 
REQUEST		request_292	1630250477880	1630250477928	OK	 
REQUEST		request_300	1630250477882	1630250477929	OK	 
REQUEST		request_299	1630250477879	1630250477939	OK	 
REQUEST		request_303	1630250477881	1630250477975	OK	 
REQUEST		request_295	1630250477901	1630250477982	OK	 
REQUEST		request_289	1630250477881	1630250477992	OK	 
REQUEST		request_294	1630250477902	1630250477993	OK	 
REQUEST		request_281	1630250477884	1630250477995	OK	 
REQUEST		request_293	1630250477901	1630250478022	OK	 
REQUEST		request_252	1630250477858	1630250478024	OK	 
REQUEST		request_274	1630250477898	1630250478046	OK	 
REQUEST		request_297	1630250477906	1630250478047	OK	 
REQUEST		request_298	1630250477907	1630250478048	OK	 
REQUEST		request_254	1630250477904	1630250478063	OK	 
REQUEST		request_312	1630250477851	1630250478066	OK	 
REQUEST		request_313	1630250477852	1630250478070	OK	 
REQUEST		request_260	1630250477921	1630250478078	OK	 
REQUEST		request_306	1630250477903	1630250478079	OK	 
REQUEST		request_257	1630250477905	1630250478082	OK	 
REQUEST		request_253	1630250477903	1630250478084	OK	 
REQUEST		request_308	1630250477908	1630250478096	OK	 
REQUEST		request_285	1630250477883	1630250478102	OK	 
REQUEST		request_275	1630250477900	1630250478113	OK	 
REQUEST		request_255	1630250477905	1630250478132	OK	 
REQUEST		request_309	1630250477922	1630250478145	OK	 
REQUEST		request_249	1630250477878	1630250478153	OK	 
REQUEST		request_303	1630250477976	1630250478193	OK	 
REQUEST		request_306	1630250478080	1630250478249	OK	 
REQUEST		request_258	1630250477908	1630250478272	OK	 
REQUEST		request_316	1630250487285	1630250487452	OK	 
REQUEST		request_317	1630250489458	1630250489483	OK	 
REQUEST		request_319	1630250489486	1630250489555	OK	 
REQUEST		request_318	1630250489485	1630250490113	OK	 
REQUEST		request_321	1630250491125	1630250491181	OK	 
ERROR	request_463: Failed to build request: Resource recordedsimulation/0463_request.txt not found 	1630250491213
ERROR	request_464: Failed to build request: Resource recordedsimulation/0464_request.txt not found 	1630250491213
REQUEST		request_409	1630250491235	1630250491279	OK	 
REQUEST		request_416	1630250491236	1630250491283	OK	 
REQUEST		request_327	1630250491240	1630250491285	OK	 
REQUEST		request_465	1630250491261	1630250491286	OK	 
REQUEST		request_396	1630250491258	1630250491289	OK	 
REQUEST		request_406	1630250491258	1630250491290	OK	 
REQUEST		request_425	1630250491259	1630250491291	OK	 
REQUEST		request_459	1630250491260	1630250491291	OK	 
REQUEST		request_411	1630250491265	1630250491293	OK	 
REQUEST		request_405	1630250491274	1630250491295	OK	 
REQUEST		request_403	1630250491274	1630250491296	OK	 
REQUEST		request_426	1630250491256	1630250491331	OK	 
REQUEST		request_429	1630250491257	1630250491334	OK	 
REQUEST		request_422	1630250491276	1630250491359	OK	 
REQUEST		request_432	1630250491276	1630250491370	OK	 
REQUEST		request_420	1630250491268	1630250491391	OK	 
REQUEST		request_423	1630250491269	1630250491398	OK	 
REQUEST		request_419	1630250491266	1630250491401	OK	 
REQUEST		request_426	1630250491332	1630250491413	OK	 
REQUEST		request_496	1630250491271	1630250491424	OK	 
REQUEST		request_495	1630250491270	1630250491426	OK	 
REQUEST		request_500	1630250491272	1630250491428	OK	 
REQUEST		request_497	1630250491271	1630250491430	OK	 
REQUEST		request_503	1630250491273	1630250491432	OK	 
REQUEST		request_502	1630250491273	1630250491433	OK	 
REQUEST		request_430	1630250491237	1630250491442	OK	 
REQUEST		request_429	1630250491334	1630250491448	OK	 
REQUEST		request_433	1630250491238	1630250491449	OK	 
REQUEST		request_466	1630250491267	1630250491466	OK	 
REQUEST		request_410	1630250491262	1630250491473	OK	 
REQUEST		request_469	1630250491269	1630250491474	OK	 
REQUEST		request_421	1630250491267	1630250491475	OK	 
REQUEST		request_395	1630250491248	1630250491480	OK	 
REQUEST		request_402	1630250491275	1630250491502	OK	 
REQUEST		request_427	1630250491254	1630250491552	OK	 
REQUEST		request_428	1630250491255	1630250491556	OK	 
REQUEST		request_475	1630250491248	1630250491574	OK	 
REQUEST		request_505	1630250491425	1630250491577	OK	 
REQUEST		request_506	1630250491427	1630250491579	OK	 
REQUEST		request_507	1630250491429	1630250491593	OK	 
REQUEST		request_510	1630250491433	1630250491595	OK	 
REQUEST		request_509	1630250491431	1630250491596	OK	 
REQUEST		request_511	1630250491434	1630250491597	OK	 
REQUEST		request_493	1630250491251	1630250491602	OK	 
REQUEST		request_492	1630250491250	1630250491604	OK	 
REQUEST		request_476	1630250491249	1630250491607	OK	 
REQUEST		request_457	1630250491275	1630250491628	OK	 
REQUEST		request_466	1630250491467	1630250491646	OK	 
REQUEST		Login_Check	1630250491241	1630250491723	OK	 
REQUEST		request_513	1630250491577	1630250491732	OK	 
REQUEST		request_527	1630250491595	1630250491746	OK	 
REQUEST		request_515	1630250491579	1630250491749	OK	 
REQUEST		request_528	1630250491596	1630250491751	OK	 
REQUEST		request_529	1630250491598	1630250491754	OK	 
REQUEST		request_501	1630250491481	1630250491882	OK	 
REQUEST		request_468	1630250491253	1630250491898	OK	 
REQUEST		request_539	1630250491747	1630250491898	OK	 
REQUEST		request_540	1630250491750	1630250491907	OK	 
REQUEST		request_542	1630250491752	1630250491908	OK	 
REQUEST		request_544	1630250491755	1630250491912	OK	 
REQUEST		request_467	1630250491252	1630250491945	OK	 
REQUEST		request_470	1630250491254	1630250491956	OK	 
REQUEST		request_545	1630250491903	1630250492054	OK	 
REQUEST		request_552	1630250491908	1630250492058	OK	 
REQUEST		request_550	1630250491907	1630250492060	OK	 
REQUEST		request_553	1630250491913	1630250492067	OK	 
REQUEST		request_443	1630250491264	1630250492093	OK	 
REQUEST		request_538	1630250491733	1630250492129	OK	 
REQUEST		request_434	1630250491262	1630250492133	OK	 
REQUEST		request_436	1630250491263	1630250492139	OK	 
REQUEST		request_427	1630250491553	1630250492175	OK	 
REQUEST		request_428	1630250491557	1630250492177	OK	 
REQUEST		Login_Check	1630250491725	1630250492189	OK	 
REQUEST		request_554	1630250492055	1630250492208	OK	 
REQUEST		request_555	1630250492059	1630250492210	OK	 
REQUEST		request_556	1630250492061	1630250492212	OK	 
REQUEST		request_560	1630250492130	1630250492283	OK	 
REQUEST		request_562	1630250492210	1630250492360	OK	 
REQUEST		request_561	1630250492209	1630250492362	OK	 
REQUEST		request_563	1630250492213	1630250492364	OK	 
REQUEST		request_564	1630250492283	1630250492434	OK	 
REQUEST		request_526	1630250491594	1630250492775	OK	 
REQUEST		request_559	1630250492067	1630250493389	OK	 
REQUEST		request_571	1630250499405	1630250499418	OK	 
USER	RecordedSimulation	END	1630250499463
