RUN	myGatlingProject._002_Registration	-002-registration	1630210475060	rem	3.6.1
USER	RecordedSimulation	START	1630210476724
REQUEST		request_0	1630210476767	1630210478515	OK	 
ERROR	request_56: Failed to build request: Resource recordedsimulation/0056_request.txt not found 	1630210478658
ERROR	request_62: Failed to build request: Resource recordedsimulation/0062_request.txt not found 	1630210478658
ERROR	request_91: Failed to build request: Resource recordedsimulation/0091_request.txt not found 	1630210478668
ERROR	request_95: Failed to build request: Resource recordedsimulation/0095_request.txt not found 	1630210478668
ERROR	request_247: Failed to build request: Resource recordedsimulation/0247_request.txt not found 	1630210478676
REQUEST		request_28	1630210478712	1630210479444	OK	 
REQUEST		request_15	1630210478685	1630210479514	OK	 
REQUEST		request_22	1630210478697	1630210479530	OK	 
REQUEST		request_24	1630210478698	1630210479536	OK	 
REQUEST		request_30	1630210478699	1630210479564	OK	 
REQUEST		request_39	1630210478757	1630210479567	OK	 
REQUEST		request_146	1630210478771	1630210479570	OK	 
REQUEST		request_23	1630210478783	1630210479620	OK	 
REQUEST		request_25	1630210478892	1630210479624	OK	 
REQUEST		request_20	1630210478782	1630210479657	OK	 
REQUEST		request_38	1630210478784	1630210479661	OK	 
REQUEST		request_52	1630210478785	1630210479666	OK	 
REQUEST		request_50	1630210478850	1630210479669	OK	 
REQUEST		request_17	1630210479222	1630210479672	OK	 
REQUEST		request_19	1630210479234	1630210479678	OK	 
REQUEST		request_69	1630210479246	1630210479693	OK	 
REQUEST		request_118	1630210479247	1630210479695	OK	 
REQUEST		request_54	1630210479658	1630210479731	OK	 
REQUEST		request_53	1630210479622	1630210479733	OK	 
REQUEST		request_29	1630210478783	1630210479741	OK	 
REQUEST		request_55	1630210479662	1630210479743	OK	 
REQUEST		request_49	1630210478784	1630210479744	OK	 
REQUEST		request_57	1630210479667	1630210479746	OK	 
REQUEST		request_34	1630210478810	1630210479750	OK	 
REQUEST		request_36	1630210478836	1630210479752	OK	 
REQUEST		request_66	1630210478837	1630210479754	OK	 
REQUEST		request_58	1630210479732	1630210479771	OK	 
REQUEST		request_59	1630210479734	1630210479771	OK	 
REQUEST		request_60	1630210479742	1630210479772	OK	 
REQUEST		request_32	1630210478785	1630210479774	OK	 
REQUEST		request_9	1630210478862	1630210479775	OK	 
REQUEST		request_61	1630210479744	1630210479777	OK	 
REQUEST		request_67	1630210479745	1630210479778	OK	 
REQUEST		request_249	1630210479747	1630210479779	OK	 
REQUEST		request_26	1630210478721	1630210479785	OK	 
REQUEST		request_43	1630210478769	1630210479823	OK	 
REQUEST		request_16	1630210478838	1630210479996	OK	 
REQUEST		request_66	1630210479757	1630210480060	OK	 
REQUEST		request_41	1630210478700	1630210480105	OK	 
REQUEST		request_51	1630210478711	1630210480128	OK	 
REQUEST		request_64	1630210478711	1630210480150	OK	 
REQUEST		favicon-by-fb-1f05deec69.png	1630210478907	1630210480156	OK	 
REQUEST		request_88	1630210478718	1630210480175	OK	 
REQUEST		request_1	1630210479201	1630210480203	OK	 
REQUEST		request_89	1630210478719	1630210480209	OK	 
REQUEST		request_90	1630210478720	1630210480212	OK	 
REQUEST		request_2	1630210479202	1630210480223	OK	 
REQUEST		request_3	1630210479203	1630210480278	OK	 
REQUEST		request_86	1630210479221	1630210480283	OK	 
REQUEST		request_11	1630210479346	1630210480302	OK	 
REQUEST		request_13	1630210479418	1630210480312	OK	 
REQUEST		request_68	1630210479420	1630210480317	OK	 
REQUEST		request_72	1630210479422	1630210480322	OK	 
REQUEST		request_73	1630210479422	1630210480326	OK	 
REQUEST		request_41	1630210480125	1630210480335	OK	 
REQUEST		request_4	1630210480158	1630210480337	OK	 
REQUEST		core-dfb5bbecaa.js	1630210479201	1630210480339	OK	 
REQUEST		request_6	1630210480205	1630210480359	OK	 
REQUEST		request_110	1630210478796	1630210480398	OK	 
REQUEST		request_111	1630210478808	1630210480402	OK	 
REQUEST		request_112	1630210478808	1630210480403	OK	 
REQUEST		request_66	1630210480061	1630210480405	OK	 
REQUEST		request_18	1630210480277	1630210480439	OK	 
REQUEST		request_63	1630210479219	1630210480450	OK	 
REQUEST		request_35	1630210478714	1630210480455	OK	 
REQUEST		request_100	1630210480284	1630210480457	OK	 
REQUEST		request_75	1630210480313	1630210480469	OK	 
REQUEST		request_76	1630210480318	1630210480477	OK	 
REQUEST		request_92	1630210479315	1630210480484	OK	 
REQUEST		request_78	1630210478714	1630210480488	OK	 
REQUEST		request_83	1630210478715	1630210480491	OK	 
REQUEST		request_79	1630210479259	1630210480494	OK	 
REQUEST		request_127	1630210479317	1630210480498	OK	 
REQUEST		request_77	1630210480323	1630210480502	OK	 
REQUEST		request_85	1630210478716	1630210480506	OK	 
REQUEST		request_84	1630210479314	1630210480508	OK	 
REQUEST		request_128	1630210479318	1630210480510	OK	 
REQUEST		request_87	1630210478717	1630210480522	OK	 
REQUEST		alice-home-d5088827a7.css	1630210479200	1630210480523	OK	 
REQUEST		request_7	1630210479204	1630210480530	OK	 
REQUEST		request_8	1630210479218	1630210480533	OK	 
REQUEST		request_81	1630210479220	1630210480536	OK	 
REQUEST		request_82	1630210479221	1630210480539	OK	 
REQUEST		request_120	1630210479316	1630210480541	OK	 
REQUEST		request_46	1630210479319	1630210480543	OK	 
REQUEST		request_74	1630210480303	1630210480544	OK	 
REQUEST		request_43	1630210479827	1630210480558	OK	 
REQUEST		request_71	1630210479421	1630210480585	OK	 
REQUEST		request_102	1630210480452	1630210480609	OK	 
REQUEST		request_103	1630210480459	1630210480613	OK	 
REQUEST		request_97	1630210480471	1630210480633	OK	 
REQUEST		request_99	1630210480504	1630210480667	OK	 
REQUEST		request_129	1630210480486	1630210480687	OK	 
REQUEST		request_105	1630210480534	1630210480691	OK	 
REQUEST		request_104	1630210480531	1630210480695	OK	 
REQUEST		request_106	1630210480537	1630210480698	OK	 
REQUEST		request_130	1630210480495	1630210480701	OK	 
REQUEST		request_131	1630210480500	1630210480702	OK	 
REQUEST		request_132	1630210480509	1630210480719	OK	 
REQUEST		request_153	1630210480511	1630210480725	OK	 
REQUEST		request_107	1630210480540	1630210480745	OK	 
REQUEST		request_109	1630210480585	1630210480760	OK	 
REQUEST		request_108	1630210480611	1630210480764	OK	 
REQUEST		request_113	1630210480614	1630210480767	OK	 
REQUEST		request_96	1630210480327	1630210480791	OK	 
REQUEST		request_114	1630210480693	1630210480849	OK	 
REQUEST		request_115	1630210480696	1630210480852	OK	 
REQUEST		request_116	1630210480700	1630210480857	OK	 
REQUEST		request_117	1630210480747	1630210480916	OK	 
REQUEST		request_119	1630210480765	1630210480923	OK	 
REQUEST		request_121	1630210480770	1630210480930	OK	 
REQUEST		request_123	1630210480854	1630210481021	OK	 
REQUEST		request_122	1630210480850	1630210481026	OK	 
REQUEST		request_124	1630210480858	1630210481031	OK	 
REQUEST		request_125	1630210480917	1630210481076	OK	 
REQUEST		request_126	1630210480924	1630210481089	OK	 
REQUEST		request_133	1630210480931	1630210481091	OK	 
REQUEST		request_134	1630210481024	1630210481181	OK	 
REQUEST		request_135	1630210481028	1630210481186	OK	 
REQUEST		request_136	1630210481033	1630210481190	OK	 
REQUEST		request_101	1630210480545	1630210481199	OK	 
REQUEST		request_98	1630210480478	1630210481202	OK	 
REQUEST		request_137	1630210481078	1630210481231	OK	 
REQUEST		request_140	1630210481092	1630210481250	OK	 
REQUEST		request_138	1630210481089	1630210481252	OK	 
REQUEST		request_142	1630210481187	1630210481340	OK	 
REQUEST		request_141	1630210481183	1630210481344	OK	 
REQUEST		request_143	1630210481191	1630210481347	OK	 
REQUEST		request_144	1630210481232	1630210481385	OK	 
REQUEST		request_147	1630210481253	1630210481406	OK	 
REQUEST		request_145	1630210481250	1630210481409	OK	 
REQUEST		request_148	1630210481341	1630210481493	OK	 
REQUEST		request_150	1630210481348	1630210481513	OK	 
REQUEST		request_149	1630210481345	1630210481517	OK	 
REQUEST		request_151	1630210481386	1630210481541	OK	 
REQUEST		request_154	1630210481410	1630210481561	OK	 
REQUEST		request_152	1630210481407	1630210481567	OK	 
REQUEST		request_155	1630210481495	1630210481655	OK	 
REQUEST		request_156	1630210481514	1630210481668	OK	 
REQUEST		request_157	1630210481519	1630210481678	OK	 
REQUEST		request_158	1630210481542	1630210481709	OK	 
REQUEST		request_160	1630210481568	1630210481724	OK	 
REQUEST		request_159	1630210481563	1630210481726	OK	 
REQUEST		request_161	1630210481656	1630210481814	OK	 
REQUEST		request_162	1630210481669	1630210481827	OK	 
REQUEST		request_163	1630210481679	1630210481844	OK	 
REQUEST		request_164	1630210481709	1630210481864	OK	 
REQUEST		request_166	1630210481727	1630210481885	OK	 
REQUEST		request_165	1630210481725	1630210481886	OK	 
REQUEST		request_167	1630210481815	1630210481975	OK	 
REQUEST		request_168	1630210481828	1630210481991	OK	 
REQUEST		request_169	1630210481845	1630210482002	OK	 
REQUEST		request_170	1630210481865	1630210482024	OK	 
REQUEST		request_171	1630210481886	1630210482038	OK	 
REQUEST		request_172	1630210481887	1630210482043	OK	 
REQUEST		request_173	1630210481977	1630210482129	OK	 
REQUEST		request_174	1630210481992	1630210482154	OK	 
REQUEST		request_175	1630210482003	1630210482158	OK	 
REQUEST		request_177	1630210482039	1630210482193	OK	 
REQUEST		request_178	1630210482044	1630210482199	OK	 
REQUEST		request_176	1630210482026	1630210482205	OK	 
REQUEST		request_179	1630210482130	1630210482283	OK	 
REQUEST		request_180	1630210482155	1630210482309	OK	 
REQUEST		request_181	1630210482159	1630210482312	OK	 
REQUEST		request_182	1630210482195	1630210482352	OK	 
REQUEST		request_183	1630210482201	1630210482355	OK	 
REQUEST		request_184	1630210482206	1630210482359	OK	 
REQUEST		request_185	1630210482283	1630210482439	OK	 
REQUEST		request_187	1630210482313	1630210482467	OK	 
REQUEST		request_186	1630210482310	1630210482474	OK	 
REQUEST		request_188	1630210482353	1630210482507	OK	 
REQUEST		request_189	1630210482356	1630210482512	OK	 
REQUEST		request_190	1630210482360	1630210482522	OK	 
REQUEST		request_191	1630210482441	1630210482596	OK	 
REQUEST		request_192	1630210482469	1630210482634	OK	 
REQUEST		request_193	1630210482476	1630210482638	OK	 
REQUEST		request_194	1630210482509	1630210482665	OK	 
REQUEST		request_195	1630210482514	1630210482670	OK	 
REQUEST		request_196	1630210482523	1630210482680	OK	 
REQUEST		request_201	1630210482671	1630210482845	OK	 
REQUEST		request_199	1630210482640	1630210482864	OK	 
REQUEST		request_198	1630210482635	1630210482867	OK	 
REQUEST		request_197	1630210482597	1630210482868	OK	 
REQUEST		request_202	1630210482681	1630210482870	OK	 
REQUEST		request_203	1630210482845	1630210483078	OK	 
REQUEST		request_205	1630210482867	1630210483084	OK	 
REQUEST		request_206	1630210482869	1630210483089	OK	 
REQUEST		request_204	1630210482864	1630210483092	OK	 
REQUEST		request_207	1630210482871	1630210483094	OK	 
REQUEST		request_200	1630210482666	1630210483096	OK	 
REQUEST		request_210	1630210483090	1630210483283	OK	 
REQUEST		request_209	1630210483086	1630210483287	OK	 
REQUEST		request_208	1630210483081	1630210483290	OK	 
REQUEST		request_211	1630210483093	1630210483293	OK	 
REQUEST		request_212	1630210483095	1630210483297	OK	 
REQUEST		request_216	1630210483292	1630210483446	OK	 
REQUEST		request_213	1630210483097	1630210483469	OK	 
REQUEST		request_214	1630210483285	1630210483517	OK	 
REQUEST		request_217	1630210483295	1630210483520	OK	 
REQUEST		request_218	1630210483299	1630210483522	OK	 
REQUEST		request_219	1630210483447	1630210483603	OK	 
REQUEST		request_220	1630210483470	1630210483622	OK	 
REQUEST		request_215	1630210483288	1630210483682	OK	 
REQUEST		request_223	1630210483522	1630210483701	OK	 
REQUEST		request_222	1630210483521	1630210483704	OK	 
REQUEST		request_221	1630210483518	1630210483712	OK	 
REQUEST		request_224	1630210483603	1630210483755	OK	 
REQUEST		request_225	1630210483623	1630210483776	OK	 
REQUEST		request_226	1630210483683	1630210483837	OK	 
REQUEST		request_228	1630210483705	1630210483856	OK	 
REQUEST		request_227	1630210483702	1630210483858	OK	 
REQUEST		request_229	1630210483713	1630210483862	OK	 
REQUEST		request_230	1630210483756	1630210483911	OK	 
REQUEST		request_231	1630210483776	1630210483929	OK	 
REQUEST		request_232	1630210483838	1630210483992	OK	 
REQUEST		request_233	1630210483856	1630210484011	OK	 
REQUEST		request_234	1630210483858	1630210484015	OK	 
REQUEST		request_235	1630210483863	1630210484020	OK	 
REQUEST		request_236	1630210483912	1630210484070	OK	 
REQUEST		request_237	1630210483930	1630210484088	OK	 
REQUEST		request_242	1630210484071	1630210484229	OK	 
REQUEST		request_243	1630210484089	1630210484240	OK	 
REQUEST		request_238	1630210483993	1630210484289	OK	 
REQUEST		request_239	1630210484011	1630210484301	OK	 
REQUEST		request_241	1630210484020	1630210484314	OK	 
REQUEST		request_244	1630210484230	1630210484382	OK	 
REQUEST		request_246	1630210484290	1630210484446	OK	 
REQUEST		request_248	1630210484301	1630210484490	OK	 
REQUEST		request_240	1630210484016	1630210484578	OK	 
REQUEST		request_245	1630210484241	1630210485211	OK	 
REQUEST		request_251	1630210487220	1630210487252	OK	 
REQUEST		request_252	1630210488254	1630210488286	OK	 
ERROR	request_310: Failed to build request: Resource recordedsimulation/0310_request.txt not found 	1630210488310
ERROR	request_314: Failed to build request: Resource recordedsimulation/0314_request.txt not found 	1630210488314
REQUEST		request_303	1630210488348	1630210488415	OK	 
REQUEST		request_301	1630210488348	1630210488416	OK	 
REQUEST		request_302	1630210488350	1630210488417	OK	 
REQUEST		request_286	1630210488349	1630210488438	OK	 
REQUEST		request_306	1630210488349	1630210488443	OK	 
REQUEST		request_256	1630210488329	1630210488456	OK	 
REQUEST		request_285	1630210488351	1630210488471	OK	 
REQUEST		request_304	1630210488409	1630210488473	OK	 
REQUEST		request_311	1630210488410	1630210488474	OK	 
REQUEST		request_287	1630210488382	1630210488475	OK	 
REQUEST		request_288	1630210488383	1630210488476	OK	 
REQUEST		request_258	1630210488323	1630210488484	OK	 
REQUEST		request_262	1630210488326	1630210488492	OK	 
REQUEST		request_261	1630210488325	1630210488496	OK	 
REQUEST		request_309	1630210488327	1630210488534	OK	 
REQUEST		request_317	1630210488328	1630210488547	OK	 
REQUEST		request_264	1630210488381	1630210488549	OK	 
REQUEST		request_293	1630210488350	1630210488564	OK	 
REQUEST		request_259	1630210488324	1630210488570	OK	 
REQUEST		request_280	1630210488363	1630210488574	OK	 
REQUEST		request_269	1630210488409	1630210488589	OK	 
REQUEST		request_318	1630210488382	1630210488597	OK	 
REQUEST		request_253	1630210488347	1630210488605	OK	 
REQUEST		request_313	1630210488411	1630210488610	OK	 
REQUEST		request_315	1630210488411	1630210488613	OK	 
REQUEST		request_316	1630210488411	1630210488615	OK	 
REQUEST		request_312	1630210488410	1630210488623	OK	 
REQUEST		request_306	1630210488443	1630210488654	OK	 
REQUEST		request_257	1630210488364	1630210488765	OK	 
REQUEST		request_279	1630210488383	1630210489323	OK	 
REQUEST		request_319	1630210492326	1630210492499	OK	 
REQUEST		request_321	1630210496502	1630210496527	OK	 
REQUEST		request_323	1630210496531	1630210496605	OK	 
REQUEST		request_322	1630210496529	1630210497311	OK	 
REQUEST		request_324	1630210498314	1630210498327	OK	 
ERROR	request_325: Failed to build request: Resource recordedsimulation/0325_request.txt not found 	1630210504330
REQUEST		Registration	1630210513336	1630210513695	OK	 
ERROR	request_463: Failed to build request: Resource recordedsimulation/0463_request.txt not found 	1630210513712
ERROR	request_465: Failed to build request: Resource recordedsimulation/0465_request.txt not found 	1630210513712
ERROR	request_467: Failed to build request: Resource recordedsimulation/0467_request.txt not found 	1630210513712
REQUEST		request_407	1630210513729	1630210513825	OK	 
REQUEST		request_414	1630210513729	1630210513827	OK	 
REQUEST		request_418	1630210513729	1630210513829	OK	 
REQUEST		request_461	1630210513730	1630210513831	OK	 
REQUEST		request_459	1630210513762	1630210513831	OK	 
REQUEST		request_450	1630210513767	1630210513832	OK	 
REQUEST		request_452	1630210513769	1630210513833	OK	 
REQUEST		request_451	1630210513768	1630210513834	OK	 
REQUEST		request_406	1630210513765	1630210513837	OK	 
REQUEST		request_402	1630210513792	1630210513839	OK	 
REQUEST		request_405	1630210513794	1630210513840	OK	 
REQUEST		request_462	1630210513809	1630210513841	OK	 
REQUEST		request_424	1630210513766	1630210513842	OK	 
REQUEST		request_397	1630210513763	1630210513843	OK	 
REQUEST		request_410	1630210513791	1630210513844	OK	 
REQUEST		request_417	1630210513795	1630210513857	OK	 
REQUEST		request_453	1630210513832	1630210513866	OK	 
REQUEST		request_454	1630210513834	1630210513867	OK	 
REQUEST		request_455	1630210513835	1630210513868	OK	 
REQUEST		request_456	1630210513837	1630210513869	OK	 
REQUEST		request_457	1630210513842	1630210513871	OK	 
REQUEST		request_458	1630210513843	1630210513874	OK	 
REQUEST		request_427	1630210513789	1630210513880	OK	 
REQUEST		request_513	1630210513726	1630210513881	OK	 
REQUEST		request_524	1630210513728	1630210513883	OK	 
REQUEST		request_521	1630210513728	1630210513887	OK	 
REQUEST		request_518	1630210513728	1630210513889	OK	 
REQUEST		request_515	1630210513728	1630210513891	OK	 
REQUEST		request_415	1630210513803	1630210513897	OK	 
REQUEST		request_466	1630210513806	1630210513898	OK	 
REQUEST		request_416	1630210513805	1630210513901	OK	 
REQUEST		request_514	1630210513727	1630210513902	OK	 
REQUEST		request_425	1630210513730	1630210513935	OK	 
REQUEST		request_449	1630210513731	1630210513935	OK	 
REQUEST		request_468	1630210513731	1630210513955	OK	 
REQUEST		request_403	1630210513808	1630210513962	OK	 
REQUEST		request_396	1630210513731	1630210513963	OK	 
REQUEST		request_411	1630210513770	1630210513987	OK	 
REQUEST		request_516	1630210513814	1630210514014	OK	 
REQUEST		request_517	1630210513815	1630210514017	OK	 
REQUEST		request_519	1630210513817	1630210514020	OK	 
REQUEST		request_469	1630210513810	1630210514021	OK	 
REQUEST		request_483	1630210513813	1630210514030	OK	 
REQUEST		request_404	1630210513818	1630210514031	OK	 
REQUEST		request_520	1630210513818	1630210514034	OK	 
REQUEST		request_526	1630210513884	1630210514035	OK	 
REQUEST		request_474	1630210513731	1630210514038	OK	 
REQUEST		request_525	1630210513881	1630210514040	OK	 
REQUEST		request_527	1630210513888	1630210514043	OK	 
REQUEST		request_528	1630210513889	1630210514046	OK	 
REQUEST		request_529	1630210513892	1630210514054	OK	 
REQUEST		api:client.js?onload=googleAsyncInit	1630210513796	1630210514055	OK	 
REQUEST		sdk.js	1630210513733	1630210514057	OK	 
REQUEST		request_434	1630210513819	1630210514065	OK	 
REQUEST		request_475	1630210513732	1630210514077	OK	 
REQUEST		request_480	1630210513732	1630210514086	OK	 
REQUEST		request_481	1630210513732	1630210514095	OK	 
REQUEST		request_422	1630210513732	1630210514099	OK	 
REQUEST		request_531	1630210514035	1630210514190	OK	 
REQUEST		request_532	1630210514042	1630210514193	OK	 
REQUEST		request_533	1630210514043	1630210514194	OK	 
REQUEST		request_534	1630210514046	1630210514202	OK	 
REQUEST		request_535	1630210514054	1630210514210	OK	 
REQUEST		request_522	1630210514015	1630210514213	OK	 
REQUEST		request_523	1630210514018	1630210514217	OK	 
REQUEST		request_536	1630210514191	1630210514342	OK	 
REQUEST		request_538	1630210514195	1630210514349	OK	 
REQUEST		request_537	1630210514193	1630210514350	OK	 
REQUEST		request_539	1630210514203	1630210514354	OK	 
REQUEST		request_540	1630210514210	1630210514373	OK	 
REQUEST		request_470	1630210513797	1630210514439	OK	 
REQUEST		request_471	1630210513801	1630210514440	OK	 
REQUEST		request_472	1630210513802	1630210514458	OK	 
REQUEST		request_543	1630210514351	1630210514505	OK	 
REQUEST		request_541	1630210514343	1630210514508	OK	 
REQUEST		request_544	1630210514355	1630210514511	OK	 
REQUEST		request_542	1630210514349	1630210514514	OK	 
REQUEST		request_545	1630210514374	1630210514527	OK	 
REQUEST		request_429	1630210513786	1630210514628	OK	 
REQUEST		request_547	1630210514509	1630210514660	OK	 
REQUEST		request_546	1630210514506	1630210514666	OK	 
REQUEST		request_428	1630210513771	1630210514686	OK	 
REQUEST		request_548	1630210514512	1630210514688	OK	 
REQUEST		request_438	1630210513788	1630210514689	OK	 
REQUEST		request_549	1630210514515	1630210514694	OK	 
REQUEST		request_550	1630210514528	1630210514696	OK	 
REQUEST		request_422	1630210514099	1630210514711	OK	 
REQUEST		request_530	1630210513903	1630210514765	OK	 
REQUEST		request_552	1630210514667	1630210514816	OK	 
REQUEST		request_551	1630210514661	1630210514823	OK	 
REQUEST		request_553	1630210514688	1630210514841	OK	 
REQUEST		request_555	1630210514696	1630210514855	OK	 
REQUEST		request_554	1630210514695	1630210514872	OK	 
REQUEST		request_556	1630210514765	1630210514946	OK	 
REQUEST		request_557	1630210514817	1630210514973	OK	 
REQUEST		request_558	1630210514824	1630210514977	OK	 
REQUEST		request_560	1630210514856	1630210515012	OK	 
REQUEST		request_559	1630210514842	1630210515014	OK	 
REQUEST		request_561	1630210514873	1630210515032	OK	 
REQUEST		request_562	1630210514947	1630210515103	OK	 
REQUEST		request_563	1630210514974	1630210515125	OK	 
REQUEST		request_466	1630210513900	1630210516013	OK	 
REQUEST		request_466	1630210516014	1630210516090	OK	 
REQUEST		request_564	1630210519094	1630210519125	OK	 
REQUEST		request_565	1630210519127	1630210519155	OK	 
REQUEST		request_567	1630210521159	1630210521190	OK	 
REQUEST		request_568	1630210526192	1630210526220	OK	 
USER	RecordedSimulation	END	1630210528258
