RUN	myGatlingProject._002_Registration	-002-registration	1630250555778	 	3.6.1
USER	RecordedSimulation	START	1630250557314
REQUEST		LaunchHomePage	1630250557368	1630250559478	OK	 
ERROR	request_56: Failed to build request: Resource recordedsimulation/0056_request.txt not found 	1630250559609
ERROR	request_62: Failed to build request: Resource recordedsimulation/0062_request.txt not found 	1630250559610
ERROR	request_91: Failed to build request: Resource recordedsimulation/0091_request.txt not found 	1630250559618
ERROR	request_95: Failed to build request: Resource recordedsimulation/0095_request.txt not found 	1630250559619
ERROR	request_247: Failed to build request: Resource recordedsimulation/0247_request.txt not found 	1630250559628
REQUEST		request_28	1630250559665	1630250559981	OK	 
REQUEST		request_15	1630250559638	1630250560079	OK	 
REQUEST		request_22	1630250559656	1630250560096	OK	 
REQUEST		request_24	1630250559659	1630250560160	OK	 
REQUEST		request_30	1630250559660	1630250560164	OK	 
REQUEST		request_39	1630250559704	1630250560168	OK	 
REQUEST		request_146	1630250559719	1630250560172	OK	 
REQUEST		request_16	1630250559771	1630250560231	OK	 
REQUEST		request_25	1630250559809	1630250560240	OK	 
REQUEST		request_20	1630250559721	1630250560277	OK	 
REQUEST		request_23	1630250559722	1630250560283	OK	 
REQUEST		request_38	1630250559724	1630250560288	OK	 
REQUEST		request_52	1630250559726	1630250560303	OK	 
REQUEST		request_50	1630250559784	1630250560311	OK	 
REQUEST		request_17	1630250559874	1630250560322	OK	 
REQUEST		request_19	1630250559877	1630250560335	OK	 
REQUEST		request_69	1630250559881	1630250560377	OK	 
REQUEST		request_118	1630250559883	1630250560382	OK	 
REQUEST		request_53	1630250560279	1630250560434	OK	 
REQUEST		request_54	1630250560284	1630250560437	OK	 
REQUEST		request_29	1630250559723	1630250560453	OK	 
REQUEST		request_55	1630250560292	1630250560455	OK	 
REQUEST		request_49	1630250559725	1630250560458	OK	 
REQUEST		request_57	1630250560306	1630250560460	OK	 
REQUEST		request_32	1630250559727	1630250560465	OK	 
REQUEST		request_34	1630250559755	1630250560469	OK	 
REQUEST		request_36	1630250559768	1630250560472	OK	 
REQUEST		request_66	1630250559769	1630250560475	OK	 
REQUEST		request_9	1630250559796	1630250560485	OK	 
REQUEST		request_26	1630250559677	1630250560499	OK	 
REQUEST		request_58	1630250560436	1630250560501	OK	 
REQUEST		request_59	1630250560438	1630250560502	OK	 
REQUEST		request_60	1630250560454	1630250560504	OK	 
REQUEST		request_61	1630250560456	1630250560505	OK	 
REQUEST		request_67	1630250560459	1630250560507	OK	 
REQUEST		request_249	1630250560462	1630250560510	OK	 
REQUEST		request_43	1630250559717	1630250560525	OK	 
REQUEST		request_66	1630250560482	1630250560736	OK	 
REQUEST		request_41	1630250559661	1630250560813	OK	 
REQUEST		request_51	1630250559663	1630250560836	OK	 
REQUEST		request_64	1630250559664	1630250560838	OK	 
REQUEST		favicon-by-fb-1f05deec69.png	1630250559811	1630250560844	OK	 
REQUEST		request_1	1630250559827	1630250560856	OK	 
REQUEST		request_2	1630250559828	1630250560865	OK	 
REQUEST		request_3	1630250559830	1630250560923	OK	 
REQUEST		request_88	1630250559673	1630250560932	OK	 
REQUEST		request_89	1630250559675	1630250560934	OK	 
REQUEST		request_90	1630250559676	1630250560935	OK	 
REQUEST		request_7	1630250559831	1630250560939	OK	 
REQUEST		request_8	1630250559868	1630250560941	OK	 
REQUEST		request_63	1630250559869	1630250560943	OK	 
REQUEST		request_81	1630250559870	1630250560947	OK	 
REQUEST		request_82	1630250559871	1630250560949	OK	 
REQUEST		request_86	1630250559872	1630250560950	OK	 
REQUEST		request_11	1630250559934	1630250560967	OK	 
REQUEST		request_13	1630250559955	1630250560973	OK	 
REQUEST		request_68	1630250559957	1630250560979	OK	 
REQUEST		request_73	1630250559961	1630250560984	OK	 
REQUEST		request_4	1630250560845	1630250561005	OK	 
REQUEST		request_6	1630250560857	1630250561010	OK	 
REQUEST		request_41	1630250560833	1630250561041	OK	 
REQUEST		request_18	1630250560921	1630250561081	OK	 
REQUEST		request_102	1630250560941	1630250561093	OK	 
REQUEST		request_100	1630250560939	1630250561097	OK	 
REQUEST		request_105	1630250560950	1630250561108	OK	 
REQUEST		request_103	1630250560945	1630250561110	OK	 
REQUEST		request_104	1630250560948	1630250561112	OK	 
REQUEST		request_106	1630250560951	1630250561114	OK	 
REQUEST		request_74	1630250560968	1630250561119	OK	 
REQUEST		request_66	1630250560737	1630250561130	OK	 
REQUEST		request_76	1630250560980	1630250561152	OK	 
REQUEST		request_79	1630250559901	1630250561155	OK	 
REQUEST		request_77	1630250560985	1630250561157	OK	 
REQUEST		request_78	1630250559669	1630250561166	OK	 
REQUEST		request_84	1630250559915	1630250561167	OK	 
REQUEST		alice-home-d5088827a7.css	1630250559825	1630250561169	OK	 
REQUEST		request_120	1630250559917	1630250561177	OK	 
REQUEST		request_110	1630250559740	1630250561179	OK	 
REQUEST		request_111	1630250559753	1630250561180	OK	 
REQUEST		request_112	1630250559754	1630250561182	OK	 
REQUEST		request_92	1630250559916	1630250561183	OK	 
REQUEST		request_127	1630250559918	1630250561185	OK	 
REQUEST		request_128	1630250559919	1630250561187	OK	 
REQUEST		request_46	1630250559921	1630250561191	OK	 
REQUEST		request_35	1630250559667	1630250561193	OK	 
REQUEST		request_71	1630250559958	1630250561202	OK	 
REQUEST		request_43	1630250560529	1630250561205	OK	 
REQUEST		request_107	1630250561094	1630250561247	OK	 
REQUEST		request_108	1630250561098	1630250561252	OK	 
REQUEST		request_83	1630250559670	1630250561256	OK	 
REQUEST		request_75	1630250560974	1630250561261	OK	 
REQUEST		request_113	1630250561109	1630250561265	OK	 
REQUEST		request_116	1630250561115	1630250561271	OK	 
REQUEST		request_114	1630250561111	1630250561274	OK	 
REQUEST		request_115	1630250561113	1630250561277	OK	 
REQUEST		request_87	1630250559672	1630250561282	OK	 
REQUEST		request_85	1630250559671	1630250561293	OK	 
REQUEST		request_97	1630250561153	1630250561319	OK	 
REQUEST		request_129	1630250561156	1630250561356	OK	 
REQUEST		request_99	1630250561203	1630250561361	OK	 
REQUEST		request_130	1630250561168	1630250561369	OK	 
REQUEST		request_131	1630250561178	1630250561379	OK	 
REQUEST		request_153	1630250561185	1630250561393	OK	 
REQUEST		request_132	1630250561184	1630250561398	OK	 
REQUEST		request_117	1630250561249	1630250561406	OK	 
REQUEST		request_119	1630250561253	1630250561409	OK	 
REQUEST		request_121	1630250561266	1630250561419	OK	 
REQUEST		request_122	1630250561272	1630250561429	OK	 
REQUEST		request_123	1630250561275	1630250561434	OK	 
REQUEST		request_124	1630250561279	1630250561457	OK	 
REQUEST		request_96	1630250561120	1630250561468	OK	 
REQUEST		request_109	1630250561320	1630250561496	OK	 
REQUEST		request_125	1630250561407	1630250561559	OK	 
REQUEST		request_126	1630250561410	1630250561569	OK	 
REQUEST		request_72	1630250559959	1630250561571	OK	 
REQUEST		request_133	1630250561419	1630250561579	OK	 
REQUEST		request_134	1630250561432	1630250561588	OK	 
REQUEST		core-dfb5bbecaa.js	1630250559826	1630250561601	OK	 
REQUEST		request_136	1630250561458	1630250561612	OK	 
REQUEST		request_135	1630250561434	1630250561625	OK	 
REQUEST		request_137	1630250561560	1630250561711	OK	 
REQUEST		request_138	1630250561569	1630250561730	OK	 
REQUEST		request_140	1630250561579	1630250561735	OK	 
REQUEST		request_141	1630250561589	1630250561741	OK	 
REQUEST		request_142	1630250561613	1630250561769	OK	 
REQUEST		request_143	1630250561625	1630250561781	OK	 
REQUEST		request_144	1630250561711	1630250561873	OK	 
REQUEST		request_101	1630250561263	1630250561890	OK	 
REQUEST		request_145	1630250561731	1630250561891	OK	 
REQUEST		request_147	1630250561736	1630250561893	OK	 
REQUEST		request_148	1630250561742	1630250561899	OK	 
REQUEST		request_149	1630250561770	1630250561922	OK	 
REQUEST		request_150	1630250561781	1630250561934	OK	 
REQUEST		request_151	1630250561886	1630250562047	OK	 
REQUEST		request_152	1630250561892	1630250562048	OK	 
REQUEST		request_154	1630250561894	1630250562050	OK	 
REQUEST		request_155	1630250561901	1630250562059	OK	 
REQUEST		request_156	1630250561923	1630250562076	OK	 
REQUEST		request_157	1630250561935	1630250562099	OK	 
REQUEST		request_158	1630250562047	1630250562204	OK	 
REQUEST		request_159	1630250562049	1630250562209	OK	 
REQUEST		request_160	1630250562051	1630250562212	OK	 
REQUEST		request_161	1630250562059	1630250562217	OK	 
REQUEST		request_162	1630250562077	1630250562230	OK	 
REQUEST		request_163	1630250562100	1630250562256	OK	 
REQUEST		request_164	1630250562205	1630250562360	OK	 
REQUEST		request_165	1630250562210	1630250562371	OK	 
REQUEST		request_166	1630250562214	1630250562378	OK	 
REQUEST		request_167	1630250562219	1630250562384	OK	 
REQUEST		request_168	1630250562232	1630250562396	OK	 
REQUEST		request_169	1630250562258	1630250562413	OK	 
REQUEST		request_170	1630250562362	1630250562513	OK	 
REQUEST		request_171	1630250562373	1630250562528	OK	 
REQUEST		request_172	1630250562381	1630250562541	OK	 
REQUEST		request_173	1630250562385	1630250562545	OK	 
REQUEST		request_174	1630250562397	1630250562551	OK	 
REQUEST		request_175	1630250562415	1630250562568	OK	 
REQUEST		request_176	1630250562515	1630250562669	OK	 
REQUEST		request_177	1630250562530	1630250562683	OK	 
REQUEST		request_178	1630250562543	1630250562697	OK	 
REQUEST		request_179	1630250562547	1630250562701	OK	 
REQUEST		request_180	1630250562553	1630250562706	OK	 
REQUEST		request_181	1630250562569	1630250562728	OK	 
REQUEST		request_182	1630250562670	1630250562825	OK	 
REQUEST		request_98	1630250561158	1630250562834	OK	 
REQUEST		request_183	1630250562685	1630250562842	OK	 
REQUEST		request_184	1630250562698	1630250562849	OK	 
REQUEST		request_185	1630250562703	1630250562855	OK	 
REQUEST		request_186	1630250562708	1630250562863	OK	 
REQUEST		request_187	1630250562730	1630250562885	OK	 
REQUEST		request_188	1630250562827	1630250562982	OK	 
REQUEST		request_189	1630250562843	1630250562999	OK	 
REQUEST		request_190	1630250562850	1630250563003	OK	 
REQUEST		request_191	1630250562856	1630250563008	OK	 
REQUEST		request_192	1630250562864	1630250563018	OK	 
REQUEST		request_193	1630250562886	1630250563042	OK	 
REQUEST		request_194	1630250562983	1630250563136	OK	 
REQUEST		request_195	1630250563001	1630250563156	OK	 
REQUEST		request_196	1630250563005	1630250563159	OK	 
REQUEST		request_197	1630250563009	1630250563163	OK	 
REQUEST		request_198	1630250563020	1630250563174	OK	 
REQUEST		request_199	1630250563044	1630250563197	OK	 
REQUEST		request_200	1630250563137	1630250563291	OK	 
REQUEST		request_201	1630250563157	1630250563311	OK	 
REQUEST		request_202	1630250563160	1630250563315	OK	 
REQUEST		request_203	1630250563165	1630250563318	OK	 
REQUEST		request_204	1630250563176	1630250563333	OK	 
REQUEST		request_205	1630250563199	1630250563378	OK	 
REQUEST		request_206	1630250563292	1630250563444	OK	 
REQUEST		request_207	1630250563313	1630250563465	OK	 
REQUEST		request_208	1630250563316	1630250563468	OK	 
REQUEST		request_209	1630250563319	1630250563473	OK	 
REQUEST		request_211	1630250563378	1630250563529	OK	 
REQUEST		request_210	1630250563375	1630250563532	OK	 
REQUEST		request_212	1630250563445	1630250563595	OK	 
REQUEST		request_213	1630250563466	1630250563619	OK	 
REQUEST		request_214	1630250563470	1630250563623	OK	 
REQUEST		request_215	1630250563474	1630250563626	OK	 
REQUEST		request_216	1630250563530	1630250563685	OK	 
REQUEST		request_217	1630250563534	1630250563687	OK	 
REQUEST		request_218	1630250563596	1630250563748	OK	 
REQUEST		request_220	1630250563624	1630250563774	OK	 
REQUEST		request_219	1630250563621	1630250563776	OK	 
REQUEST		request_221	1630250563627	1630250563780	OK	 
REQUEST		request_222	1630250563686	1630250563839	OK	 
REQUEST		request_223	1630250563688	1630250563841	OK	 
REQUEST		request_224	1630250563749	1630250563899	OK	 
REQUEST		request_225	1630250563775	1630250563925	OK	 
REQUEST		request_226	1630250563777	1630250563930	OK	 
REQUEST		request_227	1630250563780	1630250563934	OK	 
REQUEST		request_228	1630250563840	1630250563990	OK	 
REQUEST		request_229	1630250563842	1630250563996	OK	 
REQUEST		request_230	1630250563900	1630250564053	OK	 
REQUEST		request_231	1630250563927	1630250564081	OK	 
REQUEST		request_232	1630250563931	1630250564083	OK	 
REQUEST		request_233	1630250563935	1630250564090	OK	 
REQUEST		request_234	1630250563991	1630250564144	OK	 
REQUEST		request_235	1630250563997	1630250564152	OK	 
REQUEST		request_236	1630250564054	1630250564204	OK	 
REQUEST		request_237	1630250564082	1630250564240	OK	 
REQUEST		request_238	1630250564084	1630250564243	OK	 
REQUEST		request_239	1630250564090	1630250564245	OK	 
REQUEST		request_240	1630250564145	1630250564307	OK	 
REQUEST		request_241	1630250564153	1630250564309	OK	 
REQUEST		request_242	1630250564205	1630250564355	OK	 
REQUEST		request_243	1630250564241	1630250564393	OK	 
REQUEST		request_244	1630250564243	1630250564395	OK	 
REQUEST		request_245	1630250564245	1630250564397	OK	 
REQUEST		request_246	1630250564307	1630250564457	OK	 
REQUEST		request_248	1630250564310	1630250564463	OK	 
REQUEST		request_251	1630250566475	1630250566488	OK	 
REQUEST		request_252	1630250567499	1630250567512	OK	 
ERROR	request_310: Failed to build request: Resource recordedsimulation/0310_request.txt not found 	1630250567533
ERROR	request_314: Failed to build request: Resource recordedsimulation/0314_request.txt not found 	1630250567535
REQUEST		request_301	1630250567566	1630250567624	OK	 
REQUEST		request_302	1630250567569	1630250567625	OK	 
REQUEST		request_303	1630250567565	1630250567629	OK	 
REQUEST		request_306	1630250567567	1630250567666	OK	 
REQUEST		request_311	1630250567614	1630250567679	OK	 
REQUEST		request_304	1630250567613	1630250567680	OK	 
REQUEST		request_287	1630250567580	1630250567684	OK	 
REQUEST		request_288	1630250567581	1630250567687	OK	 
REQUEST		request_256	1630250567554	1630250567690	OK	 
REQUEST		request_258	1630250567545	1630250567715	OK	 
REQUEST		request_286	1630250567568	1630250567737	OK	 
REQUEST		request_259	1630250567547	1630250567739	OK	 
REQUEST		request_261	1630250567549	1630250567749	OK	 
REQUEST		request_262	1630250567550	1630250567750	OK	 
REQUEST		request_285	1630250567572	1630250567755	OK	 
REQUEST		request_309	1630250567552	1630250567768	OK	 
REQUEST		request_317	1630250567553	1630250567769	OK	 
REQUEST		request_269	1630250567612	1630250567774	OK	 
REQUEST		request_280	1630250567574	1630250567783	OK	 
REQUEST		request_293	1630250567570	1630250567805	OK	 
REQUEST		request_264	1630250567577	1630250567819	OK	 
REQUEST		request_313	1630250567616	1630250567821	OK	 
REQUEST		request_315	1630250567617	1630250567822	OK	 
REQUEST		request_316	1630250567618	1630250567823	OK	 
REQUEST		request_312	1630250567615	1630250567824	OK	 
REQUEST		request_253	1630250567564	1630250567826	OK	 
REQUEST		request_306	1630250567667	1630250567882	OK	 
REQUEST		request_318	1630250567579	1630250567971	OK	 
REQUEST		request_257	1630250567575	1630250568024	OK	 
REQUEST		request_279	1630250567582	1630250568448	OK	 
REQUEST		request_319	1630250571455	1630250571622	OK	 
REQUEST		request_321	1630250575625	1630250575649	OK	 
REQUEST		request_323	1630250575652	1630250575701	OK	 
REQUEST		request_322	1630250575651	1630250576245	OK	 
REQUEST		request_324	1630250577252	1630250577267	OK	 
ERROR	request_325: Failed to build request: Resource recordedsimulation/0325_request.txt not found 	1630250583280
REQUEST		Registration	1630250592304	1630250593128	OK	 
ERROR	request_463: Failed to build request: Resource recordedsimulation/0463_request.txt not found 	1630250593175
ERROR	request_465: Failed to build request: Resource recordedsimulation/0465_request.txt not found 	1630250593175
ERROR	request_467: Failed to build request: Resource recordedsimulation/0467_request.txt not found 	1630250593176
REQUEST		request_407	1630250593212	1630250593317	OK	 
REQUEST		request_414	1630250593213	1630250593319	OK	 
REQUEST		request_418	1630250593213	1630250593322	OK	 
REQUEST		request_461	1630250593214	1630250593324	OK	 
REQUEST		request_459	1630250593258	1630250593325	OK	 
REQUEST		request_450	1630250593260	1630250593326	OK	 
REQUEST		request_452	1630250593262	1630250593328	OK	 
REQUEST		request_451	1630250593261	1630250593329	OK	 
REQUEST		request_397	1630250593259	1630250593334	OK	 
REQUEST		request_406	1630250593259	1630250593336	OK	 
REQUEST		request_410	1630250593287	1630250593338	OK	 
REQUEST		request_405	1630250593289	1630250593339	OK	 
REQUEST		request_424	1630250593260	1630250593340	OK	 
REQUEST		request_462	1630250593300	1630250593341	OK	 
REQUEST		request_402	1630250593288	1630250593343	OK	 
REQUEST		request_453	1630250593326	1630250593350	OK	 
REQUEST		request_454	1630250593328	1630250593351	OK	 
REQUEST		request_455	1630250593330	1630250593351	OK	 
REQUEST		request_456	1630250593335	1630250593352	OK	 
REQUEST		request_457	1630250593337	1630250593354	OK	 
REQUEST		request_458	1630250593341	1630250593355	OK	 
REQUEST		request_417	1630250593291	1630250593356	OK	 
REQUEST		request_514	1630250593208	1630250593359	OK	 
REQUEST		request_515	1630250593209	1630250593361	OK	 
REQUEST		request_513	1630250593207	1630250593362	OK	 
REQUEST		request_521	1630250593210	1630250593364	OK	 
REQUEST		request_518	1630250593209	1630250593365	OK	 
REQUEST		request_524	1630250593211	1630250593366	OK	 
REQUEST		request_427	1630250593286	1630250593384	OK	 
REQUEST		request_415	1630250593297	1630250593386	OK	 
REQUEST		request_468	1630250593222	1630250593428	OK	 
REQUEST		request_416	1630250593298	1630250593431	OK	 
REQUEST		request_466	1630250593299	1630250593432	OK	 
REQUEST		request_425	1630250593220	1630250593435	OK	 
REQUEST		request_449	1630250593221	1630250593437	OK	 
REQUEST		request_403	1630250593299	1630250593445	OK	 
REQUEST		request_396	1630250593223	1630250593447	OK	 
REQUEST		request_411	1630250593262	1630250593477	OK	 
REQUEST		request_434	1630250593313	1630250593488	OK	 
REQUEST		request_525	1630250593360	1630250593509	OK	 
REQUEST		request_516	1630250593305	1630250593511	OK	 
REQUEST		request_517	1630250593306	1630250593513	OK	 
REQUEST		request_519	1630250593307	1630250593514	OK	 
REQUEST		request_526	1630250593362	1630250593517	OK	 
REQUEST		request_527	1630250593363	1630250593518	OK	 
REQUEST		request_528	1630250593364	1630250593520	OK	 
REQUEST		request_530	1630250593367	1630250593523	OK	 
REQUEST		request_529	1630250593365	1630250593525	OK	 
REQUEST		request_483	1630250593303	1630250593527	OK	 
REQUEST		request_469	1630250593301	1630250593528	OK	 
REQUEST		request_520	1630250593308	1630250593528	OK	 
REQUEST		request_404	1630250593312	1630250593529	OK	 
REQUEST		sdk.js	1630250593231	1630250593540	OK	 
REQUEST		request_475	1630250593225	1630250593561	OK	 
REQUEST		api:client.js?onload=googleAsyncInit	1630250593292	1630250593564	OK	 
REQUEST		request_474	1630250593224	1630250593566	OK	 
REQUEST		request_480	1630250593227	1630250593584	OK	 
REQUEST		request_422	1630250593229	1630250593601	OK	 
REQUEST		request_466	1630250593433	1630250593611	OK	 
REQUEST		request_481	1630250593228	1630250593623	OK	 
REQUEST		request_531	1630250593510	1630250593662	OK	 
REQUEST		request_533	1630250593519	1630250593669	OK	 
REQUEST		request_532	1630250593517	1630250593671	OK	 
REQUEST		request_534	1630250593521	1630250593684	OK	 
REQUEST		request_535	1630250593524	1630250593686	OK	 
REQUEST		request_536	1630250593526	1630250593689	OK	 
REQUEST		request_522	1630250593512	1630250593710	OK	 
REQUEST		request_523	1630250593513	1630250593714	OK	 
REQUEST		request_539	1630250593672	1630250593826	OK	 
REQUEST		request_538	1630250593670	1630250593829	OK	 
REQUEST		request_537	1630250593664	1630250593832	OK	 
REQUEST		request_466	1630250593612	1630250593836	OK	 
REQUEST		request_540	1630250593685	1630250593838	OK	 
REQUEST		request_542	1630250593690	1630250593843	OK	 
REQUEST		request_541	1630250593687	1630250593869	OK	 
REQUEST		request_470	1630250593293	1630250593980	OK	 
REQUEST		request_543	1630250593827	1630250593983	OK	 
REQUEST		request_544	1630250593830	1630250593985	OK	 
REQUEST		request_471	1630250593295	1630250593989	OK	 
REQUEST		request_545	1630250593834	1630250593991	OK	 
REQUEST		request_546	1630250593839	1630250593993	OK	 
REQUEST		request_547	1630250593844	1630250593996	OK	 
REQUEST		request_472	1630250593296	1630250593999	OK	 
REQUEST		request_548	1630250593870	1630250594022	OK	 
REQUEST		request_549	1630250593983	1630250594137	OK	 
REQUEST		request_550	1630250593986	1630250594139	OK	 
REQUEST		request_438	1630250593284	1630250594140	OK	 
REQUEST		request_551	1630250593992	1630250594145	OK	 
REQUEST		request_552	1630250593994	1630250594147	OK	 
REQUEST		request_553	1630250593997	1630250594149	OK	 
REQUEST		request_428	1630250593263	1630250594150	OK	 
REQUEST		request_429	1630250593283	1630250594152	OK	 
REQUEST		request_554	1630250594023	1630250594191	OK	 
REQUEST		request_422	1630250593601	1630250594236	OK	 
REQUEST		request_398	1630250593285	1630250594261	OK	 
REQUEST		request_556	1630250594139	1630250594289	OK	 
REQUEST		request_555	1630250594138	1630250594291	OK	 
REQUEST		request_557	1630250594146	1630250594300	OK	 
REQUEST		request_558	1630250594147	1630250594302	OK	 
REQUEST		request_559	1630250594149	1630250594308	OK	 
REQUEST		request_560	1630250594192	1630250594347	OK	 
REQUEST		request_561	1630250594289	1630250594441	OK	 
REQUEST		request_562	1630250594292	1630250594447	OK	 
REQUEST		request_563	1630250594301	1630250594458	OK	 
REQUEST		request_568	1630250597467	1630250597480	OK	 
USER	RecordedSimulation	END	1630250599569
