RUN	myGatlingProject._002_Registration	-002-registration	1630221146965	re	3.6.1
USER	RecordedSimulation	START	1630221148763
REQUEST		LaunchHomePage	1630221148798	1630221150237	OK	 
ERROR	request_56: Failed to build request: Resource recordedsimulation/0056_request.txt not found 	1630221150369
ERROR	request_62: Failed to build request: Resource recordedsimulation/0062_request.txt not found 	1630221150370
ERROR	request_91: Failed to build request: Resource recordedsimulation/0091_request.txt not found 	1630221150379
ERROR	request_95: Failed to build request: Resource recordedsimulation/0095_request.txt not found 	1630221150379
ERROR	request_247: Failed to build request: Resource recordedsimulation/0247_request.txt not found 	1630221150386
REQUEST		request_28	1630221150422	1630221151081	OK	 
REQUEST		request_15	1630221150396	1630221151149	OK	 
REQUEST		request_22	1630221150408	1630221151163	OK	 
REQUEST		request_24	1630221150409	1630221151206	OK	 
REQUEST		request_30	1630221150410	1630221151208	OK	 
REQUEST		request_39	1630221150484	1630221151211	OK	 
REQUEST		request_146	1630221150496	1630221151215	OK	 
REQUEST		request_25	1630221150579	1630221151238	OK	 
REQUEST		request_23	1630221150508	1630221151244	OK	 
REQUEST		request_38	1630221150509	1630221151246	OK	 
REQUEST		request_17	1630221150935	1630221151250	OK	 
REQUEST		request_19	1630221150944	1630221151254	OK	 
REQUEST		request_69	1630221150955	1630221151472	OK	 
REQUEST		request_118	1630221150955	1630221151473	OK	 
REQUEST		request_20	1630221150507	1630221151499	OK	 
REQUEST		request_53	1630221151245	1630221151500	OK	 
REQUEST		request_29	1630221150508	1630221151514	OK	 
REQUEST		request_54	1630221151248	1630221151515	OK	 
REQUEST		request_49	1630221150509	1630221151517	OK	 
REQUEST		request_52	1630221150509	1630221151519	OK	 
REQUEST		request_32	1630221150510	1630221151527	OK	 
REQUEST		request_34	1630221150535	1630221151530	OK	 
REQUEST		request_66	1630221150546	1630221151533	OK	 
REQUEST		request_50	1630221150558	1630221151548	OK	 
REQUEST		request_9	1630221150569	1630221151549	OK	 
REQUEST		request_55	1630221151499	1630221151574	OK	 
REQUEST		request_57	1630221151501	1630221151575	OK	 
REQUEST		request_58	1630221151514	1630221151577	OK	 
REQUEST		request_59	1630221151516	1630221151578	OK	 
REQUEST		request_60	1630221151518	1630221151579	OK	 
REQUEST		request_61	1630221151519	1630221151579	OK	 
REQUEST		request_67	1630221151575	1630221151584	OK	 
REQUEST		request_249	1630221151576	1630221151587	OK	 
REQUEST		request_43	1630221150495	1630221151590	OK	 
REQUEST		request_36	1630221150546	1630221151610	OK	 
REQUEST		request_26	1630221150440	1630221151633	OK	 
REQUEST		request_66	1630221151536	1630221151872	OK	 
REQUEST		favicon-by-fb-1f05deec69.png	1630221150589	1630221151967	OK	 
REQUEST		request_51	1630221150421	1630221151978	OK	 
REQUEST		request_41	1630221150410	1630221151980	OK	 
REQUEST		request_1	1630221150900	1630221152001	OK	 
REQUEST		request_64	1630221150422	1630221152004	OK	 
REQUEST		request_3	1630221150900	1630221152019	OK	 
REQUEST		request_8	1630221150933	1630221152024	OK	 
REQUEST		request_63	1630221150933	1630221152027	OK	 
REQUEST		request_81	1630221150933	1630221152032	OK	 
REQUEST		request_82	1630221150934	1630221152035	OK	 
REQUEST		request_7	1630221150901	1630221152046	OK	 
REQUEST		request_86	1630221150934	1630221152051	OK	 
REQUEST		request_88	1630221150426	1630221152066	OK	 
REQUEST		request_89	1630221150438	1630221152069	OK	 
REQUEST		request_2	1630221150900	1630221152080	OK	 
REQUEST		request_72	1630221151064	1630221152145	OK	 
REQUEST		request_16	1630221150547	1630221152152	OK	 
REQUEST		request_4	1630221151968	1630221152153	OK	 
REQUEST		core-dfb5bbecaa.js	1630221150899	1630221152154	OK	 
REQUEST		request_73	1630221151065	1630221152166	OK	 
REQUEST		request_66	1630221151873	1630221152171	OK	 
REQUEST		request_6	1630221152002	1630221152173	OK	 
REQUEST		request_102	1630221152029	1630221152181	OK	 
REQUEST		request_103	1630221152033	1630221152190	OK	 
REQUEST		request_104	1630221152036	1630221152194	OK	 
REQUEST		request_100	1630221152025	1630221152199	OK	 
REQUEST		request_41	1630221151998	1630221152203	OK	 
REQUEST		request_18	1630221152021	1630221152205	OK	 
REQUEST		request_105	1630221152049	1630221152210	OK	 
REQUEST		request_106	1630221152052	1630221152217	OK	 
REQUEST		request_68	1630221151063	1630221152224	OK	 
REQUEST		request_11	1630221151018	1630221152259	OK	 
REQUEST		request_84	1630221150978	1630221152267	OK	 
REQUEST		request_110	1630221150522	1630221152273	OK	 
REQUEST		request_74	1630221152146	1630221152300	OK	 
REQUEST		request_111	1630221150534	1630221152304	OK	 
REQUEST		request_112	1630221150534	1630221152311	OK	 
REQUEST		request_35	1630221150423	1630221152319	OK	 
REQUEST		request_75	1630221152167	1630221152336	OK	 
REQUEST		request_107	1630221152182	1630221152342	OK	 
REQUEST		request_108	1630221152191	1630221152343	OK	 
REQUEST		request_78	1630221150424	1630221152348	OK	 
REQUEST		request_113	1630221152195	1630221152350	OK	 
REQUEST		request_120	1630221150979	1630221152360	OK	 
REQUEST		request_46	1630221150980	1630221152363	OK	 
REQUEST		request_13	1630221151062	1630221152366	OK	 
REQUEST		request_115	1630221152211	1630221152369	OK	 
REQUEST		request_114	1630221152200	1630221152371	OK	 
REQUEST		request_87	1630221150426	1630221152374	OK	 
REQUEST		request_79	1630221150968	1630221152376	OK	 
REQUEST		request_127	1630221150979	1630221152378	OK	 
REQUEST		request_128	1630221150980	1630221152380	OK	 
REQUEST		request_83	1630221150424	1630221152383	OK	 
REQUEST		request_116	1630221152218	1630221152384	OK	 
REQUEST		request_92	1630221150979	1630221152386	OK	 
REQUEST		request_76	1630221152225	1630221152387	OK	 
REQUEST		request_43	1630221151593	1630221152392	OK	 
REQUEST		request_85	1630221150425	1630221152401	OK	 
REQUEST		request_71	1630221151064	1630221152403	OK	 
REQUEST		request_77	1630221152261	1630221152415	OK	 
REQUEST		request_129	1630221152269	1630221152472	OK	 
REQUEST		request_117	1630221152342	1630221152501	OK	 
REQUEST		request_119	1630221152344	1630221152503	OK	 
REQUEST		request_121	1630221152351	1630221152507	OK	 
REQUEST		request_97	1630221152337	1630221152510	OK	 
REQUEST		request_123	1630221152372	1630221152541	OK	 
REQUEST		request_122	1630221152370	1630221152543	OK	 
REQUEST		request_124	1630221152385	1630221152545	OK	 
REQUEST		request_98	1630221152367	1630221152564	OK	 
REQUEST		alice-home-d5088827a7.css	1630221150899	1630221152565	OK	 
REQUEST		request_130	1630221152361	1630221152572	OK	 
REQUEST		request_99	1630221152388	1630221152574	OK	 
REQUEST		request_101	1630221152404	1630221152576	OK	 
REQUEST		request_153	1630221152380	1630221152584	OK	 
REQUEST		request_132	1630221152379	1630221152587	OK	 
REQUEST		request_131	1630221152377	1630221152589	OK	 
REQUEST		request_109	1630221152417	1630221152635	OK	 
REQUEST		request_125	1630221152502	1630221152662	OK	 
REQUEST		request_133	1630221152508	1630221152666	OK	 
REQUEST		request_126	1630221152504	1630221152672	OK	 
REQUEST		request_96	1630221152301	1630221152676	OK	 
REQUEST		request_134	1630221152542	1630221152699	OK	 
REQUEST		request_135	1630221152544	1630221152701	OK	 
REQUEST		request_136	1630221152546	1630221152710	OK	 
REQUEST		request_137	1630221152664	1630221152818	OK	 
REQUEST		request_140	1630221152673	1630221152825	OK	 
REQUEST		request_138	1630221152667	1630221152831	OK	 
REQUEST		request_142	1630221152702	1630221152854	OK	 
REQUEST		request_141	1630221152700	1630221152859	OK	 
REQUEST		request_143	1630221152711	1630221152865	OK	 
REQUEST		request_90	1630221150438	1630221152956	OK	 
REQUEST		request_144	1630221152820	1630221152972	OK	 
REQUEST		request_145	1630221152826	1630221152985	OK	 
REQUEST		request_147	1630221152833	1630221152988	OK	 
REQUEST		request_148	1630221152855	1630221153010	OK	 
REQUEST		request_149	1630221152860	1630221153022	OK	 
REQUEST		request_150	1630221152866	1630221153024	OK	 
REQUEST		request_151	1630221152973	1630221153125	OK	 
REQUEST		request_152	1630221152985	1630221153138	OK	 
REQUEST		request_154	1630221152988	1630221153140	OK	 
REQUEST		request_155	1630221153010	1630221153172	OK	 
REQUEST		request_156	1630221153023	1630221153175	OK	 
REQUEST		request_157	1630221153025	1630221153176	OK	 
REQUEST		request_158	1630221153125	1630221153288	OK	 
REQUEST		request_160	1630221153140	1630221153292	OK	 
REQUEST		request_159	1630221153139	1630221153299	OK	 
REQUEST		request_161	1630221153173	1630221153331	OK	 
REQUEST		request_163	1630221153176	1630221153335	OK	 
REQUEST		request_162	1630221153175	1630221153337	OK	 
REQUEST		request_164	1630221153289	1630221153445	OK	 
REQUEST		request_165	1630221153293	1630221153457	OK	 
REQUEST		request_166	1630221153299	1630221153462	OK	 
REQUEST		request_167	1630221153333	1630221153488	OK	 
REQUEST		request_168	1630221153336	1630221153492	OK	 
REQUEST		request_169	1630221153337	1630221153494	OK	 
REQUEST		request_170	1630221153446	1630221153595	OK	 
REQUEST		request_171	1630221153458	1630221153607	OK	 
REQUEST		request_172	1630221153463	1630221153618	OK	 
REQUEST		request_173	1630221153489	1630221153644	OK	 
REQUEST		request_175	1630221153495	1630221153649	OK	 
REQUEST		request_174	1630221153492	1630221153651	OK	 
REQUEST		request_176	1630221153596	1630221153751	OK	 
REQUEST		request_177	1630221153608	1630221153763	OK	 
REQUEST		request_178	1630221153618	1630221153772	OK	 
REQUEST		request_179	1630221153644	1630221153801	OK	 
REQUEST		request_180	1630221153650	1630221153805	OK	 
REQUEST		request_181	1630221153651	1630221153808	OK	 
REQUEST		request_182	1630221153752	1630221153904	OK	 
REQUEST		request_183	1630221153766	1630221153923	OK	 
REQUEST		request_184	1630221153772	1630221153924	OK	 
REQUEST		request_185	1630221153801	1630221153955	OK	 
REQUEST		request_186	1630221153806	1630221153958	OK	 
REQUEST		request_187	1630221153809	1630221153962	OK	 
REQUEST		request_188	1630221153905	1630221154053	OK	 
REQUEST		request_190	1630221153925	1630221154076	OK	 
REQUEST		request_189	1630221153923	1630221154078	OK	 
REQUEST		request_191	1630221153956	1630221154110	OK	 
REQUEST		request_192	1630221153958	1630221154114	OK	 
REQUEST		request_193	1630221153962	1630221154116	OK	 
REQUEST		request_194	1630221154054	1630221154208	OK	 
REQUEST		request_196	1630221154078	1630221154232	OK	 
REQUEST		request_195	1630221154077	1630221154233	OK	 
REQUEST		request_197	1630221154110	1630221154264	OK	 
REQUEST		request_198	1630221154115	1630221154266	OK	 
REQUEST		request_199	1630221154116	1630221154271	OK	 
REQUEST		request_200	1630221154209	1630221154359	OK	 
REQUEST		request_202	1630221154234	1630221154385	OK	 
REQUEST		request_201	1630221154232	1630221154387	OK	 
REQUEST		request_203	1630221154265	1630221154417	OK	 
REQUEST		request_205	1630221154272	1630221154424	OK	 
REQUEST		request_204	1630221154267	1630221154428	OK	 
REQUEST		request_206	1630221154360	1630221154510	OK	 
REQUEST		request_207	1630221154385	1630221154539	OK	 
REQUEST		request_208	1630221154387	1630221154540	OK	 
REQUEST		request_209	1630221154418	1630221154574	OK	 
REQUEST		request_210	1630221154424	1630221154575	OK	 
REQUEST		request_211	1630221154428	1630221154580	OK	 
REQUEST		request_212	1630221154511	1630221154662	OK	 
REQUEST		request_213	1630221154539	1630221154689	OK	 
REQUEST		request_214	1630221154541	1630221154699	OK	 
REQUEST		request_215	1630221154574	1630221154726	OK	 
REQUEST		request_216	1630221154576	1630221154728	OK	 
REQUEST		request_217	1630221154581	1630221154734	OK	 
REQUEST		request_218	1630221154662	1630221154812	OK	 
REQUEST		request_219	1630221154690	1630221154843	OK	 
REQUEST		request_220	1630221154699	1630221154865	OK	 
REQUEST		request_222	1630221154728	1630221154878	OK	 
REQUEST		request_221	1630221154727	1630221154879	OK	 
REQUEST		request_223	1630221154734	1630221154886	OK	 
REQUEST		request_225	1630221154843	1630221154995	OK	 
REQUEST		request_226	1630221154865	1630221155018	OK	 
REQUEST		request_228	1630221154879	1630221155032	OK	 
REQUEST		request_227	1630221154878	1630221155040	OK	 
REQUEST		request_229	1630221154887	1630221155058	OK	 
REQUEST		request_224	1630221154812	1630221155091	OK	 
REQUEST		request_230	1630221154996	1630221155147	OK	 
REQUEST		request_231	1630221155019	1630221155172	OK	 
REQUEST		request_232	1630221155033	1630221155183	OK	 
REQUEST		request_233	1630221155040	1630221155192	OK	 
REQUEST		request_234	1630221155058	1630221155215	OK	 
REQUEST		request_235	1630221155091	1630221155242	OK	 
REQUEST		request_236	1630221155148	1630221155298	OK	 
REQUEST		request_237	1630221155172	1630221155332	OK	 
REQUEST		request_238	1630221155183	1630221155337	OK	 
REQUEST		request_239	1630221155192	1630221155349	OK	 
REQUEST		request_240	1630221155215	1630221155369	OK	 
REQUEST		request_241	1630221155243	1630221155397	OK	 
REQUEST		request_242	1630221155298	1630221155448	OK	 
REQUEST		request_243	1630221155332	1630221155484	OK	 
REQUEST		request_244	1630221155338	1630221155489	OK	 
REQUEST		request_245	1630221155350	1630221155508	OK	 
REQUEST		request_246	1630221155369	1630221155529	OK	 
REQUEST		request_248	1630221155398	1630221155554	OK	 
REQUEST		request_251	1630221157559	1630221157571	OK	 
REQUEST		request_252	1630221158573	1630221158584	OK	 
ERROR	request_310: Failed to build request: Resource recordedsimulation/0310_request.txt not found 	1630221158588
ERROR	request_314: Failed to build request: Resource recordedsimulation/0314_request.txt not found 	1630221158588
REQUEST		request_301	1630221158605	1630221158660	OK	 
REQUEST		request_302	1630221158606	1630221158660	OK	 
REQUEST		request_303	1630221158605	1630221158663	OK	 
REQUEST		request_306	1630221158605	1630221158701	OK	 
REQUEST		request_256	1630221158592	1630221158702	OK	 
REQUEST		request_304	1630221158653	1630221158709	OK	 
REQUEST		request_287	1630221158636	1630221158710	OK	 
REQUEST		request_311	1630221158653	1630221158711	OK	 
REQUEST		request_286	1630221158606	1630221158713	OK	 
REQUEST		request_285	1630221158607	1630221158714	OK	 
REQUEST		request_288	1630221158636	1630221158726	OK	 
REQUEST		request_262	1630221158591	1630221158747	OK	 
REQUEST		request_259	1630221158590	1630221158749	OK	 
REQUEST		request_269	1630221158652	1630221158787	OK	 
REQUEST		request_317	1630221158591	1630221158798	OK	 
REQUEST		request_309	1630221158591	1630221158799	OK	 
REQUEST		request_261	1630221158590	1630221158801	OK	 
REQUEST		request_280	1630221158623	1630221158821	OK	 
REQUEST		request_293	1630221158606	1630221158825	OK	 
REQUEST		request_318	1630221158635	1630221158847	OK	 
REQUEST		request_253	1630221158604	1630221158852	OK	 
REQUEST		request_313	1630221158655	1630221158854	OK	 
REQUEST		request_312	1630221158654	1630221158855	OK	 
REQUEST		request_315	1630221158655	1630221158858	OK	 
REQUEST		request_316	1630221158655	1630221158864	OK	 
REQUEST		request_264	1630221158634	1630221158872	OK	 
REQUEST		request_306	1630221158701	1630221158915	OK	 
REQUEST		request_257	1630221158624	1630221159015	OK	 
REQUEST		request_258	1630221158590	1630221159201	OK	 
REQUEST		request_279	1630221158636	1630221159419	OK	 
REQUEST		request_319	1630221162421	1630221162576	OK	 
REQUEST		request_321	1630221166578	1630221166606	OK	 
REQUEST		request_323	1630221166607	1630221166662	OK	 
REQUEST		request_322	1630221166607	1630221167340	OK	 
REQUEST		request_324	1630221168342	1630221168355	OK	 
ERROR	request_325: Failed to build request: Resource recordedsimulation/0325_request.txt not found 	1630221174357
REQUEST		Registration	1630221183363	1630221183612	OK	 
ERROR	request_463: Failed to build request: Resource recordedsimulation/0463_request.txt not found 	1630221183635
ERROR	request_465: Failed to build request: Resource recordedsimulation/0465_request.txt not found 	1630221183635
ERROR	request_467: Failed to build request: Resource recordedsimulation/0467_request.txt not found 	1630221183635
REQUEST		request_407	1630221183649	1630221183703	OK	 
REQUEST		request_414	1630221183650	1630221183704	OK	 
REQUEST		request_418	1630221183650	1630221183705	OK	 
REQUEST		request_461	1630221183650	1630221183706	OK	 
REQUEST		request_459	1630221183669	1630221183706	OK	 
REQUEST		request_397	1630221183670	1630221183708	OK	 
REQUEST		request_406	1630221183670	1630221183709	OK	 
REQUEST		request_450	1630221183671	1630221183709	OK	 
REQUEST		request_452	1630221183671	1630221183710	OK	 
REQUEST		request_451	1630221183671	1630221183711	OK	 
REQUEST		request_462	1630221183697	1630221183713	OK	 
REQUEST		request_405	1630221183693	1630221183713	OK	 
REQUEST		request_453	1630221183708	1630221183717	OK	 
REQUEST		request_454	1630221183709	1630221183719	OK	 
REQUEST		request_456	1630221183710	1630221183721	OK	 
REQUEST		request_457	1630221183711	1630221183721	OK	 
REQUEST		request_455	1630221183710	1630221183721	OK	 
REQUEST		request_410	1630221183692	1630221183728	OK	 
REQUEST		request_458	1630221183718	1630221183729	OK	 
REQUEST		request_402	1630221183692	1630221183729	OK	 
REQUEST		request_424	1630221183670	1630221183744	OK	 
REQUEST		request_417	1630221183693	1630221183746	OK	 
REQUEST		request_416	1630221183696	1630221183776	OK	 
REQUEST		request_466	1630221183696	1630221183779	OK	 
REQUEST		request_415	1630221183696	1630221183780	OK	 
REQUEST		request_427	1630221183691	1630221183784	OK	 
REQUEST		request_514	1630221183648	1630221183800	OK	 
REQUEST		request_513	1630221183647	1630221183801	OK	 
REQUEST		request_518	1630221183649	1630221183801	OK	 
REQUEST		request_521	1630221183649	1630221183802	OK	 
REQUEST		request_515	1630221183648	1630221183803	OK	 
REQUEST		request_524	1630221183649	1630221183806	OK	 
REQUEST		request_403	1630221183697	1630221183858	OK	 
REQUEST		request_425	1630221183650	1630221183859	OK	 
REQUEST		request_468	1630221183651	1630221183860	OK	 
REQUEST		request_449	1630221183651	1630221183864	OK	 
REQUEST		request_466	1630221183779	1630221183865	OK	 
REQUEST		request_396	1630221183651	1630221183882	OK	 
REQUEST		sdk.js	1630221183657	1630221183896	OK	 
REQUEST		request_411	1630221183672	1630221183901	OK	 
REQUEST		request_519	1630221183700	1630221183905	OK	 
REQUEST		request_516	1630221183699	1630221183906	OK	 
REQUEST		request_517	1630221183700	1630221183908	OK	 
REQUEST		request_404	1630221183700	1630221183908	OK	 
REQUEST		request_469	1630221183697	1630221183911	OK	 
REQUEST		request_520	1630221183700	1630221183912	OK	 
REQUEST		request_483	1630221183699	1630221183914	OK	 
REQUEST		request_466	1630221183865	1630221183935	OK	 
REQUEST		api:client.js?onload=googleAsyncInit	1630221183694	1630221183947	OK	 
REQUEST		request_525	1630221183800	1630221183956	OK	 
REQUEST		request_528	1630221183803	1630221183957	OK	 
REQUEST		request_530	1630221183806	1630221183958	OK	 
REQUEST		request_529	1630221183803	1630221183961	OK	 
REQUEST		request_526	1630221183801	1630221183962	OK	 
REQUEST		request_527	1630221183801	1630221183963	OK	 
REQUEST		request_475	1630221183652	1630221183978	OK	 
REQUEST		request_422	1630221183653	1630221183987	OK	 
REQUEST		request_474	1630221183651	1630221183995	OK	 
REQUEST		request_481	1630221183652	1630221184005	OK	 
REQUEST		request_480	1630221183652	1630221184028	OK	 
REQUEST		request_522	1630221183905	1630221184105	OK	 
REQUEST		request_523	1630221183907	1630221184106	OK	 
REQUEST		request_532	1630221183958	1630221184112	OK	 
REQUEST		request_533	1630221183959	1630221184114	OK	 
REQUEST		request_534	1630221183962	1630221184116	OK	 
REQUEST		request_531	1630221183956	1630221184117	OK	 
REQUEST		request_535	1630221183962	1630221184119	OK	 
REQUEST		request_536	1630221183963	1630221184121	OK	 
REQUEST		request_537	1630221184113	1630221184266	OK	 
REQUEST		request_539	1630221184116	1630221184271	OK	 
REQUEST		request_538	1630221184115	1630221184272	OK	 
REQUEST		request_541	1630221184120	1630221184273	OK	 
REQUEST		request_542	1630221184121	1630221184275	OK	 
REQUEST		request_540	1630221184117	1630221184282	OK	 
REQUEST		request_470	1630221183694	1630221184345	OK	 
REQUEST		request_472	1630221183695	1630221184345	OK	 
REQUEST		request_471	1630221183695	1630221184354	OK	 
REQUEST		request_543	1630221184266	1630221184421	OK	 
REQUEST		request_545	1630221184272	1630221184422	OK	 
REQUEST		request_544	1630221184271	1630221184423	OK	 
REQUEST		request_546	1630221184273	1630221184426	OK	 
REQUEST		request_547	1630221184275	1630221184428	OK	 
REQUEST		request_548	1630221184283	1630221184438	OK	 
REQUEST		request_434	1630221183701	1630221184458	OK	 
REQUEST		request_429	1630221183691	1630221184516	OK	 
REQUEST		request_428	1630221183672	1630221184531	OK	 
REQUEST		request_438	1630221183691	1630221184558	OK	 
REQUEST		request_550	1630221184423	1630221184572	OK	 
REQUEST		request_551	1630221184424	1630221184578	OK	 
REQUEST		request_549	1630221184421	1630221184702	OK	 
REQUEST		request_552	1630221184426	1630221184704	OK	 
REQUEST		request_554	1630221184438	1630221184706	OK	 
REQUEST		request_553	1630221184429	1630221184708	OK	 
REQUEST		request_422	1630221183988	1630221184711	OK	 
REQUEST		request_555	1630221184572	1630221184726	OK	 
REQUEST		request_556	1630221184701	1630221184852	OK	 
REQUEST		request_558	1630221184704	1630221184854	OK	 
REQUEST		request_557	1630221184703	1630221184859	OK	 
REQUEST		request_560	1630221184709	1630221184865	OK	 
REQUEST		request_559	1630221184706	1630221184866	OK	 
REQUEST		request_561	1630221184727	1630221184877	OK	 
REQUEST		request_562	1630221184852	1630221185011	OK	 
REQUEST		request_563	1630221184854	1630221185066	OK	 
REQUEST		request_568	1630221188069	1630221188081	OK	 
USER	RecordedSimulation	END	1630221190095
