RUN	myGatlingProject._01_Launch	-01-launch	1630168154483	rem	3.6.1
USER	RecordedSimulation	START	1630168156027
REQUEST		request_0	1630168156054	1630168157402	OK	 
ERROR	request_113: Failed to build request: Resource recordedsimulation/0113_request.txt not found 	1630168157522
ERROR	request_114: Failed to build request: Resource recordedsimulation/0114_request.txt not found 	1630168157523
ERROR	request_121: Failed to build request: Resource recordedsimulation/0121_request.txt not found 	1630168157529
ERROR	request_151: Failed to build request: Resource recordedsimulation/0151_request.txt not found 	1630168157532
REQUEST		request_6	1630168157568	1630168158383	OK	 
REQUEST		request_3	1630168157557	1630168158481	OK	 
REQUEST		request_39	1630168157609	1630168158490	OK	 
REQUEST		request_77	1630168157621	1630168158491	OK	 
REQUEST		request_35	1630168157657	1630168158500	OK	 
REQUEST		request_201	1630168157669	1630168158502	OK	 
REQUEST		request_40	1630168157732	1630168158529	OK	 
REQUEST		request_14	1630168158153	1630168158539	OK	 
REQUEST		request_19	1630168158164	1630168158541	OK	 
REQUEST		request_23	1630168158164	1630168158548	OK	 
REQUEST		request_97	1630168158165	1630168158549	OK	 
REQUEST		request_20	1630168158165	1630168158551	OK	 
REQUEST		request_22	1630168158177	1630168158555	OK	 
REQUEST		request_122	1630168158188	1630168158575	OK	 
REQUEST		request_132	1630168158254	1630168158586	OK	 
REQUEST		request_98	1630168157644	1630168158604	OK	 
REQUEST		request_101	1630168157656	1630168158609	OK	 
REQUEST		request_15	1630168157680	1630168158616	OK	 
REQUEST		request_21	1630168157681	1630168158618	OK	 
REQUEST		request_48	1630168157681	1630168158619	OK	 
REQUEST		request_102	1630168157682	1630168158621	OK	 
REQUEST		request_103	1630168157682	1630168158622	OK	 
REQUEST		request_112	1630168158310	1630168158630	OK	 
REQUEST		request_104	1630168158617	1630168158667	OK	 
REQUEST		request_105	1630168158618	1630168158669	OK	 
REQUEST		request_34	1630168157681	1630168158677	OK	 
REQUEST		request_106	1630168158620	1630168158678	OK	 
REQUEST		request_107	1630168158621	1630168158679	OK	 
REQUEST		request_108	1630168158622	1630168158680	OK	 
REQUEST		request_5	1630168157720	1630168158681	OK	 
REQUEST		request_133	1630168158108	1630168158683	OK	 
REQUEST		request_228	1630168158113	1630168158684	OK	 
REQUEST		request_109	1630168158668	1630168158690	OK	 
REQUEST		request_116	1630168158669	1630168158690	OK	 
REQUEST		request_18	1630168157683	1630168158691	OK	 
REQUEST		request_130	1630168158097	1630168158692	OK	 
REQUEST		request_49	1630168158189	1630168158694	OK	 
REQUEST		request_50	1630168158201	1630168158696	OK	 
REQUEST		request_117	1630168158202	1630168158698	OK	 
REQUEST		request_54	1630168158337	1630168158707	OK	 
REQUEST		request_141	1630168158362	1630168158708	OK	 
REQUEST		request_128	1630168158385	1630168158711	OK	 
REQUEST		request_98	1630168158607	1630168158716	OK	 
REQUEST		request_80	1630168157742	1630168158725	OK	 
REQUEST		request_123	1630168157753	1630168158726	OK	 
REQUEST		request_31	1630168158325	1630168158734	OK	 
REQUEST		request_115	1630168158350	1630168158735	OK	 
REQUEST		request_62	1630168157668	1630168158742	OK	 
REQUEST		request_169	1630168158363	1630168158743	OK	 
REQUEST		request_24	1630168157597	1630168158745	OK	 
REQUEST		request_111	1630168157622	1630168158756	OK	 
REQUEST		request_7	1630168157633	1630168158763	OK	 
REQUEST		request_98	1630168158717	1630168158813	OK	 
REQUEST		request_32	1630168158338	1630168158819	OK	 
REQUEST		request_101	1630168158610	1630168158820	OK	 
REQUEST		request_169	1630168158744	1630168158828	OK	 
REQUEST		request_117	1630168158699	1630168158895	OK	 
REQUEST		request_117	1630168158896	1630168159050	OK	 
REQUEST		request_129	1630168158712	1630168159063	OK	 
REQUEST		request_71	1630168157543	1630168159064	OK	 
REQUEST		request_205	1630168157583	1630168159083	OK	 
REQUEST		request_206	1630168157595	1630168159085	OK	 
REQUEST		request_100	1630168157557	1630168159101	OK	 
REQUEST		request_207	1630168157596	1630168159104	OK	 
REQUEST		favicon-by-fb-1f05deec69.png	1630168157754	1630168159105	OK	 
REQUEST		request_25	1630168158140	1630168159126	OK	 
REQUEST		request_16	1630168158113	1630168159128	OK	 
REQUEST		core-dfb5bbecaa.js	1630168158096	1630168159135	OK	 
REQUEST		request_4	1630168158097	1630168159136	OK	 
REQUEST		request_27	1630168158141	1630168159166	OK	 
REQUEST		request_28	1630168158141	1630168159169	OK	 
REQUEST		request_9	1630168158308	1630168159177	OK	 
REQUEST		alice-home-d5088827a7.css	1630168158096	1630168159182	OK	 
REQUEST		request_1	1630168158096	1630168159202	OK	 
REQUEST		request_2	1630168158097	1630168159204	OK	 
REQUEST		request_17	1630168158140	1630168159205	OK	 
REQUEST		request_26	1630168158141	1630168159207	OK	 
REQUEST		request_8	1630168158294	1630168159216	OK	 
REQUEST		request_96	1630168158202	1630168159271	OK	 
REQUEST		request_30	1630168159128	1630168159286	OK	 
REQUEST		request_29	1630168159126	1630168159287	OK	 
REQUEST		request_11	1630168159106	1630168159292	OK	 
REQUEST		request_119	1630168158266	1630168159292	OK	 
REQUEST		request_71	1630168159078	1630168159296	OK	 
REQUEST		request_125	1630168158309	1630168159298	OK	 
REQUEST		request_234	1630168158278	1630168159299	OK	 
REQUEST		request_238	1630168158279	1630168159301	OK	 
REQUEST		request_124	1630168158278	1630168159303	OK	 
REQUEST		request_99	1630168158280	1630168159304	OK	 
REQUEST		request_237	1630168157571	1630168159305	OK	 
REQUEST		request_240	1630168158280	1630168159307	OK	 
REQUEST		request_239	1630168158279	1630168159307	OK	 
REQUEST		request_221	1630168157695	1630168159309	OK	 
REQUEST		request_33	1630168159167	1630168159323	OK	 
REQUEST		request_36	1630168159170	1630168159325	OK	 
REQUEST		request_225	1630168157707	1630168159331	OK	 
REQUEST		request_231	1630168157708	1630168159342	OK	 
REQUEST		request_38	1630168159208	1630168159364	OK	 
REQUEST		request_120	1630168157570	1630168159365	OK	 
REQUEST		request_37	1630168159206	1630168159366	OK	 
REQUEST		request_135	1630168159178	1630168159430	OK	 
REQUEST		request_127	1630168157571	1630168159432	OK	 
REQUEST		request_111	1630168158758	1630168159433	OK	 
REQUEST		request_136	1630168159217	1630168159448	OK	 
REQUEST		request_41	1630168159286	1630168159454	OK	 
REQUEST		request_42	1630168159288	1630168159457	OK	 
REQUEST		request_126	1630168157570	1630168159461	OK	 
REQUEST		request_131	1630168158309	1630168159472	OK	 
REQUEST		request_44	1630168159326	1630168159476	OK	 
REQUEST		request_43	1630168159323	1630168159479	OK	 
REQUEST		request_241	1630168159293	1630168159491	OK	 
REQUEST		request_243	1630168159302	1630168159498	OK	 
REQUEST		request_242	1630168159300	1630168159501	OK	 
REQUEST		request_70	1630168158142	1630168159503	OK	 
REQUEST		request_137	1630168159299	1630168159507	OK	 
REQUEST		request_244	1630168159303	1630168159508	OK	 
REQUEST		request_45	1630168159364	1630168159525	OK	 
REQUEST		request_46	1630168159367	1630168159527	OK	 
REQUEST		request_134	1630168158309	1630168159550	OK	 
REQUEST		request_47	1630168159454	1630168159608	OK	 
REQUEST		request_51	1630168159457	1630168159611	OK	 
REQUEST		request_53	1630168159479	1630168159633	OK	 
REQUEST		request_52	1630168159477	1630168159635	OK	 
REQUEST		request_10	1630168157569	1630168159644	OK	 
REQUEST		request_13	1630168157709	1630168159663	OK	 
REQUEST		request_139	1630168159452	1630168159668	OK	 
REQUEST		request_55	1630168159526	1630168159680	OK	 
REQUEST		request_138	1630168159431	1630168159683	OK	 
REQUEST		request_56	1630168159527	1630168159687	OK	 
REQUEST		request_171	1630168159507	1630168159740	OK	 
REQUEST		request_12	1630168157570	1630168159745	OK	 
REQUEST		request_58	1630168159611	1630168159765	OK	 
REQUEST		request_57	1630168159608	1630168159767	OK	 
REQUEST		request_60	1630168159635	1630168159786	OK	 
REQUEST		request_59	1630168159633	1630168159787	OK	 
REQUEST		request_61	1630168159680	1630168159833	OK	 
REQUEST		request_63	1630168159687	1630168159857	OK	 
REQUEST		request_140	1630168159473	1630168159902	OK	 
REQUEST		request_64	1630168159766	1630168159916	OK	 
REQUEST		request_65	1630168159767	1630168159920	OK	 
REQUEST		request_229	1630168159684	1630168159929	OK	 
REQUEST		request_67	1630168159788	1630168159940	OK	 
REQUEST		request_66	1630168159787	1630168159941	OK	 
REQUEST		request_68	1630168159833	1630168159984	OK	 
REQUEST		request_69	1630168159858	1630168160015	OK	 
REQUEST		request_174	1630168159551	1630168160017	OK	 
REQUEST		request_236	1630168159741	1630168160059	OK	 
REQUEST		request_72	1630168159916	1630168160067	OK	 
REQUEST		request_73	1630168159921	1630168160072	OK	 
REQUEST		request_74	1630168159940	1630168160093	OK	 
REQUEST		request_75	1630168159941	1630168160098	OK	 
REQUEST		request_183	1630168159669	1630168160138	OK	 
REQUEST		request_76	1630168159985	1630168160142	OK	 
REQUEST		request_78	1630168160016	1630168160172	OK	 
REQUEST		request_79	1630168160067	1630168160217	OK	 
REQUEST		request_81	1630168160072	1630168160225	OK	 
REQUEST		request_82	1630168160093	1630168160244	OK	 
REQUEST		request_83	1630168160099	1630168160250	OK	 
REQUEST		request_84	1630168160143	1630168160296	OK	 
REQUEST		request_85	1630168160173	1630168160331	OK	 
REQUEST		request_86	1630168160218	1630168160367	OK	 
REQUEST		request_87	1630168160226	1630168160380	OK	 
REQUEST		request_88	1630168160244	1630168160398	OK	 
REQUEST		request_89	1630168160251	1630168160404	OK	 
REQUEST		request_118	1630168158308	1630168160426	OK	 
REQUEST		request_90	1630168160296	1630168160453	OK	 
REQUEST		request_91	1630168160332	1630168160486	OK	 
REQUEST		request_92	1630168160368	1630168160523	OK	 
REQUEST		request_93	1630168160380	1630168160533	OK	 
REQUEST		request_95	1630168160404	1630168160556	OK	 
REQUEST		request_94	1630168160399	1630168160558	OK	 
REQUEST		request_110	1630168160453	1630168160615	OK	 
REQUEST		request_142	1630168160487	1630168160646	OK	 
REQUEST		request_143	1630168160523	1630168160672	OK	 
REQUEST		request_145	1630168160557	1630168160710	OK	 
REQUEST		request_146	1630168160558	1630168160715	OK	 
REQUEST		request_147	1630168160616	1630168160769	OK	 
REQUEST		request_148	1630168160646	1630168160816	OK	 
REQUEST		request_149	1630168160673	1630168160828	OK	 
REQUEST		request_150	1630168160710	1630168160862	OK	 
REQUEST		request_152	1630168160716	1630168160877	OK	 
REQUEST		request_153	1630168160770	1630168160928	OK	 
REQUEST		request_154	1630168160816	1630168160972	OK	 
REQUEST		request_155	1630168160829	1630168160981	OK	 
REQUEST		request_157	1630168160878	1630168161031	OK	 
REQUEST		request_158	1630168160928	1630168161086	OK	 
REQUEST		request_159	1630168160972	1630168161127	OK	 
REQUEST		request_160	1630168160982	1630168161152	OK	 
REQUEST		request_161	1630168161032	1630168161184	OK	 
REQUEST		request_162	1630168161087	1630168161242	OK	 
REQUEST		request_163	1630168161128	1630168161280	OK	 
REQUEST		request_164	1630168161153	1630168161308	OK	 
REQUEST		request_165	1630168161185	1630168161337	OK	 
REQUEST		request_166	1630168161243	1630168161397	OK	 
REQUEST		request_167	1630168161280	1630168161441	OK	 
REQUEST		request_168	1630168161309	1630168161461	OK	 
REQUEST		request_156	1630168160863	1630168161463	OK	 
REQUEST		request_170	1630168161338	1630168161491	OK	 
REQUEST		request_144	1630168160533	1630168161494	OK	 
REQUEST		request_172	1630168161397	1630168161553	OK	 
REQUEST		request_173	1630168161441	1630168161598	OK	 
REQUEST		request_175	1630168161462	1630168161617	OK	 
REQUEST		request_176	1630168161464	1630168161618	OK	 
REQUEST		request_177	1630168161492	1630168161644	OK	 
REQUEST		request_178	1630168161495	1630168161649	OK	 
REQUEST		request_179	1630168161554	1630168161706	OK	 
REQUEST		request_180	1630168161598	1630168161751	OK	 
REQUEST		request_181	1630168161618	1630168161768	OK	 
REQUEST		request_182	1630168161619	1630168161774	OK	 
REQUEST		request_184	1630168161645	1630168161798	OK	 
REQUEST		request_185	1630168161650	1630168161804	OK	 
REQUEST		request_186	1630168161707	1630168161862	OK	 
REQUEST		request_187	1630168161751	1630168161910	OK	 
REQUEST		request_188	1630168161768	1630168161919	OK	 
REQUEST		request_189	1630168161775	1630168161925	OK	 
REQUEST		request_190	1630168161798	1630168161952	OK	 
REQUEST		request_191	1630168161804	1630168161974	OK	 
REQUEST		request_192	1630168161862	1630168162016	OK	 
REQUEST		request_194	1630168161919	1630168162082	OK	 
REQUEST		request_195	1630168161926	1630168162083	OK	 
REQUEST		request_196	1630168161952	1630168162111	OK	 
REQUEST		request_197	1630168161975	1630168162129	OK	 
REQUEST		request_193	1630168161910	1630168162156	OK	 
REQUEST		request_198	1630168162016	1630168162171	OK	 
REQUEST		request_200	1630168162083	1630168162236	OK	 
REQUEST		request_202	1630168162112	1630168162264	OK	 
REQUEST		request_199	1630168162082	1630168162289	OK	 
REQUEST		request_208	1630168162172	1630168162324	OK	 
REQUEST		request_203	1630168162129	1630168162334	OK	 
REQUEST		request_204	1630168162156	1630168162349	OK	 
REQUEST		request_209	1630168162237	1630168162390	OK	 
REQUEST		request_210	1630168162264	1630168162418	OK	 
REQUEST		request_212	1630168162324	1630168162479	OK	 
REQUEST		request_213	1630168162334	1630168162490	OK	 
REQUEST		request_214	1630168162350	1630168162507	OK	 
REQUEST		request_215	1630168162390	1630168162545	OK	 
REQUEST		request_216	1630168162419	1630168162570	OK	 
REQUEST		request_217	1630168162479	1630168162636	OK	 
REQUEST		request_218	1630168162491	1630168162642	OK	 
REQUEST		request_219	1630168162507	1630168162663	OK	 
REQUEST		request_211	1630168162289	1630168162664	OK	 
REQUEST		request_220	1630168162545	1630168162695	OK	 
REQUEST		request_223	1630168162636	1630168162788	OK	 
REQUEST		request_224	1630168162643	1630168162795	OK	 
REQUEST		request_226	1630168162664	1630168162820	OK	 
REQUEST		request_227	1630168162665	1630168162823	OK	 
REQUEST		request_230	1630168162696	1630168162853	OK	 
REQUEST		request_222	1630168162571	1630168162944	OK	 
REQUEST		request_232	1630168162788	1630168162945	OK	 
REQUEST		request_233	1630168162796	1630168162952	OK	 
REQUEST		request_245	1630168162824	1630168162976	OK	 
REQUEST		request_235	1630168162821	1630168162977	OK	 
ERROR	request_246: Failed to build request: Resource recordedsimulation/0246_request.txt not found 	1630168165989
ERROR	request_248: Failed to build request: Resource recordedsimulation/0248_request.txt not found 	1630168168000
REQUEST		request_249	1630168170013	1630168170024	OK	 
REQUEST		request_250	1630168175039	1630168175053	OK	 
REQUEST		request_251	1630168177066	1630168177090	OK	 
REQUEST		request_253	1630168177091	1630168177159	OK	 
REQUEST		request_252	1630168177091	1630168177673	OK	 
REQUEST		request_254	1630168179680	1630168179692	OK	 
ERROR	request_255: Failed to build request: Resource recordedsimulation/0255_request.txt not found 	1630168184694
USER	RecordedSimulation	END	1630168184709
