RUN	myGatlingProject._002_Registration	-002-registration	1630220521630	rem	3.6.1
USER	RecordedSimulation	START	1630220523250
REQUEST		LaunchHomePage	1630220523280	1630220524657	OK	 
ERROR	request_56: Failed to build request: Resource recordedsimulation/0056_request.txt not found 	1630220524791
ERROR	request_62: Failed to build request: Resource recordedsimulation/0062_request.txt not found 	1630220524791
ERROR	request_91: Failed to build request: Resource recordedsimulation/0091_request.txt not found 	1630220524800
ERROR	request_95: Failed to build request: Resource recordedsimulation/0095_request.txt not found 	1630220524800
ERROR	request_247: Failed to build request: Resource recordedsimulation/0247_request.txt not found 	1630220524807
REQUEST		request_28	1630220524841	1630220525146	OK	 
REQUEST		request_15	1630220524816	1630220525213	OK	 
REQUEST		request_39	1630220524866	1630220525221	OK	 
REQUEST		request_22	1630220524827	1630220525241	OK	 
REQUEST		request_24	1630220524828	1630220525245	OK	 
REQUEST		request_30	1630220524829	1630220525247	OK	 
REQUEST		request_146	1630220524879	1630220525249	OK	 
REQUEST		request_16	1630220524931	1630220525272	OK	 
REQUEST		request_23	1630220524891	1630220525279	OK	 
REQUEST		request_38	1630220524892	1630220525282	OK	 
REQUEST		request_25	1630220524966	1630220525297	OK	 
REQUEST		request_17	1630220525037	1630220525305	OK	 
REQUEST		request_19	1630220525048	1630220525309	OK	 
REQUEST		request_69	1630220525058	1630220525326	OK	 
REQUEST		request_118	1630220525059	1630220525327	OK	 
REQUEST		request_20	1630220524890	1630220525333	OK	 
REQUEST		request_53	1630220525280	1630220525335	OK	 
REQUEST		request_54	1630220525283	1630220525336	OK	 
REQUEST		request_52	1630220524893	1630220525339	OK	 
REQUEST		request_50	1630220524943	1630220525342	OK	 
REQUEST		request_55	1630220525334	1630220525368	OK	 
REQUEST		request_57	1630220525336	1630220525369	OK	 
REQUEST		request_58	1630220525337	1630220525374	OK	 
REQUEST		request_49	1630220524892	1630220525376	OK	 
REQUEST		request_59	1630220525340	1630220525378	OK	 
REQUEST		request_36	1630220524929	1630220525381	OK	 
REQUEST		request_60	1630220525368	1630220525400	OK	 
REQUEST		request_61	1630220525370	1630220525401	OK	 
REQUEST		request_67	1630220525375	1630220525401	OK	 
REQUEST		request_249	1630220525377	1630220525402	OK	 
REQUEST		request_34	1630220524917	1630220525404	OK	 
REQUEST		request_66	1630220524930	1630220525406	OK	 
REQUEST		request_9	1630220524954	1630220525423	OK	 
REQUEST		request_29	1630220524891	1630220525427	OK	 
REQUEST		request_32	1630220524893	1630220525429	OK	 
REQUEST		request_43	1630220524878	1630220525456	OK	 
REQUEST		request_26	1630220524855	1630220525460	OK	 
REQUEST		request_66	1630220525409	1630220525742	OK	 
REQUEST		request_64	1630220524841	1630220525753	OK	 
REQUEST		request_51	1630220524840	1630220525803	OK	 
REQUEST		request_89	1630220524854	1630220525808	OK	 
REQUEST		favicon-by-fb-1f05deec69.png	1630220524977	1630220525823	OK	 
REQUEST		request_41	1630220524829	1630220525825	OK	 
REQUEST		request_88	1630220524844	1630220525840	OK	 
REQUEST		request_3	1630220525009	1630220525843	OK	 
REQUEST		request_1	1630220525008	1630220525848	OK	 
REQUEST		request_7	1630220525009	1630220525850	OK	 
REQUEST		request_63	1630220525035	1630220525872	OK	 
REQUEST		request_90	1630220524855	1630220525874	OK	 
REQUEST		request_2	1630220525008	1630220525878	OK	 
REQUEST		request_8	1630220525035	1630220525924	OK	 
REQUEST		request_81	1630220525036	1630220525927	OK	 
REQUEST		request_82	1630220525036	1630220525929	OK	 
REQUEST		request_86	1630220525037	1630220525933	OK	 
REQUEST		request_72	1630220525128	1630220525938	OK	 
REQUEST		request_73	1630220525129	1630220525965	OK	 
REQUEST		request_11	1630220525113	1630220525968	OK	 
REQUEST		core-dfb5bbecaa.js	1630220525008	1630220525973	OK	 
REQUEST		request_13	1630220525127	1630220525982	OK	 
REQUEST		request_4	1630220525824	1630220525984	OK	 
REQUEST		request_6	1630220525844	1630220525994	OK	 
REQUEST		request_100	1630220525851	1630220526007	OK	 
REQUEST		request_79	1630220525069	1630220526009	OK	 
REQUEST		request_18	1630220525849	1630220526012	OK	 
REQUEST		request_92	1630220525082	1630220526014	OK	 
REQUEST		request_120	1630220525082	1630220526025	OK	 
REQUEST		request_68	1630220525128	1630220526028	OK	 
REQUEST		request_102	1630220525873	1630220526030	OK	 
REQUEST		request_84	1630220525081	1630220526031	OK	 
REQUEST		request_111	1630220524916	1630220526037	OK	 
REQUEST		request_41	1630220525835	1630220526039	OK	 
REQUEST		request_46	1630220525084	1630220526045	OK	 
REQUEST		request_127	1630220525083	1630220526046	OK	 
REQUEST		request_128	1630220525083	1630220526053	OK	 
REQUEST		request_83	1630220524843	1630220526066	OK	 
REQUEST		request_103	1630220525925	1630220526076	OK	 
REQUEST		request_110	1630220524904	1630220526080	OK	 
REQUEST		request_112	1630220524916	1630220526085	OK	 
REQUEST		request_104	1630220525928	1630220526086	OK	 
REQUEST		request_105	1630220525930	1630220526088	OK	 
REQUEST		request_106	1630220525934	1630220526089	OK	 
REQUEST		request_74	1630220525938	1630220526097	OK	 
REQUEST		request_66	1630220525742	1630220526120	OK	 
REQUEST		request_78	1630220524843	1630220526125	OK	 
REQUEST		request_87	1630220524844	1630220526129	OK	 
REQUEST		request_43	1630220525458	1630220526160	OK	 
REQUEST		request_107	1630220526008	1630220526165	OK	 
REQUEST		request_108	1630220526030	1630220526179	OK	 
REQUEST		request_85	1630220524844	1630220526183	OK	 
REQUEST		alice-home-d5088827a7.css	1630220525007	1630220526195	OK	 
REQUEST		request_129	1630220526010	1630220526210	OK	 
REQUEST		request_130	1630220526015	1630220526217	OK	 
REQUEST		request_113	1630220526076	1630220526228	OK	 
REQUEST		request_131	1630220526026	1630220526232	OK	 
REQUEST		request_132	1630220526031	1630220526236	OK	 
REQUEST		request_115	1630220526089	1630220526239	OK	 
REQUEST		request_114	1630220526087	1630220526240	OK	 
REQUEST		request_116	1630220526090	1630220526243	OK	 
REQUEST		request_153	1630220526047	1630220526252	OK	 
REQUEST		request_97	1630220526098	1630220526265	OK	 
REQUEST		request_35	1630220524842	1630220526278	OK	 
REQUEST		request_71	1630220525128	1630220526305	OK	 
REQUEST		request_117	1630220526165	1630220526325	OK	 
REQUEST		request_119	1630220526181	1630220526333	OK	 
REQUEST		request_121	1630220526228	1630220526379	OK	 
REQUEST		request_76	1630220525968	1630220526391	OK	 
REQUEST		request_122	1630220526239	1630220526393	OK	 
REQUEST		request_123	1630220526241	1630220526394	OK	 
REQUEST		request_124	1630220526243	1630220526402	OK	 
REQUEST		request_98	1630220526266	1630220526449	OK	 
REQUEST		request_77	1630220525983	1630220526452	OK	 
REQUEST		request_125	1630220526325	1630220526478	OK	 
REQUEST		request_96	1630220526029	1630220526482	OK	 
REQUEST		request_99	1630220526306	1630220526483	OK	 
REQUEST		request_126	1630220526333	1630220526486	OK	 
REQUEST		request_133	1630220526380	1630220526538	OK	 
REQUEST		request_134	1630220526393	1630220526545	OK	 
REQUEST		request_135	1630220526395	1630220526548	OK	 
REQUEST		request_136	1630220526403	1630220526556	OK	 
REQUEST		request_101	1630220526392	1630220526559	OK	 
REQUEST		request_75	1630220525966	1630220526560	OK	 
REQUEST		request_137	1630220526478	1630220526630	OK	 
REQUEST		request_138	1630220526486	1630220526647	OK	 
REQUEST		request_109	1630220526450	1630220526665	OK	 
REQUEST		request_140	1630220526538	1630220526691	OK	 
REQUEST		request_141	1630220526545	1630220526698	OK	 
REQUEST		request_142	1630220526549	1630220526703	OK	 
REQUEST		request_143	1630220526557	1630220526711	OK	 
REQUEST		request_144	1630220526630	1630220526780	OK	 
REQUEST		request_145	1630220526648	1630220526799	OK	 
REQUEST		request_147	1630220526692	1630220526841	OK	 
REQUEST		request_148	1630220526699	1630220526853	OK	 
REQUEST		request_150	1630220526711	1630220526862	OK	 
REQUEST		request_149	1630220526704	1630220526864	OK	 
REQUEST		request_151	1630220526782	1630220526943	OK	 
REQUEST		request_152	1630220526799	1630220526951	OK	 
REQUEST		request_154	1630220526842	1630220526992	OK	 
REQUEST		request_155	1630220526853	1630220527008	OK	 
REQUEST		request_156	1630220526863	1630220527015	OK	 
REQUEST		request_157	1630220526864	1630220527019	OK	 
REQUEST		request_158	1630220526943	1630220527100	OK	 
REQUEST		request_159	1630220526952	1630220527103	OK	 
REQUEST		request_160	1630220526993	1630220527145	OK	 
REQUEST		request_161	1630220527008	1630220527164	OK	 
REQUEST		request_162	1630220527015	1630220527172	OK	 
REQUEST		request_163	1630220527020	1630220527183	OK	 
REQUEST		request_164	1630220527100	1630220527261	OK	 
REQUEST		request_165	1630220527103	1630220527264	OK	 
REQUEST		request_166	1630220527146	1630220527302	OK	 
REQUEST		request_167	1630220527165	1630220527326	OK	 
REQUEST		request_168	1630220527172	1630220527333	OK	 
REQUEST		request_169	1630220527184	1630220527338	OK	 
REQUEST		request_170	1630220527261	1630220527421	OK	 
REQUEST		request_171	1630220527265	1630220527422	OK	 
REQUEST		request_172	1630220527303	1630220527452	OK	 
REQUEST		request_173	1630220527327	1630220527478	OK	 
REQUEST		request_174	1630220527334	1630220527487	OK	 
REQUEST		request_175	1630220527339	1630220527489	OK	 
REQUEST		request_176	1630220527421	1630220527574	OK	 
REQUEST		request_177	1630220527422	1630220527575	OK	 
REQUEST		request_178	1630220527453	1630220527608	OK	 
REQUEST		request_179	1630220527479	1630220527630	OK	 
REQUEST		request_180	1630220527488	1630220527639	OK	 
REQUEST		request_181	1630220527489	1630220527640	OK	 
REQUEST		request_182	1630220527574	1630220527724	OK	 
REQUEST		request_183	1630220527576	1630220527725	OK	 
REQUEST		request_184	1630220527608	1630220527759	OK	 
REQUEST		request_185	1630220527630	1630220527781	OK	 
REQUEST		request_187	1630220527641	1630220527793	OK	 
REQUEST		request_186	1630220527639	1630220527797	OK	 
REQUEST		request_188	1630220527724	1630220527874	OK	 
REQUEST		request_189	1630220527726	1630220527876	OK	 
REQUEST		request_190	1630220527760	1630220527913	OK	 
REQUEST		request_191	1630220527781	1630220527932	OK	 
REQUEST		request_192	1630220527794	1630220527944	OK	 
REQUEST		request_193	1630220527797	1630220527948	OK	 
REQUEST		request_194	1630220527874	1630220528025	OK	 
REQUEST		request_195	1630220527876	1630220528026	OK	 
REQUEST		request_196	1630220527914	1630220528068	OK	 
REQUEST		request_197	1630220527932	1630220528081	OK	 
REQUEST		request_198	1630220527944	1630220528097	OK	 
REQUEST		request_199	1630220527949	1630220528099	OK	 
REQUEST		request_200	1630220528025	1630220528177	OK	 
REQUEST		request_201	1630220528026	1630220528178	OK	 
REQUEST		request_202	1630220528069	1630220528219	OK	 
REQUEST		request_203	1630220528081	1630220528232	OK	 
REQUEST		request_204	1630220528098	1630220528251	OK	 
REQUEST		request_205	1630220528100	1630220528262	OK	 
REQUEST		request_206	1630220528177	1630220528331	OK	 
REQUEST		request_207	1630220528179	1630220528334	OK	 
REQUEST		request_208	1630220528219	1630220528373	OK	 
REQUEST		request_209	1630220528232	1630220528384	OK	 
REQUEST		request_210	1630220528252	1630220528401	OK	 
REQUEST		request_211	1630220528262	1630220528415	OK	 
REQUEST		request_212	1630220528332	1630220528486	OK	 
REQUEST		request_213	1630220528334	1630220528487	OK	 
REQUEST		request_214	1630220528373	1630220528523	OK	 
REQUEST		request_215	1630220528384	1630220528534	OK	 
REQUEST		request_216	1630220528402	1630220528553	OK	 
REQUEST		request_217	1630220528415	1630220528568	OK	 
REQUEST		request_218	1630220528487	1630220528636	OK	 
REQUEST		request_219	1630220528488	1630220528637	OK	 
REQUEST		request_220	1630220528523	1630220528674	OK	 
REQUEST		request_221	1630220528534	1630220528687	OK	 
REQUEST		request_222	1630220528553	1630220528703	OK	 
REQUEST		request_223	1630220528568	1630220528719	OK	 
REQUEST		request_224	1630220528636	1630220528788	OK	 
REQUEST		request_225	1630220528637	1630220528789	OK	 
REQUEST		request_226	1630220528675	1630220528834	OK	 
REQUEST		request_227	1630220528687	1630220528839	OK	 
REQUEST		request_228	1630220528704	1630220528855	OK	 
REQUEST		request_229	1630220528719	1630220528869	OK	 
REQUEST		request_230	1630220528789	1630220528939	OK	 
REQUEST		request_231	1630220528789	1630220528941	OK	 
REQUEST		request_232	1630220528834	1630220528985	OK	 
REQUEST		request_233	1630220528839	1630220528989	OK	 
REQUEST		request_234	1630220528855	1630220529005	OK	 
REQUEST		request_235	1630220528870	1630220529020	OK	 
REQUEST		request_236	1630220528939	1630220529093	OK	 
REQUEST		request_237	1630220528941	1630220529096	OK	 
REQUEST		request_238	1630220528985	1630220529135	OK	 
REQUEST		request_239	1630220528989	1630220529140	OK	 
REQUEST		request_240	1630220529005	1630220529155	OK	 
REQUEST		request_241	1630220529020	1630220529176	OK	 
REQUEST		request_242	1630220529094	1630220529244	OK	 
REQUEST		request_243	1630220529096	1630220529245	OK	 
REQUEST		request_244	1630220529136	1630220529285	OK	 
REQUEST		request_245	1630220529141	1630220529292	OK	 
REQUEST		request_246	1630220529155	1630220529305	OK	 
REQUEST		request_248	1630220529177	1630220529327	OK	 
REQUEST		request_251	1630220531333	1630220531343	OK	 
REQUEST		request_252	1630220532348	1630220532360	OK	 
ERROR	request_310: Failed to build request: Resource recordedsimulation/0310_request.txt not found 	1630220532369
ERROR	request_314: Failed to build request: Resource recordedsimulation/0314_request.txt not found 	1630220532370
REQUEST		request_303	1630220532393	1630220532496	OK	 
REQUEST		request_301	1630220532394	1630220532500	OK	 
REQUEST		request_306	1630220532396	1630220532501	OK	 
REQUEST		request_302	1630220532398	1630220532507	OK	 
REQUEST		request_287	1630220532433	1630220532517	OK	 
REQUEST		request_288	1630220532434	1630220532530	OK	 
REQUEST		request_258	1630220532373	1630220532538	OK	 
REQUEST		request_286	1630220532397	1630220532575	OK	 
REQUEST		request_261	1630220532375	1630220532584	OK	 
REQUEST		request_259	1630220532374	1630220532587	OK	 
REQUEST		request_262	1630220532376	1630220532589	OK	 
REQUEST		request_304	1630220532480	1630220532595	OK	 
REQUEST		request_317	1630220532379	1630220532603	OK	 
REQUEST		request_309	1630220532377	1630220532606	OK	 
REQUEST		request_285	1630220532402	1630220532613	OK	 
REQUEST		request_311	1630220532482	1630220532626	OK	 
REQUEST		request_293	1630220532401	1630220532631	OK	 
REQUEST		request_256	1630220532380	1630220532636	OK	 
REQUEST		request_269	1630220532479	1630220532639	OK	 
REQUEST		request_280	1630220532416	1630220532640	OK	 
REQUEST		request_318	1630220532432	1630220532642	OK	 
REQUEST		request_253	1630220532392	1630220532650	OK	 
REQUEST		request_313	1630220532486	1630220532689	OK	 
REQUEST		request_315	1630220532487	1630220532693	OK	 
REQUEST		request_316	1630220532489	1630220532703	OK	 
REQUEST		request_312	1630220532484	1630220532705	OK	 
REQUEST		request_306	1630220532502	1630220532718	OK	 
REQUEST		request_264	1630220532430	1630220532739	OK	 
REQUEST		request_257	1630220532418	1630220532874	OK	 
REQUEST		request_279	1630220532436	1630220533245	OK	 
REQUEST		request_319	1630220536248	1630220536400	OK	 
REQUEST		request_321	1630220540417	1630220540450	OK	 
REQUEST		request_323	1630220541708	1630220541794	OK	 
REQUEST		request_322	1630220540451	1630220542463	OK	 
REQUEST		request_324	1630220543473	1630220543489	OK	 
ERROR	request_325: Failed to build request: Resource recordedsimulation/0325_request.txt not found 	1630220549490
REQUEST		Registration	1630220558636	1630220559086	OK	 
ERROR	request_463: Failed to build request: Resource recordedsimulation/0463_request.txt not found 	1630220559115
ERROR	request_465: Failed to build request: Resource recordedsimulation/0465_request.txt not found 	1630220559115
ERROR	request_467: Failed to build request: Resource recordedsimulation/0467_request.txt not found 	1630220559115
REQUEST		request_407	1630220559160	1630220559292	OK	 
REQUEST		request_414	1630220559161	1630220559294	OK	 
REQUEST		request_418	1630220559161	1630220559299	OK	 
REQUEST		request_461	1630220559162	1630220559301	OK	 
REQUEST		request_459	1630220559198	1630220559302	OK	 
REQUEST		request_450	1630220559217	1630220559303	OK	 
REQUEST		request_452	1630220559220	1630220559307	OK	 
REQUEST		request_406	1630220559199	1630220559310	OK	 
REQUEST		request_451	1630220559219	1630220559314	OK	 
REQUEST		request_397	1630220559199	1630220559331	OK	 
REQUEST		request_405	1630220559246	1630220559334	OK	 
REQUEST		request_462	1630220559257	1630220559343	OK	 
REQUEST		request_453	1630220559304	1630220559345	OK	 
REQUEST		request_454	1630220559309	1630220559348	OK	 
REQUEST		request_455	1630220559313	1630220559355	OK	 
REQUEST		request_456	1630220559315	1630220559356	OK	 
REQUEST		request_424	1630220559200	1630220559356	OK	 
REQUEST		request_416	1630220559254	1630220559360	OK	 
REQUEST		request_415	1630220559253	1630220559372	OK	 
REQUEST		request_410	1630220559244	1630220559374	OK	 
REQUEST		request_513	1630220559157	1630220559380	OK	 
REQUEST		request_515	1630220559158	1630220559382	OK	 
REQUEST		request_514	1630220559157	1630220559384	OK	 
REQUEST		request_521	1630220559159	1630220559390	OK	 
REQUEST		request_518	1630220559158	1630220559396	OK	 
REQUEST		request_524	1630220559159	1630220559398	OK	 
REQUEST		request_402	1630220559245	1630220559403	OK	 
REQUEST		request_417	1630220559247	1630220559423	OK	 
REQUEST		request_449	1630220559163	1630220559429	OK	 
REQUEST		request_468	1630220559164	1630220559430	OK	 
REQUEST		request_425	1630220559162	1630220559434	OK	 
REQUEST		request_396	1630220559164	1630220559436	OK	 
REQUEST		request_403	1630220559256	1630220559439	OK	 
REQUEST		request_458	1630220559346	1630220559442	OK	 
REQUEST		request_457	1630220559332	1630220559444	OK	 
REQUEST		request_466	1630220559255	1630220559446	OK	 
REQUEST		request_427	1630220559244	1630220559448	OK	 
REQUEST		request_411	1630220559221	1630220559452	OK	 
REQUEST		request_516	1630220559262	1630220559464	OK	 
REQUEST		request_517	1630220559262	1630220559465	OK	 
REQUEST		request_469	1630220559259	1630220559468	OK	 
REQUEST		sdk.js	1630220559181	1630220559469	OK	 
REQUEST		request_519	1630220559263	1630220559473	OK	 
REQUEST		request_483	1630220559261	1630220559474	OK	 
REQUEST		request_404	1630220559265	1630220559475	OK	 
REQUEST		request_520	1630220559264	1630220559479	OK	 
REQUEST		request_474	1630220559165	1630220559499	OK	 
REQUEST		api:client.js?onload=googleAsyncInit	1630220559247	1630220559501	OK	 
REQUEST		request_434	1630220559265	1630220559502	OK	 
REQUEST		request_475	1630220559166	1630220559504	OK	 
REQUEST		request_525	1630220559380	1630220559533	OK	 
REQUEST		request_526	1630220559382	1630220559535	OK	 
REQUEST		request_527	1630220559386	1630220559538	OK	 
REQUEST		request_528	1630220559395	1630220559548	OK	 
REQUEST		request_481	1630220559167	1630220559550	OK	 
REQUEST		request_529	1630220559397	1630220559551	OK	 
REQUEST		request_480	1630220559166	1630220559553	OK	 
REQUEST		request_530	1630220559399	1630220559554	OK	 
REQUEST		request_422	1630220559167	1630220559648	OK	 
REQUEST		request_522	1630220559464	1630220559670	OK	 
REQUEST		request_523	1630220559465	1630220559671	OK	 
REQUEST		request_466	1630220559446	1630220559680	OK	 
REQUEST		request_531	1630220559533	1630220559687	OK	 
REQUEST		request_532	1630220559536	1630220559689	OK	 
REQUEST		request_533	1630220559538	1630220559692	OK	 
REQUEST		request_534	1630220559548	1630220559698	OK	 
REQUEST		request_535	1630220559552	1630220559701	OK	 
REQUEST		request_536	1630220559555	1630220559712	OK	 
REQUEST		request_466	1630220559680	1630220559852	OK	 
REQUEST		request_537	1630220559688	1630220559853	OK	 
REQUEST		request_538	1630220559690	1630220559855	OK	 
REQUEST		request_539	1630220559692	1630220559857	OK	 
REQUEST		request_540	1630220559699	1630220559861	OK	 
REQUEST		request_541	1630220559702	1630220559863	OK	 
REQUEST		request_542	1630220559712	1630220559876	OK	 
REQUEST		request_471	1630220559251	1630220559887	OK	 
REQUEST		request_472	1630220559252	1630220559890	OK	 
REQUEST		request_470	1630220559249	1630220559945	OK	 
REQUEST		request_543	1630220559854	1630220560006	OK	 
REQUEST		request_544	1630220559856	1630220560010	OK	 
REQUEST		request_545	1630220559860	1630220560012	OK	 
REQUEST		request_546	1630220559862	1630220560014	OK	 
REQUEST		request_547	1630220559864	1630220560016	OK	 
REQUEST		request_548	1630220559877	1630220560029	OK	 
REQUEST		request_428	1630220559221	1630220560094	OK	 
REQUEST		request_438	1630220559242	1630220560118	OK	 
REQUEST		request_429	1630220559242	1630220560122	OK	 
REQUEST		request_549	1630220560006	1630220560157	OK	 
REQUEST		request_550	1630220560011	1630220560162	OK	 
REQUEST		request_551	1630220560013	1630220560164	OK	 
REQUEST		request_553	1630220560016	1630220560166	OK	 
REQUEST		request_552	1630220560015	1630220560169	OK	 
REQUEST		request_554	1630220560029	1630220560180	OK	 
REQUEST		request_422	1630220559648	1630220560314	OK	 
REQUEST		request_555	1630220560157	1630220560316	OK	 
REQUEST		request_556	1630220560163	1630220560352	OK	 
REQUEST		request_557	1630220560164	1630220560354	OK	 
REQUEST		request_559	1630220560170	1630220560356	OK	 
REQUEST		request_558	1630220560166	1630220560357	OK	 
REQUEST		request_560	1630220560181	1630220560358	OK	 
REQUEST		request_561	1630220560317	1630220560486	OK	 
REQUEST		request_562	1630220560353	1630220560520	OK	 
REQUEST		request_563	1630220560355	1630220560521	OK	 
REQUEST		request_398	1630220559243	1630220561079	OK	 
REQUEST		request_568	1630220564082	1630220564092	OK	 
USER	RecordedSimulation	END	1630220566107
