RUN	myGatlingProject.mySecondScript	mysecondscript	1630166672094	sample	3.6.1
USER	RecordedSimulation	START	1630166673636
REQUEST		request_0	1630166673659	1630166673783	OK	 
ERROR	request_58: Failed to build request: Resource recordedsimulation/0058_request.txt not found 	1630166673812
ERROR	request_63: Failed to build request: Resource recordedsimulation/0063_request.txt not found 	1630166673812
REQUEST		request_23	1630166674160	1630166674688	OK	 
REQUEST		request_31	1630166673831	1630166674798	OK	 
REQUEST		request_38	1630166674050	1630166674800	OK	 
REQUEST		request_39	1630166674052	1630166674810	OK	 
REQUEST		request_47	1630166674052	1630166674812	OK	 
REQUEST		request_29	1630166674065	1630166674814	OK	 
REQUEST		request_33	1630166674076	1630166674831	OK	 
REQUEST		request_3	1630166674135	1630166674842	OK	 
REQUEST		request_11	1630166674146	1630166674847	OK	 
REQUEST		request_44	1630166674113	1630166675004	OK	 
REQUEST		request_34	1630166674146	1630166675028	OK	 
REQUEST		request_30	1630166674160	1630166675030	OK	 
REQUEST		request_42	1630166674161	1630166675039	OK	 
REQUEST		request_32	1630166674171	1630166675043	OK	 
REQUEST		request_25	1630166674195	1630166675046	OK	 
REQUEST		request_48	1630166674205	1630166675050	OK	 
REQUEST		request_52	1630166674473	1630166675051	OK	 
REQUEST		request_4	1630166674485	1630166675055	OK	 
REQUEST		request_12	1630166674508	1630166675072	OK	 
REQUEST		request_49	1630166674581	1630166675073	OK	 
REQUEST		request_59	1630166674582	1630166675076	OK	 
REQUEST		request_16	1630166674124	1630166675092	OK	 
REQUEST		request_36	1630166674161	1630166675109	OK	 
REQUEST		request_15	1630166674206	1630166675110	OK	 
REQUEST		request_50	1630166674462	1630166675113	OK	 
REQUEST		request_55	1630166674474	1630166675115	OK	 
REQUEST		request_13	1630166674474	1630166675117	OK	 
REQUEST		request_40	1630166674520	1630166675120	OK	 
REQUEST		request_41	1630166674532	1630166675137	OK	 
REQUEST		request_45	1630166674147	1630166675144	OK	 
REQUEST		request_54	1630166674532	1630166675146	OK	 
REQUEST		request_22	1630166674571	1630166675152	OK	 
REQUEST		request_59	1630166675080	1630166675153	OK	 
REQUEST		request_51	1630166674649	1630166675154	OK	 
REQUEST		request_53	1630166674660	1630166675156	OK	 
REQUEST		request_26	1630166674102	1630166675160	OK	 
REQUEST		request_46	1630166674113	1630166675162	OK	 
REQUEST		request_37	1630166674162	1630166675191	OK	 
REQUEST		request_5	1630166674497	1630166675198	OK	 
REQUEST		request_35	1630166674637	1630166675286	OK	 
REQUEST		request_57	1630166674053	1630166675412	OK	 
REQUEST		request_60	1630166674065	1630166675412	OK	 
REQUEST		request_54	1630166675150	1630166675441	OK	 
REQUEST		request_6	1630166674460	1630166675471	OK	 
REQUEST		request_7	1630166674461	1630166675495	OK	 
REQUEST		request_8	1630166674461	1630166675546	OK	 
REQUEST		request_43	1630166674148	1630166675548	OK	 
REQUEST		request_54	1630166675442	1630166675554	OK	 
REQUEST		request_66	1630166674509	1630166675555	OK	 
REQUEST		request_27	1630166674533	1630166675602	OK	 
REQUEST		request_56	1630166674091	1630166675630	OK	 
REQUEST		request_14	1630166675471	1630166675665	OK	 
REQUEST		request_9	1630166674461	1630166675668	OK	 
REQUEST		request_18	1630166675544	1630166675694	OK	 
REQUEST		request_20	1630166675546	1630166675697	OK	 
REQUEST		request_28	1630166674595	1630166675755	OK	 
REQUEST		request_21	1630166675666	1630166675827	OK	 
REQUEST		request_61	1630166674583	1630166675828	OK	 
REQUEST		request_62	1630166674593	1630166675830	OK	 
REQUEST		request_1	1630166674077	1630166675835	OK	 
REQUEST		request_64	1630166674594	1630166675838	OK	 
REQUEST		request_65	1630166674594	1630166675841	OK	 
REQUEST		request_10	1630166674462	1630166675863	OK	 
REQUEST		request_17	1630166674624	1630166676009	OK	 
REQUEST		request_19	1630166674637	1630166676443	OK	 
REQUEST		request_24	1630166674184	1630166676790	OK	 
REQUEST		request_2	1630166674218	1630166677423	OK	 
REQUEST		request_67	1630166683433	1630166683591	OK	 
ERROR	request_68: Failed to build request: Resource recordedsimulation/0068_request.txt not found 	1630166684592
REQUEST		request_69	1630166690595	1630166690607	OK	 
ERROR	request_211: Failed to build request: Resource recordedsimulation/0211_request.txt not found 	1630166690633
ERROR	request_212: Failed to build request: Resource recordedsimulation/0212_request.txt not found 	1630166690633
ERROR	request_249: Failed to build request: Resource recordedsimulation/0249_request.txt not found 	1630166690645
REQUEST		request_166	1630166690738	1630166690881	OK	 
REQUEST		request_162	1630166690703	1630166690904	OK	 
REQUEST		request_175	1630166690739	1630166690907	OK	 
REQUEST		request_185	1630166690741	1630166690910	OK	 
REQUEST		request_183	1630166690740	1630166690912	OK	 
REQUEST		request_193	1630166690882	1630166690916	OK	 
REQUEST		request_204	1630166690674	1630166690918	OK	 
REQUEST		request_259	1630166690675	1630166690939	OK	 
REQUEST		request_208	1630166690698	1630166690943	OK	 
REQUEST		request_167	1630166690803	1630166690947	OK	 
REQUEST		request_210	1630166690805	1630166690948	OK	 
REQUEST		request_198	1630166690917	1630166690958	OK	 
REQUEST		request_194	1630166690907	1630166690961	OK	 
REQUEST		request_196	1630166690911	1630166690962	OK	 
REQUEST		request_197	1630166690913	1630166690963	OK	 
REQUEST		request_165	1630166690867	1630166690966	OK	 
REQUEST		request_172	1630166690804	1630166690968	OK	 
REQUEST		request_209	1630166690783	1630166690969	OK	 
REQUEST		request_157	1630166690843	1630166690973	OK	 
REQUEST		request_158	1630166690844	1630166690976	OK	 
REQUEST		request_168	1630166690782	1630166690977	OK	 
REQUEST		request_74	1630166690802	1630166690986	OK	 
REQUEST		request_149	1630166690846	1630166690998	OK	 
REQUEST		request_245	1630166690762	1630166691012	OK	 
REQUEST		request_156	1630166690770	1630166691013	OK	 
REQUEST		request_252	1630166690763	1630166691015	OK	 
REQUEST		request_301	1630166690765	1630166691017	OK	 
REQUEST		request_302	1630166690766	1630166691019	OK	 
REQUEST		request_148	1630166690677	1630166691045	OK	 
REQUEST		request_159	1630166690829	1630166691060	OK	 
REQUEST		request_209	1630166690970	1630166691061	OK	 
REQUEST		request_150	1630166690847	1630166691062	OK	 
REQUEST		request_191	1630166690742	1630166691064	OK	 
REQUEST		request_192	1630166690743	1630166691066	OK	 
REQUEST		request_174	1630166690722	1630166691109	OK	 
REQUEST		request_205	1630166690854	1630166691112	OK	 
REQUEST		request_181	1630166690849	1630166691115	OK	 
REQUEST		request_179	1630166690736	1630166691117	OK	 
REQUEST		request_173	1630166690784	1630166691138	OK	 
REQUEST		request_207	1630166690801	1630166691144	OK	 
REQUEST		request_204	1630166690937	1630166691147	OK	 
REQUEST		request_164	1630166690830	1630166691158	OK	 
REQUEST		request_171	1630166690704	1630166691201	OK	 
REQUEST		request_70	1630166690691	1630166691206	OK	 
REQUEST		request_179	1630166691119	1630166691221	OK	 
REQUEST		request_174	1630166691110	1630166691227	OK	 
REQUEST		request_305	1630166691012	1630166691263	OK	 
REQUEST		request_306	1630166691016	1630166691264	OK	 
REQUEST		request_307	1630166691018	1630166691265	OK	 
REQUEST		request_70	1630166691207	1630166691490	OK	 
REQUEST		request_77	1630166690825	1630166691507	OK	 
REQUEST		request_242	1630166690699	1630166691511	OK	 
REQUEST		request_243	1630166690700	1630166691512	OK	 
REQUEST		request_76	1630166690805	1630166691515	OK	 
REQUEST		request_81	1630166690826	1630166691524	OK	 
REQUEST		request_82	1630166690827	1630166691527	OK	 
REQUEST		request_83	1630166690827	1630166691529	OK	 
REQUEST		request_84	1630166690828	1630166691531	OK	 
REQUEST		request_244	1630166690702	1630166691533	OK	 
REQUEST		request_85	1630166691508	1630166691659	OK	 
REQUEST		request_86	1630166691516	1630166691670	OK	 
REQUEST		request_87	1630166691525	1630166691682	OK	 
REQUEST		request_88	1630166691527	1630166691685	OK	 
REQUEST		request_90	1630166691532	1630166691687	OK	 
REQUEST		request_89	1630166691530	1630166691690	OK	 
REQUEST		request_176	1630166690744	1630166691741	OK	 
REQUEST		request_184	1630166690761	1630166691742	OK	 
REQUEST		request_142	1630166690693	1630166691751	OK	 
REQUEST		request_177	1630166690760	1630166691771	OK	 
REQUEST		request_189	1630166691115	1630166691775	OK	 
REQUEST		request_188	1630166690853	1630166691787	OK	 
REQUEST		request_187	1630166690852	1630166691807	OK	 
REQUEST		request_186	1630166690851	1630166691810	OK	 
REQUEST		request_213	1630166690694	1630166691813	OK	 
REQUEST		request_91	1630166691660	1630166691815	OK	 
REQUEST		request_225	1630166690696	1630166691817	OK	 
REQUEST		request_92	1630166691670	1630166691826	OK	 
REQUEST		request_171	1630166691202	1630166691833	OK	 
REQUEST		request_93	1630166691683	1630166691840	OK	 
REQUEST		request_94	1630166691685	1630166691842	OK	 
REQUEST		request_260	1630166691491	1630166691851	OK	 
REQUEST		request_96	1630166691690	1630166691852	OK	 
REQUEST		request_95	1630166691688	1630166691854	OK	 
REQUEST		request_214	1630166690695	1630166691857	OK	 
REQUEST		request_304	1630166690769	1630166691873	OK	 
REQUEST		request_303	1630166690767	1630166691874	OK	 
REQUEST		request_226	1630166690697	1630166691926	OK	 
REQUEST		request_190	1630166691776	1630166691966	OK	 
REQUEST		request_97	1630166691815	1630166691968	OK	 
REQUEST		request_98	1630166691827	1630166691984	OK	 
REQUEST		request_99	1630166691840	1630166691994	OK	 
REQUEST		request_100	1630166691842	1630166692000	OK	 
REQUEST		request_102	1630166691855	1630166692008	OK	 
REQUEST		request_101	1630166691853	1630166692012	OK	 
REQUEST		request_200	1630166691810	1630166692021	OK	 
REQUEST		request_199	1630166691807	1630166692027	OK	 
REQUEST		request_103	1630166691969	1630166692124	OK	 
REQUEST		request_104	1630166691985	1630166692138	OK	 
REQUEST		request_105	1630166691995	1630166692150	OK	 
REQUEST		request_106	1630166692001	1630166692154	OK	 
REQUEST		request_201	1630166691967	1630166692157	OK	 
REQUEST		request_107	1630166692008	1630166692159	OK	 
REQUEST		request_108	1630166692012	1630166692175	OK	 
REQUEST		request_109	1630166692125	1630166692280	OK	 
REQUEST		request_110	1630166692139	1630166692292	OK	 
REQUEST		request_112	1630166692154	1630166692306	OK	 
REQUEST		request_111	1630166692151	1630166692312	OK	 
REQUEST		request_113	1630166692159	1630166692314	OK	 
REQUEST		request_202	1630166692021	1630166692335	OK	 
REQUEST		request_114	1630166692175	1630166692336	OK	 
REQUEST		request_195	1630166691787	1630166692337	OK	 
REQUEST		request_182	1630166690850	1630166692410	OK	 
REQUEST		request_115	1630166692281	1630166692433	OK	 
REQUEST		request_72	1630166690801	1630166692441	OK	 
REQUEST		request_116	1630166692293	1630166692449	OK	 
REQUEST		request_117	1630166692306	1630166692458	OK	 
REQUEST		request_118	1630166692313	1630166692473	OK	 
REQUEST		request_119	1630166692314	1630166692474	OK	 
REQUEST		request_120	1630166692337	1630166692496	OK	 
REQUEST		request_121	1630166692433	1630166692590	OK	 
REQUEST		request_122	1630166692451	1630166692605	OK	 
REQUEST		request_123	1630166692459	1630166692612	OK	 
REQUEST		request_180	1630166690848	1630166692616	OK	 
REQUEST		request_125	1630166692475	1630166692626	OK	 
REQUEST		request_124	1630166692473	1630166692628	OK	 
REQUEST		request_126	1630166692497	1630166692651	OK	 
REQUEST		request_127	1630166692591	1630166692750	OK	 
REQUEST		request_128	1630166692606	1630166692761	OK	 
REQUEST		request_129	1630166692613	1630166692774	OK	 
REQUEST		request_130	1630166692627	1630166692780	OK	 
REQUEST		request_131	1630166692629	1630166692783	OK	 
REQUEST		request_132	1630166692652	1630166692810	OK	 
REQUEST		request_133	1630166692751	1630166692910	OK	 
REQUEST		request_134	1630166692761	1630166692915	OK	 
REQUEST		request_135	1630166692774	1630166692928	OK	 
REQUEST		request_136	1630166692781	1630166692932	OK	 
REQUEST		request_137	1630166692783	1630166692942	OK	 
REQUEST		request_178	1630166692810	1630166692963	OK	 
REQUEST		request_215	1630166692910	1630166693063	OK	 
REQUEST		request_216	1630166692915	1630166693071	OK	 
REQUEST		request_217	1630166692928	1630166693088	OK	 
REQUEST		request_218	1630166692933	1630166693092	OK	 
REQUEST		request_219	1630166692942	1630166693102	OK	 
REQUEST		request_221	1630166693064	1630166693225	OK	 
REQUEST		request_222	1630166693071	1630166693230	OK	 
REQUEST		request_223	1630166693089	1630166693243	OK	 
REQUEST		request_224	1630166693093	1630166693253	OK	 
REQUEST		request_227	1630166693102	1630166693261	OK	 
REQUEST		request_220	1630166692964	1630166693337	OK	 
REQUEST		request_228	1630166693225	1630166693379	OK	 
REQUEST		request_229	1630166693231	1630166693391	OK	 
REQUEST		request_230	1630166693245	1630166693399	OK	 
REQUEST		request_231	1630166693254	1630166693417	OK	 
REQUEST		request_232	1630166693263	1630166693423	OK	 
REQUEST		request_233	1630166693339	1630166693511	OK	 
REQUEST		request_234	1630166693380	1630166693532	OK	 
REQUEST		request_235	1630166693392	1630166693561	OK	 
REQUEST		request_237	1630166693418	1630166693572	OK	 
REQUEST		request_238	1630166693424	1630166693580	OK	 
REQUEST		request_239	1630166693512	1630166693668	OK	 
REQUEST		request_240	1630166693532	1630166693688	OK	 
REQUEST		request_236	1630166693399	1630166693700	OK	 
REQUEST		request_241	1630166693561	1630166693713	OK	 
REQUEST		request_246	1630166693573	1630166693729	OK	 
REQUEST		request_247	1630166693581	1630166693740	OK	 
REQUEST		request_248	1630166693669	1630166693825	OK	 
REQUEST		request_250	1630166693688	1630166693843	OK	 
REQUEST		request_253	1630166693713	1630166693868	OK	 
REQUEST		request_254	1630166693730	1630166693890	OK	 
REQUEST		request_255	1630166693741	1630166693902	OK	 
REQUEST		request_256	1630166693826	1630166693977	OK	 
REQUEST		request_257	1630166693844	1630166693998	OK	 
REQUEST		request_258	1630166693869	1630166694022	OK	 
REQUEST		request_261	1630166693892	1630166694049	OK	 
REQUEST		request_262	1630166693903	1630166694139	OK	 
REQUEST		request_263	1630166693978	1630166694153	OK	 
REQUEST		request_265	1630166694024	1630166694185	OK	 
REQUEST		request_264	1630166694000	1630166694188	OK	 
REQUEST		request_266	1630166694050	1630166694224	OK	 
REQUEST		request_267	1630166694139	1630166694296	OK	 
REQUEST		request_251	1630166693701	1630166694308	OK	 
REQUEST		request_270	1630166694189	1630166694342	OK	 
REQUEST		request_269	1630166694186	1630166694344	OK	 
REQUEST		request_271	1630166694224	1630166694378	OK	 
REQUEST		request_272	1630166694296	1630166694450	OK	 
REQUEST		request_273	1630166694308	1630166694461	OK	 
REQUEST		request_274	1630166694342	1630166694496	OK	 
REQUEST		request_275	1630166694345	1630166694520	OK	 
REQUEST		request_268	1630166694154	1630166694524	OK	 
REQUEST		request_276	1630166694379	1630166694533	OK	 
REQUEST		request_277	1630166694450	1630166694607	OK	 
REQUEST		request_278	1630166694462	1630166694619	OK	 
REQUEST		request_279	1630166694497	1630166694664	OK	 
REQUEST		request_280	1630166694522	1630166694686	OK	 
REQUEST		request_282	1630166694533	1630166694690	OK	 
REQUEST		request_284	1630166694619	1630166694778	OK	 
REQUEST		request_283	1630166694608	1630166694785	OK	 
REQUEST		request_285	1630166694664	1630166694815	OK	 
REQUEST		request_287	1630166694690	1630166694843	OK	 
REQUEST		request_286	1630166694687	1630166694847	OK	 
REQUEST		request_281	1630166694524	1630166694902	OK	 
REQUEST		request_289	1630166694787	1630166694941	OK	 
REQUEST		request_288	1630166694779	1630166694942	OK	 
REQUEST		request_290	1630166694816	1630166694976	OK	 
REQUEST		request_291	1630166694844	1630166694996	OK	 
REQUEST		request_292	1630166694848	1630166695007	OK	 
REQUEST		request_293	1630166694903	1630166695057	OK	 
REQUEST		request_294	1630166694941	1630166695099	OK	 
REQUEST		request_295	1630166694943	1630166695102	OK	 
REQUEST		request_296	1630166694977	1630166695134	OK	 
REQUEST		request_297	1630166694997	1630166695172	OK	 
REQUEST		request_298	1630166695008	1630166695183	OK	 
REQUEST		request_299	1630166695058	1630166695213	OK	 
REQUEST		request_300	1630166695099	1630166695257	OK	 
REQUEST		request_308	1630166695103	1630166695258	OK	 
REQUEST		request_309	1630166695135	1630166695292	OK	 
REQUEST		request_310	1630166695173	1630166695331	OK	 
REQUEST		request_311	1630166695184	1630166695340	OK	 
ERROR	request_312: Failed to build request: Resource recordedsimulation/0312_request.txt not found 	1630166698343
REQUEST		request_314	1630166703344	1630166703361	OK	 
REQUEST		request_315	1630166708363	1630166708373	OK	 
REQUEST		request_316	1630166710374	1630166710425	OK	 
USER	RecordedSimulation	END	1630166710492
