RUN	myGatlingProject._03_Login	-03-login	1630172012836	rem	3.6.1
USER	RecordedSimulation	START	1630172014329
REQUEST		request_0	1630172014357	1630172014474	OK	 
ERROR	request_58: Failed to build request: Resource recordedsimulation/0058_request.txt not found 	1630172014498
ERROR	request_63: Failed to build request: Resource recordedsimulation/0063_request.txt not found 	1630172014499
REQUEST		request_59	1630172014736	1630172014804	OK	 
REQUEST		request_60	1630172014522	1630172015386	OK	 
REQUEST		request_66	1630172014735	1630172015439	OK	 
REQUEST		request_62	1630172014759	1630172015557	OK	 
REQUEST		request_61	1630172014748	1630172015569	OK	 
REQUEST		request_65	1630172014762	1630172015570	OK	 
REQUEST		request_64	1630172014761	1630172015594	OK	 
REQUEST		LoginPage	1630172014534	1630172015840	OK	 
REQUEST		request_67	1630172021852	1630172022804	OK	 
ERROR	request_68: Failed to build request: Resource recordedsimulation/0068_request.txt not found 	1630172023810
REQUEST		request_69	1630172029812	1630172029826	OK	 
ERROR	request_211: Failed to build request: Resource recordedsimulation/0211_request.txt not found 	1630172029839
ERROR	request_212: Failed to build request: Resource recordedsimulation/0212_request.txt not found 	1630172029839
ERROR	request_249: Failed to build request: Resource recordedsimulation/0249_request.txt not found 	1630172029842
REQUEST		request_143	1630172029984	1630172030332	OK	 
REQUEST		request_204	1630172029864	1630172030335	OK	 
REQUEST		Login_Check	1630172029865	1630172030347	OK	 
REQUEST		request_252	1630172030018	1630172030349	OK	 
REQUEST		request_245	1630172030017	1630172030350	OK	 
REQUEST		request_302	1630172030021	1630172030351	OK	 
REQUEST		request_301	1630172030019	1630172030353	OK	 
REQUEST		request_185	1630172030333	1630172030375	OK	 
REQUEST		request_191	1630172030375	1630172030392	OK	 
REQUEST		request_192	1630172030393	1630172030414	OK	 
REQUEST		request_153	1630172029851	1630172030417	OK	 
REQUEST		request_193	1630172030415	1630172030433	OK	 
REQUEST		request_206	1630172029864	1630172030437	OK	 
REQUEST		request_163	1630172029863	1630172030448	OK	 
REQUEST		request_203	1630172029973	1630172030454	OK	 
REQUEST		request_155	1630172030005	1630172030463	OK	 
REQUEST		request_194	1630172030433	1630172030464	OK	 
REQUEST		request_161	1630172029863	1630172030468	OK	 
REQUEST		request_151	1630172030138	1630172030500	OK	 
REQUEST		request_196	1630172030465	1630172030501	OK	 
REQUEST		request_71	1630172030087	1630172030504	OK	 
REQUEST		request_162	1630172029909	1630172030505	OK	 
REQUEST		request_160	1630172029956	1630172030508	OK	 
REQUEST		request_152	1630172029985	1630172030510	OK	 
REQUEST		request_166	1630172029986	1630172030514	OK	 
REQUEST		request_183	1630172029987	1630172030515	OK	 
REQUEST		request_156	1630172030054	1630172030517	OK	 
REQUEST		request_148	1630172030127	1630172030525	OK	 
REQUEST		request_170	1630172030150	1630172030545	OK	 
REQUEST		request_197	1630172030502	1630172030580	OK	 
REQUEST		request_204	1630172030344	1630172030581	OK	 
REQUEST		request_305	1630172030349	1630172030582	OK	 
REQUEST		request_306	1630172030351	1630172030582	OK	 
REQUEST		request_307	1630172030352	1630172030583	OK	 
REQUEST		request_174	1630172029944	1630172030589	OK	 
REQUEST		request_179	1630172029956	1630172030591	OK	 
REQUEST		request_198	1630172030511	1630172030592	OK	 
REQUEST		request_175	1630172029986	1630172030594	OK	 
REQUEST		request_79	1630172030039	1630172030597	OK	 
REQUEST		request_167	1630172030091	1630172030599	OK	 
REQUEST		request_172	1630172030109	1630172030600	OK	 
REQUEST		request_205	1630172030259	1630172030602	OK	 
REQUEST		request_154	1630172029985	1630172030630	OK	 
REQUEST		request_173	1630172030066	1630172030632	OK	 
REQUEST		request_207	1630172030086	1630172030633	OK	 
REQUEST		request_210	1630172030109	1630172030634	OK	 
REQUEST		request_164	1630172030162	1630172030635	OK	 
REQUEST		request_157	1630172030174	1630172030638	OK	 
REQUEST		request_158	1630172030185	1630172030640	OK	 
REQUEST		request_159	1630172030151	1630172030642	OK	 
REQUEST		request_165	1630172030279	1630172030645	OK	 
REQUEST		request_168	1630172030292	1630172030645	OK	 
REQUEST		request_146	1630172029880	1630172030646	OK	 
REQUEST		request_78	1630172029933	1630172030649	OK	 
REQUEST		request_209	1630172030303	1630172030656	OK	 
REQUEST		request_174	1630172030590	1630172030671	OK	 
REQUEST		Login_Check	1630172030348	1630172030687	OK	 
REQUEST		request_171	1630172029922	1630172030689	OK	 
REQUEST		request_139	1630172030504	1630172030691	OK	 
REQUEST		request_145	1630172030269	1630172030700	OK	 
REQUEST		request_209	1630172030656	1630172030737	OK	 
REQUEST		request_174	1630172030673	1630172030757	OK	 
REQUEST		request_179	1630172030591	1630172030761	OK	 
REQUEST		request_147	1630172030281	1630172030839	OK	 
REQUEST		request_169	1630172029972	1630172031004	OK	 
REQUEST		request_259	1630172029865	1630172031005	OK	 
REQUEST		request_76	1630172030110	1630172031032	OK	 
REQUEST		request_83	1630172030126	1630172031047	OK	 
REQUEST		request_243	1630172029879	1630172031063	OK	 
REQUEST		request_244	1630172029879	1630172031064	OK	 
REQUEST		request_73	1630172030089	1630172031071	OK	 
REQUEST		request_138	1630172030090	1630172031072	OK	 
REQUEST		request_77	1630172030125	1630172031073	OK	 
REQUEST		request_81	1630172030125	1630172031074	OK	 
REQUEST		request_82	1630172030125	1630172031076	OK	 
REQUEST		request_84	1630172030126	1630172031077	OK	 
REQUEST		request_260	1630172030687	1630172031080	OK	 
REQUEST		request_242	1630172029879	1630172031081	OK	 
REQUEST		request_180	1630172030258	1630172031139	OK	 
REQUEST		request_85	1630172031033	1630172031189	OK	 
REQUEST		request_75	1630172030090	1630172031191	OK	 
REQUEST		request_86	1630172031047	1630172031218	OK	 
REQUEST		request_149	1630172030185	1630172031219	OK	 
REQUEST		request_208	1630172029868	1630172031222	OK	 
REQUEST		request_87	1630172031073	1630172031235	OK	 
REQUEST		request_303	1630172030022	1630172031236	OK	 
REQUEST		request_88	1630172031075	1630172031236	OK	 
REQUEST		request_89	1630172031076	1630172031237	OK	 
REQUEST		request_90	1630172031078	1630172031239	OK	 
REQUEST		request_142	1630172029866	1630172031266	OK	 
REQUEST		request_74	1630172030089	1630172031275	OK	 
REQUEST		request_304	1630172030023	1630172031281	OK	 
REQUEST		request_150	1630172030199	1630172031294	OK	 
REQUEST		request_181	1630172030258	1630172031295	OK	 
REQUEST		request_176	1630172029987	1630172031300	OK	 
REQUEST		request_184	1630172030004	1630172031305	OK	 
REQUEST		request_177	1630172030004	1630172031319	OK	 
REQUEST		request_171	1630172030689	1630172031330	OK	 
REQUEST		request_213	1630172029867	1630172031336	OK	 
REQUEST		request_214	1630172029867	1630172031349	OK	 
REQUEST		request_91	1630172031190	1630172031352	OK	 
REQUEST		request_187	1630172031140	1630172031354	OK	 
REQUEST		request_225	1630172029868	1630172031382	OK	 
REQUEST		request_92	1630172031218	1630172031384	OK	 
REQUEST		request_144	1630172030025	1630172031386	OK	 
REQUEST		request_96	1630172031239	1630172031391	OK	 
REQUEST		request_95	1630172031238	1630172031400	OK	 
REQUEST		request_141	1630172030692	1630172031434	OK	 
REQUEST		request_226	1630172029868	1630172031443	OK	 
REQUEST		request_80	1630172030243	1630172031461	OK	 
REQUEST		request_188	1630172031296	1630172031488	OK	 
REQUEST		request_97	1630172031352	1630172031505	OK	 
REQUEST		request_72	1630172030088	1630172031531	OK	 
REQUEST		request_93	1630172031235	1630172031548	OK	 
REQUEST		request_94	1630172031237	1630172031549	OK	 
REQUEST		request_98	1630172031384	1630172031551	OK	 
REQUEST		request_99	1630172031392	1630172031554	OK	 
REQUEST		request_100	1630172031401	1630172031557	OK	 
REQUEST		request_182	1630172030259	1630172031571	OK	 
REQUEST		request_101	1630172031505	1630172031675	OK	 
REQUEST		request_186	1630172030259	1630172031695	OK	 
REQUEST		request_102	1630172031548	1630172031709	OK	 
REQUEST		request_103	1630172031550	1630172031711	OK	 
REQUEST		request_104	1630172031552	1630172031713	OK	 
REQUEST		request_105	1630172031555	1630172031715	OK	 
REQUEST		request_106	1630172031558	1630172031716	OK	 
REQUEST		request_190	1630172031462	1630172031785	OK	 
REQUEST		request_107	1630172031675	1630172031825	OK	 
REQUEST		request_108	1630172031710	1630172031859	OK	 
REQUEST		request_110	1630172031714	1630172031866	OK	 
REQUEST		request_109	1630172031712	1630172031867	OK	 
REQUEST		request_112	1630172031716	1630172031868	OK	 
REQUEST		request_111	1630172031715	1630172031869	OK	 
REQUEST		request_189	1630172031355	1630172031955	OK	 
REQUEST		request_200	1630172031696	1630172031960	OK	 
REQUEST		request_113	1630172031825	1630172031976	OK	 
REQUEST		request_114	1630172031860	1630172032011	OK	 
REQUEST		request_116	1630172031867	1630172032021	OK	 
REQUEST		request_115	1630172031866	1630172032022	OK	 
REQUEST		request_117	1630172031868	1630172032024	OK	 
REQUEST		request_118	1630172031869	1630172032027	OK	 
REQUEST		request_119	1630172031977	1630172032133	OK	 
REQUEST		request_120	1630172032012	1630172032175	OK	 
REQUEST		request_122	1630172032023	1630172032186	OK	 
REQUEST		request_121	1630172032021	1630172032187	OK	 
REQUEST		request_123	1630172032024	1630172032188	OK	 
REQUEST		request_124	1630172032028	1630172032190	OK	 
REQUEST		request_140	1630172030258	1630172032292	OK	 
REQUEST		request_125	1630172032133	1630172032293	OK	 
REQUEST		request_126	1630172032175	1630172032330	OK	 
REQUEST		request_130	1630172032190	1630172032355	OK	 
REQUEST		request_128	1630172032188	1630172032356	OK	 
REQUEST		request_129	1630172032189	1630172032357	OK	 
REQUEST		request_127	1630172032187	1630172032358	OK	 
REQUEST		request_131	1630172032293	1630172032448	OK	 
REQUEST		request_202	1630172031956	1630172032456	OK	 
REQUEST		request_132	1630172032331	1630172032482	OK	 
REQUEST		request_199	1630172031571	1630172032501	OK	 
REQUEST		request_136	1630172032358	1630172032511	OK	 
REQUEST		request_133	1630172032355	1630172032514	OK	 
REQUEST		request_135	1630172032357	1630172032515	OK	 
REQUEST		request_134	1630172032356	1630172032520	OK	 
REQUEST		request_195	1630172031489	1630172032565	OK	 
REQUEST		request_137	1630172032448	1630172032604	OK	 
REQUEST		request_201	1630172031786	1630172032633	OK	 
REQUEST		request_178	1630172032483	1630172032635	OK	 
REQUEST		request_215	1630172032512	1630172032663	OK	 
REQUEST		request_216	1630172032514	1630172032668	OK	 
REQUEST		request_217	1630172032515	1630172032679	OK	 
REQUEST		request_218	1630172032520	1630172032681	OK	 
REQUEST		request_219	1630172032604	1630172032758	OK	 
REQUEST		request_220	1630172032635	1630172032786	OK	 
REQUEST		request_221	1630172032663	1630172032817	OK	 
REQUEST		request_222	1630172032669	1630172032820	OK	 
REQUEST		request_224	1630172032682	1630172032840	OK	 
REQUEST		request_223	1630172032679	1630172032847	OK	 
REQUEST		request_227	1630172032759	1630172032911	OK	 
REQUEST		request_229	1630172032817	1630172032967	OK	 
REQUEST		request_230	1630172032820	1630172032970	OK	 
REQUEST		request_231	1630172032840	1630172032993	OK	 
REQUEST		request_232	1630172032847	1630172032998	OK	 
REQUEST		request_233	1630172032912	1630172033074	OK	 
REQUEST		request_234	1630172032968	1630172033118	OK	 
REQUEST		request_235	1630172032971	1630172033125	OK	 
REQUEST		request_237	1630172032998	1630172033152	OK	 
REQUEST		request_238	1630172033075	1630172033235	OK	 
REQUEST		request_240	1630172033125	1630172033275	OK	 
REQUEST		request_239	1630172033119	1630172033277	OK	 
REQUEST		request_241	1630172033153	1630172033306	OK	 
REQUEST		request_228	1630172032787	1630172033351	OK	 
REQUEST		request_236	1630172032994	1630172033368	OK	 
REQUEST		request_246	1630172033236	1630172033390	OK	 
REQUEST		request_247	1630172033276	1630172033431	OK	 
REQUEST		request_248	1630172033277	1630172033455	OK	 
REQUEST		request_250	1630172033307	1630172033464	OK	 
REQUEST		request_251	1630172033351	1630172033505	OK	 
REQUEST		request_253	1630172033368	1630172033526	OK	 
REQUEST		request_254	1630172033390	1630172033541	OK	 
REQUEST		request_256	1630172033455	1630172033606	OK	 
REQUEST		request_257	1630172033464	1630172033616	OK	 
REQUEST		request_255	1630172033431	1630172033648	OK	 
REQUEST		request_258	1630172033506	1630172033655	OK	 
REQUEST		request_262	1630172033541	1630172033694	OK	 
REQUEST		request_263	1630172033606	1630172033767	OK	 
REQUEST		request_264	1630172033617	1630172033770	OK	 
REQUEST		request_265	1630172033649	1630172033804	OK	 
REQUEST		request_266	1630172033656	1630172033825	OK	 
REQUEST		request_267	1630172033694	1630172033845	OK	 
REQUEST		request_268	1630172033767	1630172033920	OK	 
REQUEST		request_269	1630172033771	1630172033924	OK	 
REQUEST		request_261	1630172033527	1630172033931	OK	 
REQUEST		request_270	1630172033804	1630172033956	OK	 
REQUEST		request_271	1630172033826	1630172033976	OK	 
REQUEST		request_272	1630172033845	1630172033995	OK	 
REQUEST		request_273	1630172033920	1630172034072	OK	 
REQUEST		request_274	1630172033924	1630172034085	OK	 
REQUEST		request_275	1630172033931	1630172034089	OK	 
REQUEST		request_276	1630172033957	1630172034110	OK	 
REQUEST		request_277	1630172033976	1630172034127	OK	 
REQUEST		request_278	1630172033996	1630172034150	OK	 
REQUEST		request_280	1630172034086	1630172034236	OK	 
REQUEST		request_281	1630172034089	1630172034242	OK	 
REQUEST		request_282	1630172034110	1630172034263	OK	 
REQUEST		request_284	1630172034151	1630172034303	OK	 
REQUEST		request_285	1630172034237	1630172034388	OK	 
REQUEST		request_286	1630172034243	1630172034398	OK	 
REQUEST		request_287	1630172034263	1630172034416	OK	 
REQUEST		request_279	1630172034073	1630172034435	OK	 
REQUEST		request_283	1630172034127	1630172034487	OK	 
REQUEST		request_289	1630172034389	1630172034543	OK	 
REQUEST		request_290	1630172034398	1630172034555	OK	 
REQUEST		request_291	1630172034416	1630172034566	OK	 
REQUEST		request_292	1630172034435	1630172034585	OK	 
REQUEST		request_293	1630172034487	1630172034637	OK	 
REQUEST		request_294	1630172034543	1630172034704	OK	 
REQUEST		request_296	1630172034567	1630172034716	OK	 
REQUEST		request_295	1630172034556	1630172034727	OK	 
REQUEST		request_297	1630172034585	1630172034738	OK	 
REQUEST		request_288	1630172034303	1630172034747	OK	 
REQUEST		request_298	1630172034638	1630172034789	OK	 
REQUEST		request_300	1630172034716	1630172034876	OK	 
REQUEST		request_308	1630172034728	1630172034884	OK	 
REQUEST		request_299	1630172034704	1630172034898	OK	 
REQUEST		request_311	1630172034789	1630172034941	OK	 
REQUEST		request_309	1630172034738	1630172035161	OK	 
REQUEST		request_310	1630172034748	1630172036198	OK	 
ERROR	request_312: Failed to build request: Resource recordedsimulation/0312_request.txt not found 	1630172039200
REQUEST		request_314	1630172044202	1630172044214	OK	 
REQUEST		request_315	1630172049215	1630172049232	OK	 
REQUEST		request_316	1630172051234	1630172051272	OK	 
USER	RecordedSimulation	END	1630172051290
