RUN	myGatlingProject._002_Registration	-002-registration	1630211851388	rem	3.6.1
USER	RecordedSimulation	START	1630211852421
REQUEST		request_0	1630211852457	1630211855068	OK	 
ERROR	request_56: Failed to build request: Resource recordedsimulation/0056_request.txt not found 	1630211855225
ERROR	request_62: Failed to build request: Resource recordedsimulation/0062_request.txt not found 	1630211855226
ERROR	request_91: Failed to build request: Resource recordedsimulation/0091_request.txt not found 	1630211855239
ERROR	request_95: Failed to build request: Resource recordedsimulation/0095_request.txt not found 	1630211855239
ERROR	request_247: Failed to build request: Resource recordedsimulation/0247_request.txt not found 	1630211855249
REQUEST		request_28	1630211855295	1630211855899	OK	 
REQUEST		request_15	1630211855262	1630211855992	OK	 
REQUEST		request_22	1630211855276	1630211856008	OK	 
REQUEST		request_24	1630211855278	1630211856016	OK	 
REQUEST		request_30	1630211855279	1630211856018	OK	 
REQUEST		request_39	1630211855321	1630211856023	OK	 
REQUEST		request_146	1630211855351	1630211856048	OK	 
REQUEST		request_20	1630211855366	1630211856134	OK	 
REQUEST		request_23	1630211855367	1630211856139	OK	 
REQUEST		request_38	1630211855370	1630211856143	OK	 
REQUEST		request_52	1630211855371	1630211856147	OK	 
REQUEST		request_50	1630211855439	1630211856152	OK	 
REQUEST		request_25	1630211855466	1630211856155	OK	 
REQUEST		request_17	1630211855720	1630211856158	OK	 
REQUEST		request_19	1630211855731	1630211856163	OK	 
REQUEST		request_69	1630211855743	1630211856179	OK	 
REQUEST		request_118	1630211855744	1630211856180	OK	 
REQUEST		request_26	1630211855306	1630211856212	OK	 
REQUEST		request_53	1630211856136	1630211856217	OK	 
REQUEST		request_54	1630211856141	1630211856220	OK	 
REQUEST		request_29	1630211855369	1630211856233	OK	 
REQUEST		request_55	1630211856145	1630211856235	OK	 
REQUEST		request_49	1630211855370	1630211856237	OK	 
REQUEST		request_57	1630211856150	1630211856238	OK	 
REQUEST		request_32	1630211855371	1630211856245	OK	 
REQUEST		request_34	1630211855400	1630211856248	OK	 
REQUEST		request_36	1630211855415	1630211856250	OK	 
REQUEST		request_66	1630211855416	1630211856252	OK	 
REQUEST		request_58	1630211856218	1630211856274	OK	 
REQUEST		request_59	1630211856220	1630211856275	OK	 
REQUEST		request_60	1630211856234	1630211856276	OK	 
REQUEST		request_61	1630211856236	1630211856277	OK	 
REQUEST		request_67	1630211856237	1630211856277	OK	 
REQUEST		request_249	1630211856239	1630211856278	OK	 
REQUEST		request_9	1630211855452	1630211856279	OK	 
REQUEST		request_43	1630211855335	1630211856312	OK	 
REQUEST		request_66	1630211856257	1630211856550	OK	 
REQUEST		request_51	1630211855291	1630211856588	OK	 
REQUEST		request_3	1630211855702	1630211856593	OK	 
REQUEST		favicon-by-fb-1f05deec69.png	1630211855481	1630211856595	OK	 
REQUEST		request_1	1630211855700	1630211856616	OK	 
REQUEST		request_63	1630211855717	1630211856632	OK	 
REQUEST		request_82	1630211855718	1630211856635	OK	 
REQUEST		request_41	1630211855280	1630211856649	OK	 
REQUEST		request_7	1630211855702	1630211856662	OK	 
REQUEST		request_8	1630211855716	1630211856664	OK	 
REQUEST		request_81	1630211855717	1630211856666	OK	 
REQUEST		request_86	1630211855719	1630211856669	OK	 
REQUEST		request_13	1630211855854	1630211856674	OK	 
REQUEST		request_64	1630211855293	1630211856676	OK	 
REQUEST		request_88	1630211855303	1630211856678	OK	 
REQUEST		request_89	1630211855304	1630211856680	OK	 
REQUEST		request_90	1630211855305	1630211856681	OK	 
REQUEST		request_2	1630211855701	1630211856686	OK	 
REQUEST		core-dfb5bbecaa.js	1630211855700	1630211856742	OK	 
REQUEST		request_11	1630211855782	1630211856752	OK	 
REQUEST		request_68	1630211855856	1630211856757	OK	 
REQUEST		request_72	1630211855859	1630211856764	OK	 
REQUEST		request_73	1630211855860	1630211856768	OK	 
REQUEST		request_6	1630211856596	1630211856777	OK	 
REQUEST		request_4	1630211856594	1630211856783	OK	 
REQUEST		request_102	1630211856636	1630211856790	OK	 
REQUEST		request_18	1630211856617	1630211856797	OK	 
REQUEST		request_100	1630211856633	1630211856802	OK	 
REQUEST		request_103	1630211856663	1630211856826	OK	 
REQUEST		request_104	1630211856665	1630211856830	OK	 
REQUEST		request_105	1630211856667	1630211856833	OK	 
REQUEST		request_106	1630211856669	1630211856838	OK	 
REQUEST		request_74	1630211856675	1630211856862	OK	 
REQUEST		request_41	1630211856658	1630211856866	OK	 
REQUEST		request_75	1630211856753	1630211856910	OK	 
REQUEST		request_110	1630211855385	1630211856913	OK	 
REQUEST		request_76	1630211856758	1630211856914	OK	 
REQUEST		request_112	1630211855399	1630211856921	OK	 
REQUEST		request_111	1630211855399	1630211856931	OK	 
REQUEST		request_79	1630211855755	1630211856933	OK	 
REQUEST		request_66	1630211856551	1630211856938	OK	 
REQUEST		request_78	1630211855298	1630211856940	OK	 
REQUEST		request_84	1630211855766	1630211856942	OK	 
REQUEST		request_92	1630211855767	1630211856944	OK	 
REQUEST		request_128	1630211855768	1630211856947	OK	 
REQUEST		request_120	1630211855767	1630211856952	OK	 
REQUEST		request_127	1630211855768	1630211856954	OK	 
REQUEST		request_46	1630211855769	1630211856957	OK	 
REQUEST		request_108	1630211856804	1630211856959	OK	 
REQUEST		request_107	1630211856791	1630211856962	OK	 
REQUEST		request_85	1630211855300	1630211856973	OK	 
REQUEST		alice-home-d5088827a7.css	1630211855699	1630211856976	OK	 
REQUEST		request_87	1630211855301	1630211856987	OK	 
REQUEST		request_113	1630211856827	1630211856988	OK	 
REQUEST		request_114	1630211856831	1630211856991	OK	 
REQUEST		request_43	1630211856314	1630211856994	OK	 
REQUEST		request_35	1630211855296	1630211856997	OK	 
REQUEST		request_115	1630211856835	1630211856998	OK	 
REQUEST		request_116	1630211856839	1630211857002	OK	 
REQUEST		request_83	1630211855299	1630211857011	OK	 
REQUEST		request_16	1630211855417	1630211857033	OK	 
REQUEST		request_97	1630211856863	1630211857037	OK	 
REQUEST		request_71	1630211855857	1630211857040	OK	 
REQUEST		request_99	1630211856915	1630211857073	OK	 
REQUEST		request_98	1630211856911	1630211857076	OK	 
REQUEST		request_77	1630211856765	1630211857095	OK	 
REQUEST		request_117	1630211856960	1630211857113	OK	 
REQUEST		request_119	1630211856963	1630211857122	OK	 
REQUEST		request_129	1630211856934	1630211857136	OK	 
REQUEST		request_121	1630211856989	1630211857144	OK	 
REQUEST		request_130	1630211856943	1630211857147	OK	 
REQUEST		request_123	1630211856999	1630211857151	OK	 
REQUEST		request_122	1630211856992	1630211857153	OK	 
REQUEST		request_132	1630211856948	1630211857154	OK	 
REQUEST		request_131	1630211856945	1630211857156	OK	 
REQUEST		request_153	1630211856953	1630211857162	OK	 
REQUEST		request_124	1630211857003	1630211857163	OK	 
REQUEST		request_101	1630211857038	1630211857196	OK	 
REQUEST		request_109	1630211857041	1630211857212	OK	 
REQUEST		request_96	1630211856769	1630211857225	OK	 
REQUEST		request_125	1630211857113	1630211857266	OK	 
REQUEST		request_126	1630211857123	1630211857285	OK	 
REQUEST		request_135	1630211857154	1630211857304	OK	 
REQUEST		request_133	1630211857145	1630211857307	OK	 
REQUEST		request_136	1630211857163	1630211857319	OK	 
REQUEST		request_134	1630211857152	1630211857321	OK	 
REQUEST		request_137	1630211857267	1630211857421	OK	 
REQUEST		request_138	1630211857286	1630211857444	OK	 
REQUEST		request_140	1630211857305	1630211857458	OK	 
REQUEST		request_141	1630211857307	1630211857467	OK	 
REQUEST		request_142	1630211857319	1630211857470	OK	 
REQUEST		request_143	1630211857321	1630211857479	OK	 
REQUEST		request_144	1630211857422	1630211857577	OK	 
REQUEST		request_145	1630211857445	1630211857606	OK	 
REQUEST		request_147	1630211857459	1630211857612	OK	 
REQUEST		request_148	1630211857468	1630211857621	OK	 
REQUEST		request_149	1630211857471	1630211857628	OK	 
REQUEST		request_150	1630211857480	1630211857644	OK	 
REQUEST		request_151	1630211857579	1630211857734	OK	 
REQUEST		request_152	1630211857608	1630211857760	OK	 
REQUEST		request_154	1630211857614	1630211857766	OK	 
REQUEST		request_156	1630211857630	1630211857782	OK	 
REQUEST		request_155	1630211857623	1630211857784	OK	 
REQUEST		request_157	1630211857646	1630211857804	OK	 
REQUEST		request_158	1630211857735	1630211857903	OK	 
REQUEST		request_159	1630211857761	1630211857913	OK	 
REQUEST		request_160	1630211857766	1630211857921	OK	 
REQUEST		request_161	1630211857782	1630211857941	OK	 
REQUEST		request_162	1630211857785	1630211857944	OK	 
REQUEST		request_163	1630211857805	1630211857968	OK	 
REQUEST		request_164	1630211857904	1630211858060	OK	 
REQUEST		request_165	1630211857914	1630211858074	OK	 
REQUEST		request_166	1630211857923	1630211858078	OK	 
REQUEST		request_167	1630211857942	1630211858096	OK	 
REQUEST		request_168	1630211857946	1630211858108	OK	 
REQUEST		request_169	1630211857969	1630211858127	OK	 
REQUEST		request_170	1630211858062	1630211858219	OK	 
REQUEST		request_171	1630211858075	1630211858230	OK	 
REQUEST		request_172	1630211858080	1630211858234	OK	 
REQUEST		request_173	1630211858097	1630211858252	OK	 
REQUEST		request_174	1630211858109	1630211858266	OK	 
REQUEST		request_175	1630211858129	1630211858283	OK	 
REQUEST		request_176	1630211858220	1630211858378	OK	 
REQUEST		request_177	1630211858232	1630211858385	OK	 
REQUEST		request_178	1630211858235	1630211858391	OK	 
REQUEST		request_179	1630211858254	1630211858409	OK	 
REQUEST		request_180	1630211858268	1630211858426	OK	 
REQUEST		request_181	1630211858285	1630211858441	OK	 
REQUEST		request_182	1630211858379	1630211858533	OK	 
REQUEST		request_183	1630211858386	1630211858543	OK	 
REQUEST		request_184	1630211858393	1630211858547	OK	 
REQUEST		request_185	1630211858409	1630211858568	OK	 
REQUEST		request_186	1630211858427	1630211858582	OK	 
REQUEST		request_187	1630211858443	1630211858606	OK	 
REQUEST		request_188	1630211858535	1630211858691	OK	 
REQUEST		request_189	1630211858544	1630211858697	OK	 
REQUEST		request_190	1630211858548	1630211858702	OK	 
REQUEST		request_191	1630211858569	1630211858725	OK	 
REQUEST		request_192	1630211858583	1630211858735	OK	 
REQUEST		request_193	1630211858607	1630211858762	OK	 
REQUEST		request_194	1630211858693	1630211858851	OK	 
REQUEST		request_196	1630211858703	1630211858858	OK	 
REQUEST		request_195	1630211858699	1630211858864	OK	 
REQUEST		request_197	1630211858726	1630211858885	OK	 
REQUEST		request_198	1630211858737	1630211858898	OK	 
REQUEST		request_200	1630211858854	1630211859009	OK	 
REQUEST		request_201	1630211858860	1630211859015	OK	 
REQUEST		request_202	1630211858867	1630211859021	OK	 
REQUEST		request_199	1630211858763	1630211859070	OK	 
REQUEST		request_203	1630211858887	1630211859087	OK	 
REQUEST		request_205	1630211859011	1630211859163	OK	 
REQUEST		request_206	1630211859016	1630211859170	OK	 
REQUEST		request_207	1630211859023	1630211859178	OK	 
REQUEST		request_208	1630211859071	1630211859228	OK	 
REQUEST		request_209	1630211859089	1630211859244	OK	 
REQUEST		request_204	1630211858900	1630211859274	OK	 
REQUEST		request_210	1630211859164	1630211859317	OK	 
REQUEST		request_213	1630211859231	1630211859386	OK	 
REQUEST		request_214	1630211859246	1630211859403	OK	 
REQUEST		request_215	1630211859276	1630211859429	OK	 
REQUEST		request_211	1630211859171	1630211859464	OK	 
REQUEST		request_216	1630211859319	1630211859470	OK	 
REQUEST		request_217	1630211859387	1630211859540	OK	 
REQUEST		request_218	1630211859404	1630211859557	OK	 
REQUEST		request_219	1630211859431	1630211859586	OK	 
REQUEST		request_212	1630211859179	1630211859611	OK	 
REQUEST		request_220	1630211859465	1630211859619	OK	 
REQUEST		request_221	1630211859471	1630211859623	OK	 
REQUEST		request_225	1630211859611	1630211859844	OK	 
REQUEST		request_227	1630211859624	1630211859845	OK	 
REQUEST		request_228	1630211859844	1630211859996	OK	 
REQUEST		request_229	1630211859846	1630211860000	OK	 
REQUEST		request_224	1630211859587	1630211860098	OK	 
REQUEST		request_231	1630211860001	1630211860156	OK	 
REQUEST		request_226	1630211859620	1630211860163	OK	 
REQUEST		request_230	1630211859998	1630211860165	OK	 
REQUEST		request_232	1630211860099	1630211860249	OK	 
REQUEST		request_233	1630211860156	1630211860441	OK	 
REQUEST		request_234	1630211860164	1630211860450	OK	 
REQUEST		request_235	1630211860166	1630211860492	OK	 
REQUEST		request_236	1630211860250	1630211860496	OK	 
REQUEST		request_223	1630211859558	1630211860576	OK	 
REQUEST		request_237	1630211860441	1630211860597	OK	 
REQUEST		request_222	1630211859541	1630211860601	OK	 
REQUEST		request_238	1630211860451	1630211860607	OK	 
REQUEST		request_239	1630211860494	1630211860645	OK	 
REQUEST		request_240	1630211860497	1630211860649	OK	 
REQUEST		request_241	1630211860577	1630211860734	OK	 
REQUEST		request_242	1630211860598	1630211860754	OK	 
REQUEST		request_243	1630211860602	1630211860757	OK	 
REQUEST		request_244	1630211860608	1630211860772	OK	 
REQUEST		request_246	1630211860650	1630211860803	OK	 
REQUEST		request_248	1630211860735	1630211860890	OK	 
REQUEST		request_245	1630211860646	1630211861372	OK	 
REQUEST		request_251	1630211863380	1630211863392	OK	 
REQUEST		request_252	1630211864396	1630211864408	OK	 
ERROR	request_310: Failed to build request: Resource recordedsimulation/0310_request.txt not found 	1630211864425
ERROR	request_314: Failed to build request: Resource recordedsimulation/0314_request.txt not found 	1630211864426
REQUEST		request_303	1630211864448	1630211864525	OK	 
REQUEST		request_301	1630211864449	1630211864526	OK	 
REQUEST		request_302	1630211864451	1630211864527	OK	 
REQUEST		request_306	1630211864450	1630211864539	OK	 
REQUEST		request_286	1630211864450	1630211864545	OK	 
REQUEST		request_304	1630211864518	1630211864559	OK	 
REQUEST		request_311	1630211864519	1630211864562	OK	 
REQUEST		request_287	1630211864478	1630211864565	OK	 
REQUEST		request_285	1630211864453	1630211864572	OK	 
REQUEST		request_288	1630211864479	1630211864575	OK	 
REQUEST		request_259	1630211864431	1630211864583	OK	 
REQUEST		request_262	1630211864433	1630211864592	OK	 
REQUEST		request_258	1630211864431	1630211864605	OK	 
REQUEST		request_256	1630211864435	1630211864630	OK	 
REQUEST		request_309	1630211864434	1630211864642	OK	 
REQUEST		request_317	1630211864435	1630211864667	OK	 
REQUEST		request_293	1630211864452	1630211864673	OK	 
REQUEST		request_280	1630211864466	1630211864679	OK	 
REQUEST		request_318	1630211864478	1630211864691	OK	 
REQUEST		request_253	1630211864447	1630211864695	OK	 
REQUEST		request_269	1630211864517	1630211864703	OK	 
REQUEST		request_313	1630211864520	1630211864721	OK	 
REQUEST		request_315	1630211864521	1630211864723	OK	 
REQUEST		request_312	1630211864519	1630211864724	OK	 
REQUEST		request_316	1630211864521	1630211864727	OK	 
REQUEST		request_261	1630211864432	1630211864739	OK	 
REQUEST		request_306	1630211864539	1630211864752	OK	 
REQUEST		request_264	1630211864477	1630211864753	OK	 
REQUEST		request_257	1630211864467	1630211864859	OK	 
REQUEST		request_279	1630211864479	1630211865213	OK	 
REQUEST		request_319	1630211868216	1630211868438	OK	 
REQUEST		request_321	1630211872439	1630211872460	OK	 
REQUEST		request_323	1630211872462	1630211872519	OK	 
REQUEST		request_322	1630211872462	1630211873148	OK	 
REQUEST		request_324	1630211874150	1630211874166	OK	 
ERROR	request_325: Failed to build request: Resource recordedsimulation/0325_request.txt not found 	1630211880168
REQUEST		Registration	1630211889174	1630211889945	OK	 
ERROR	request_463: Failed to build request: Resource recordedsimulation/0463_request.txt not found 	1630211889984
ERROR	request_465: Failed to build request: Resource recordedsimulation/0465_request.txt not found 	1630211889985
ERROR	request_467: Failed to build request: Resource recordedsimulation/0467_request.txt not found 	1630211889985
REQUEST		request_407	1630211889999	1630211890065	OK	 
REQUEST		request_414	1630211889999	1630211890066	OK	 
REQUEST		request_418	1630211889999	1630211890068	OK	 
REQUEST		request_461	1630211890000	1630211890069	OK	 
REQUEST		request_462	1630211890053	1630211890069	OK	 
REQUEST		request_400	1630211890002	1630211890070	OK	 
REQUEST		request_459	1630211890022	1630211890071	OK	 
REQUEST		request_450	1630211890024	1630211890071	OK	 
REQUEST		request_452	1630211890026	1630211890072	OK	 
REQUEST		request_451	1630211890025	1630211890073	OK	 
REQUEST		request_397	1630211890023	1630211890075	OK	 
REQUEST		request_406	1630211890023	1630211890077	OK	 
REQUEST		request_410	1630211890044	1630211890077	OK	 
REQUEST		request_402	1630211890044	1630211890078	OK	 
REQUEST		request_405	1630211890045	1630211890079	OK	 
REQUEST		request_453	1630211890071	1630211890082	OK	 
REQUEST		request_454	1630211890073	1630211890083	OK	 
REQUEST		request_455	1630211890073	1630211890086	OK	 
REQUEST		request_456	1630211890076	1630211890089	OK	 
REQUEST		request_457	1630211890077	1630211890091	OK	 
REQUEST		request_417	1630211890046	1630211890092	OK	 
REQUEST		request_458	1630211890082	1630211890094	OK	 
REQUEST		request_424	1630211890024	1630211890097	OK	 
REQUEST		request_416	1630211890051	1630211890140	OK	 
REQUEST		request_415	1630211890050	1630211890143	OK	 
REQUEST		request_466	1630211890052	1630211890144	OK	 
REQUEST		request_427	1630211890043	1630211890149	OK	 
REQUEST		request_515	1630211889998	1630211890151	OK	 
REQUEST		request_513	1630211889997	1630211890154	OK	 
REQUEST		request_524	1630211889999	1630211890157	OK	 
REQUEST		request_521	1630211889998	1630211890159	OK	 
REQUEST		request_518	1630211889998	1630211890161	OK	 
REQUEST		request_514	1630211889998	1630211890163	OK	 
REQUEST		request_403	1630211890052	1630211890194	OK	 
REQUEST		request_425	1630211890000	1630211890201	OK	 
REQUEST		request_449	1630211890000	1630211890205	OK	 
REQUEST		request_466	1630211890146	1630211890220	OK	 
REQUEST		request_396	1630211890001	1630211890224	OK	 
REQUEST		request_468	1630211890001	1630211890228	OK	 
REQUEST		request_411	1630211890026	1630211890242	OK	 
REQUEST		request_516	1630211890056	1630211890259	OK	 
REQUEST		request_517	1630211890057	1630211890264	OK	 
REQUEST		request_469	1630211890054	1630211890266	OK	 
REQUEST		request_520	1630211890059	1630211890267	OK	 
REQUEST		request_434	1630211890060	1630211890267	OK	 
REQUEST		request_483	1630211890055	1630211890271	OK	 
REQUEST		request_519	1630211890058	1630211890271	OK	 
REQUEST		request_404	1630211890059	1630211890273	OK	 
REQUEST		sdk.js	1630211890003	1630211890285	OK	 
REQUEST		api:client.js?onload=googleAsyncInit	1630211890046	1630211890297	OK	 
REQUEST		request_466	1630211890220	1630211890304	OK	 
REQUEST		request_525	1630211890152	1630211890306	OK	 
REQUEST		request_527	1630211890158	1630211890308	OK	 
REQUEST		request_526	1630211890155	1630211890309	OK	 
REQUEST		request_529	1630211890161	1630211890311	OK	 
REQUEST		request_528	1630211890160	1630211890312	OK	 
REQUEST		request_530	1630211890163	1630211890317	OK	 
REQUEST		request_475	1630211890001	1630211890335	OK	 
REQUEST		request_474	1630211890001	1630211890338	OK	 
REQUEST		request_422	1630211890002	1630211890354	OK	 
REQUEST		request_481	1630211890002	1630211890367	OK	 
REQUEST		request_480	1630211890002	1630211890407	OK	 
REQUEST		request_533	1630211890310	1630211890463	OK	 
REQUEST		request_522	1630211890259	1630211890465	OK	 
REQUEST		request_531	1630211890307	1630211890468	OK	 
REQUEST		request_534	1630211890311	1630211890474	OK	 
REQUEST		request_536	1630211890317	1630211890476	OK	 
REQUEST		request_532	1630211890309	1630211890477	OK	 
REQUEST		request_535	1630211890313	1630211890478	OK	 
REQUEST		request_523	1630211890264	1630211890480	OK	 
REQUEST		request_537	1630211890464	1630211890618	OK	 
REQUEST		request_538	1630211890469	1630211890621	OK	 
REQUEST		request_540	1630211890476	1630211890630	OK	 
REQUEST		request_542	1630211890479	1630211890632	OK	 
REQUEST		request_541	1630211890477	1630211890635	OK	 
REQUEST		request_471	1630211890049	1630211890680	OK	 
REQUEST		request_539	1630211890475	1630211890689	OK	 
REQUEST		request_472	1630211890049	1630211890702	OK	 
REQUEST		request_470	1630211890047	1630211890728	OK	 
REQUEST		request_543	1630211890618	1630211890773	OK	 
REQUEST		request_544	1630211890622	1630211890777	OK	 
REQUEST		request_545	1630211890631	1630211890785	OK	 
REQUEST		request_546	1630211890632	1630211890788	OK	 
REQUEST		request_547	1630211890636	1630211890792	OK	 
REQUEST		request_548	1630211890690	1630211890848	OK	 
REQUEST		request_438	1630211890042	1630211890887	OK	 
REQUEST		request_429	1630211890041	1630211890894	OK	 
REQUEST		request_428	1630211890027	1630211890917	OK	 
REQUEST		request_550	1630211890778	1630211890934	OK	 
REQUEST		request_552	1630211890790	1630211890945	OK	 
REQUEST		request_551	1630211890786	1630211890948	OK	 
REQUEST		request_553	1630211890793	1630211890950	OK	 
REQUEST		request_422	1630211890355	1630211890976	OK	 
REQUEST		request_554	1630211890850	1630211891006	OK	 
REQUEST		request_555	1630211890934	1630211891087	OK	 
REQUEST		request_558	1630211890951	1630211891102	OK	 
REQUEST		request_559	1630211891007	1630211891159	OK	 
REQUEST		request_556	1630211890946	1630211891209	OK	 
REQUEST		request_557	1630211890948	1630211891211	OK	 
REQUEST		request_560	1630211891087	1630211891252	OK	 
REQUEST		request_561	1630211891103	1630211891258	OK	 
REQUEST		request_562	1630211891160	1630211891315	OK	 
REQUEST		request_563	1630211891210	1630211891437	OK	 
REQUEST		request_549	1630211890774	1630211891515	OK	 
REQUEST		request_564	1630211894517	1630211894531	OK	 
REQUEST		request_565	1630211894534	1630211894549	OK	 
REQUEST		request_567	1630211896552	1630211896566	OK	 
REQUEST		request_568	1630211901569	1630211901582	OK	 
USER	RecordedSimulation	END	1630211903625
