RUN	myGatlingProject._002_Registration	-002-registration	1630213693065	rem	3.6.1
USER	RecordedSimulation	START	1630213695092
REQUEST		request_0	1630213695116	1630213696469	OK	 
ERROR	request_56: Failed to build request: Resource recordedsimulation/0056_request.txt not found 	1630213696599
ERROR	request_62: Failed to build request: Resource recordedsimulation/0062_request.txt not found 	1630213696600
ERROR	request_91: Failed to build request: Resource recordedsimulation/0091_request.txt not found 	1630213696609
ERROR	request_95: Failed to build request: Resource recordedsimulation/0095_request.txt not found 	1630213696609
ERROR	request_247: Failed to build request: Resource recordedsimulation/0247_request.txt not found 	1630213696617
REQUEST		request_28	1630213696661	1630213697286	OK	 
REQUEST		request_15	1630213696627	1630213697381	OK	 
REQUEST		request_22	1630213696641	1630213697392	OK	 
REQUEST		request_24	1630213696642	1630213697398	OK	 
REQUEST		request_30	1630213696642	1630213697402	OK	 
REQUEST		request_39	1630213696695	1630213697404	OK	 
REQUEST		request_146	1630213696724	1630213697406	OK	 
REQUEST		request_25	1630213696817	1630213697428	OK	 
REQUEST		request_17	1630213697146	1630213697430	OK	 
REQUEST		request_19	1630213697156	1630213697433	OK	 
REQUEST		request_69	1630213697167	1630213697442	OK	 
REQUEST		request_118	1630213697168	1630213697443	OK	 
REQUEST		request_20	1630213696735	1630213697446	OK	 
REQUEST		request_23	1630213696736	1630213697448	OK	 
REQUEST		request_38	1630213696736	1630213697449	OK	 
REQUEST		request_52	1630213696737	1630213697451	OK	 
REQUEST		request_50	1630213696788	1630213697454	OK	 
REQUEST		request_53	1630213697447	1630213697464	OK	 
REQUEST		request_54	1630213697449	1630213697465	OK	 
REQUEST		request_55	1630213697450	1630213697466	OK	 
REQUEST		request_57	1630213697451	1630213697467	OK	 
REQUEST		request_58	1630213697465	1630213697479	OK	 
REQUEST		request_59	1630213697466	1630213697484	OK	 
REQUEST		request_60	1630213697467	1630213697485	OK	 
REQUEST		request_61	1630213697468	1630213697486	OK	 
REQUEST		request_67	1630213697479	1630213697492	OK	 
REQUEST		request_49	1630213696737	1630213697496	OK	 
REQUEST		request_249	1630213697484	1630213697504	OK	 
REQUEST		request_36	1630213696775	1630213697506	OK	 
REQUEST		request_66	1630213696775	1630213697514	OK	 
REQUEST		request_34	1630213696762	1630213697534	OK	 
REQUEST		request_9	1630213696806	1630213697536	OK	 
REQUEST		request_32	1630213696738	1630213697544	OK	 
REQUEST		request_29	1630213696736	1630213697579	OK	 
REQUEST		request_43	1630213696710	1630213697595	OK	 
REQUEST		request_26	1630213696674	1630213697601	OK	 
REQUEST		request_66	1630213697517	1630213697711	OK	 
REQUEST		request_51	1630213696660	1630213697883	OK	 
REQUEST		request_66	1630213697712	1630213697888	OK	 
REQUEST		request_89	1630213696674	1630213697889	OK	 
REQUEST		request_64	1630213696661	1630213697893	OK	 
REQUEST		request_88	1630213696664	1630213697905	OK	 
REQUEST		request_3	1630213697082	1630213697920	OK	 
REQUEST		request_90	1630213696674	1630213697922	OK	 
REQUEST		request_1	1630213697082	1630213697924	OK	 
REQUEST		favicon-by-fb-1f05deec69.png	1630213696828	1630213697929	OK	 
REQUEST		request_7	1630213697083	1630213697947	OK	 
REQUEST		request_63	1630213697145	1630213697949	OK	 
REQUEST		request_86	1630213697146	1630213697951	OK	 
REQUEST		request_8	1630213697144	1630213697956	OK	 
REQUEST		request_81	1630213697145	1630213697959	OK	 
REQUEST		request_82	1630213697146	1630213697972	OK	 
REQUEST		request_72	1630213697269	1630213697983	OK	 
REQUEST		request_73	1630213697270	1630213697986	OK	 
REQUEST		request_2	1630213697082	1630213698002	OK	 
REQUEST		request_11	1630213697235	1630213698035	OK	 
REQUEST		request_13	1630213697268	1630213698038	OK	 
REQUEST		request_68	1630213697269	1630213698040	OK	 
REQUEST		core-dfb5bbecaa.js	1630213697081	1630213698076	OK	 
REQUEST		request_6	1630213697925	1630213698086	OK	 
REQUEST		request_4	1630213697921	1630213698088	OK	 
REQUEST		request_92	1630213697190	1630213698089	OK	 
REQUEST		request_110	1630213696749	1630213698096	OK	 
REQUEST		request_46	1630213697192	1630213698100	OK	 
REQUEST		request_84	1630213697190	1630213698101	OK	 
REQUEST		request_100	1630213697948	1630213698108	OK	 
REQUEST		request_102	1630213697950	1630213698111	OK	 
REQUEST		request_103	1630213697952	1630213698112	OK	 
REQUEST		request_79	1630213697178	1630213698114	OK	 
REQUEST		request_111	1630213696761	1630213698116	OK	 
REQUEST		request_18	1630213697930	1630213698117	OK	 
REQUEST		request_104	1630213697957	1630213698118	OK	 
REQUEST		request_105	1630213697962	1630213698132	OK	 
REQUEST		request_106	1630213697972	1630213698134	OK	 
REQUEST		request_120	1630213697191	1630213698135	OK	 
REQUEST		request_127	1630213697191	1630213698136	OK	 
REQUEST		request_112	1630213696762	1630213698139	OK	 
REQUEST		request_128	1630213697191	1630213698140	OK	 
REQUEST		request_78	1630213696663	1630213698194	OK	 
REQUEST		request_85	1630213696664	1630213698244	OK	 
REQUEST		request_87	1630213696664	1630213698246	OK	 
REQUEST		request_83	1630213696663	1630213698251	OK	 
REQUEST		request_35	1630213696662	1630213698260	OK	 
REQUEST		request_43	1630213697599	1630213698261	OK	 
REQUEST		request_113	1630213698113	1630213698266	OK	 
REQUEST		request_107	1630213698109	1630213698267	OK	 
REQUEST		request_108	1630213698111	1630213698268	OK	 
REQUEST		request_114	1630213698119	1630213698284	OK	 
REQUEST		request_115	1630213698133	1630213698286	OK	 
REQUEST		request_116	1630213698134	1630213698290	OK	 
REQUEST		request_129	1630213698090	1630213698292	OK	 
REQUEST		request_130	1630213698102	1630213698306	OK	 
REQUEST		request_131	1630213698114	1630213698314	OK	 
REQUEST		request_71	1630213697269	1630213698315	OK	 
REQUEST		request_16	1630213696777	1630213698332	OK	 
REQUEST		request_153	1630213698137	1630213698345	OK	 
REQUEST		request_132	1630213698135	1630213698348	OK	 
REQUEST		alice-home-d5088827a7.css	1630213697080	1630213698351	OK	 
REQUEST		request_121	1630213698269	1630213698421	OK	 
REQUEST		request_117	1630213698266	1630213698423	OK	 
REQUEST		request_119	1630213698268	1630213698425	OK	 
REQUEST		request_122	1630213698285	1630213698437	OK	 
REQUEST		request_123	1630213698287	1630213698438	OK	 
REQUEST		request_124	1630213698290	1630213698446	OK	 
REQUEST		request_97	1630213698316	1630213698480	OK	 
REQUEST		request_125	1630213698421	1630213698578	OK	 
REQUEST		request_133	1630213698426	1630213698581	OK	 
REQUEST		request_126	1630213698424	1630213698582	OK	 
REQUEST		request_134	1630213698437	1630213698588	OK	 
REQUEST		request_135	1630213698439	1630213698591	OK	 
REQUEST		request_136	1630213698447	1630213698602	OK	 
REQUEST		request_138	1630213698581	1630213698734	OK	 
REQUEST		request_137	1630213698579	1630213698735	OK	 
REQUEST		request_140	1630213698582	1630213698736	OK	 
REQUEST		request_142	1630213698592	1630213698744	OK	 
REQUEST		request_141	1630213698589	1630213698745	OK	 
REQUEST		request_143	1630213698603	1630213698755	OK	 
REQUEST		request_75	1630213697986	1630213698762	OK	 
REQUEST		request_74	1630213697984	1630213698775	OK	 
REQUEST		request_76	1630213698036	1630213698785	OK	 
REQUEST		request_144	1630213698734	1630213698889	OK	 
REQUEST		request_145	1630213698736	1630213698891	OK	 
REQUEST		request_147	1630213698737	1630213698893	OK	 
REQUEST		request_148	1630213698744	1630213698896	OK	 
REQUEST		request_149	1630213698746	1630213698898	OK	 
REQUEST		request_150	1630213698756	1630213698910	OK	 
REQUEST		request_99	1630213698762	1630213698926	OK	 
REQUEST		request_101	1630213698776	1630213698940	OK	 
REQUEST		request_109	1630213698785	1630213698996	OK	 
REQUEST		request_96	1630213698040	1630213699015	OK	 
REQUEST		request_151	1630213698890	1630213699045	OK	 
REQUEST		request_152	1630213698892	1630213699046	OK	 
REQUEST		request_154	1630213698894	1630213699047	OK	 
REQUEST		request_156	1630213698898	1630213699052	OK	 
REQUEST		request_155	1630213698897	1630213699054	OK	 
REQUEST		request_157	1630213698911	1630213699065	OK	 
REQUEST		request_98	1630213698481	1630213699139	OK	 
REQUEST		request_159	1630213699046	1630213699196	OK	 
REQUEST		request_160	1630213699047	1630213699198	OK	 
REQUEST		request_162	1630213699054	1630213699208	OK	 
REQUEST		request_161	1630213699053	1630213699210	OK	 
REQUEST		request_158	1630213699045	1630213699215	OK	 
REQUEST		request_163	1630213699065	1630213699217	OK	 
REQUEST		request_77	1630213698038	1630213699228	OK	 
REQUEST		request_164	1630213699197	1630213699349	OK	 
REQUEST		request_165	1630213699199	1630213699354	OK	 
REQUEST		request_166	1630213699208	1630213699364	OK	 
REQUEST		request_167	1630213699211	1630213699369	OK	 
REQUEST		request_168	1630213699215	1630213699370	OK	 
REQUEST		request_169	1630213699218	1630213699374	OK	 
REQUEST		request_170	1630213699349	1630213699499	OK	 
REQUEST		request_171	1630213699355	1630213699505	OK	 
REQUEST		request_172	1630213699364	1630213699516	OK	 
REQUEST		request_173	1630213699370	1630213699523	OK	 
REQUEST		request_175	1630213699375	1630213699527	OK	 
REQUEST		request_174	1630213699371	1630213699530	OK	 
REQUEST		request_176	1630213699500	1630213699651	OK	 
REQUEST		request_177	1630213699506	1630213699658	OK	 
REQUEST		request_178	1630213699517	1630213699669	OK	 
REQUEST		request_179	1630213699523	1630213699677	OK	 
REQUEST		request_181	1630213699530	1630213699680	OK	 
REQUEST		request_180	1630213699528	1630213699697	OK	 
REQUEST		request_182	1630213699651	1630213699804	OK	 
REQUEST		request_183	1630213699659	1630213699815	OK	 
REQUEST		request_184	1630213699670	1630213699823	OK	 
REQUEST		request_185	1630213699677	1630213699827	OK	 
REQUEST		request_186	1630213699680	1630213699834	OK	 
REQUEST		request_187	1630213699697	1630213699849	OK	 
REQUEST		request_188	1630213699804	1630213699955	OK	 
REQUEST		request_189	1630213699815	1630213699966	OK	 
REQUEST		request_190	1630213699823	1630213699974	OK	 
REQUEST		request_191	1630213699828	1630213699979	OK	 
REQUEST		request_192	1630213699834	1630213699986	OK	 
REQUEST		request_193	1630213699849	1630213700001	OK	 
REQUEST		request_194	1630213699955	1630213700109	OK	 
REQUEST		request_195	1630213699967	1630213700116	OK	 
REQUEST		request_196	1630213699974	1630213700127	OK	 
REQUEST		request_197	1630213699979	1630213700129	OK	 
REQUEST		request_198	1630213699986	1630213700137	OK	 
REQUEST		request_199	1630213700002	1630213700154	OK	 
REQUEST		request_200	1630213700110	1630213700260	OK	 
REQUEST		request_201	1630213700117	1630213700274	OK	 
REQUEST		request_202	1630213700128	1630213700278	OK	 
REQUEST		request_203	1630213700130	1630213700285	OK	 
REQUEST		request_204	1630213700137	1630213700288	OK	 
REQUEST		request_205	1630213700155	1630213700310	OK	 
REQUEST		request_206	1630213700261	1630213700412	OK	 
REQUEST		request_207	1630213700274	1630213700425	OK	 
REQUEST		request_208	1630213700278	1630213700431	OK	 
REQUEST		request_209	1630213700285	1630213700437	OK	 
REQUEST		request_210	1630213700288	1630213700441	OK	 
REQUEST		request_211	1630213700311	1630213700470	OK	 
REQUEST		request_41	1630213696643	1630213700568	OK	 
REQUEST		request_212	1630213700413	1630213700587	OK	 
REQUEST		request_214	1630213700432	1630213700589	OK	 
REQUEST		request_213	1630213700427	1630213700591	OK	 
REQUEST		request_215	1630213700438	1630213700592	OK	 
REQUEST		request_216	1630213700442	1630213700594	OK	 
REQUEST		request_217	1630213700471	1630213700629	OK	 
REQUEST		request_218	1630213700587	1630213700738	OK	 
REQUEST		request_219	1630213700590	1630213700744	OK	 
REQUEST		request_221	1630213700593	1630213700746	OK	 
REQUEST		request_220	1630213700591	1630213700748	OK	 
REQUEST		request_222	1630213700595	1630213700749	OK	 
REQUEST		request_41	1630213700584	1630213700787	OK	 
REQUEST		request_224	1630213700738	1630213700891	OK	 
REQUEST		request_225	1630213700745	1630213700897	OK	 
REQUEST		request_226	1630213700747	1630213700901	OK	 
REQUEST		request_227	1630213700748	1630213700902	OK	 
REQUEST		request_228	1630213700749	1630213700903	OK	 
REQUEST		request_223	1630213700629	1630213701010	OK	 
REQUEST		request_229	1630213700891	1630213701043	OK	 
REQUEST		request_232	1630213700902	1630213701054	OK	 
REQUEST		request_231	1630213700901	1630213701055	OK	 
REQUEST		request_233	1630213700903	1630213701062	OK	 
REQUEST		request_234	1630213701012	1630213701166	OK	 
REQUEST		request_235	1630213701044	1630213701197	OK	 
REQUEST		request_237	1630213701056	1630213701208	OK	 
REQUEST		request_238	1630213701063	1630213701224	OK	 
REQUEST		request_239	1630213701167	1630213701319	OK	 
REQUEST		request_240	1630213701198	1630213701348	OK	 
REQUEST		request_241	1630213701208	1630213701362	OK	 
REQUEST		request_242	1630213701224	1630213701376	OK	 
REQUEST		request_236	1630213701054	1630213701437	OK	 
REQUEST		request_230	1630213700898	1630213701438	OK	 
REQUEST		request_243	1630213701319	1630213701474	OK	 
REQUEST		request_244	1630213701349	1630213701499	OK	 
REQUEST		request_245	1630213701363	1630213701513	OK	 
REQUEST		request_246	1630213701377	1630213701532	OK	 
REQUEST		request_248	1630213701437	1630213701590	OK	 
REQUEST		request_251	1630213703594	1630213703605	OK	 
REQUEST		request_252	1630213704607	1630213704622	OK	 
ERROR	request_310: Failed to build request: Resource recordedsimulation/0310_request.txt not found 	1630213704626
ERROR	request_314: Failed to build request: Resource recordedsimulation/0314_request.txt not found 	1630213704626
REQUEST		request_301	1630213704644	1630213704705	OK	 
REQUEST		request_302	1630213704645	1630213704706	OK	 
REQUEST		request_303	1630213704643	1630213704706	OK	 
REQUEST		request_306	1630213704644	1630213704737	OK	 
REQUEST		request_311	1630213704695	1630213704742	OK	 
REQUEST		request_304	1630213704694	1630213704744	OK	 
REQUEST		request_287	1630213704672	1630213704753	OK	 
REQUEST		request_288	1630213704672	1630213704754	OK	 
REQUEST		request_285	1630213704645	1630213704755	OK	 
REQUEST		request_262	1630213704629	1630213704782	OK	 
REQUEST		request_258	1630213704628	1630213704799	OK	 
REQUEST		request_286	1630213704644	1630213704811	OK	 
REQUEST		request_256	1630213704630	1630213704813	OK	 
REQUEST		request_309	1630213704629	1630213704839	OK	 
REQUEST		request_264	1630213704671	1630213704842	OK	 
REQUEST		request_317	1630213704629	1630213704844	OK	 
REQUEST		request_261	1630213704629	1630213704849	OK	 
REQUEST		request_293	1630213704645	1630213704863	OK	 
REQUEST		request_280	1630213704659	1630213704865	OK	 
REQUEST		request_269	1630213704693	1630213704866	OK	 
REQUEST		request_318	1630213704671	1630213704877	OK	 
REQUEST		request_253	1630213704643	1630213704890	OK	 
REQUEST		request_313	1630213704699	1630213704902	OK	 
REQUEST		request_316	1630213704700	1630213704903	OK	 
REQUEST		request_315	1630213704699	1630213704903	OK	 
REQUEST		request_312	1630213704697	1630213704906	OK	 
REQUEST		request_306	1630213704737	1630213704947	OK	 
REQUEST		request_257	1630213704660	1630213705045	OK	 
REQUEST		request_259	1630213704628	1630213705234	OK	 
REQUEST		request_279	1630213704673	1630213705437	OK	 
REQUEST		request_319	1630213708439	1630213708592	OK	 
REQUEST		request_321	1630213712593	1630213712615	OK	 
REQUEST		request_323	1630213712616	1630213712663	OK	 
REQUEST		request_322	1630213712616	1630213713222	OK	 
REQUEST		request_324	1630213714224	1630213714238	OK	 
ERROR	request_325: Failed to build request: Resource recordedsimulation/0325_request.txt not found 	1630213720240
REQUEST		Registration	1630213729242	1630213729718	KO	status.find.is(302), but actually found 200
REQUEST		request_564	1630213732749	1630213733097	OK	 
REQUEST		request_565	1630213733098	1630213733119	OK	 
REQUEST		request_567	1630213735120	1630213735468	OK	 
REQUEST		request_568	1630213740470	1630213740481	OK	 
USER	RecordedSimulation	END	1630213742528
