RUN	myGatlingProject._002_Registration	-002-registration	1630236980144	uu	3.6.1
USER	RecordedSimulation	START	1630236981731
REQUEST		LaunchHomePage	1630236981753	1630236983223	OK	 
ERROR	request_56: Failed to build request: Resource recordedsimulation/0056_request.txt not found 	1630236983350
ERROR	request_62: Failed to build request: Resource recordedsimulation/0062_request.txt not found 	1630236983351
ERROR	request_91: Failed to build request: Resource recordedsimulation/0091_request.txt not found 	1630236983362
ERROR	request_95: Failed to build request: Resource recordedsimulation/0095_request.txt not found 	1630236983362
ERROR	request_247: Failed to build request: Resource recordedsimulation/0247_request.txt not found 	1630236983369
REQUEST		request_28	1630236983403	1630236983963	OK	 
REQUEST		request_15	1630236983378	1630236984053	OK	 
REQUEST		request_22	1630236983389	1630236984065	OK	 
REQUEST		request_24	1630236983390	1630236984075	OK	 
REQUEST		request_30	1630236983391	1630236984077	OK	 
REQUEST		request_39	1630236983420	1630236984080	OK	 
REQUEST		request_146	1630236983432	1630236984085	OK	 
REQUEST		request_25	1630236983524	1630236984114	OK	 
REQUEST		request_17	1630236983845	1630236984116	OK	 
REQUEST		request_19	1630236983857	1630236984119	OK	 
REQUEST		request_69	1630236983867	1630236984130	OK	 
REQUEST		request_118	1630236983867	1630236984131	OK	 
REQUEST		request_20	1630236983443	1630236984135	OK	 
REQUEST		request_23	1630236983444	1630236984136	OK	 
REQUEST		request_38	1630236983445	1630236984138	OK	 
REQUEST		request_52	1630236983445	1630236984140	OK	 
REQUEST		request_50	1630236983503	1630236984141	OK	 
REQUEST		request_53	1630236984135	1630236984156	OK	 
REQUEST		request_54	1630236984137	1630236984157	OK	 
REQUEST		request_55	1630236984139	1630236984158	OK	 
REQUEST		request_57	1630236984140	1630236984160	OK	 
REQUEST		request_58	1630236984156	1630236984169	OK	 
REQUEST		request_59	1630236984158	1630236984170	OK	 
REQUEST		request_60	1630236984159	1630236984173	OK	 
REQUEST		request_61	1630236984160	1630236984174	OK	 
REQUEST		request_49	1630236983445	1630236984177	OK	 
REQUEST		request_9	1630236983513	1630236984183	OK	 
REQUEST		request_67	1630236984169	1630236984183	OK	 
REQUEST		request_249	1630236984171	1630236984191	OK	 
REQUEST		request_34	1630236983472	1630236984192	OK	 
REQUEST		request_66	1630236983488	1630236984193	OK	 
REQUEST		request_29	1630236983444	1630236984212	OK	 
REQUEST		request_36	1630236983487	1630236984213	OK	 
REQUEST		request_32	1630236983446	1630236984222	OK	 
REQUEST		request_26	1630236983409	1630236984272	OK	 
REQUEST		request_43	1630236983431	1630236984316	OK	 
REQUEST		request_66	1630236984196	1630236984438	OK	 
REQUEST		request_41	1630236983391	1630236984583	OK	 
REQUEST		request_51	1630236983402	1630236984593	OK	 
REQUEST		request_64	1630236983402	1630236984594	OK	 
REQUEST		request_88	1630236983407	1630236984603	OK	 
REQUEST		favicon-by-fb-1f05deec69.png	1630236983535	1630236984609	OK	 
REQUEST		request_3	1630236983798	1630236984626	OK	 
REQUEST		request_7	1630236983798	1630236984631	OK	 
REQUEST		request_90	1630236983408	1630236984642	OK	 
REQUEST		request_2	1630236983797	1630236984644	OK	 
REQUEST		request_8	1630236983843	1630236984696	OK	 
REQUEST		request_63	1630236983843	1630236984699	OK	 
REQUEST		request_81	1630236983844	1630236984702	OK	 
REQUEST		request_82	1630236983845	1630236984707	OK	 
REQUEST		request_86	1630236983845	1630236984710	OK	 
REQUEST		request_89	1630236983408	1630236984714	OK	 
REQUEST		request_1	1630236983797	1630236984718	OK	 
REQUEST		request_11	1630236983922	1630236984728	OK	 
REQUEST		request_13	1630236983952	1630236984739	OK	 
REQUEST		request_73	1630236983954	1630236984749	OK	 
REQUEST		request_66	1630236984439	1630236984753	OK	 
REQUEST		request_4	1630236984609	1630236984765	OK	 
REQUEST		request_6	1630236984627	1630236984779	OK	 
REQUEST		request_46	1630236983908	1630236984782	OK	 
REQUEST		request_100	1630236984631	1630236984788	OK	 
REQUEST		request_41	1630236984592	1630236984794	OK	 
REQUEST		request_128	1630236983908	1630236984801	OK	 
REQUEST		request_127	1630236983908	1630236984803	OK	 
REQUEST		request_110	1630236983457	1630236984815	OK	 
REQUEST		request_79	1630236983878	1630236984819	OK	 
REQUEST		request_112	1630236983471	1630236984825	OK	 
REQUEST		request_111	1630236983471	1630236984834	OK	 
REQUEST		request_84	1630236983906	1630236984849	OK	 
REQUEST		request_102	1630236984698	1630236984851	OK	 
REQUEST		request_92	1630236983907	1630236984853	OK	 
REQUEST		request_120	1630236983907	1630236984855	OK	 
REQUEST		request_18	1630236984694	1630236984856	OK	 
REQUEST		request_103	1630236984701	1630236984857	OK	 
REQUEST		request_104	1630236984704	1630236984862	OK	 
REQUEST		request_105	1630236984708	1630236984864	OK	 
REQUEST		request_106	1630236984711	1630236984866	OK	 
REQUEST		request_74	1630236984729	1630236984905	OK	 
REQUEST		request_76	1630236984751	1630236984908	OK	 
REQUEST		request_107	1630236984789	1630236984943	OK	 
REQUEST		request_35	1630236983404	1630236984951	OK	 
REQUEST		request_85	1630236983406	1630236984953	OK	 
REQUEST		request_83	1630236983405	1630236984957	OK	 
REQUEST		request_78	1630236983404	1630236984967	OK	 
REQUEST		request_43	1630236984318	1630236984976	OK	 
REQUEST		request_87	1630236983406	1630236984987	OK	 
REQUEST		request_68	1630236983952	1630236984990	OK	 
REQUEST		alice-home-d5088827a7.css	1630236983796	1630236984998	OK	 
REQUEST		request_129	1630236984802	1630236985005	OK	 
REQUEST		request_75	1630236984741	1630236985006	OK	 
REQUEST		request_16	1630236983488	1630236985010	OK	 
REQUEST		request_108	1630236984852	1630236985011	OK	 
REQUEST		request_130	1630236984804	1630236985012	OK	 
REQUEST		request_113	1630236984859	1630236985013	OK	 
REQUEST		request_115	1630236984865	1630236985015	OK	 
REQUEST		request_114	1630236984863	1630236985022	OK	 
REQUEST		request_116	1630236984867	1630236985024	OK	 
REQUEST		request_131	1630236984820	1630236985031	OK	 
REQUEST		request_71	1630236983953	1630236985053	OK	 
REQUEST		request_77	1630236984906	1630236985062	OK	 
REQUEST		request_132	1630236984849	1630236985065	OK	 
REQUEST		request_153	1630236984854	1630236985066	OK	 
REQUEST		request_117	1630236984944	1630236985102	OK	 
REQUEST		request_97	1630236984990	1630236985161	OK	 
REQUEST		request_119	1630236985012	1630236985165	OK	 
REQUEST		request_122	1630236985016	1630236985169	OK	 
REQUEST		request_121	1630236985014	1630236985174	OK	 
REQUEST		request_123	1630236985023	1630236985175	OK	 
REQUEST		request_124	1630236985025	1630236985181	OK	 
REQUEST		request_98	1630236985007	1630236985184	OK	 
REQUEST		request_99	1630236985054	1630236985218	OK	 
REQUEST		request_101	1630236985063	1630236985229	OK	 
REQUEST		request_125	1630236985104	1630236985267	OK	 
REQUEST		request_96	1630236984909	1630236985278	OK	 
REQUEST		request_126	1630236985166	1630236985322	OK	 
REQUEST		request_134	1630236985174	1630236985326	OK	 
REQUEST		request_133	1630236985170	1630236985328	OK	 
REQUEST		request_135	1630236985176	1630236985330	OK	 
REQUEST		request_136	1630236985181	1630236985334	OK	 
REQUEST		request_109	1630236985163	1630236985382	OK	 
REQUEST		request_137	1630236985267	1630236985419	OK	 
REQUEST		request_72	1630236983953	1630236985435	OK	 
REQUEST		request_138	1630236985322	1630236985474	OK	 
REQUEST		request_140	1630236985327	1630236985479	OK	 
REQUEST		request_141	1630236985328	1630236985480	OK	 
REQUEST		request_142	1630236985331	1630236985487	OK	 
REQUEST		request_143	1630236985334	1630236985489	OK	 
REQUEST		request_144	1630236985420	1630236985574	OK	 
REQUEST		request_145	1630236985474	1630236985637	OK	 
REQUEST		request_147	1630236985479	1630236985640	OK	 
REQUEST		request_148	1630236985481	1630236985642	OK	 
REQUEST		request_149	1630236985488	1630236985644	OK	 
REQUEST		request_150	1630236985490	1630236985645	OK	 
REQUEST		request_151	1630236985575	1630236985726	OK	 
REQUEST		request_152	1630236985639	1630236985791	OK	 
REQUEST		request_154	1630236985641	1630236985792	OK	 
REQUEST		request_156	1630236985644	1630236985795	OK	 
REQUEST		request_157	1630236985646	1630236985798	OK	 
REQUEST		request_155	1630236985643	1630236985801	OK	 
REQUEST		request_158	1630236985727	1630236985893	OK	 
REQUEST		request_159	1630236985792	1630236985944	OK	 
REQUEST		request_160	1630236985793	1630236985945	OK	 
REQUEST		core-dfb5bbecaa.js	1630236983796	1630236985950	OK	 
REQUEST		request_161	1630236985796	1630236985950	OK	 
REQUEST		request_162	1630236985799	1630236985952	OK	 
REQUEST		request_163	1630236985801	1630236985956	OK	 
REQUEST		request_164	1630236985893	1630236986045	OK	 
REQUEST		request_165	1630236985944	1630236986099	OK	 
REQUEST		request_167	1630236985951	1630236986102	OK	 
REQUEST		request_166	1630236985945	1630236986104	OK	 
REQUEST		request_169	1630236985957	1630236986109	OK	 
REQUEST		request_168	1630236985954	1630236986116	OK	 
REQUEST		request_170	1630236986045	1630236986221	OK	 
REQUEST		request_171	1630236986099	1630236986253	OK	 
REQUEST		request_173	1630236986104	1630236986255	OK	 
REQUEST		request_172	1630236986102	1630236986257	OK	 
REQUEST		request_174	1630236986110	1630236986262	OK	 
REQUEST		request_175	1630236986116	1630236986270	OK	 
REQUEST		request_176	1630236986222	1630236986373	OK	 
REQUEST		request_177	1630236986254	1630236986405	OK	 
REQUEST		request_179	1630236986257	1630236986413	OK	 
REQUEST		request_178	1630236986256	1630236986415	OK	 
REQUEST		request_180	1630236986262	1630236986419	OK	 
REQUEST		request_181	1630236986270	1630236986422	OK	 
REQUEST		request_182	1630236986374	1630236986524	OK	 
REQUEST		request_183	1630236986405	1630236986561	OK	 
REQUEST		request_184	1630236986414	1630236986565	OK	 
REQUEST		request_185	1630236986415	1630236986565	OK	 
REQUEST		request_187	1630236986422	1630236986573	OK	 
REQUEST		request_186	1630236986420	1630236986574	OK	 
REQUEST		request_188	1630236986525	1630236986675	OK	 
REQUEST		request_189	1630236986562	1630236986713	OK	 
REQUEST		request_190	1630236986565	1630236986715	OK	 
REQUEST		request_191	1630236986566	1630236986717	OK	 
REQUEST		request_192	1630236986573	1630236986722	OK	 
REQUEST		request_193	1630236986574	1630236986723	OK	 
REQUEST		request_194	1630236986675	1630236986825	OK	 
REQUEST		request_195	1630236986714	1630236986864	OK	 
REQUEST		request_196	1630236986715	1630236986867	OK	 
REQUEST		request_197	1630236986717	1630236986869	OK	 
REQUEST		request_199	1630236986724	1630236986873	OK	 
REQUEST		request_198	1630236986723	1630236986875	OK	 
REQUEST		request_200	1630236986826	1630236986977	OK	 
REQUEST		request_201	1630236986864	1630236987021	OK	 
REQUEST		request_203	1630236986870	1630236987024	OK	 
REQUEST		request_202	1630236986867	1630236987025	OK	 
REQUEST		request_204	1630236986874	1630236987027	OK	 
REQUEST		request_205	1630236986875	1630236987028	OK	 
REQUEST		request_206	1630236986977	1630236987139	OK	 
REQUEST		request_207	1630236987022	1630236987174	OK	 
REQUEST		request_210	1630236987027	1630236987177	OK	 
REQUEST		request_208	1630236987024	1630236987179	OK	 
REQUEST		request_209	1630236987025	1630236987180	OK	 
REQUEST		request_211	1630236987029	1630236987181	OK	 
REQUEST		request_212	1630236987140	1630236987291	OK	 
REQUEST		request_213	1630236987175	1630236987331	OK	 
REQUEST		request_217	1630236987182	1630236987336	OK	 
REQUEST		request_214	1630236987178	1630236987337	OK	 
REQUEST		request_216	1630236987181	1630236987342	OK	 
REQUEST		request_215	1630236987179	1630236987343	OK	 
REQUEST		request_218	1630236987291	1630236987442	OK	 
REQUEST		request_219	1630236987332	1630236987481	OK	 
REQUEST		request_220	1630236987336	1630236987491	OK	 
REQUEST		request_221	1630236987337	1630236987492	OK	 
REQUEST		request_223	1630236987344	1630236987493	OK	 
REQUEST		request_222	1630236987343	1630236987494	OK	 
REQUEST		request_224	1630236987442	1630236987594	OK	 
REQUEST		request_225	1630236987482	1630236987633	OK	 
REQUEST		request_226	1630236987492	1630236987642	OK	 
REQUEST		request_227	1630236987493	1630236987643	OK	 
REQUEST		request_228	1630236987494	1630236987652	OK	 
REQUEST		request_229	1630236987494	1630236987653	OK	 
REQUEST		request_230	1630236987595	1630236987749	OK	 
REQUEST		request_231	1630236987633	1630236987785	OK	 
REQUEST		request_232	1630236987642	1630236987794	OK	 
REQUEST		request_233	1630236987643	1630236987799	OK	 
REQUEST		request_235	1630236987653	1630236987806	OK	 
REQUEST		request_234	1630236987652	1630236987807	OK	 
REQUEST		request_236	1630236987750	1630236987902	OK	 
REQUEST		request_237	1630236987786	1630236987937	OK	 
REQUEST		request_238	1630236987795	1630236987948	OK	 
REQUEST		request_241	1630236987808	1630236987960	OK	 
REQUEST		request_240	1630236987807	1630236987961	OK	 
REQUEST		request_239	1630236987800	1630236987963	OK	 
REQUEST		request_242	1630236987903	1630236988068	OK	 
REQUEST		request_243	1630236987937	1630236988087	OK	 
REQUEST		request_244	1630236987948	1630236988099	OK	 
REQUEST		request_246	1630236987962	1630236988111	OK	 
REQUEST		request_245	1630236987961	1630236988112	OK	 
REQUEST		request_248	1630236987963	1630236988116	OK	 
REQUEST		request_251	1630236990121	1630236990133	OK	 
REQUEST		request_252	1630236991135	1630236991146	OK	 
ERROR	request_310: Failed to build request: Resource recordedsimulation/0310_request.txt not found 	1630236991150
ERROR	request_314: Failed to build request: Resource recordedsimulation/0314_request.txt not found 	1630236991150
REQUEST		request_303	1630236991168	1630236991240	OK	 
REQUEST		request_301	1630236991168	1630236991242	OK	 
REQUEST		request_302	1630236991171	1630236991243	OK	 
REQUEST		request_306	1630236991169	1630236991260	OK	 
REQUEST		request_304	1630236991233	1630236991276	OK	 
REQUEST		request_311	1630236991234	1630236991285	OK	 
REQUEST		request_287	1630236991201	1630236991291	OK	 
REQUEST		request_285	1630236991172	1630236991293	OK	 
REQUEST		request_288	1630236991201	1630236991293	OK	 
REQUEST		request_262	1630236991153	1630236991307	OK	 
REQUEST		request_259	1630236991152	1630236991310	OK	 
REQUEST		request_258	1630236991152	1630236991311	OK	 
REQUEST		request_261	1630236991153	1630236991333	OK	 
REQUEST		request_256	1630236991157	1630236991334	OK	 
REQUEST		request_286	1630236991170	1630236991342	OK	 
REQUEST		request_317	1630236991155	1630236991356	OK	 
REQUEST		request_309	1630236991155	1630236991358	OK	 
REQUEST		request_269	1630236991233	1630236991378	OK	 
REQUEST		request_280	1630236991187	1630236991385	OK	 
REQUEST		request_293	1630236991172	1630236991389	OK	 
REQUEST		request_318	1630236991200	1630236991404	OK	 
REQUEST		request_253	1630236991168	1630236991417	OK	 
REQUEST		request_313	1630236991236	1630236991437	OK	 
REQUEST		request_315	1630236991237	1630236991442	OK	 
REQUEST		request_312	1630236991235	1630236991443	OK	 
REQUEST		request_316	1630236991238	1630236991451	OK	 
REQUEST		request_264	1630236991200	1630236991458	OK	 
REQUEST		request_306	1630236991260	1630236991484	OK	 
REQUEST		request_257	1630236991188	1630236991585	OK	 
REQUEST		request_279	1630236991202	1630236991967	OK	 
REQUEST		request_319	1630236994970	1630236995126	OK	 
REQUEST		request_321	1630236999136	1630236999193	OK	 
REQUEST		request_323	1630236999195	1630236999428	OK	 
REQUEST		request_322	1630236999194	1630236999776	OK	 
REQUEST		request_324	1630237000779	1630237000792	OK	 
ERROR	request_325: Failed to build request: Resource recordedsimulation/0325_request.txt not found 	1630237006794
REQUEST		Registration	1630237015801	1630237016066	OK	 
ERROR	request_463: Failed to build request: Resource recordedsimulation/0463_request.txt not found 	1630237016084
ERROR	request_465: Failed to build request: Resource recordedsimulation/0465_request.txt not found 	1630237016084
ERROR	request_467: Failed to build request: Resource recordedsimulation/0467_request.txt not found 	1630237016085
REQUEST		request_407	1630237016098	1630237016146	OK	 
REQUEST		request_414	1630237016099	1630237016147	OK	 
REQUEST		request_418	1630237016099	1630237016148	OK	 
REQUEST		request_461	1630237016100	1630237016149	OK	 
REQUEST		request_459	1630237016114	1630237016150	OK	 
REQUEST		request_451	1630237016115	1630237016150	OK	 
REQUEST		request_397	1630237016114	1630237016152	OK	 
REQUEST		request_406	1630237016114	1630237016153	OK	 
REQUEST		request_452	1630237016115	1630237016154	OK	 
REQUEST		request_450	1630237016115	1630237016155	OK	 
REQUEST		request_462	1630237016141	1630237016157	OK	 
REQUEST		request_405	1630237016137	1630237016158	OK	 
REQUEST		request_402	1630237016136	1630237016162	OK	 
REQUEST		request_454	1630237016153	1630237016163	OK	 
REQUEST		request_453	1630237016151	1630237016164	OK	 
REQUEST		request_455	1630237016154	1630237016164	OK	 
REQUEST		request_456	1630237016155	1630237016165	OK	 
REQUEST		request_410	1630237016136	1630237016166	OK	 
REQUEST		request_457	1630237016156	1630237016168	OK	 
REQUEST		request_458	1630237016164	1630237016173	OK	 
REQUEST		request_417	1630237016137	1630237016185	OK	 
REQUEST		request_424	1630237016115	1630237016189	OK	 
REQUEST		request_415	1630237016140	1630237016228	OK	 
REQUEST		request_427	1630237016136	1630237016229	OK	 
REQUEST		request_466	1630237016140	1630237016230	OK	 
REQUEST		request_416	1630237016140	1630237016231	OK	 
REQUEST		request_514	1630237016096	1630237016248	OK	 
REQUEST		request_513	1630237016096	1630237016249	OK	 
REQUEST		request_521	1630237016098	1630237016250	OK	 
REQUEST		request_518	1630237016097	1630237016251	OK	 
REQUEST		request_515	1630237016097	1630237016252	OK	 
REQUEST		request_524	1630237016098	1630237016253	OK	 
REQUEST		request_403	1630237016141	1630237016295	OK	 
REQUEST		request_468	1630237016102	1630237016300	OK	 
REQUEST		request_425	1630237016101	1630237016309	OK	 
REQUEST		request_449	1630237016101	1630237016310	OK	 
REQUEST		request_466	1630237016230	1630237016327	OK	 
REQUEST		request_411	1630237016116	1630237016334	OK	 
REQUEST		request_396	1630237016102	1630237016335	OK	 
REQUEST		sdk.js	1630237016104	1630237016344	OK	 
REQUEST		request_404	1630237016144	1630237016347	OK	 
REQUEST		request_516	1630237016143	1630237016347	OK	 
REQUEST		request_469	1630237016142	1630237016359	OK	 
REQUEST		request_483	1630237016142	1630237016361	OK	 
REQUEST		request_519	1630237016144	1630237016362	OK	 
REQUEST		request_517	1630237016143	1630237016362	OK	 
REQUEST		request_520	1630237016144	1630237016367	OK	 
REQUEST		request_434	1630237016145	1630237016373	OK	 
REQUEST		request_525	1630237016249	1630237016401	OK	 
REQUEST		request_530	1630237016253	1630237016402	OK	 
REQUEST		request_529	1630237016252	1630237016403	OK	 
REQUEST		request_528	1630237016251	1630237016405	OK	 
REQUEST		request_526	1630237016250	1630237016406	OK	 
REQUEST		request_527	1630237016250	1630237016407	OK	 
REQUEST		request_466	1630237016327	1630237016410	OK	 
REQUEST		request_422	1630237016103	1630237016418	OK	 
REQUEST		request_475	1630237016102	1630237016424	OK	 
REQUEST		request_474	1630237016102	1630237016432	OK	 
REQUEST		request_481	1630237016103	1630237016450	OK	 
REQUEST		request_480	1630237016102	1630237016464	OK	 
REQUEST		request_522	1630237016348	1630237016548	OK	 
REQUEST		request_531	1630237016401	1630237016554	OK	 
REQUEST		request_532	1630237016402	1630237016555	OK	 
REQUEST		request_533	1630237016404	1630237016555	OK	 
REQUEST		request_535	1630237016407	1630237016565	OK	 
REQUEST		request_536	1630237016407	1630237016566	OK	 
REQUEST		request_534	1630237016406	1630237016567	OK	 
REQUEST		request_523	1630237016360	1630237016568	OK	 
REQUEST		request_538	1630237016555	1630237016704	OK	 
REQUEST		request_537	1630237016554	1630237016714	OK	 
REQUEST		request_539	1630237016556	1630237016715	OK	 
REQUEST		request_540	1630237016565	1630237016717	OK	 
REQUEST		request_541	1630237016567	1630237016719	OK	 
REQUEST		request_542	1630237016568	1630237016726	OK	 
REQUEST		request_471	1630237016139	1630237016766	OK	 
REQUEST		request_470	1630237016138	1630237016787	OK	 
REQUEST		request_472	1630237016139	1630237016790	OK	 
REQUEST		request_543	1630237016704	1630237016859	OK	 
REQUEST		request_544	1630237016714	1630237016864	OK	 
REQUEST		request_545	1630237016715	1630237016866	OK	 
REQUEST		request_546	1630237016717	1630237016868	OK	 
REQUEST		request_547	1630237016719	1630237016871	OK	 
REQUEST		request_548	1630237016726	1630237016877	OK	 
REQUEST		request_429	1630237016135	1630237016975	OK	 
REQUEST		request_428	1630237016116	1630237017004	OK	 
REQUEST		request_549	1630237016860	1630237017009	OK	 
REQUEST		request_438	1630237016135	1630237017012	OK	 
REQUEST		request_550	1630237016865	1630237017015	OK	 
REQUEST		request_551	1630237016867	1630237017017	OK	 
REQUEST		request_552	1630237016868	1630237017024	OK	 
REQUEST		request_422	1630237016419	1630237017025	OK	 
REQUEST		request_553	1630237016871	1630237017028	OK	 
REQUEST		request_554	1630237016878	1630237017031	OK	 
REQUEST		api:client.js?onload=googleAsyncInit	1630237016137	1630237017155	OK	 
REQUEST		request_555	1630237017009	1630237017158	OK	 
REQUEST		request_556	1630237017016	1630237017167	OK	 
REQUEST		request_557	1630237017018	1630237017171	OK	 
REQUEST		request_558	1630237017024	1630237017174	OK	 
REQUEST		request_559	1630237017029	1630237017179	OK	 
REQUEST		request_560	1630237017031	1630237017180	OK	 
REQUEST		request_561	1630237017158	1630237017309	OK	 
REQUEST		request_563	1630237017171	1630237017322	OK	 
REQUEST		request_562	1630237017167	1630237017322	OK	 
REQUEST		request_568	1630237020323	1630237020335	OK	 
USER	RecordedSimulation	END	1630237022360
